2002.01.26 19:53 B H:\Web Sites\whirldnewmedia\swiss\irweb\tirweb\feature\giselle\poetrica\images\about.jpe --> www.uiowa.edu /web/data/www.uiowa/iareview/production/tirweb/feature/giselle/poetrica/images about.jpe
2002.01.26 19:53 B H:\Web Sites\whirldnewmedia\swiss\irweb\tirweb\feature\giselle\poetrica\images\about_neg.jpe --> www.uiowa.edu /web/data/www.uiowa/iareview/production/tirweb/feature/giselle/poetrica/images about_neg.jpe
2002.01.26 19:53 B H:\Web Sites\whirldnewmedia\swiss\irweb\tirweb\feature\giselle\poetrica\images\ballet --> www.uiowa.edu /web/data/www.uiowa/iareview/production/tirweb/feature/giselle/poetrica/images ballet
2002.01.26 19:53 B H:\Web Sites\whirldnewmedia\swiss\irweb\tirweb\feature\giselle\poetrica\images\bolso.jpe --> www.uiowa.edu /web/data/www.uiowa/iareview/production/tirweb/feature/giselle/poetrica/images bolso.jpe
2002.01.26 19:53 B H:\Web Sites\whirldnewmedia\swiss\irweb\tirweb\feature\giselle\poetrica\images\bot2plu2.jpe --> www.uiowa.edu /web/data/www.uiowa/iareview/production/tirweb/feature/giselle/poetrica/images bot2plu2.jpe
2002.01.26 19:53 B H:\Web Sites\whirldnewmedia\swiss\irweb\tirweb\feature\giselle\poetrica\images\bot2plu2_neg.jpe --> www.uiowa.edu /web/data/www.uiowa/iareview/production/tirweb/feature/giselle/poetrica/images bot2plu2_neg.jpe
2002.01.26 19:53 B H:\Web Sites\whirldnewmedia\swiss\irweb\tirweb\feature\giselle\poetrica\images\bot_z2_p.jpe --> www.uiowa.edu /web/data/www.uiowa/iareview/production/tirweb/feature/giselle/poetrica/images bot_z2_p.jpe
2002.01.26 19:53 B H:\Web Sites\whirldnewmedia\swiss\irweb\tirweb\feature\giselle\poetrica\images\bot_z2_p_neg.jpe --> www.uiowa.edu /web/data/www.uiowa/iareview/production/tirweb/feature/giselle/poetrica/images bot_z2_p_neg.jpe
2002.01.26 19:53 B H:\Web Sites\whirldnewmedia\swiss\irweb\tirweb\feature\giselle\poetrica\images\botdxd.jpe --> www.uiowa.edu /web/data/www.uiowa/iareview/production/tirweb/feature/giselle/poetrica/images botdxd.jpe
2002.01.26 19:53 B H:\Web Sites\whirldnewmedia\swiss\irweb\tirweb\feature\giselle\poetrica\images\botdxd_neg.jpe --> www.uiowa.edu /web/data/www.uiowa/iareview/production/tirweb/feature/giselle/poetrica/images botdxd_neg.jpe
2002.01.26 19:53 B H:\Web Sites\whirldnewmedia\swiss\irweb\tirweb\feature\giselle\poetrica\images\botfemur.jpe --> www.uiowa.edu /web/data/www.uiowa/iareview/production/tirweb/feature/giselle/poetrica/images botfemur.jpe
2002.01.26 19:53 B H:\Web Sites\whirldnewmedia\swiss\irweb\tirweb\feature\giselle\poetrica\images\botfemur_neg.jpe --> www.uiowa.edu /web/data/www.uiowa/iareview/production/tirweb/feature/giselle/poetrica/images botfemur_neg.jpe
2002.01.26 19:53 B H:\Web Sites\whirldnewmedia\swiss\irweb\tirweb\feature\giselle\poetrica\images\botfsobref.jpe --> www.uiowa.edu /web/data/www.uiowa/iareview/production/tirweb/feature/giselle/poetrica/images botfsobref.jpe
2002.01.26 19:53 B H:\Web Sites\whirldnewmedia\swiss\irweb\tirweb\feature\giselle\poetrica\images\botfsobref_neg.jpe --> www.uiowa.edu /web/data/www.uiowa/iareview/production/tirweb/feature/giselle/poetrica/images botfsobref_neg.jpe
2002.01.26 19:53 B H:\Web Sites\whirldnewmedia\swiss\irweb\tirweb\feature\giselle\poetrica\images\crowd.jpe --> www.uiowa.edu /web/data/www.uiowa/iareview/production/tirweb/feature/giselle/poetrica/images crowd.jpe
2002.01.26 19:53 B H:\Web Sites\whirldnewmedia\swiss\irweb\tirweb\feature\giselle\poetrica\images\dxdxd --> www.uiowa.edu /web/data/www.uiowa/iareview/production/tirweb/feature/giselle/poetrica/images dxdxd
2002.01.26 19:53 B H:\Web Sites\whirldnewmedia\swiss\irweb\tirweb\feature\giselle\poetrica\images\eng.jpe --> www.uiowa.edu /web/data/www.uiowa/iareview/production/tirweb/feature/giselle/poetrica/images eng.jpe
2002.01.26 19:53 B H:\Web Sites\whirldnewmedia\swiss\irweb\tirweb\feature\giselle\poetrica\images\gb.jpe --> www.uiowa.edu /web/data/www.uiowa/iareview/production/tirweb/feature/giselle/poetrica/images gb.jpe
2002.01.26 19:53 B H:\Web Sites\whirldnewmedia\swiss\irweb\tirweb\feature\giselle\poetrica\images\japtown --> www.uiowa.edu /web/data/www.uiowa/iareview/production/tirweb/feature/giselle/poetrica/images japtown
2002.01.26 19:53 B H:\Web Sites\whirldnewmedia\swiss\irweb\tirweb\feature\giselle\poetrica\images\lain_angela --> www.uiowa.edu /web/data/www.uiowa/iareview/production/tirweb/feature/giselle/poetrica/images lain_angela
2002.01.26 19:53 B H:\Web Sites\whirldnewmedia\swiss\irweb\tirweb\feature\giselle\poetrica\images\logo.jpe --> www.uiowa.edu /web/data/www.uiowa/iareview/production/tirweb/feature/giselle/poetrica/images logo.jpe
2002.01.26 19:53 B H:\Web Sites\whirldnewmedia\swiss\irweb\tirweb\feature\giselle\poetrica\images\pda.gif --> www.uiowa.edu /web/data/www.uiowa/iareview/production/tirweb/feature/giselle/poetrica/images pda.gif
2002.01.26 19:53 B H:\Web Sites\whirldnewmedia\swiss\irweb\tirweb\feature\giselle\poetrica\images\pda_neg.gif --> www.uiowa.edu /web/data/www.uiowa/iareview/production/tirweb/feature/giselle/poetrica/images pda_neg.gif
2002.01.26 19:53 B H:\Web Sites\whirldnewmedia\swiss\irweb\tirweb\feature\giselle\poetrica\images\pocket.jpe --> www.uiowa.edu /web/data/www.uiowa/iareview/production/tirweb/feature/giselle/poetrica/images pocket.jpe
2002.01.26 19:53 B H:\Web Sites\whirldnewmedia\swiss\irweb\tirweb\feature\giselle\poetrica\images\port.jpe --> www.uiowa.edu /web/data/www.uiowa/iareview/production/tirweb/feature/giselle/poetrica/images port.jpe
2002.01.26 19:53 B H:\Web Sites\whirldnewmedia\swiss\irweb\tirweb\feature\giselle\poetrica\images\zpluz_telemarine48 --> www.uiowa.edu /web/data/www.uiowa/iareview/production/tirweb/feature/giselle/poetrica/images zpluz_telemarine48
