2002.01.26 18:41 B H:\Web Sites\whirldnewmedia\swiss\irweb\hypermedia\talan_memmott\plex\--04extermination.html <-- iowa review /web/data/www.uiowa/iareview/production/tirweb/hypermedia/talan_memmott/plex --04extermination.html
2002.01.26 18:41 B H:\Web Sites\whirldnewmedia\swiss\irweb\hypermedia\talan_memmott\plex\01attachment.html <-- iowa review /web/data/www.uiowa/iareview/production/tirweb/hypermedia/talan_memmott/plex 01attachment.html
2002.01.26 18:41 B H:\Web Sites\whirldnewmedia\swiss\irweb\hypermedia\talan_memmott\plex\01x-cyc.html <-- iowa review /web/data/www.uiowa/iareview/production/tirweb/hypermedia/talan_memmott/plex 01x-cyc.html
2002.01.26 18:41 B H:\Web Sites\whirldnewmedia\swiss\irweb\hypermedia\talan_memmott\plex\01x-fraud.html <-- iowa review /web/data/www.uiowa/iareview/production/tirweb/hypermedia/talan_memmott/plex 01x-fraud.html
2002.01.26 18:41 B H:\Web Sites\whirldnewmedia\swiss\irweb\hypermedia\talan_memmott\plex\02funnels.html <-- iowa review /web/data/www.uiowa/iareview/production/tirweb/hypermedia/talan_memmott/plex 02funnels.html
2002.01.26 18:41 B H:\Web Sites\whirldnewmedia\swiss\irweb\hypermedia\talan_memmott\plex\02x-ka.html <-- iowa review /web/data/www.uiowa/iareview/production/tirweb/hypermedia/talan_memmott/plex 02x-ka.html
2002.01.26 18:41 B H:\Web Sites\whirldnewmedia\swiss\irweb\hypermedia\talan_memmott\plex\03metastrophe.html <-- iowa review /web/data/www.uiowa/iareview/production/tirweb/hypermedia/talan_memmott/plex 03metastrophe.html
2002.01.26 18:41 B H:\Web Sites\whirldnewmedia\swiss\irweb\hypermedia\talan_memmott\plex\03x-anon.html <-- iowa review /web/data/www.uiowa/iareview/production/tirweb/hypermedia/talan_memmott/plex 03x-anon.html
2002.01.26 18:41 B H:\Web Sites\whirldnewmedia\swiss\irweb\hypermedia\talan_memmott\plex\04extermination.html <-- iowa review /web/data/www.uiowa/iareview/production/tirweb/hypermedia/talan_memmott/plex 04extermination.html
2002.01.26 18:41 B H:\Web Sites\whirldnewmedia\swiss\irweb\hypermedia\talan_memmott\plex\appendix-1.html <-- iowa review /web/data/www.uiowa/iareview/production/tirweb/hypermedia/talan_memmott/plex appendix-1.html
2002.01.26 18:41 B H:\Web Sites\whirldnewmedia\swiss\irweb\hypermedia\talan_memmott\plex\b01x-fraud.html <-- iowa review /web/data/www.uiowa/iareview/production/tirweb/hypermedia/talan_memmott/plex b01x-fraud.html
2002.01.26 18:41 B H:\Web Sites\whirldnewmedia\swiss\irweb\hypermedia\talan_memmott\plex\b02funnels.html <-- iowa review /web/data/www.uiowa/iareview/production/tirweb/hypermedia/talan_memmott/plex b02funnels.html
2002.01.26 18:41 B H:\Web Sites\whirldnewmedia\swiss\irweb\hypermedia\talan_memmott\plex\blank.html <-- iowa review /web/data/www.uiowa/iareview/production/tirweb/hypermedia/talan_memmott/plex blank.html
2002.01.26 18:41 B H:\Web Sites\whirldnewmedia\swiss\irweb\hypermedia\talan_memmott\plex\crcl.gif <-- iowa review /web/data/www.uiowa/iareview/production/tirweb/hypermedia/talan_memmott/plex crcl.gif
2002.01.26 18:41 B H:\Web Sites\whirldnewmedia\swiss\irweb\hypermedia\talan_memmott\plex\D-drkGry.gif <-- iowa review /web/data/www.uiowa/iareview/production/tirweb/hypermedia/talan_memmott/plex D-drkGry.gif
2002.01.26 18:41 B H:\Web Sites\whirldnewmedia\swiss\irweb\hypermedia\talan_memmott\plex\D-lgtGry.gif <-- iowa review /web/data/www.uiowa/iareview/production/tirweb/hypermedia/talan_memmott/plex D-lgtGry.gif
2002.01.26 18:41 B H:\Web Sites\whirldnewmedia\swiss\irweb\hypermedia\talan_memmott\plex\D-pink.gif <-- iowa review /web/data/www.uiowa/iareview/production/tirweb/hypermedia/talan_memmott/plex D-pink.gif
2002.01.26 18:41 B H:\Web Sites\whirldnewmedia\swiss\irweb\hypermedia\talan_memmott\plex\D-yellow.gif <-- iowa review /web/data/www.uiowa/iareview/production/tirweb/hypermedia/talan_memmott/plex D-yellow.gif
2002.01.26 18:41 B H:\Web Sites\whirldnewmedia\swiss\irweb\hypermedia\talan_memmott\plex\DOCsizer.html <-- iowa review /web/data/www.uiowa/iareview/production/tirweb/hypermedia/talan_memmott/plex DOCsizer.html
2002.01.26 18:41 B H:\Web Sites\whirldnewmedia\swiss\irweb\hypermedia\talan_memmott\plex\FRAME.html <-- iowa review /web/data/www.uiowa/iareview/production/tirweb/hypermedia/talan_memmott/plex FRAME.html
2002.01.26 18:41 B H:\Web Sites\whirldnewmedia\swiss\irweb\hypermedia\talan_memmott\plex\FUN-IErev.html <-- iowa review /web/data/www.uiowa/iareview/production/tirweb/hypermedia/talan_memmott/plex FUN-IErev.html
2002.01.26 18:41 B H:\Web Sites\whirldnewmedia\swiss\irweb\hypermedia\talan_memmott\plex\greenGrid2.gif <-- iowa review /web/data/www.uiowa/iareview/production/tirweb/hypermedia/talan_memmott/plex greenGrid2.gif
2002.01.26 18:41 B H:\Web Sites\whirldnewmedia\swiss\irweb\hypermedia\talan_memmott\plex\index.html <-- iowa review /web/data/www.uiowa/iareview/production/tirweb/hypermedia/talan_memmott/plex index.html
2002.01.26 18:41 B H:\Web Sites\whirldnewmedia\swiss\irweb\hypermedia\talan_memmott\plex\indo.html <-- iowa review /web/data/www.uiowa/iareview/production/tirweb/hypermedia/talan_memmott/plex indo.html
2002.01.26 18:41 B H:\Web Sites\whirldnewmedia\swiss\irweb\hypermedia\talan_memmott\plex\L2Pdex.html <-- iowa review /web/data/www.uiowa/iareview/production/tirweb/hypermedia/talan_memmott/plex L2Pdex.html
2002.01.26 18:41 B H:\Web Sites\whirldnewmedia\swiss\irweb\hypermedia\talan_memmott\plex\L2Pdex0.html <-- iowa review /web/data/www.uiowa/iareview/production/tirweb/hypermedia/talan_memmott/plex L2Pdex0.html
2002.01.26 18:41 B H:\Web Sites\whirldnewmedia\swiss\irweb\hypermedia\talan_memmott\plex\mecho-A.gif <-- iowa review /web/data/www.uiowa/iareview/production/tirweb/hypermedia/talan_memmott/plex mecho-A.gif
2002.01.26 18:41 B H:\Web Sites\whirldnewmedia\swiss\irweb\hypermedia\talan_memmott\plex\mecho-B.gif <-- iowa review /web/data/www.uiowa/iareview/production/tirweb/hypermedia/talan_memmott/plex mecho-B.gif
2002.01.26 18:41 B H:\Web Sites\whirldnewmedia\swiss\irweb\hypermedia\talan_memmott\plex\nothing.gif <-- iowa review /web/data/www.uiowa/iareview/production/tirweb/hypermedia/talan_memmott/plex nothing.gif
2002.01.26 18:41 B H:\Web Sites\whirldnewmedia\swiss\irweb\hypermedia\talan_memmott\plex\plus.gif <-- iowa review /web/data/www.uiowa/iareview/production/tirweb/hypermedia/talan_memmott/plex plus.gif
2002.01.26 18:41 B H:\Web Sites\whirldnewmedia\swiss\irweb\hypermedia\talan_memmott\plex\seaGrid.gif <-- iowa review /web/data/www.uiowa/iareview/production/tirweb/hypermedia/talan_memmott/plex seaGrid.gif
2002.01.26 18:41 B H:\Web Sites\whirldnewmedia\swiss\irweb\hypermedia\talan_memmott\plex\sky00.jpg <-- iowa review /web/data/www.uiowa/iareview/production/tirweb/hypermedia/talan_memmott/plex sky00.jpg
2002.01.26 18:41 B H:\Web Sites\whirldnewmedia\swiss\irweb\hypermedia\talan_memmott\plex\sqre.gif <-- iowa review /web/data/www.uiowa/iareview/production/tirweb/hypermedia/talan_memmott/plex sqre.gif
2002.01.26 18:41 B H:\Web Sites\whirldnewmedia\swiss\irweb\hypermedia\talan_memmott\plex\status.html <-- iowa review /web/data/www.uiowa/iareview/production/tirweb/hypermedia/talan_memmott/plex status.html
2002.01.26 18:41 B H:\Web Sites\whirldnewmedia\swiss\irweb\hypermedia\talan_memmott\plex\ston00.jpg <-- iowa review /web/data/www.uiowa/iareview/production/tirweb/hypermedia/talan_memmott/plex ston00.jpg
2002.02.07 16:48 B H:\Web Sites\whirldnewmedia\swiss\irweb\tirweb\hypermedia\talan_memmott\plex\--04extermination.html --> www.uiowa.edu /web/data/www.uiowa/iareview/production/tirweb/hypermedia/talan_memmott/plex --04extermination.html
2002.02.07 16:48 B H:\Web Sites\whirldnewmedia\swiss\irweb\tirweb\hypermedia\talan_memmott\plex\01attachment.html --> www.uiowa.edu /web/data/www.uiowa/iareview/production/tirweb/hypermedia/talan_memmott/plex 01attachment.html
2002.02.07 16:48 B H:\Web Sites\whirldnewmedia\swiss\irweb\tirweb\hypermedia\talan_memmott\plex\01x-cyc.html --> www.uiowa.edu /web/data/www.uiowa/iareview/production/tirweb/hypermedia/talan_memmott/plex 01x-cyc.html
2002.02.07 16:48 B H:\Web Sites\whirldnewmedia\swiss\irweb\tirweb\hypermedia\talan_memmott\plex\01x-fraud.html --> www.uiowa.edu /web/data/www.uiowa/iareview/production/tirweb/hypermedia/talan_memmott/plex 01x-fraud.html
2002.02.07 16:48 B H:\Web Sites\whirldnewmedia\swiss\irweb\tirweb\hypermedia\talan_memmott\plex\02funnels.html --> www.uiowa.edu /web/data/www.uiowa/iareview/production/tirweb/hypermedia/talan_memmott/plex 02funnels.html
2002.02.07 16:48 B H:\Web Sites\whirldnewmedia\swiss\irweb\tirweb\hypermedia\talan_memmott\plex\02x-ka.html --> www.uiowa.edu /web/data/www.uiowa/iareview/production/tirweb/hypermedia/talan_memmott/plex 02x-ka.html
2002.02.07 16:48 B H:\Web Sites\whirldnewmedia\swiss\irweb\tirweb\hypermedia\talan_memmott\plex\03metastrophe.html --> www.uiowa.edu /web/data/www.uiowa/iareview/production/tirweb/hypermedia/talan_memmott/plex 03metastrophe.html
2002.02.07 16:48 B H:\Web Sites\whirldnewmedia\swiss\irweb\tirweb\hypermedia\talan_memmott\plex\03x-anon.html --> www.uiowa.edu /web/data/www.uiowa/iareview/production/tirweb/hypermedia/talan_memmott/plex 03x-anon.html
2002.02.07 16:48 B H:\Web Sites\whirldnewmedia\swiss\irweb\tirweb\hypermedia\talan_memmott\plex\04extermination.html --> www.uiowa.edu /web/data/www.uiowa/iareview/production/tirweb/hypermedia/talan_memmott/plex 04extermination.html
2002.02.07 16:49 B H:\Web Sites\whirldnewmedia\swiss\irweb\tirweb\hypermedia\talan_memmott\plex\appendix-1.html --> www.uiowa.edu /web/data/www.uiowa/iareview/production/tirweb/hypermedia/talan_memmott/plex appendix-1.html
2002.02.07 16:49 B H:\Web Sites\whirldnewmedia\swiss\irweb\tirweb\hypermedia\talan_memmott\plex\b01x-fraud.html --> www.uiowa.edu /web/data/www.uiowa/iareview/production/tirweb/hypermedia/talan_memmott/plex b01x-fraud.html
2002.02.07 16:49 B H:\Web Sites\whirldnewmedia\swiss\irweb\tirweb\hypermedia\talan_memmott\plex\b02funnels.html --> www.uiowa.edu /web/data/www.uiowa/iareview/production/tirweb/hypermedia/talan_memmott/plex b02funnels.html
2002.02.07 16:49 B H:\Web Sites\whirldnewmedia\swiss\irweb\tirweb\hypermedia\talan_memmott\plex\DOCsizer.html --> www.uiowa.edu /web/data/www.uiowa/iareview/production/tirweb/hypermedia/talan_memmott/plex DOCsizer.html
2002.02.07 16:49 B H:\Web Sites\whirldnewmedia\swiss\irweb\tirweb\hypermedia\talan_memmott\plex\FUN-IErev.html --> www.uiowa.edu /web/data/www.uiowa/iareview/production/tirweb/hypermedia/talan_memmott/plex FUN-IErev.html
2002.02.07 16:49 B H:\Web Sites\whirldnewmedia\swiss\irweb\tirweb\hypermedia\talan_memmott\plex\index.html --> www.uiowa.edu /web/data/www.uiowa/iareview/production/tirweb/hypermedia/talan_memmott/plex index.html
2002.02.07 16:49 B H:\Web Sites\whirldnewmedia\swiss\irweb\tirweb\hypermedia\talan_memmott\plex\indo.html --> www.uiowa.edu /web/data/www.uiowa/iareview/production/tirweb/hypermedia/talan_memmott/plex indo.html
2002.02.07 16:49 B H:\Web Sites\whirldnewmedia\swiss\irweb\tirweb\hypermedia\talan_memmott\plex\L2Pdex0.html --> www.uiowa.edu /web/data/www.uiowa/iareview/production/tirweb/hypermedia/talan_memmott/plex L2Pdex0.html
