2003.05.15 18:19 B C:\My Documents\everything\iowa\tirweb\raw\moulthrop\about.htm <-- crow.ubalt.edu / about.htm
2003.05.15 18:20 B C:\My Documents\everything\iowa\tirweb\raw\moulthrop\f1.swf <-- crow.ubalt.edu / f1.swf
2003.05.15 18:20 B C:\My Documents\everything\iowa\tirweb\raw\moulthrop\f11.swf <-- crow.ubalt.edu / f11.swf
2003.05.15 18:20 B C:\My Documents\everything\iowa\tirweb\raw\moulthrop\f12.swf <-- crow.ubalt.edu / f12.swf
2003.05.15 18:20 B C:\My Documents\everything\iowa\tirweb\raw\moulthrop\f13.swf <-- crow.ubalt.edu / f13.swf
2003.05.15 18:21 B C:\My Documents\everything\iowa\tirweb\raw\moulthrop\f3.swf <-- crow.ubalt.edu / f3.swf
2003.05.15 18:21 B C:\My Documents\everything\iowa\tirweb\raw\moulthrop\f4.swf <-- crow.ubalt.edu / f4.swf
2003.05.15 18:21 B C:\My Documents\everything\iowa\tirweb\raw\moulthrop\f5.swf <-- crow.ubalt.edu / f5.swf
2003.05.15 18:21 B C:\My Documents\everything\iowa\tirweb\raw\moulthrop\f6.swf <-- crow.ubalt.edu / f6.swf
2003.05.15 18:21 B C:\My Documents\everything\iowa\tirweb\raw\moulthrop\f8.swf <-- crow.ubalt.edu / f8.swf
2003.05.15 18:22 B C:\My Documents\everything\iowa\tirweb\raw\moulthrop\f9.swf <-- crow.ubalt.edu / f9.swf
2003.05.15 18:22 B C:\My Documents\everything\iowa\tirweb\raw\moulthrop\index.htm <-- crow.ubalt.edu / index.htm
2003.05.15 18:22 B C:\My Documents\everything\iowa\tirweb\raw\moulthrop\m10.swf <-- crow.ubalt.edu / m10.swf
2003.05.15 18:22 B C:\My Documents\everything\iowa\tirweb\raw\moulthrop\m11.swf <-- crow.ubalt.edu / m11.swf
2003.05.15 18:22 B C:\My Documents\everything\iowa\tirweb\raw\moulthrop\m12.swf <-- crow.ubalt.edu / m12.swf
2003.05.15 18:22 B C:\My Documents\everything\iowa\tirweb\raw\moulthrop\m2.swf <-- crow.ubalt.edu / m2.swf
2003.05.15 18:23 B C:\My Documents\everything\iowa\tirweb\raw\moulthrop\m3.swf <-- crow.ubalt.edu / m3.swf
2003.05.15 18:23 B C:\My Documents\everything\iowa\tirweb\raw\moulthrop\m4.swf <-- crow.ubalt.edu / m4.swf
2003.05.15 18:23 B C:\My Documents\everything\iowa\tirweb\raw\moulthrop\m5.swf <-- crow.ubalt.edu / m5.swf
2003.05.15 18:23 B C:\My Documents\everything\iowa\tirweb\raw\moulthrop\m6.swf <-- crow.ubalt.edu / m6.swf
2003.05.15 18:23 B C:\My Documents\everything\iowa\tirweb\raw\moulthrop\m7.swf <-- crow.ubalt.edu / m7.swf
2003.05.15 18:24 B C:\My Documents\everything\iowa\tirweb\raw\moulthrop\m8.swf <-- crow.ubalt.edu / m8.swf
2003.05.15 18:24 B C:\My Documents\everything\iowa\tirweb\raw\moulthrop\main.htm <-- crow.ubalt.edu / main.htm
2003.05.15 18:24 B C:\My Documents\everything\iowa\tirweb\raw\moulthrop\main.swf <-- crow.ubalt.edu / main.swf
2003.05.15 18:24 B C:\My Documents\everything\iowa\tirweb\raw\moulthrop\scrim.swf <-- crow.ubalt.edu / scrim.swf
