2002.01.26 18:22 B H:\Web Sites\whirldnewmedia\swiss\irweb\hypermedia\edward_falco\images\Photo2\2pond2.GIF <-- iowa review /web/data/www.uiowa/iareview/production/tirweb/hypermedia/edward_falco/images/Photo2 2pond2.GIF
2002.01.26 18:22 B H:\Web Sites\whirldnewmedia\swiss\irweb\hypermedia\edward_falco\images\Photo2\angles2.GIF <-- iowa review /web/data/www.uiowa/iareview/production/tirweb/hypermedia/edward_falco/images/Photo2 angles2.GIF
2002.01.26 18:22 B H:\Web Sites\whirldnewmedia\swiss\irweb\hypermedia\edward_falco\images\Photo2\crosshatch2.GIF <-- iowa review /web/data/www.uiowa/iareview/production/tirweb/hypermedia/edward_falco/images/Photo2 crosshatch2.GIF
2002.01.26 18:22 B H:\Web Sites\whirldnewmedia\swiss\irweb\hypermedia\edward_falco\images\Photo2\darks2.GIF <-- iowa review /web/data/www.uiowa/iareview/production/tirweb/hypermedia/edward_falco/images/Photo2 darks2.GIF
2002.01.26 18:22 B H:\Web Sites\whirldnewmedia\swiss\irweb\hypermedia\edward_falco\images\Photo2\difusgl2.GIF <-- iowa review /web/data/www.uiowa/iareview/production/tirweb/hypermedia/edward_falco/images/Photo2 difusgl2.GIF
2002.01.26 18:22 B H:\Web Sites\whirldnewmedia\swiss\irweb\hypermedia\edward_falco\images\Photo2\edge2.GIF <-- iowa review /web/data/www.uiowa/iareview/production/tirweb/hypermedia/edward_falco/images/Photo2 edge2.GIF
2002.01.26 18:22 B H:\Web Sites\whirldnewmedia\swiss\irweb\hypermedia\edward_falco\images\Photo2\inkout2.GIF <-- iowa review /web/data/www.uiowa/iareview/production/tirweb/hypermedia/edward_falco/images/Photo2 inkout2.GIF
2002.01.26 18:22 B H:\Web Sites\whirldnewmedia\swiss\irweb\hypermedia\edward_falco\images\Photo2\links.html <-- iowa review /web/data/www.uiowa/iareview/production/tirweb/hypermedia/edward_falco/images/Photo2 links.html
2002.01.26 18:22 B H:\Web Sites\whirldnewmedia\swiss\irweb\hypermedia\edward_falco\images\Photo2\photo2.GIF <-- iowa review /web/data/www.uiowa/iareview/production/tirweb/hypermedia/edward_falco/images/Photo2 photo2.GIF
2002.01.26 18:22 B H:\Web Sites\whirldnewmedia\swiss\irweb\hypermedia\edward_falco\images\Photo2\polarc2.GIF <-- iowa review /web/data/www.uiowa/iareview/production/tirweb/hypermedia/edward_falco/images/Photo2 polarc2.GIF
2002.01.26 18:22 B H:\Web Sites\whirldnewmedia\swiss\irweb\hypermedia\edward_falco\images\Photo2\pond2.GIF <-- iowa review /web/data/www.uiowa/iareview/production/tirweb/hypermedia/edward_falco/images/Photo2 pond2.GIF
2002.01.26 18:22 B H:\Web Sites\whirldnewmedia\swiss\irweb\hypermedia\edward_falco\images\Photo2\ripp2.GIF <-- iowa review /web/data/www.uiowa/iareview/production/tirweb/hypermedia/edward_falco/images/Photo2 ripp2.GIF
2002.01.26 18:22 B H:\Web Sites\whirldnewmedia\swiss\irweb\hypermedia\edward_falco\images\Photo2\ripple2.GIF <-- iowa review /web/data/www.uiowa/iareview/production/tirweb/hypermedia/edward_falco/images/Photo2 ripple2.GIF
2002.01.26 18:22 B H:\Web Sites\whirldnewmedia\swiss\irweb\hypermedia\edward_falco\images\Photo2\shear2.GIF <-- iowa review /web/data/www.uiowa/iareview/production/tirweb/hypermedia/edward_falco/images/Photo2 shear2.GIF
2002.01.26 18:22 B H:\Web Sites\whirldnewmedia\swiss\irweb\hypermedia\edward_falco\images\Photo2\spatter2.GIF <-- iowa review /web/data/www.uiowa/iareview/production/tirweb/hypermedia/edward_falco/images/Photo2 spatter2.GIF
2002.01.26 18:22 B H:\Web Sites\whirldnewmedia\swiss\irweb\hypermedia\edward_falco\images\Photo2\sprayst2.GIF <-- iowa review /web/data/www.uiowa/iareview/production/tirweb/hypermedia/edward_falco/images/Photo2 sprayst2.GIF
2002.01.26 18:22 B H:\Web Sites\whirldnewmedia\swiss\irweb\hypermedia\edward_falco\images\Photo2\sumi2.GIF <-- iowa review /web/data/www.uiowa/iareview/production/tirweb/hypermedia/edward_falco/images/Photo2 sumi2.GIF
2002.01.26 18:22 B H:\Web Sites\whirldnewmedia\swiss\irweb\hypermedia\edward_falco\images\Photo2\swirl2.GIF <-- iowa review /web/data/www.uiowa/iareview/production/tirweb/hypermedia/edward_falco/images/Photo2 swirl2.GIF
2002.01.26 18:22 B H:\Web Sites\whirldnewmedia\swiss\irweb\hypermedia\edward_falco\images\Photo2\tinylens2.GIF <-- iowa review /web/data/www.uiowa/iareview/production/tirweb/hypermedia/edward_falco/images/Photo2 tinylens2.GIF
2002.01.26 18:22 B H:\Web Sites\whirldnewmedia\swiss\irweb\hypermedia\edward_falco\images\Photo2\twirl2.GIF <-- iowa review /web/data/www.uiowa/iareview/production/tirweb/hypermedia/edward_falco/images/Photo2 twirl2.GIF
2002.01.26 18:23 B H:\Web Sites\whirldnewmedia\swiss\irweb\hypermedia\edward_falco\images\Photo2\wave2.GIF <-- iowa review /web/data/www.uiowa/iareview/production/tirweb/hypermedia/edward_falco/images/Photo2 wave2.GIF
2002.02.07 16:40 B H:\Web Sites\whirldnewmedia\swiss\irweb\tirweb\hypermedia\edward_falco\images\Photo2\links.html --> www.uiowa.edu /web/data/www.uiowa/iareview/production/tirweb/hypermedia/edward_falco/images/Photo2 links.html
