2002.01.26 16:12 B H:\Web Sites\whirldnewmedia\swiss\irweb\hypermedia\michael_joyce\boat.html <-- iowa review /web/data/www.uiowa/iareview/production/tirweb/hypermedia/michael_joyce boat.html
2002.01.26 16:12 B H:\Web Sites\whirldnewmedia\swiss\irweb\hypermedia\michael_joyce\canal.html <-- iowa review /web/data/www.uiowa/iareview/production/tirweb/hypermedia/michael_joyce canal.html
2002.01.26 16:12 B H:\Web Sites\whirldnewmedia\swiss\irweb\hypermedia\michael_joyce\cellars.html <-- iowa review /web/data/www.uiowa/iareview/production/tirweb/hypermedia/michael_joyce cellars.html
2002.01.26 16:12 B H:\Web Sites\whirldnewmedia\swiss\irweb\hypermedia\michael_joyce\children.html <-- iowa review /web/data/www.uiowa/iareview/production/tirweb/hypermedia/michael_joyce children.html
2002.01.26 16:12 B H:\Web Sites\whirldnewmedia\swiss\irweb\hypermedia\michael_joyce\city.html <-- iowa review /web/data/www.uiowa/iareview/production/tirweb/hypermedia/michael_joyce city.html
2002.01.26 16:12 B H:\Web Sites\whirldnewmedia\swiss\irweb\hypermedia\michael_joyce\Cleopatra.html <-- iowa review /web/data/www.uiowa/iareview/production/tirweb/hypermedia/michael_joyce Cleopatra.html
2002.01.26 16:12 B H:\Web Sites\whirldnewmedia\swiss\irweb\hypermedia\michael_joyce\Connecticut.html <-- iowa review /web/data/www.uiowa/iareview/production/tirweb/hypermedia/michael_joyce Connecticut.html
2002.01.26 16:12 B H:\Web Sites\whirldnewmedia\swiss\irweb\hypermedia\michael_joyce\contained.html <-- iowa review /web/data/www.uiowa/iareview/production/tirweb/hypermedia/michael_joyce contained.html
2002.01.26 16:12 B H:\Web Sites\whirldnewmedia\swiss\irweb\hypermedia\michael_joyce\daughter.html <-- iowa review /web/data/www.uiowa/iareview/production/tirweb/hypermedia/michael_joyce daughter.html
2002.01.26 16:12 B H:\Web Sites\whirldnewmedia\swiss\irweb\hypermedia\michael_joyce\death.html <-- iowa review /web/data/www.uiowa/iareview/production/tirweb/hypermedia/michael_joyce death.html
2002.01.26 16:12 B H:\Web Sites\whirldnewmedia\swiss\irweb\hypermedia\michael_joyce\detail.html <-- iowa review /web/data/www.uiowa/iareview/production/tirweb/hypermedia/michael_joyce detail.html
2002.01.26 16:12 B H:\Web Sites\whirldnewmedia\swiss\irweb\hypermedia\michael_joyce\domesticity.html <-- iowa review /web/data/www.uiowa/iareview/production/tirweb/hypermedia/michael_joyce domesticity.html
2002.01.26 16:12 B H:\Web Sites\whirldnewmedia\swiss\irweb\hypermedia\michael_joyce\don_t.html <-- iowa review /web/data/www.uiowa/iareview/production/tirweb/hypermedia/michael_joyce don_t.html
2002.01.26 16:12 B H:\Web Sites\whirldnewmedia\swiss\irweb\hypermedia\michael_joyce\dots2.jpg <-- iowa review /web/data/www.uiowa/iareview/production/tirweb/hypermedia/michael_joyce dots2.jpg
2002.01.26 16:12 B H:\Web Sites\whirldnewmedia\swiss\irweb\hypermedia\michael_joyce\Dresden.html <-- iowa review /web/data/www.uiowa/iareview/production/tirweb/hypermedia/michael_joyce Dresden.html
2002.01.26 16:12 B H:\Web Sites\whirldnewmedia\swiss\irweb\hypermedia\michael_joyce\eve.html <-- iowa review /web/data/www.uiowa/iareview/production/tirweb/hypermedia/michael_joyce eve.html
2002.01.26 16:13 B H:\Web Sites\whirldnewmedia\swiss\irweb\hypermedia\michael_joyce\four.html <-- iowa review /web/data/www.uiowa/iareview/production/tirweb/hypermedia/michael_joyce four.html
2002.01.26 16:13 B H:\Web Sites\whirldnewmedia\swiss\irweb\hypermedia\michael_joyce\geode.html <-- iowa review /web/data/www.uiowa/iareview/production/tirweb/hypermedia/michael_joyce geode.html
2002.01.26 16:13 B H:\Web Sites\whirldnewmedia\swiss\irweb\hypermedia\michael_joyce\healing.html <-- iowa review /web/data/www.uiowa/iareview/production/tirweb/hypermedia/michael_joyce healing.html
2002.01.26 16:13 B H:\Web Sites\whirldnewmedia\swiss\irweb\hypermedia\michael_joyce\here.html <-- iowa review /web/data/www.uiowa/iareview/production/tirweb/hypermedia/michael_joyce here.html
2002.01.26 16:13 B H:\Web Sites\whirldnewmedia\swiss\irweb\hypermedia\michael_joyce\imaginary.html <-- iowa review /web/data/www.uiowa/iareview/production/tirweb/hypermedia/michael_joyce imaginary.html
2002.01.26 16:13 B H:\Web Sites\whirldnewmedia\swiss\irweb\hypermedia\michael_joyce\Jasmine.html <-- iowa review /web/data/www.uiowa/iareview/production/tirweb/hypermedia/michael_joyce Jasmine.html
2002.01.26 16:13 B H:\Web Sites\whirldnewmedia\swiss\irweb\hypermedia\michael_joyce\kept.html <-- iowa review /web/data/www.uiowa/iareview/production/tirweb/hypermedia/michael_joyce kept.html
2002.01.26 16:13 B H:\Web Sites\whirldnewmedia\swiss\irweb\hypermedia\michael_joyce\key.html <-- iowa review /web/data/www.uiowa/iareview/production/tirweb/hypermedia/michael_joyce key.html
2002.01.26 16:13 B H:\Web Sites\whirldnewmedia\swiss\irweb\hypermedia\michael_joyce\late.html <-- iowa review /web/data/www.uiowa/iareview/production/tirweb/hypermedia/michael_joyce late.html
2002.01.26 16:13 B H:\Web Sites\whirldnewmedia\swiss\irweb\hypermedia\michael_joyce\lets.html <-- iowa review /web/data/www.uiowa/iareview/production/tirweb/hypermedia/michael_joyce lets.html
2002.01.26 16:13 B H:\Web Sites\whirldnewmedia\swiss\irweb\hypermedia\michael_joyce\memory.html <-- iowa review /web/data/www.uiowa/iareview/production/tirweb/hypermedia/michael_joyce memory.html
2002.01.26 16:13 B H:\Web Sites\whirldnewmedia\swiss\irweb\hypermedia\michael_joyce\method.html <-- iowa review /web/data/www.uiowa/iareview/production/tirweb/hypermedia/michael_joyce method.html
2002.01.26 16:13 B H:\Web Sites\whirldnewmedia\swiss\irweb\hypermedia\michael_joyce\mother.html <-- iowa review /web/data/www.uiowa/iareview/production/tirweb/hypermedia/michael_joyce mother.html
2002.01.26 16:13 B H:\Web Sites\whirldnewmedia\swiss\irweb\hypermedia\michael_joyce\music.html <-- iowa review /web/data/www.uiowa/iareview/production/tirweb/hypermedia/michael_joyce music.html
2002.01.26 16:13 B H:\Web Sites\whirldnewmedia\swiss\irweb\hypermedia\michael_joyce\once.html <-- iowa review /web/data/www.uiowa/iareview/production/tirweb/hypermedia/michael_joyce once.html
2002.01.26 16:13 B H:\Web Sites\whirldnewmedia\swiss\irweb\hypermedia\michael_joyce\outside.html <-- iowa review /web/data/www.uiowa/iareview/production/tirweb/hypermedia/michael_joyce outside.html
2002.01.26 16:13 B H:\Web Sites\whirldnewmedia\swiss\irweb\hypermedia\michael_joyce\played.html <-- iowa review /web/data/www.uiowa/iareview/production/tirweb/hypermedia/michael_joyce played.html
2002.01.26 16:13 B H:\Web Sites\whirldnewmedia\swiss\irweb\hypermedia\michael_joyce\radiation.html <-- iowa review /web/data/www.uiowa/iareview/production/tirweb/hypermedia/michael_joyce radiation.html
2002.01.26 16:13 B H:\Web Sites\whirldnewmedia\swiss\irweb\hypermedia\michael_joyce\radio.html <-- iowa review /web/data/www.uiowa/iareview/production/tirweb/hypermedia/michael_joyce radio.html
2002.01.26 16:13 B H:\Web Sites\whirldnewmedia\swiss\irweb\hypermedia\michael_joyce\Rbanner.jpg <-- iowa review /web/data/www.uiowa/iareview/production/tirweb/hypermedia/michael_joyce Rbanner.jpg
2002.01.26 16:13 B H:\Web Sites\whirldnewmedia\swiss\irweb\hypermedia\michael_joyce\reach.html <-- iowa review /web/data/www.uiowa/iareview/production/tirweb/hypermedia/michael_joyce reach.html
2002.01.26 16:13 B H:\Web Sites\whirldnewmedia\swiss\irweb\hypermedia\michael_joyce\Reach.jpg <-- iowa review /web/data/www.uiowa/iareview/production/tirweb/hypermedia/michael_joyce Reach.jpg
2002.01.26 16:13 B H:\Web Sites\whirldnewmedia\swiss\irweb\hypermedia\michael_joyce\ReachTitle.html <-- iowa review /web/data/www.uiowa/iareview/production/tirweb/hypermedia/michael_joyce ReachTitle.html
2002.01.26 16:13 B H:\Web Sites\whirldnewmedia\swiss\irweb\hypermedia\michael_joyce\remove.html <-- iowa review /web/data/www.uiowa/iareview/production/tirweb/hypermedia/michael_joyce remove.html
2002.01.26 16:13 B H:\Web Sites\whirldnewmedia\swiss\irweb\hypermedia\michael_joyce\saints.html <-- iowa review /web/data/www.uiowa/iareview/production/tirweb/hypermedia/michael_joyce saints.html
2002.01.26 16:13 B H:\Web Sites\whirldnewmedia\swiss\irweb\hypermedia\michael_joyce\sequence.html <-- iowa review /web/data/www.uiowa/iareview/production/tirweb/hypermedia/michael_joyce sequence.html
2002.01.26 16:13 B H:\Web Sites\whirldnewmedia\swiss\irweb\hypermedia\michael_joyce\syntactical.html <-- iowa review /web/data/www.uiowa/iareview/production/tirweb/hypermedia/michael_joyce syntactical.html
2002.01.26 16:13 B H:\Web Sites\whirldnewmedia\swiss\irweb\hypermedia\michael_joyce\talk.html <-- iowa review /web/data/www.uiowa/iareview/production/tirweb/hypermedia/michael_joyce talk.html
2002.01.26 16:13 B H:\Web Sites\whirldnewmedia\swiss\irweb\hypermedia\michael_joyce\tease.html <-- iowa review /web/data/www.uiowa/iareview/production/tirweb/hypermedia/michael_joyce tease.html
2002.01.26 16:13 B H:\Web Sites\whirldnewmedia\swiss\irweb\hypermedia\michael_joyce\tell.html <-- iowa review /web/data/www.uiowa/iareview/production/tirweb/hypermedia/michael_joyce tell.html
2002.01.26 16:13 B H:\Web Sites\whirldnewmedia\swiss\irweb\hypermedia\michael_joyce\the_mere.html <-- iowa review /web/data/www.uiowa/iareview/production/tirweb/hypermedia/michael_joyce the_mere.html
2002.01.26 16:13 B H:\Web Sites\whirldnewmedia\swiss\irweb\hypermedia\michael_joyce\think.html <-- iowa review /web/data/www.uiowa/iareview/production/tirweb/hypermedia/michael_joyce think.html
2002.01.26 16:13 B H:\Web Sites\whirldnewmedia\swiss\irweb\hypermedia\michael_joyce\thumbnail.html <-- iowa review /web/data/www.uiowa/iareview/production/tirweb/hypermedia/michael_joyce thumbnail.html
2002.01.26 16:13 B H:\Web Sites\whirldnewmedia\swiss\irweb\hypermedia\michael_joyce\touch.html <-- iowa review /web/data/www.uiowa/iareview/production/tirweb/hypermedia/michael_joyce touch.html
2002.01.26 16:13 B H:\Web Sites\whirldnewmedia\swiss\irweb\hypermedia\michael_joyce\tricks.html <-- iowa review /web/data/www.uiowa/iareview/production/tirweb/hypermedia/michael_joyce tricks.html
2002.01.26 16:13 B H:\Web Sites\whirldnewmedia\swiss\irweb\hypermedia\michael_joyce\waits.html <-- iowa review /web/data/www.uiowa/iareview/production/tirweb/hypermedia/michael_joyce waits.html
2002.01.26 16:13 B H:\Web Sites\whirldnewmedia\swiss\irweb\hypermedia\michael_joyce\wheel.html <-- iowa review /web/data/www.uiowa/iareview/production/tirweb/hypermedia/michael_joyce wheel.html
2002.01.26 16:13 B H:\Web Sites\whirldnewmedia\swiss\irweb\hypermedia\michael_joyce\where.html <-- iowa review /web/data/www.uiowa/iareview/production/tirweb/hypermedia/michael_joyce where.html
2002.01.26 16:13 B H:\Web Sites\whirldnewmedia\swiss\irweb\hypermedia\michael_joyce\worry.html <-- iowa review /web/data/www.uiowa/iareview/production/tirweb/hypermedia/michael_joyce worry.html
2002.01.26 19:49 B H:\Web Sites\whirldnewmedia\swiss\irweb\tirweb\archives\michael_joyce\boat.html --> www.uiowa.edu /web/data/www.uiowa/iareview/production/tirweb/archives/michael_joyce boat.html
2002.01.26 19:49 B H:\Web Sites\whirldnewmedia\swiss\irweb\tirweb\archives\michael_joyce\canal.html --> www.uiowa.edu /web/data/www.uiowa/iareview/production/tirweb/archives/michael_joyce canal.html
2002.01.26 19:49 B H:\Web Sites\whirldnewmedia\swiss\irweb\tirweb\archives\michael_joyce\cellars.html --> www.uiowa.edu /web/data/www.uiowa/iareview/production/tirweb/archives/michael_joyce cellars.html
2002.01.26 19:49 B H:\Web Sites\whirldnewmedia\swiss\irweb\tirweb\archives\michael_joyce\children.html --> www.uiowa.edu /web/data/www.uiowa/iareview/production/tirweb/archives/michael_joyce children.html
2002.01.26 19:49 B H:\Web Sites\whirldnewmedia\swiss\irweb\tirweb\archives\michael_joyce\city.html --> www.uiowa.edu /web/data/www.uiowa/iareview/production/tirweb/archives/michael_joyce city.html
2002.01.26 19:49 B H:\Web Sites\whirldnewmedia\swiss\irweb\tirweb\archives\michael_joyce\Cleopatra.html --> www.uiowa.edu /web/data/www.uiowa/iareview/production/tirweb/archives/michael_joyce Cleopatra.html
2002.01.26 19:49 B H:\Web Sites\whirldnewmedia\swiss\irweb\tirweb\archives\michael_joyce\Connecticut.html --> www.uiowa.edu /web/data/www.uiowa/iareview/production/tirweb/archives/michael_joyce Connecticut.html
2002.01.26 19:49 B H:\Web Sites\whirldnewmedia\swiss\irweb\tirweb\archives\michael_joyce\contained.html --> www.uiowa.edu /web/data/www.uiowa/iareview/production/tirweb/archives/michael_joyce contained.html
2002.01.26 19:49 B H:\Web Sites\whirldnewmedia\swiss\irweb\tirweb\archives\michael_joyce\daughter.html --> www.uiowa.edu /web/data/www.uiowa/iareview/production/tirweb/archives/michael_joyce daughter.html
2002.01.26 19:49 B H:\Web Sites\whirldnewmedia\swiss\irweb\tirweb\archives\michael_joyce\death.html --> www.uiowa.edu /web/data/www.uiowa/iareview/production/tirweb/archives/michael_joyce death.html
2002.01.26 19:49 B H:\Web Sites\whirldnewmedia\swiss\irweb\tirweb\archives\michael_joyce\detail.html --> www.uiowa.edu /web/data/www.uiowa/iareview/production/tirweb/archives/michael_joyce detail.html
2002.01.26 19:49 B H:\Web Sites\whirldnewmedia\swiss\irweb\tirweb\archives\michael_joyce\domesticity.html --> www.uiowa.edu /web/data/www.uiowa/iareview/production/tirweb/archives/michael_joyce domesticity.html
2002.01.26 19:49 B H:\Web Sites\whirldnewmedia\swiss\irweb\tirweb\archives\michael_joyce\don_t.html --> www.uiowa.edu /web/data/www.uiowa/iareview/production/tirweb/archives/michael_joyce don_t.html
2002.01.26 19:49 B H:\Web Sites\whirldnewmedia\swiss\irweb\tirweb\archives\michael_joyce\dots2.jpg --> www.uiowa.edu /web/data/www.uiowa/iareview/production/tirweb/archives/michael_joyce dots2.jpg
2002.01.26 19:49 B H:\Web Sites\whirldnewmedia\swiss\irweb\tirweb\archives\michael_joyce\Dresden.html --> www.uiowa.edu /web/data/www.uiowa/iareview/production/tirweb/archives/michael_joyce Dresden.html
2002.01.26 19:49 B H:\Web Sites\whirldnewmedia\swiss\irweb\tirweb\archives\michael_joyce\eve.html --> www.uiowa.edu /web/data/www.uiowa/iareview/production/tirweb/archives/michael_joyce eve.html
2002.01.26 19:49 B H:\Web Sites\whirldnewmedia\swiss\irweb\tirweb\archives\michael_joyce\four.html --> www.uiowa.edu /web/data/www.uiowa/iareview/production/tirweb/archives/michael_joyce four.html
2002.01.26 19:49 B H:\Web Sites\whirldnewmedia\swiss\irweb\tirweb\archives\michael_joyce\geode.html --> www.uiowa.edu /web/data/www.uiowa/iareview/production/tirweb/archives/michael_joyce geode.html
2002.01.26 19:49 B H:\Web Sites\whirldnewmedia\swiss\irweb\tirweb\archives\michael_joyce\healing.html --> www.uiowa.edu /web/data/www.uiowa/iareview/production/tirweb/archives/michael_joyce healing.html
2002.01.26 19:49 B H:\Web Sites\whirldnewmedia\swiss\irweb\tirweb\archives\michael_joyce\here.html --> www.uiowa.edu /web/data/www.uiowa/iareview/production/tirweb/archives/michael_joyce here.html
2002.01.26 19:49 B H:\Web Sites\whirldnewmedia\swiss\irweb\tirweb\archives\michael_joyce\imaginary.html --> www.uiowa.edu /web/data/www.uiowa/iareview/production/tirweb/archives/michael_joyce imaginary.html
2002.01.26 19:49 B H:\Web Sites\whirldnewmedia\swiss\irweb\tirweb\archives\michael_joyce\Jasmine.html --> www.uiowa.edu /web/data/www.uiowa/iareview/production/tirweb/archives/michael_joyce Jasmine.html
2002.01.26 19:49 B H:\Web Sites\whirldnewmedia\swiss\irweb\tirweb\archives\michael_joyce\kept.html --> www.uiowa.edu /web/data/www.uiowa/iareview/production/tirweb/archives/michael_joyce kept.html
2002.01.26 19:49 B H:\Web Sites\whirldnewmedia\swiss\irweb\tirweb\archives\michael_joyce\key.html --> www.uiowa.edu /web/data/www.uiowa/iareview/production/tirweb/archives/michael_joyce key.html
2002.01.26 19:49 B H:\Web Sites\whirldnewmedia\swiss\irweb\tirweb\archives\michael_joyce\late.html --> www.uiowa.edu /web/data/www.uiowa/iareview/production/tirweb/archives/michael_joyce late.html
2002.01.26 19:49 B H:\Web Sites\whirldnewmedia\swiss\irweb\tirweb\archives\michael_joyce\lets.html --> www.uiowa.edu /web/data/www.uiowa/iareview/production/tirweb/archives/michael_joyce lets.html
2002.01.26 19:49 B H:\Web Sites\whirldnewmedia\swiss\irweb\tirweb\archives\michael_joyce\memory.html --> www.uiowa.edu /web/data/www.uiowa/iareview/production/tirweb/archives/michael_joyce memory.html
2002.01.26 19:49 B H:\Web Sites\whirldnewmedia\swiss\irweb\tirweb\archives\michael_joyce\method.html --> www.uiowa.edu /web/data/www.uiowa/iareview/production/tirweb/archives/michael_joyce method.html
2002.01.26 19:49 B H:\Web Sites\whirldnewmedia\swiss\irweb\tirweb\archives\michael_joyce\mother.html --> www.uiowa.edu /web/data/www.uiowa/iareview/production/tirweb/archives/michael_joyce mother.html
2002.01.26 19:49 B H:\Web Sites\whirldnewmedia\swiss\irweb\tirweb\archives\michael_joyce\music.html --> www.uiowa.edu /web/data/www.uiowa/iareview/production/tirweb/archives/michael_joyce music.html
2002.01.26 19:49 B H:\Web Sites\whirldnewmedia\swiss\irweb\tirweb\archives\michael_joyce\once.html --> www.uiowa.edu /web/data/www.uiowa/iareview/production/tirweb/archives/michael_joyce once.html
2002.01.26 19:49 B H:\Web Sites\whirldnewmedia\swiss\irweb\tirweb\archives\michael_joyce\outside.html --> www.uiowa.edu /web/data/www.uiowa/iareview/production/tirweb/archives/michael_joyce outside.html
2002.01.26 19:49 B H:\Web Sites\whirldnewmedia\swiss\irweb\tirweb\archives\michael_joyce\played.html --> www.uiowa.edu /web/data/www.uiowa/iareview/production/tirweb/archives/michael_joyce played.html
2002.01.26 19:49 B H:\Web Sites\whirldnewmedia\swiss\irweb\tirweb\archives\michael_joyce\radiation.html --> www.uiowa.edu /web/data/www.uiowa/iareview/production/tirweb/archives/michael_joyce radiation.html
2002.01.26 19:49 B H:\Web Sites\whirldnewmedia\swiss\irweb\tirweb\archives\michael_joyce\radio.html --> www.uiowa.edu /web/data/www.uiowa/iareview/production/tirweb/archives/michael_joyce radio.html
2002.01.26 19:49 B H:\Web Sites\whirldnewmedia\swiss\irweb\tirweb\archives\michael_joyce\Rbanner.jpg --> www.uiowa.edu /web/data/www.uiowa/iareview/production/tirweb/archives/michael_joyce Rbanner.jpg
2002.01.26 19:49 B H:\Web Sites\whirldnewmedia\swiss\irweb\tirweb\archives\michael_joyce\reach.html --> www.uiowa.edu /web/data/www.uiowa/iareview/production/tirweb/archives/michael_joyce reach.html
2002.01.26 19:49 B H:\Web Sites\whirldnewmedia\swiss\irweb\tirweb\archives\michael_joyce\Reach.jpg --> www.uiowa.edu /web/data/www.uiowa/iareview/production/tirweb/archives/michael_joyce Reach.jpg
2002.01.26 19:49 B H:\Web Sites\whirldnewmedia\swiss\irweb\tirweb\archives\michael_joyce\ReachTitle.html --> www.uiowa.edu /web/data/www.uiowa/iareview/production/tirweb/archives/michael_joyce ReachTitle.html
2002.01.26 19:49 B H:\Web Sites\whirldnewmedia\swiss\irweb\tirweb\archives\michael_joyce\remove.html --> www.uiowa.edu /web/data/www.uiowa/iareview/production/tirweb/archives/michael_joyce remove.html
2002.01.26 19:49 B H:\Web Sites\whirldnewmedia\swiss\irweb\tirweb\archives\michael_joyce\saints.html --> www.uiowa.edu /web/data/www.uiowa/iareview/production/tirweb/archives/michael_joyce saints.html
2002.01.26 19:49 B H:\Web Sites\whirldnewmedia\swiss\irweb\tirweb\archives\michael_joyce\sequence.html --> www.uiowa.edu /web/data/www.uiowa/iareview/production/tirweb/archives/michael_joyce sequence.html
2002.01.26 19:49 B H:\Web Sites\whirldnewmedia\swiss\irweb\tirweb\archives\michael_joyce\syntactical.html --> www.uiowa.edu /web/data/www.uiowa/iareview/production/tirweb/archives/michael_joyce syntactical.html
2002.01.26 19:49 B H:\Web Sites\whirldnewmedia\swiss\irweb\tirweb\archives\michael_joyce\talk.html --> www.uiowa.edu /web/data/www.uiowa/iareview/production/tirweb/archives/michael_joyce talk.html
2002.01.26 19:49 B H:\Web Sites\whirldnewmedia\swiss\irweb\tirweb\archives\michael_joyce\tease.html --> www.uiowa.edu /web/data/www.uiowa/iareview/production/tirweb/archives/michael_joyce tease.html
2002.01.26 19:50 B H:\Web Sites\whirldnewmedia\swiss\irweb\tirweb\archives\michael_joyce\tell.html --> www.uiowa.edu /web/data/www.uiowa/iareview/production/tirweb/archives/michael_joyce tell.html
2002.01.26 19:50 B H:\Web Sites\whirldnewmedia\swiss\irweb\tirweb\archives\michael_joyce\the_mere.html --> www.uiowa.edu /web/data/www.uiowa/iareview/production/tirweb/archives/michael_joyce the_mere.html
2002.01.26 19:50 B H:\Web Sites\whirldnewmedia\swiss\irweb\tirweb\archives\michael_joyce\think.html --> www.uiowa.edu /web/data/www.uiowa/iareview/production/tirweb/archives/michael_joyce think.html
2002.01.26 19:50 B H:\Web Sites\whirldnewmedia\swiss\irweb\tirweb\archives\michael_joyce\thumbnail.html --> www.uiowa.edu /web/data/www.uiowa/iareview/production/tirweb/archives/michael_joyce thumbnail.html
2002.01.26 19:50 B H:\Web Sites\whirldnewmedia\swiss\irweb\tirweb\archives\michael_joyce\touch.html --> www.uiowa.edu /web/data/www.uiowa/iareview/production/tirweb/archives/michael_joyce touch.html
2002.01.26 19:50 B H:\Web Sites\whirldnewmedia\swiss\irweb\tirweb\archives\michael_joyce\tricks.html --> www.uiowa.edu /web/data/www.uiowa/iareview/production/tirweb/archives/michael_joyce tricks.html
2002.01.26 19:50 B H:\Web Sites\whirldnewmedia\swiss\irweb\tirweb\archives\michael_joyce\waits.html --> www.uiowa.edu /web/data/www.uiowa/iareview/production/tirweb/archives/michael_joyce waits.html
2002.01.26 19:50 B H:\Web Sites\whirldnewmedia\swiss\irweb\tirweb\archives\michael_joyce\wheel.html --> www.uiowa.edu /web/data/www.uiowa/iareview/production/tirweb/archives/michael_joyce wheel.html
2002.01.26 19:50 B H:\Web Sites\whirldnewmedia\swiss\irweb\tirweb\archives\michael_joyce\where.html --> www.uiowa.edu /web/data/www.uiowa/iareview/production/tirweb/archives/michael_joyce where.html
2002.01.26 19:50 B H:\Web Sites\whirldnewmedia\swiss\irweb\tirweb\archives\michael_joyce\worry.html --> www.uiowa.edu /web/data/www.uiowa/iareview/production/tirweb/archives/michael_joyce worry.html
2002.01.26 19:50 B H:\Web Sites\whirldnewmedia\swiss\irweb\tirweb\archives\michael_joyce\WS_FTP.LOG --> www.uiowa.edu /web/data/www.uiowa/iareview/production/tirweb/archives/michael_joyce WS_FTP.LOG
2002.02.07 16:36 B H:\Web Sites\whirldnewmedia\swiss\irweb\tirweb\archives\michael_joyce\boat.html --> www.uiowa.edu /web/data/www.uiowa/iareview/production/tirweb/archives/michael_joyce boat.html
2002.02.07 16:36 B H:\Web Sites\whirldnewmedia\swiss\irweb\tirweb\archives\michael_joyce\canal.html --> www.uiowa.edu /web/data/www.uiowa/iareview/production/tirweb/archives/michael_joyce canal.html
2002.02.07 16:36 B H:\Web Sites\whirldnewmedia\swiss\irweb\tirweb\archives\michael_joyce\cellars.html --> www.uiowa.edu /web/data/www.uiowa/iareview/production/tirweb/archives/michael_joyce cellars.html
2002.02.07 16:36 B H:\Web Sites\whirldnewmedia\swiss\irweb\tirweb\archives\michael_joyce\children.html --> www.uiowa.edu /web/data/www.uiowa/iareview/production/tirweb/archives/michael_joyce children.html
2002.02.07 16:36 B H:\Web Sites\whirldnewmedia\swiss\irweb\tirweb\archives\michael_joyce\city.html --> www.uiowa.edu /web/data/www.uiowa/iareview/production/tirweb/archives/michael_joyce city.html
2002.02.07 16:36 B H:\Web Sites\whirldnewmedia\swiss\irweb\tirweb\archives\michael_joyce\Cleopatra.html --> www.uiowa.edu /web/data/www.uiowa/iareview/production/tirweb/archives/michael_joyce Cleopatra.html
2002.02.07 16:36 B H:\Web Sites\whirldnewmedia\swiss\irweb\tirweb\archives\michael_joyce\Connecticut.html --> www.uiowa.edu /web/data/www.uiowa/iareview/production/tirweb/archives/michael_joyce Connecticut.html
2002.02.07 16:36 B H:\Web Sites\whirldnewmedia\swiss\irweb\tirweb\archives\michael_joyce\contained.html --> www.uiowa.edu /web/data/www.uiowa/iareview/production/tirweb/archives/michael_joyce contained.html
2002.02.07 16:36 B H:\Web Sites\whirldnewmedia\swiss\irweb\tirweb\archives\michael_joyce\daughter.html --> www.uiowa.edu /web/data/www.uiowa/iareview/production/tirweb/archives/michael_joyce daughter.html
2002.02.07 16:36 B H:\Web Sites\whirldnewmedia\swiss\irweb\tirweb\archives\michael_joyce\death.html --> www.uiowa.edu /web/data/www.uiowa/iareview/production/tirweb/archives/michael_joyce death.html
2002.02.07 16:36 B H:\Web Sites\whirldnewmedia\swiss\irweb\tirweb\archives\michael_joyce\detail.html --> www.uiowa.edu /web/data/www.uiowa/iareview/production/tirweb/archives/michael_joyce detail.html
2002.02.07 16:36 B H:\Web Sites\whirldnewmedia\swiss\irweb\tirweb\archives\michael_joyce\domesticity.html --> www.uiowa.edu /web/data/www.uiowa/iareview/production/tirweb/archives/michael_joyce domesticity.html
2002.02.07 16:36 B H:\Web Sites\whirldnewmedia\swiss\irweb\tirweb\archives\michael_joyce\don_t.html --> www.uiowa.edu /web/data/www.uiowa/iareview/production/tirweb/archives/michael_joyce don_t.html
2002.02.07 16:36 B H:\Web Sites\whirldnewmedia\swiss\irweb\tirweb\archives\michael_joyce\Dresden.html --> www.uiowa.edu /web/data/www.uiowa/iareview/production/tirweb/archives/michael_joyce Dresden.html
2002.02.07 16:36 B H:\Web Sites\whirldnewmedia\swiss\irweb\tirweb\archives\michael_joyce\eve.html --> www.uiowa.edu /web/data/www.uiowa/iareview/production/tirweb/archives/michael_joyce eve.html
2002.02.07 16:36 B H:\Web Sites\whirldnewmedia\swiss\irweb\tirweb\archives\michael_joyce\four.html --> www.uiowa.edu /web/data/www.uiowa/iareview/production/tirweb/archives/michael_joyce four.html
2002.02.07 16:36 B H:\Web Sites\whirldnewmedia\swiss\irweb\tirweb\archives\michael_joyce\geode.html --> www.uiowa.edu /web/data/www.uiowa/iareview/production/tirweb/archives/michael_joyce geode.html
2002.02.07 16:36 B H:\Web Sites\whirldnewmedia\swiss\irweb\tirweb\archives\michael_joyce\healing.html --> www.uiowa.edu /web/data/www.uiowa/iareview/production/tirweb/archives/michael_joyce healing.html
2002.02.07 16:36 B H:\Web Sites\whirldnewmedia\swiss\irweb\tirweb\archives\michael_joyce\here.html --> www.uiowa.edu /web/data/www.uiowa/iareview/production/tirweb/archives/michael_joyce here.html
2002.02.07 16:36 B H:\Web Sites\whirldnewmedia\swiss\irweb\tirweb\archives\michael_joyce\imaginary.html --> www.uiowa.edu /web/data/www.uiowa/iareview/production/tirweb/archives/michael_joyce imaginary.html
2002.02.07 16:36 B H:\Web Sites\whirldnewmedia\swiss\irweb\tirweb\archives\michael_joyce\Jasmine.html --> www.uiowa.edu /web/data/www.uiowa/iareview/production/tirweb/archives/michael_joyce Jasmine.html
2002.02.07 16:36 B H:\Web Sites\whirldnewmedia\swiss\irweb\tirweb\archives\michael_joyce\kept.html --> www.uiowa.edu /web/data/www.uiowa/iareview/production/tirweb/archives/michael_joyce kept.html
2002.02.07 16:36 B H:\Web Sites\whirldnewmedia\swiss\irweb\tirweb\archives\michael_joyce\key.html --> www.uiowa.edu /web/data/www.uiowa/iareview/production/tirweb/archives/michael_joyce key.html
2002.02.07 16:36 B H:\Web Sites\whirldnewmedia\swiss\irweb\tirweb\archives\michael_joyce\late.html --> www.uiowa.edu /web/data/www.uiowa/iareview/production/tirweb/archives/michael_joyce late.html
2002.02.07 16:36 B H:\Web Sites\whirldnewmedia\swiss\irweb\tirweb\archives\michael_joyce\lets.html --> www.uiowa.edu /web/data/www.uiowa/iareview/production/tirweb/archives/michael_joyce lets.html
2002.02.07 16:36 B H:\Web Sites\whirldnewmedia\swiss\irweb\tirweb\archives\michael_joyce\memory.html --> www.uiowa.edu /web/data/www.uiowa/iareview/production/tirweb/archives/michael_joyce memory.html
2002.02.07 16:36 B H:\Web Sites\whirldnewmedia\swiss\irweb\tirweb\archives\michael_joyce\method.html --> www.uiowa.edu /web/data/www.uiowa/iareview/production/tirweb/archives/michael_joyce method.html
2002.02.07 16:36 B H:\Web Sites\whirldnewmedia\swiss\irweb\tirweb\archives\michael_joyce\mother.html --> www.uiowa.edu /web/data/www.uiowa/iareview/production/tirweb/archives/michael_joyce mother.html
2002.02.07 16:36 B H:\Web Sites\whirldnewmedia\swiss\irweb\tirweb\archives\michael_joyce\music.html --> www.uiowa.edu /web/data/www.uiowa/iareview/production/tirweb/archives/michael_joyce music.html
2002.02.07 16:36 B H:\Web Sites\whirldnewmedia\swiss\irweb\tirweb\archives\michael_joyce\once.html --> www.uiowa.edu /web/data/www.uiowa/iareview/production/tirweb/archives/michael_joyce once.html
2002.02.07 16:36 B H:\Web Sites\whirldnewmedia\swiss\irweb\tirweb\archives\michael_joyce\outside.html --> www.uiowa.edu /web/data/www.uiowa/iareview/production/tirweb/archives/michael_joyce outside.html
2002.02.07 16:36 B H:\Web Sites\whirldnewmedia\swiss\irweb\tirweb\archives\michael_joyce\played.html --> www.uiowa.edu /web/data/www.uiowa/iareview/production/tirweb/archives/michael_joyce played.html
2002.02.07 16:36 B H:\Web Sites\whirldnewmedia\swiss\irweb\tirweb\archives\michael_joyce\radiation.html --> www.uiowa.edu /web/data/www.uiowa/iareview/production/tirweb/archives/michael_joyce radiation.html
2002.02.07 16:36 B H:\Web Sites\whirldnewmedia\swiss\irweb\tirweb\archives\michael_joyce\radio.html --> www.uiowa.edu /web/data/www.uiowa/iareview/production/tirweb/archives/michael_joyce radio.html
2002.02.07 16:36 B H:\Web Sites\whirldnewmedia\swiss\irweb\tirweb\archives\michael_joyce\reach.html --> www.uiowa.edu /web/data/www.uiowa/iareview/production/tirweb/archives/michael_joyce reach.html
2002.02.07 16:36 B H:\Web Sites\whirldnewmedia\swiss\irweb\tirweb\archives\michael_joyce\ReachTitle.html --> www.uiowa.edu /web/data/www.uiowa/iareview/production/tirweb/archives/michael_joyce ReachTitle.html
2002.02.07 16:36 B H:\Web Sites\whirldnewmedia\swiss\irweb\tirweb\archives\michael_joyce\remove.html --> www.uiowa.edu /web/data/www.uiowa/iareview/production/tirweb/archives/michael_joyce remove.html
2002.02.07 16:36 B H:\Web Sites\whirldnewmedia\swiss\irweb\tirweb\archives\michael_joyce\saints.html --> www.uiowa.edu /web/data/www.uiowa/iareview/production/tirweb/archives/michael_joyce saints.html
2002.02.07 16:36 B H:\Web Sites\whirldnewmedia\swiss\irweb\tirweb\archives\michael_joyce\sequence.html --> www.uiowa.edu /web/data/www.uiowa/iareview/production/tirweb/archives/michael_joyce sequence.html
2002.02.07 16:36 B H:\Web Sites\whirldnewmedia\swiss\irweb\tirweb\archives\michael_joyce\syntactical.html --> www.uiowa.edu /web/data/www.uiowa/iareview/production/tirweb/archives/michael_joyce syntactical.html
2002.02.07 16:36 B H:\Web Sites\whirldnewmedia\swiss\irweb\tirweb\archives\michael_joyce\talk.html --> www.uiowa.edu /web/data/www.uiowa/iareview/production/tirweb/archives/michael_joyce talk.html
2002.02.07 16:37 B H:\Web Sites\whirldnewmedia\swiss\irweb\tirweb\archives\michael_joyce\tease.html --> www.uiowa.edu /web/data/www.uiowa/iareview/production/tirweb/archives/michael_joyce tease.html
2002.02.07 16:37 B H:\Web Sites\whirldnewmedia\swiss\irweb\tirweb\archives\michael_joyce\tell.html --> www.uiowa.edu /web/data/www.uiowa/iareview/production/tirweb/archives/michael_joyce tell.html
2002.02.07 16:37 B H:\Web Sites\whirldnewmedia\swiss\irweb\tirweb\archives\michael_joyce\the_mere.html --> www.uiowa.edu /web/data/www.uiowa/iareview/production/tirweb/archives/michael_joyce the_mere.html
2002.02.07 16:37 B H:\Web Sites\whirldnewmedia\swiss\irweb\tirweb\archives\michael_joyce\think.html --> www.uiowa.edu /web/data/www.uiowa/iareview/production/tirweb/archives/michael_joyce think.html
2002.02.07 16:37 B H:\Web Sites\whirldnewmedia\swiss\irweb\tirweb\archives\michael_joyce\thumbnail.html --> www.uiowa.edu /web/data/www.uiowa/iareview/production/tirweb/archives/michael_joyce thumbnail.html
2002.02.07 16:37 B H:\Web Sites\whirldnewmedia\swiss\irweb\tirweb\archives\michael_joyce\touch.html --> www.uiowa.edu /web/data/www.uiowa/iareview/production/tirweb/archives/michael_joyce touch.html
2002.02.07 16:37 B H:\Web Sites\whirldnewmedia\swiss\irweb\tirweb\archives\michael_joyce\tricks.html --> www.uiowa.edu /web/data/www.uiowa/iareview/production/tirweb/archives/michael_joyce tricks.html
2002.02.07 16:37 B H:\Web Sites\whirldnewmedia\swiss\irweb\tirweb\archives\michael_joyce\waits.html --> www.uiowa.edu /web/data/www.uiowa/iareview/production/tirweb/archives/michael_joyce waits.html
2002.02.07 16:37 B H:\Web Sites\whirldnewmedia\swiss\irweb\tirweb\archives\michael_joyce\wheel.html --> www.uiowa.edu /web/data/www.uiowa/iareview/production/tirweb/archives/michael_joyce wheel.html
2002.02.07 16:37 B H:\Web Sites\whirldnewmedia\swiss\irweb\tirweb\archives\michael_joyce\where.html --> www.uiowa.edu /web/data/www.uiowa/iareview/production/tirweb/archives/michael_joyce where.html
2002.02.07 16:37 B H:\Web Sites\whirldnewmedia\swiss\irweb\tirweb\archives\michael_joyce\worry.html --> www.uiowa.edu /web/data/www.uiowa/iareview/production/tirweb/archives/michael_joyce worry.html
