2002.01.26 18:20 B H:\Web Sites\whirldnewmedia\swiss\irweb\hypermedia\diane_greco\about.html <-- iowa review /web/data/www.uiowa/iareview/production/tirweb/hypermedia/diane_greco about.html
2002.01.26 18:20 B H:\Web Sites\whirldnewmedia\swiss\irweb\hypermedia\diane_greco\awakening.html <-- iowa review /web/data/www.uiowa/iareview/production/tirweb/hypermedia/diane_greco awakening.html
2002.01.26 18:20 B H:\Web Sites\whirldnewmedia\swiss\irweb\hypermedia\diane_greco\baker1.html <-- iowa review /web/data/www.uiowa/iareview/production/tirweb/hypermedia/diane_greco baker1.html
2002.01.26 18:20 B H:\Web Sites\whirldnewmedia\swiss\irweb\hypermedia\diane_greco\baker2.html <-- iowa review /web/data/www.uiowa/iareview/production/tirweb/hypermedia/diane_greco baker2.html
2002.01.26 18:20 B H:\Web Sites\whirldnewmedia\swiss\irweb\hypermedia\diane_greco\bananas.html <-- iowa review /web/data/www.uiowa/iareview/production/tirweb/hypermedia/diane_greco bananas.html
2002.01.26 18:20 B H:\Web Sites\whirldnewmedia\swiss\irweb\hypermedia\diane_greco\beat.html <-- iowa review /web/data/www.uiowa/iareview/production/tirweb/hypermedia/diane_greco beat.html
2002.01.26 18:20 B H:\Web Sites\whirldnewmedia\swiss\irweb\hypermedia\diane_greco\begin.html <-- iowa review /web/data/www.uiowa/iareview/production/tirweb/hypermedia/diane_greco begin.html
2002.01.26 18:20 B H:\Web Sites\whirldnewmedia\swiss\irweb\hypermedia\diane_greco\begin_frame_1.html <-- iowa review /web/data/www.uiowa/iareview/production/tirweb/hypermedia/diane_greco begin_frame_1.html
2002.01.26 18:20 B H:\Web Sites\whirldnewmedia\swiss\irweb\hypermedia\diane_greco\begin_frame_2.html <-- iowa review /web/data/www.uiowa/iareview/production/tirweb/hypermedia/diane_greco begin_frame_2.html
2002.01.26 18:20 B H:\Web Sites\whirldnewmedia\swiss\irweb\hypermedia\diane_greco\begin_frame_3.html <-- iowa review /web/data/www.uiowa/iareview/production/tirweb/hypermedia/diane_greco begin_frame_3.html
2002.01.26 18:20 B H:\Web Sites\whirldnewmedia\swiss\irweb\hypermedia\diane_greco\begin_frame_4.html <-- iowa review /web/data/www.uiowa/iareview/production/tirweb/hypermedia/diane_greco begin_frame_4.html
2002.01.26 18:20 B H:\Web Sites\whirldnewmedia\swiss\irweb\hypermedia\diane_greco\bird.html <-- iowa review /web/data/www.uiowa/iareview/production/tirweb/hypermedia/diane_greco bird.html
2002.01.26 18:20 B H:\Web Sites\whirldnewmedia\swiss\irweb\hypermedia\diane_greco\bird2.html <-- iowa review /web/data/www.uiowa/iareview/production/tirweb/hypermedia/diane_greco bird2.html
2002.01.26 18:20 B H:\Web Sites\whirldnewmedia\swiss\irweb\hypermedia\diane_greco\breath.html <-- iowa review /web/data/www.uiowa/iareview/production/tirweb/hypermedia/diane_greco breath.html
2002.01.26 18:20 B H:\Web Sites\whirldnewmedia\swiss\irweb\hypermedia\diane_greco\breath2.html <-- iowa review /web/data/www.uiowa/iareview/production/tirweb/hypermedia/diane_greco breath2.html
2002.01.26 18:20 B H:\Web Sites\whirldnewmedia\swiss\irweb\hypermedia\diane_greco\bulb.html <-- iowa review /web/data/www.uiowa/iareview/production/tirweb/hypermedia/diane_greco bulb.html
2002.01.26 18:20 B H:\Web Sites\whirldnewmedia\swiss\irweb\hypermedia\diane_greco\cabin.html <-- iowa review /web/data/www.uiowa/iareview/production/tirweb/hypermedia/diane_greco cabin.html
2002.01.26 18:20 B H:\Web Sites\whirldnewmedia\swiss\irweb\hypermedia\diane_greco\change.html <-- iowa review /web/data/www.uiowa/iareview/production/tirweb/hypermedia/diane_greco change.html
2002.01.26 18:20 B H:\Web Sites\whirldnewmedia\swiss\irweb\hypermedia\diane_greco\cheap.html <-- iowa review /web/data/www.uiowa/iareview/production/tirweb/hypermedia/diane_greco cheap.html
2002.01.26 18:20 B H:\Web Sites\whirldnewmedia\swiss\irweb\hypermedia\diane_greco\coming.html <-- iowa review /web/data/www.uiowa/iareview/production/tirweb/hypermedia/diane_greco coming.html
2002.01.26 18:20 B H:\Web Sites\whirldnewmedia\swiss\irweb\hypermedia\diane_greco\corners.html <-- iowa review /web/data/www.uiowa/iareview/production/tirweb/hypermedia/diane_greco corners.html
2002.01.26 18:20 B H:\Web Sites\whirldnewmedia\swiss\irweb\hypermedia\diane_greco\daisies.html <-- iowa review /web/data/www.uiowa/iareview/production/tirweb/hypermedia/diane_greco daisies.html
2002.01.26 18:20 B H:\Web Sites\whirldnewmedia\swiss\irweb\hypermedia\diane_greco\dazzle.html <-- iowa review /web/data/www.uiowa/iareview/production/tirweb/hypermedia/diane_greco dazzle.html
2002.01.26 18:21 B H:\Web Sites\whirldnewmedia\swiss\irweb\hypermedia\diane_greco\delir.html <-- iowa review /web/data/www.uiowa/iareview/production/tirweb/hypermedia/diane_greco delir.html
2002.01.26 18:21 B H:\Web Sites\whirldnewmedia\swiss\irweb\hypermedia\diane_greco\desire.html <-- iowa review /web/data/www.uiowa/iareview/production/tirweb/hypermedia/diane_greco desire.html
2002.01.26 18:21 B H:\Web Sites\whirldnewmedia\swiss\irweb\hypermedia\diane_greco\difference.html <-- iowa review /web/data/www.uiowa/iareview/production/tirweb/hypermedia/diane_greco difference.html
2002.01.26 18:21 B H:\Web Sites\whirldnewmedia\swiss\irweb\hypermedia\diane_greco\dinner.html <-- iowa review /web/data/www.uiowa/iareview/production/tirweb/hypermedia/diane_greco dinner.html
2002.01.26 18:21 B H:\Web Sites\whirldnewmedia\swiss\irweb\hypermedia\diane_greco\dispensing.html <-- iowa review /web/data/www.uiowa/iareview/production/tirweb/hypermedia/diane_greco dispensing.html
2002.01.26 18:21 B H:\Web Sites\whirldnewmedia\swiss\irweb\hypermedia\diane_greco\drown.html <-- iowa review /web/data/www.uiowa/iareview/production/tirweb/hypermedia/diane_greco drown.html
2002.01.26 18:21 B H:\Web Sites\whirldnewmedia\swiss\irweb\hypermedia\diane_greco\drown2.html <-- iowa review /web/data/www.uiowa/iareview/production/tirweb/hypermedia/diane_greco drown2.html
2002.01.26 18:21 B H:\Web Sites\whirldnewmedia\swiss\irweb\hypermedia\diane_greco\ebb.html <-- iowa review /web/data/www.uiowa/iareview/production/tirweb/hypermedia/diane_greco ebb.html
2002.01.26 18:21 B H:\Web Sites\whirldnewmedia\swiss\irweb\hypermedia\diane_greco\elsewhere.html <-- iowa review /web/data/www.uiowa/iareview/production/tirweb/hypermedia/diane_greco elsewhere.html
2002.01.26 18:21 B H:\Web Sites\whirldnewmedia\swiss\irweb\hypermedia\diane_greco\extinguish.html <-- iowa review /web/data/www.uiowa/iareview/production/tirweb/hypermedia/diane_greco extinguish.html
2002.01.26 18:21 B H:\Web Sites\whirldnewmedia\swiss\irweb\hypermedia\diane_greco\exuberance.html <-- iowa review /web/data/www.uiowa/iareview/production/tirweb/hypermedia/diane_greco exuberance.html
2002.01.26 18:21 B H:\Web Sites\whirldnewmedia\swiss\irweb\hypermedia\diane_greco\fame.html <-- iowa review /web/data/www.uiowa/iareview/production/tirweb/hypermedia/diane_greco fame.html
2002.01.26 18:21 B H:\Web Sites\whirldnewmedia\swiss\irweb\hypermedia\diane_greco\flamingo.html <-- iowa review /web/data/www.uiowa/iareview/production/tirweb/hypermedia/diane_greco flamingo.html
2002.01.26 18:21 B H:\Web Sites\whirldnewmedia\swiss\irweb\hypermedia\diane_greco\frame1.html <-- iowa review /web/data/www.uiowa/iareview/production/tirweb/hypermedia/diane_greco frame1.html
2002.01.26 18:21 B H:\Web Sites\whirldnewmedia\swiss\irweb\hypermedia\diane_greco\framebottom.html <-- iowa review /web/data/www.uiowa/iareview/production/tirweb/hypermedia/diane_greco framebottom.html
2002.01.26 18:21 B H:\Web Sites\whirldnewmedia\swiss\irweb\hypermedia\diane_greco\framefarleft.html <-- iowa review /web/data/www.uiowa/iareview/production/tirweb/hypermedia/diane_greco framefarleft.html
2002.01.26 18:21 B H:\Web Sites\whirldnewmedia\swiss\irweb\hypermedia\diane_greco\frameleft.html <-- iowa review /web/data/www.uiowa/iareview/production/tirweb/hypermedia/diane_greco frameleft.html
2002.01.26 18:21 B H:\Web Sites\whirldnewmedia\swiss\irweb\hypermedia\diane_greco\frameright.html <-- iowa review /web/data/www.uiowa/iareview/production/tirweb/hypermedia/diane_greco frameright.html
2002.01.26 18:21 B H:\Web Sites\whirldnewmedia\swiss\irweb\hypermedia\diane_greco\frying.html <-- iowa review /web/data/www.uiowa/iareview/production/tirweb/hypermedia/diane_greco frying.html
2002.01.26 18:21 B H:\Web Sites\whirldnewmedia\swiss\irweb\hypermedia\diane_greco\goethe.html <-- iowa review /web/data/www.uiowa/iareview/production/tirweb/hypermedia/diane_greco goethe.html
2002.01.26 18:21 B H:\Web Sites\whirldnewmedia\swiss\irweb\hypermedia\diane_greco\good_girl.html <-- iowa review /web/data/www.uiowa/iareview/production/tirweb/hypermedia/diane_greco good_girl.html
2002.01.26 18:21 B H:\Web Sites\whirldnewmedia\swiss\irweb\hypermedia\diane_greco\goodbye.html <-- iowa review /web/data/www.uiowa/iareview/production/tirweb/hypermedia/diane_greco goodbye.html
2002.01.26 18:21 B H:\Web Sites\whirldnewmedia\swiss\irweb\hypermedia\diane_greco\guides.html <-- iowa review /web/data/www.uiowa/iareview/production/tirweb/hypermedia/diane_greco guides.html
2002.01.26 18:21 B H:\Web Sites\whirldnewmedia\swiss\irweb\hypermedia\diane_greco\hallway.html <-- iowa review /web/data/www.uiowa/iareview/production/tirweb/hypermedia/diane_greco hallway.html
2002.01.26 18:21 B H:\Web Sites\whirldnewmedia\swiss\irweb\hypermedia\diane_greco\helios.html <-- iowa review /web/data/www.uiowa/iareview/production/tirweb/hypermedia/diane_greco helios.html
2002.01.26 18:21 B H:\Web Sites\whirldnewmedia\swiss\irweb\hypermedia\diane_greco\honor.html <-- iowa review /web/data/www.uiowa/iareview/production/tirweb/hypermedia/diane_greco honor.html
2002.01.26 18:21 B H:\Web Sites\whirldnewmedia\swiss\irweb\hypermedia\diane_greco\image17.gif <-- iowa review /web/data/www.uiowa/iareview/production/tirweb/hypermedia/diane_greco image17.gif
2002.01.26 18:21 B H:\Web Sites\whirldnewmedia\swiss\irweb\hypermedia\diane_greco\image21.gif <-- iowa review /web/data/www.uiowa/iareview/production/tirweb/hypermedia/diane_greco image21.gif
2002.01.26 18:21 B H:\Web Sites\whirldnewmedia\swiss\irweb\hypermedia\diane_greco\image26.gif <-- iowa review /web/data/www.uiowa/iareview/production/tirweb/hypermedia/diane_greco image26.gif
2002.01.26 18:21 B H:\Web Sites\whirldnewmedia\swiss\irweb\hypermedia\diane_greco\image28.gif <-- iowa review /web/data/www.uiowa/iareview/production/tirweb/hypermedia/diane_greco image28.gif
2002.01.26 18:21 B H:\Web Sites\whirldnewmedia\swiss\irweb\hypermedia\diane_greco\important.html <-- iowa review /web/data/www.uiowa/iareview/production/tirweb/hypermedia/diane_greco important.html
2002.01.26 18:21 B H:\Web Sites\whirldnewmedia\swiss\irweb\hypermedia\diane_greco\insurance.html <-- iowa review /web/data/www.uiowa/iareview/production/tirweb/hypermedia/diane_greco insurance.html
2002.01.26 18:21 B H:\Web Sites\whirldnewmedia\swiss\irweb\hypermedia\diane_greco\interrogation.html <-- iowa review /web/data/www.uiowa/iareview/production/tirweb/hypermedia/diane_greco interrogation.html
2002.01.26 18:21 B H:\Web Sites\whirldnewmedia\swiss\irweb\hypermedia\diane_greco\leash.html <-- iowa review /web/data/www.uiowa/iareview/production/tirweb/hypermedia/diane_greco leash.html
2002.01.26 18:21 B H:\Web Sites\whirldnewmedia\swiss\irweb\hypermedia\diane_greco\lemon_zest.html <-- iowa review /web/data/www.uiowa/iareview/production/tirweb/hypermedia/diane_greco lemon_zest.html
2002.01.26 18:21 B H:\Web Sites\whirldnewmedia\swiss\irweb\hypermedia\diane_greco\leopard.html <-- iowa review /web/data/www.uiowa/iareview/production/tirweb/hypermedia/diane_greco leopard.html
2002.01.26 18:21 B H:\Web Sites\whirldnewmedia\swiss\irweb\hypermedia\diane_greco\like_that.html <-- iowa review /web/data/www.uiowa/iareview/production/tirweb/hypermedia/diane_greco like_that.html
2002.01.26 18:21 B H:\Web Sites\whirldnewmedia\swiss\irweb\hypermedia\diane_greco\list.html <-- iowa review /web/data/www.uiowa/iareview/production/tirweb/hypermedia/diane_greco list.html
2002.01.26 18:21 B H:\Web Sites\whirldnewmedia\swiss\irweb\hypermedia\diane_greco\long_hallway.html <-- iowa review /web/data/www.uiowa/iareview/production/tirweb/hypermedia/diane_greco long_hallway.html
2002.01.26 18:21 B H:\Web Sites\whirldnewmedia\swiss\irweb\hypermedia\diane_greco\loss.html <-- iowa review /web/data/www.uiowa/iareview/production/tirweb/hypermedia/diane_greco loss.html
2002.01.26 18:21 B H:\Web Sites\whirldnewmedia\swiss\irweb\hypermedia\diane_greco\marriage.html <-- iowa review /web/data/www.uiowa/iareview/production/tirweb/hypermedia/diane_greco marriage.html
2002.01.26 18:21 B H:\Web Sites\whirldnewmedia\swiss\irweb\hypermedia\diane_greco\Maxwell.html <-- iowa review /web/data/www.uiowa/iareview/production/tirweb/hypermedia/diane_greco Maxwell.html
2002.01.26 18:21 B H:\Web Sites\whirldnewmedia\swiss\irweb\hypermedia\diane_greco\metronome.html <-- iowa review /web/data/www.uiowa/iareview/production/tirweb/hypermedia/diane_greco metronome.html
2002.01.26 18:21 B H:\Web Sites\whirldnewmedia\swiss\irweb\hypermedia\diane_greco\midday.html <-- iowa review /web/data/www.uiowa/iareview/production/tirweb/hypermedia/diane_greco midday.html
2002.01.26 18:21 B H:\Web Sites\whirldnewmedia\swiss\irweb\hypermedia\diane_greco\monsoon.html <-- iowa review /web/data/www.uiowa/iareview/production/tirweb/hypermedia/diane_greco monsoon.html
2002.01.26 18:21 B H:\Web Sites\whirldnewmedia\swiss\irweb\hypermedia\diane_greco\mother.html <-- iowa review /web/data/www.uiowa/iareview/production/tirweb/hypermedia/diane_greco mother.html
2002.01.26 18:21 B H:\Web Sites\whirldnewmedia\swiss\irweb\hypermedia\diane_greco\mother2.html <-- iowa review /web/data/www.uiowa/iareview/production/tirweb/hypermedia/diane_greco mother2.html
2002.01.26 18:21 B H:\Web Sites\whirldnewmedia\swiss\irweb\hypermedia\diane_greco\mother3.html <-- iowa review /web/data/www.uiowa/iareview/production/tirweb/hypermedia/diane_greco mother3.html
2002.01.26 18:21 B H:\Web Sites\whirldnewmedia\swiss\irweb\hypermedia\diane_greco\moves.html <-- iowa review /web/data/www.uiowa/iareview/production/tirweb/hypermedia/diane_greco moves.html
2002.01.26 18:21 B H:\Web Sites\whirldnewmedia\swiss\irweb\hypermedia\diane_greco\murmur.html <-- iowa review /web/data/www.uiowa/iareview/production/tirweb/hypermedia/diane_greco murmur.html
2002.01.26 18:21 B H:\Web Sites\whirldnewmedia\swiss\irweb\hypermedia\diane_greco\navbarframe.html <-- iowa review /web/data/www.uiowa/iareview/production/tirweb/hypermedia/diane_greco navbarframe.html
2002.01.26 18:21 B H:\Web Sites\whirldnewmedia\swiss\irweb\hypermedia\diane_greco\nights.html <-- iowa review /web/data/www.uiowa/iareview/production/tirweb/hypermedia/diane_greco nights.html
2002.01.26 18:21 B H:\Web Sites\whirldnewmedia\swiss\irweb\hypermedia\diane_greco\orphans.html <-- iowa review /web/data/www.uiowa/iareview/production/tirweb/hypermedia/diane_greco orphans.html
2002.01.26 18:21 B H:\Web Sites\whirldnewmedia\swiss\irweb\hypermedia\diane_greco\pine.html <-- iowa review /web/data/www.uiowa/iareview/production/tirweb/hypermedia/diane_greco pine.html
2002.01.26 18:21 B H:\Web Sites\whirldnewmedia\swiss\irweb\hypermedia\diane_greco\posed.html <-- iowa review /web/data/www.uiowa/iareview/production/tirweb/hypermedia/diane_greco posed.html
2002.01.26 18:21 B H:\Web Sites\whirldnewmedia\swiss\irweb\hypermedia\diane_greco\preferences.html <-- iowa review /web/data/www.uiowa/iareview/production/tirweb/hypermedia/diane_greco preferences.html
2002.01.26 18:21 B H:\Web Sites\whirldnewmedia\swiss\irweb\hypermedia\diane_greco\promise.html <-- iowa review /web/data/www.uiowa/iareview/production/tirweb/hypermedia/diane_greco promise.html
2002.01.26 18:21 B H:\Web Sites\whirldnewmedia\swiss\irweb\hypermedia\diane_greco\reduction.html <-- iowa review /web/data/www.uiowa/iareview/production/tirweb/hypermedia/diane_greco reduction.html
2002.01.26 18:21 B H:\Web Sites\whirldnewmedia\swiss\irweb\hypermedia\diane_greco\release1.html <-- iowa review /web/data/www.uiowa/iareview/production/tirweb/hypermedia/diane_greco release1.html
2002.01.26 18:21 B H:\Web Sites\whirldnewmedia\swiss\irweb\hypermedia\diane_greco\release2.html <-- iowa review /web/data/www.uiowa/iareview/production/tirweb/hypermedia/diane_greco release2.html
2002.01.26 18:21 B H:\Web Sites\whirldnewmedia\swiss\irweb\hypermedia\diane_greco\remember1.html <-- iowa review /web/data/www.uiowa/iareview/production/tirweb/hypermedia/diane_greco remember1.html
2002.01.26 18:21 B H:\Web Sites\whirldnewmedia\swiss\irweb\hypermedia\diane_greco\remember2.html <-- iowa review /web/data/www.uiowa/iareview/production/tirweb/hypermedia/diane_greco remember2.html
2002.01.26 18:21 B H:\Web Sites\whirldnewmedia\swiss\irweb\hypermedia\diane_greco\remember3.html <-- iowa review /web/data/www.uiowa/iareview/production/tirweb/hypermedia/diane_greco remember3.html
2002.01.26 18:21 B H:\Web Sites\whirldnewmedia\swiss\irweb\hypermedia\diane_greco\remember4.html <-- iowa review /web/data/www.uiowa/iareview/production/tirweb/hypermedia/diane_greco remember4.html
2002.01.26 18:21 B H:\Web Sites\whirldnewmedia\swiss\irweb\hypermedia\diane_greco\remember5.html <-- iowa review /web/data/www.uiowa/iareview/production/tirweb/hypermedia/diane_greco remember5.html
2002.01.26 18:21 B H:\Web Sites\whirldnewmedia\swiss\irweb\hypermedia\diane_greco\repetition.html <-- iowa review /web/data/www.uiowa/iareview/production/tirweb/hypermedia/diane_greco repetition.html
2002.01.26 18:21 B H:\Web Sites\whirldnewmedia\swiss\irweb\hypermedia\diane_greco\resiny.html <-- iowa review /web/data/www.uiowa/iareview/production/tirweb/hypermedia/diane_greco resiny.html
2002.01.26 18:21 B H:\Web Sites\whirldnewmedia\swiss\irweb\hypermedia\diane_greco\resistance.html <-- iowa review /web/data/www.uiowa/iareview/production/tirweb/hypermedia/diane_greco resistance.html
2002.01.26 18:21 B H:\Web Sites\whirldnewmedia\swiss\irweb\hypermedia\diane_greco\screaming.html <-- iowa review /web/data/www.uiowa/iareview/production/tirweb/hypermedia/diane_greco screaming.html
2002.01.26 18:21 B H:\Web Sites\whirldnewmedia\swiss\irweb\hypermedia\diane_greco\screaming2.html <-- iowa review /web/data/www.uiowa/iareview/production/tirweb/hypermedia/diane_greco screaming2.html
2002.01.26 18:21 B H:\Web Sites\whirldnewmedia\swiss\irweb\hypermedia\diane_greco\secrets.html <-- iowa review /web/data/www.uiowa/iareview/production/tirweb/hypermedia/diane_greco secrets.html
2002.01.26 18:21 B H:\Web Sites\whirldnewmedia\swiss\irweb\hypermedia\diane_greco\seveneighths.html <-- iowa review /web/data/www.uiowa/iareview/production/tirweb/hypermedia/diane_greco seveneighths.html
2002.01.26 18:21 B H:\Web Sites\whirldnewmedia\swiss\irweb\hypermedia\diane_greco\shade.html <-- iowa review /web/data/www.uiowa/iareview/production/tirweb/hypermedia/diane_greco shade.html
2002.01.26 18:21 B H:\Web Sites\whirldnewmedia\swiss\irweb\hypermedia\diane_greco\sharp.html <-- iowa review /web/data/www.uiowa/iareview/production/tirweb/hypermedia/diane_greco sharp.html
2002.01.26 18:21 B H:\Web Sites\whirldnewmedia\swiss\irweb\hypermedia\diane_greco\shout.html <-- iowa review /web/data/www.uiowa/iareview/production/tirweb/hypermedia/diane_greco shout.html
2002.01.26 18:21 B H:\Web Sites\whirldnewmedia\swiss\irweb\hypermedia\diane_greco\singing.html <-- iowa review /web/data/www.uiowa/iareview/production/tirweb/hypermedia/diane_greco singing.html
2002.01.26 18:21 B H:\Web Sites\whirldnewmedia\swiss\irweb\hypermedia\diane_greco\singularity.html <-- iowa review /web/data/www.uiowa/iareview/production/tirweb/hypermedia/diane_greco singularity.html
2002.01.26 18:21 B H:\Web Sites\whirldnewmedia\swiss\irweb\hypermedia\diane_greco\siren.html <-- iowa review /web/data/www.uiowa/iareview/production/tirweb/hypermedia/diane_greco siren.html
2002.01.26 18:21 B H:\Web Sites\whirldnewmedia\swiss\irweb\hypermedia\diane_greco\sleep.html <-- iowa review /web/data/www.uiowa/iareview/production/tirweb/hypermedia/diane_greco sleep.html
2002.01.26 18:21 B H:\Web Sites\whirldnewmedia\swiss\irweb\hypermedia\diane_greco\special_violin.html <-- iowa review /web/data/www.uiowa/iareview/production/tirweb/hypermedia/diane_greco special_violin.html
2002.01.26 18:21 B H:\Web Sites\whirldnewmedia\swiss\irweb\hypermedia\diane_greco\spiders.html <-- iowa review /web/data/www.uiowa/iareview/production/tirweb/hypermedia/diane_greco spiders.html
2002.01.26 18:21 B H:\Web Sites\whirldnewmedia\swiss\irweb\hypermedia\diane_greco\squeaky.html <-- iowa review /web/data/www.uiowa/iareview/production/tirweb/hypermedia/diane_greco squeaky.html
2002.01.26 18:21 B H:\Web Sites\whirldnewmedia\swiss\irweb\hypermedia\diane_greco\swelling.html <-- iowa review /web/data/www.uiowa/iareview/production/tirweb/hypermedia/diane_greco swelling.html
2002.01.26 18:21 B H:\Web Sites\whirldnewmedia\swiss\irweb\hypermedia\diane_greco\swimming.html <-- iowa review /web/data/www.uiowa/iareview/production/tirweb/hypermedia/diane_greco swimming.html
2002.01.26 18:21 B H:\Web Sites\whirldnewmedia\swiss\irweb\hypermedia\diane_greco\Tam_Tam.html <-- iowa review /web/data/www.uiowa/iareview/production/tirweb/hypermedia/diane_greco Tam_Tam.html
2002.01.26 18:21 B H:\Web Sites\whirldnewmedia\swiss\irweb\hypermedia\diane_greco\thorns.html <-- iowa review /web/data/www.uiowa/iareview/production/tirweb/hypermedia/diane_greco thorns.html
2002.01.26 18:21 B H:\Web Sites\whirldnewmedia\swiss\irweb\hypermedia\diane_greco\threat.html <-- iowa review /web/data/www.uiowa/iareview/production/tirweb/hypermedia/diane_greco threat.html
2002.01.26 18:21 B H:\Web Sites\whirldnewmedia\swiss\irweb\hypermedia\diane_greco\tide.html <-- iowa review /web/data/www.uiowa/iareview/production/tirweb/hypermedia/diane_greco tide.html
2002.01.26 18:21 B H:\Web Sites\whirldnewmedia\swiss\irweb\hypermedia\diane_greco\tingly.html <-- iowa review /web/data/www.uiowa/iareview/production/tirweb/hypermedia/diane_greco tingly.html
2002.01.26 18:21 B H:\Web Sites\whirldnewmedia\swiss\irweb\hypermedia\diane_greco\tug.html <-- iowa review /web/data/www.uiowa/iareview/production/tirweb/hypermedia/diane_greco tug.html
2002.01.26 18:21 B H:\Web Sites\whirldnewmedia\swiss\irweb\hypermedia\diane_greco\turner.html <-- iowa review /web/data/www.uiowa/iareview/production/tirweb/hypermedia/diane_greco turner.html
2002.01.26 18:21 B H:\Web Sites\whirldnewmedia\swiss\irweb\hypermedia\diane_greco\velvet_case.html <-- iowa review /web/data/www.uiowa/iareview/production/tirweb/hypermedia/diane_greco velvet_case.html
2002.01.26 18:21 B H:\Web Sites\whirldnewmedia\swiss\irweb\hypermedia\diane_greco\very_sharp.html <-- iowa review /web/data/www.uiowa/iareview/production/tirweb/hypermedia/diane_greco very_sharp.html
2002.01.26 18:21 B H:\Web Sites\whirldnewmedia\swiss\irweb\hypermedia\diane_greco\vibration.html <-- iowa review /web/data/www.uiowa/iareview/production/tirweb/hypermedia/diane_greco vibration.html
2002.01.26 18:21 B H:\Web Sites\whirldnewmedia\swiss\irweb\hypermedia\diane_greco\what_is_left.html <-- iowa review /web/data/www.uiowa/iareview/production/tirweb/hypermedia/diane_greco what_is_left.html
2002.01.26 18:21 B H:\Web Sites\whirldnewmedia\swiss\irweb\hypermedia\diane_greco\white.html <-- iowa review /web/data/www.uiowa/iareview/production/tirweb/hypermedia/diane_greco white.html
2002.02.07 16:39 B H:\Web Sites\whirldnewmedia\swiss\irweb\tirweb\hypermedia\diane_greco\awakening.html --> www.uiowa.edu /web/data/www.uiowa/iareview/production/tirweb/hypermedia/diane_greco awakening.html
2002.02.07 16:39 B H:\Web Sites\whirldnewmedia\swiss\irweb\tirweb\hypermedia\diane_greco\baker1.html --> www.uiowa.edu /web/data/www.uiowa/iareview/production/tirweb/hypermedia/diane_greco baker1.html
2002.02.07 16:39 B H:\Web Sites\whirldnewmedia\swiss\irweb\tirweb\hypermedia\diane_greco\baker2.html --> www.uiowa.edu /web/data/www.uiowa/iareview/production/tirweb/hypermedia/diane_greco baker2.html
2002.02.07 16:39 B H:\Web Sites\whirldnewmedia\swiss\irweb\tirweb\hypermedia\diane_greco\bananas.html --> www.uiowa.edu /web/data/www.uiowa/iareview/production/tirweb/hypermedia/diane_greco bananas.html
2002.02.07 16:39 B H:\Web Sites\whirldnewmedia\swiss\irweb\tirweb\hypermedia\diane_greco\beat.html --> www.uiowa.edu /web/data/www.uiowa/iareview/production/tirweb/hypermedia/diane_greco beat.html
2002.02.07 16:39 B H:\Web Sites\whirldnewmedia\swiss\irweb\tirweb\hypermedia\diane_greco\begin.html --> www.uiowa.edu /web/data/www.uiowa/iareview/production/tirweb/hypermedia/diane_greco begin.html
2002.02.07 16:39 B H:\Web Sites\whirldnewmedia\swiss\irweb\tirweb\hypermedia\diane_greco\begin_frame_2.html --> www.uiowa.edu /web/data/www.uiowa/iareview/production/tirweb/hypermedia/diane_greco begin_frame_2.html
2002.02.07 16:39 B H:\Web Sites\whirldnewmedia\swiss\irweb\tirweb\hypermedia\diane_greco\begin_frame_3.html --> www.uiowa.edu /web/data/www.uiowa/iareview/production/tirweb/hypermedia/diane_greco begin_frame_3.html
2002.02.07 16:39 B H:\Web Sites\whirldnewmedia\swiss\irweb\tirweb\hypermedia\diane_greco\bird.html --> www.uiowa.edu /web/data/www.uiowa/iareview/production/tirweb/hypermedia/diane_greco bird.html
2002.02.07 16:39 B H:\Web Sites\whirldnewmedia\swiss\irweb\tirweb\hypermedia\diane_greco\bird2.html --> www.uiowa.edu /web/data/www.uiowa/iareview/production/tirweb/hypermedia/diane_greco bird2.html
2002.02.07 16:39 B H:\Web Sites\whirldnewmedia\swiss\irweb\tirweb\hypermedia\diane_greco\breath.html --> www.uiowa.edu /web/data/www.uiowa/iareview/production/tirweb/hypermedia/diane_greco breath.html
2002.02.07 16:39 B H:\Web Sites\whirldnewmedia\swiss\irweb\tirweb\hypermedia\diane_greco\breath2.html --> www.uiowa.edu /web/data/www.uiowa/iareview/production/tirweb/hypermedia/diane_greco breath2.html
2002.02.07 16:39 B H:\Web Sites\whirldnewmedia\swiss\irweb\tirweb\hypermedia\diane_greco\bulb.html --> www.uiowa.edu /web/data/www.uiowa/iareview/production/tirweb/hypermedia/diane_greco bulb.html
2002.02.07 16:39 B H:\Web Sites\whirldnewmedia\swiss\irweb\tirweb\hypermedia\diane_greco\cabin.html --> www.uiowa.edu /web/data/www.uiowa/iareview/production/tirweb/hypermedia/diane_greco cabin.html
2002.02.07 16:39 B H:\Web Sites\whirldnewmedia\swiss\irweb\tirweb\hypermedia\diane_greco\change.html --> www.uiowa.edu /web/data/www.uiowa/iareview/production/tirweb/hypermedia/diane_greco change.html
2002.02.07 16:39 B H:\Web Sites\whirldnewmedia\swiss\irweb\tirweb\hypermedia\diane_greco\cheap.html --> www.uiowa.edu /web/data/www.uiowa/iareview/production/tirweb/hypermedia/diane_greco cheap.html
2002.02.07 16:39 B H:\Web Sites\whirldnewmedia\swiss\irweb\tirweb\hypermedia\diane_greco\coming.html --> www.uiowa.edu /web/data/www.uiowa/iareview/production/tirweb/hypermedia/diane_greco coming.html
2002.02.07 16:39 B H:\Web Sites\whirldnewmedia\swiss\irweb\tirweb\hypermedia\diane_greco\corners.html --> www.uiowa.edu /web/data/www.uiowa/iareview/production/tirweb/hypermedia/diane_greco corners.html
2002.02.07 16:39 B H:\Web Sites\whirldnewmedia\swiss\irweb\tirweb\hypermedia\diane_greco\daisies.html --> www.uiowa.edu /web/data/www.uiowa/iareview/production/tirweb/hypermedia/diane_greco daisies.html
2002.02.07 16:39 B H:\Web Sites\whirldnewmedia\swiss\irweb\tirweb\hypermedia\diane_greco\dazzle.html --> www.uiowa.edu /web/data/www.uiowa/iareview/production/tirweb/hypermedia/diane_greco dazzle.html
2002.02.07 16:39 B H:\Web Sites\whirldnewmedia\swiss\irweb\tirweb\hypermedia\diane_greco\delir.html --> www.uiowa.edu /web/data/www.uiowa/iareview/production/tirweb/hypermedia/diane_greco delir.html
2002.02.07 16:39 B H:\Web Sites\whirldnewmedia\swiss\irweb\tirweb\hypermedia\diane_greco\desire.html --> www.uiowa.edu /web/data/www.uiowa/iareview/production/tirweb/hypermedia/diane_greco desire.html
2002.02.07 16:39 B H:\Web Sites\whirldnewmedia\swiss\irweb\tirweb\hypermedia\diane_greco\difference.html --> www.uiowa.edu /web/data/www.uiowa/iareview/production/tirweb/hypermedia/diane_greco difference.html
2002.02.07 16:39 B H:\Web Sites\whirldnewmedia\swiss\irweb\tirweb\hypermedia\diane_greco\dinner.html --> www.uiowa.edu /web/data/www.uiowa/iareview/production/tirweb/hypermedia/diane_greco dinner.html
2002.02.07 16:39 B H:\Web Sites\whirldnewmedia\swiss\irweb\tirweb\hypermedia\diane_greco\dispensing.html --> www.uiowa.edu /web/data/www.uiowa/iareview/production/tirweb/hypermedia/diane_greco dispensing.html
2002.02.07 16:39 B H:\Web Sites\whirldnewmedia\swiss\irweb\tirweb\hypermedia\diane_greco\drown.html --> www.uiowa.edu /web/data/www.uiowa/iareview/production/tirweb/hypermedia/diane_greco drown.html
2002.02.07 16:39 B H:\Web Sites\whirldnewmedia\swiss\irweb\tirweb\hypermedia\diane_greco\drown2.html --> www.uiowa.edu /web/data/www.uiowa/iareview/production/tirweb/hypermedia/diane_greco drown2.html
2002.02.07 16:39 B H:\Web Sites\whirldnewmedia\swiss\irweb\tirweb\hypermedia\diane_greco\ebb.html --> www.uiowa.edu /web/data/www.uiowa/iareview/production/tirweb/hypermedia/diane_greco ebb.html
2002.02.07 16:39 B H:\Web Sites\whirldnewmedia\swiss\irweb\tirweb\hypermedia\diane_greco\elsewhere.html --> www.uiowa.edu /web/data/www.uiowa/iareview/production/tirweb/hypermedia/diane_greco elsewhere.html
2002.02.07 16:39 B H:\Web Sites\whirldnewmedia\swiss\irweb\tirweb\hypermedia\diane_greco\extinguish.html --> www.uiowa.edu /web/data/www.uiowa/iareview/production/tirweb/hypermedia/diane_greco extinguish.html
2002.02.07 16:39 B H:\Web Sites\whirldnewmedia\swiss\irweb\tirweb\hypermedia\diane_greco\exuberance.html --> www.uiowa.edu /web/data/www.uiowa/iareview/production/tirweb/hypermedia/diane_greco exuberance.html
2002.02.07 16:39 B H:\Web Sites\whirldnewmedia\swiss\irweb\tirweb\hypermedia\diane_greco\fame.html --> www.uiowa.edu /web/data/www.uiowa/iareview/production/tirweb/hypermedia/diane_greco fame.html
2002.02.07 16:39 B H:\Web Sites\whirldnewmedia\swiss\irweb\tirweb\hypermedia\diane_greco\flamingo.html --> www.uiowa.edu /web/data/www.uiowa/iareview/production/tirweb/hypermedia/diane_greco flamingo.html
2002.02.07 16:39 B H:\Web Sites\whirldnewmedia\swiss\irweb\tirweb\hypermedia\diane_greco\frame1.html --> www.uiowa.edu /web/data/www.uiowa/iareview/production/tirweb/hypermedia/diane_greco frame1.html
2002.02.07 16:39 B H:\Web Sites\whirldnewmedia\swiss\irweb\tirweb\hypermedia\diane_greco\framefarleft.html --> www.uiowa.edu /web/data/www.uiowa/iareview/production/tirweb/hypermedia/diane_greco framefarleft.html
2002.02.07 16:39 B H:\Web Sites\whirldnewmedia\swiss\irweb\tirweb\hypermedia\diane_greco\frameright.html --> www.uiowa.edu /web/data/www.uiowa/iareview/production/tirweb/hypermedia/diane_greco frameright.html
2002.02.07 16:39 B H:\Web Sites\whirldnewmedia\swiss\irweb\tirweb\hypermedia\diane_greco\frying.html --> www.uiowa.edu /web/data/www.uiowa/iareview/production/tirweb/hypermedia/diane_greco frying.html
2002.02.07 16:39 B H:\Web Sites\whirldnewmedia\swiss\irweb\tirweb\hypermedia\diane_greco\goethe.html --> www.uiowa.edu /web/data/www.uiowa/iareview/production/tirweb/hypermedia/diane_greco goethe.html
2002.02.07 16:39 B H:\Web Sites\whirldnewmedia\swiss\irweb\tirweb\hypermedia\diane_greco\good_girl.html --> www.uiowa.edu /web/data/www.uiowa/iareview/production/tirweb/hypermedia/diane_greco good_girl.html
2002.02.07 16:39 B H:\Web Sites\whirldnewmedia\swiss\irweb\tirweb\hypermedia\diane_greco\goodbye.html --> www.uiowa.edu /web/data/www.uiowa/iareview/production/tirweb/hypermedia/diane_greco goodbye.html
2002.02.07 16:39 B H:\Web Sites\whirldnewmedia\swiss\irweb\tirweb\hypermedia\diane_greco\guides.html --> www.uiowa.edu /web/data/www.uiowa/iareview/production/tirweb/hypermedia/diane_greco guides.html
2002.02.07 16:39 B H:\Web Sites\whirldnewmedia\swiss\irweb\tirweb\hypermedia\diane_greco\hallway.html --> www.uiowa.edu /web/data/www.uiowa/iareview/production/tirweb/hypermedia/diane_greco hallway.html
2002.02.07 16:39 B H:\Web Sites\whirldnewmedia\swiss\irweb\tirweb\hypermedia\diane_greco\helios.html --> www.uiowa.edu /web/data/www.uiowa/iareview/production/tirweb/hypermedia/diane_greco helios.html
2002.02.07 16:39 B H:\Web Sites\whirldnewmedia\swiss\irweb\tirweb\hypermedia\diane_greco\honor.html --> www.uiowa.edu /web/data/www.uiowa/iareview/production/tirweb/hypermedia/diane_greco honor.html
2002.02.07 16:39 B H:\Web Sites\whirldnewmedia\swiss\irweb\tirweb\hypermedia\diane_greco\important.html --> www.uiowa.edu /web/data/www.uiowa/iareview/production/tirweb/hypermedia/diane_greco important.html
2002.02.07 16:39 B H:\Web Sites\whirldnewmedia\swiss\irweb\tirweb\hypermedia\diane_greco\insurance.html --> www.uiowa.edu /web/data/www.uiowa/iareview/production/tirweb/hypermedia/diane_greco insurance.html
2002.02.07 16:39 B H:\Web Sites\whirldnewmedia\swiss\irweb\tirweb\hypermedia\diane_greco\interrogation.html --> www.uiowa.edu /web/data/www.uiowa/iareview/production/tirweb/hypermedia/diane_greco interrogation.html
2002.02.07 16:39 B H:\Web Sites\whirldnewmedia\swiss\irweb\tirweb\hypermedia\diane_greco\leash.html --> www.uiowa.edu /web/data/www.uiowa/iareview/production/tirweb/hypermedia/diane_greco leash.html
2002.02.07 16:39 B H:\Web Sites\whirldnewmedia\swiss\irweb\tirweb\hypermedia\diane_greco\lemon_zest.html --> www.uiowa.edu /web/data/www.uiowa/iareview/production/tirweb/hypermedia/diane_greco lemon_zest.html
2002.02.07 16:39 B H:\Web Sites\whirldnewmedia\swiss\irweb\tirweb\hypermedia\diane_greco\leopard.html --> www.uiowa.edu /web/data/www.uiowa/iareview/production/tirweb/hypermedia/diane_greco leopard.html
2002.02.07 16:39 B H:\Web Sites\whirldnewmedia\swiss\irweb\tirweb\hypermedia\diane_greco\like_that.html --> www.uiowa.edu /web/data/www.uiowa/iareview/production/tirweb/hypermedia/diane_greco like_that.html
2002.02.07 16:39 B H:\Web Sites\whirldnewmedia\swiss\irweb\tirweb\hypermedia\diane_greco\list.html --> www.uiowa.edu /web/data/www.uiowa/iareview/production/tirweb/hypermedia/diane_greco list.html
2002.02.07 16:39 B H:\Web Sites\whirldnewmedia\swiss\irweb\tirweb\hypermedia\diane_greco\long_hallway.html --> www.uiowa.edu /web/data/www.uiowa/iareview/production/tirweb/hypermedia/diane_greco long_hallway.html
2002.02.07 16:39 B H:\Web Sites\whirldnewmedia\swiss\irweb\tirweb\hypermedia\diane_greco\loss.html --> www.uiowa.edu /web/data/www.uiowa/iareview/production/tirweb/hypermedia/diane_greco loss.html
2002.02.07 16:39 B H:\Web Sites\whirldnewmedia\swiss\irweb\tirweb\hypermedia\diane_greco\marriage.html --> www.uiowa.edu /web/data/www.uiowa/iareview/production/tirweb/hypermedia/diane_greco marriage.html
2002.02.07 16:39 B H:\Web Sites\whirldnewmedia\swiss\irweb\tirweb\hypermedia\diane_greco\Maxwell.html --> www.uiowa.edu /web/data/www.uiowa/iareview/production/tirweb/hypermedia/diane_greco Maxwell.html
2002.02.07 16:39 B H:\Web Sites\whirldnewmedia\swiss\irweb\tirweb\hypermedia\diane_greco\metronome.html --> www.uiowa.edu /web/data/www.uiowa/iareview/production/tirweb/hypermedia/diane_greco metronome.html
2002.02.07 16:39 B H:\Web Sites\whirldnewmedia\swiss\irweb\tirweb\hypermedia\diane_greco\midday.html --> www.uiowa.edu /web/data/www.uiowa/iareview/production/tirweb/hypermedia/diane_greco midday.html
2002.02.07 16:39 B H:\Web Sites\whirldnewmedia\swiss\irweb\tirweb\hypermedia\diane_greco\monsoon.html --> www.uiowa.edu /web/data/www.uiowa/iareview/production/tirweb/hypermedia/diane_greco monsoon.html
2002.02.07 16:39 B H:\Web Sites\whirldnewmedia\swiss\irweb\tirweb\hypermedia\diane_greco\mother.html --> www.uiowa.edu /web/data/www.uiowa/iareview/production/tirweb/hypermedia/diane_greco mother.html
2002.02.07 16:39 B H:\Web Sites\whirldnewmedia\swiss\irweb\tirweb\hypermedia\diane_greco\mother2.html --> www.uiowa.edu /web/data/www.uiowa/iareview/production/tirweb/hypermedia/diane_greco mother2.html
2002.02.07 16:39 B H:\Web Sites\whirldnewmedia\swiss\irweb\tirweb\hypermedia\diane_greco\mother3.html --> www.uiowa.edu /web/data/www.uiowa/iareview/production/tirweb/hypermedia/diane_greco mother3.html
2002.02.07 16:39 B H:\Web Sites\whirldnewmedia\swiss\irweb\tirweb\hypermedia\diane_greco\moves.html --> www.uiowa.edu /web/data/www.uiowa/iareview/production/tirweb/hypermedia/diane_greco moves.html
2002.02.07 16:39 B H:\Web Sites\whirldnewmedia\swiss\irweb\tirweb\hypermedia\diane_greco\murmur.html --> www.uiowa.edu /web/data/www.uiowa/iareview/production/tirweb/hypermedia/diane_greco murmur.html
2002.02.07 16:39 B H:\Web Sites\whirldnewmedia\swiss\irweb\tirweb\hypermedia\diane_greco\navbarframe.html --> www.uiowa.edu /web/data/www.uiowa/iareview/production/tirweb/hypermedia/diane_greco navbarframe.html
2002.02.07 16:39 B H:\Web Sites\whirldnewmedia\swiss\irweb\tirweb\hypermedia\diane_greco\nights.html --> www.uiowa.edu /web/data/www.uiowa/iareview/production/tirweb/hypermedia/diane_greco nights.html
2002.02.07 16:39 B H:\Web Sites\whirldnewmedia\swiss\irweb\tirweb\hypermedia\diane_greco\orphans.html --> www.uiowa.edu /web/data/www.uiowa/iareview/production/tirweb/hypermedia/diane_greco orphans.html
2002.02.07 16:39 B H:\Web Sites\whirldnewmedia\swiss\irweb\tirweb\hypermedia\diane_greco\pine.html --> www.uiowa.edu /web/data/www.uiowa/iareview/production/tirweb/hypermedia/diane_greco pine.html
2002.02.07 16:39 B H:\Web Sites\whirldnewmedia\swiss\irweb\tirweb\hypermedia\diane_greco\posed.html --> www.uiowa.edu /web/data/www.uiowa/iareview/production/tirweb/hypermedia/diane_greco posed.html
2002.02.07 16:39 B H:\Web Sites\whirldnewmedia\swiss\irweb\tirweb\hypermedia\diane_greco\preferences.html --> www.uiowa.edu /web/data/www.uiowa/iareview/production/tirweb/hypermedia/diane_greco preferences.html
2002.02.07 16:40 B H:\Web Sites\whirldnewmedia\swiss\irweb\tirweb\hypermedia\diane_greco\promise.html --> www.uiowa.edu /web/data/www.uiowa/iareview/production/tirweb/hypermedia/diane_greco promise.html
2002.02.07 16:40 B H:\Web Sites\whirldnewmedia\swiss\irweb\tirweb\hypermedia\diane_greco\reduction.html --> www.uiowa.edu /web/data/www.uiowa/iareview/production/tirweb/hypermedia/diane_greco reduction.html
2002.02.07 16:40 B H:\Web Sites\whirldnewmedia\swiss\irweb\tirweb\hypermedia\diane_greco\release1.html --> www.uiowa.edu /web/data/www.uiowa/iareview/production/tirweb/hypermedia/diane_greco release1.html
2002.02.07 16:40 B H:\Web Sites\whirldnewmedia\swiss\irweb\tirweb\hypermedia\diane_greco\release2.html --> www.uiowa.edu /web/data/www.uiowa/iareview/production/tirweb/hypermedia/diane_greco release2.html
2002.02.07 16:40 B H:\Web Sites\whirldnewmedia\swiss\irweb\tirweb\hypermedia\diane_greco\remember1.html --> www.uiowa.edu /web/data/www.uiowa/iareview/production/tirweb/hypermedia/diane_greco remember1.html
2002.02.07 16:40 B H:\Web Sites\whirldnewmedia\swiss\irweb\tirweb\hypermedia\diane_greco\remember2.html --> www.uiowa.edu /web/data/www.uiowa/iareview/production/tirweb/hypermedia/diane_greco remember2.html
2002.02.07 16:40 B H:\Web Sites\whirldnewmedia\swiss\irweb\tirweb\hypermedia\diane_greco\remember3.html --> www.uiowa.edu /web/data/www.uiowa/iareview/production/tirweb/hypermedia/diane_greco remember3.html
2002.02.07 16:40 B H:\Web Sites\whirldnewmedia\swiss\irweb\tirweb\hypermedia\diane_greco\remember4.html --> www.uiowa.edu /web/data/www.uiowa/iareview/production/tirweb/hypermedia/diane_greco remember4.html
2002.02.07 16:40 B H:\Web Sites\whirldnewmedia\swiss\irweb\tirweb\hypermedia\diane_greco\remember5.html --> www.uiowa.edu /web/data/www.uiowa/iareview/production/tirweb/hypermedia/diane_greco remember5.html
2002.02.07 16:40 B H:\Web Sites\whirldnewmedia\swiss\irweb\tirweb\hypermedia\diane_greco\repetition.html --> www.uiowa.edu /web/data/www.uiowa/iareview/production/tirweb/hypermedia/diane_greco repetition.html
2002.02.07 16:40 B H:\Web Sites\whirldnewmedia\swiss\irweb\tirweb\hypermedia\diane_greco\resiny.html --> www.uiowa.edu /web/data/www.uiowa/iareview/production/tirweb/hypermedia/diane_greco resiny.html
2002.02.07 16:40 B H:\Web Sites\whirldnewmedia\swiss\irweb\tirweb\hypermedia\diane_greco\resistance.html --> www.uiowa.edu /web/data/www.uiowa/iareview/production/tirweb/hypermedia/diane_greco resistance.html
2002.02.07 16:40 B H:\Web Sites\whirldnewmedia\swiss\irweb\tirweb\hypermedia\diane_greco\screaming.html --> www.uiowa.edu /web/data/www.uiowa/iareview/production/tirweb/hypermedia/diane_greco screaming.html
2002.02.07 16:40 B H:\Web Sites\whirldnewmedia\swiss\irweb\tirweb\hypermedia\diane_greco\screaming2.html --> www.uiowa.edu /web/data/www.uiowa/iareview/production/tirweb/hypermedia/diane_greco screaming2.html
2002.02.07 16:40 B H:\Web Sites\whirldnewmedia\swiss\irweb\tirweb\hypermedia\diane_greco\secrets.html --> www.uiowa.edu /web/data/www.uiowa/iareview/production/tirweb/hypermedia/diane_greco secrets.html
2002.02.07 16:40 B H:\Web Sites\whirldnewmedia\swiss\irweb\tirweb\hypermedia\diane_greco\seveneighths.html --> www.uiowa.edu /web/data/www.uiowa/iareview/production/tirweb/hypermedia/diane_greco seveneighths.html
2002.02.07 16:40 B H:\Web Sites\whirldnewmedia\swiss\irweb\tirweb\hypermedia\diane_greco\shade.html --> www.uiowa.edu /web/data/www.uiowa/iareview/production/tirweb/hypermedia/diane_greco shade.html
2002.02.07 16:40 B H:\Web Sites\whirldnewmedia\swiss\irweb\tirweb\hypermedia\diane_greco\sharp.html --> www.uiowa.edu /web/data/www.uiowa/iareview/production/tirweb/hypermedia/diane_greco sharp.html
2002.02.07 16:40 B H:\Web Sites\whirldnewmedia\swiss\irweb\tirweb\hypermedia\diane_greco\shout.html --> www.uiowa.edu /web/data/www.uiowa/iareview/production/tirweb/hypermedia/diane_greco shout.html
2002.02.07 16:40 B H:\Web Sites\whirldnewmedia\swiss\irweb\tirweb\hypermedia\diane_greco\singing.html --> www.uiowa.edu /web/data/www.uiowa/iareview/production/tirweb/hypermedia/diane_greco singing.html
2002.02.07 16:40 B H:\Web Sites\whirldnewmedia\swiss\irweb\tirweb\hypermedia\diane_greco\singularity.html --> www.uiowa.edu /web/data/www.uiowa/iareview/production/tirweb/hypermedia/diane_greco singularity.html
2002.02.07 16:40 B H:\Web Sites\whirldnewmedia\swiss\irweb\tirweb\hypermedia\diane_greco\siren.html --> www.uiowa.edu /web/data/www.uiowa/iareview/production/tirweb/hypermedia/diane_greco siren.html
2002.02.07 16:40 B H:\Web Sites\whirldnewmedia\swiss\irweb\tirweb\hypermedia\diane_greco\sleep.html --> www.uiowa.edu /web/data/www.uiowa/iareview/production/tirweb/hypermedia/diane_greco sleep.html
2002.02.07 16:40 B H:\Web Sites\whirldnewmedia\swiss\irweb\tirweb\hypermedia\diane_greco\special_violin.html --> www.uiowa.edu /web/data/www.uiowa/iareview/production/tirweb/hypermedia/diane_greco special_violin.html
2002.02.07 16:40 B H:\Web Sites\whirldnewmedia\swiss\irweb\tirweb\hypermedia\diane_greco\spiders.html --> www.uiowa.edu /web/data/www.uiowa/iareview/production/tirweb/hypermedia/diane_greco spiders.html
2002.02.07 16:40 B H:\Web Sites\whirldnewmedia\swiss\irweb\tirweb\hypermedia\diane_greco\squeaky.html --> www.uiowa.edu /web/data/www.uiowa/iareview/production/tirweb/hypermedia/diane_greco squeaky.html
2002.02.07 16:40 B H:\Web Sites\whirldnewmedia\swiss\irweb\tirweb\hypermedia\diane_greco\swelling.html --> www.uiowa.edu /web/data/www.uiowa/iareview/production/tirweb/hypermedia/diane_greco swelling.html
2002.02.07 16:40 B H:\Web Sites\whirldnewmedia\swiss\irweb\tirweb\hypermedia\diane_greco\swimming.html --> www.uiowa.edu /web/data/www.uiowa/iareview/production/tirweb/hypermedia/diane_greco swimming.html
2002.02.07 16:40 B H:\Web Sites\whirldnewmedia\swiss\irweb\tirweb\hypermedia\diane_greco\Tam_Tam.html --> www.uiowa.edu /web/data/www.uiowa/iareview/production/tirweb/hypermedia/diane_greco Tam_Tam.html
2002.02.07 16:40 B H:\Web Sites\whirldnewmedia\swiss\irweb\tirweb\hypermedia\diane_greco\thorns.html --> www.uiowa.edu /web/data/www.uiowa/iareview/production/tirweb/hypermedia/diane_greco thorns.html
2002.02.07 16:40 B H:\Web Sites\whirldnewmedia\swiss\irweb\tirweb\hypermedia\diane_greco\threat.html --> www.uiowa.edu /web/data/www.uiowa/iareview/production/tirweb/hypermedia/diane_greco threat.html
2002.02.07 16:40 B H:\Web Sites\whirldnewmedia\swiss\irweb\tirweb\hypermedia\diane_greco\tide.html --> www.uiowa.edu /web/data/www.uiowa/iareview/production/tirweb/hypermedia/diane_greco tide.html
2002.02.07 16:40 B H:\Web Sites\whirldnewmedia\swiss\irweb\tirweb\hypermedia\diane_greco\tingly.html --> www.uiowa.edu /web/data/www.uiowa/iareview/production/tirweb/hypermedia/diane_greco tingly.html
2002.02.07 16:40 B H:\Web Sites\whirldnewmedia\swiss\irweb\tirweb\hypermedia\diane_greco\tug.html --> www.uiowa.edu /web/data/www.uiowa/iareview/production/tirweb/hypermedia/diane_greco tug.html
2002.02.07 16:40 B H:\Web Sites\whirldnewmedia\swiss\irweb\tirweb\hypermedia\diane_greco\turner.html --> www.uiowa.edu /web/data/www.uiowa/iareview/production/tirweb/hypermedia/diane_greco turner.html
2002.02.07 16:40 B H:\Web Sites\whirldnewmedia\swiss\irweb\tirweb\hypermedia\diane_greco\velvet_case.html --> www.uiowa.edu /web/data/www.uiowa/iareview/production/tirweb/hypermedia/diane_greco velvet_case.html
2002.02.07 16:40 B H:\Web Sites\whirldnewmedia\swiss\irweb\tirweb\hypermedia\diane_greco\very_sharp.html --> www.uiowa.edu /web/data/www.uiowa/iareview/production/tirweb/hypermedia/diane_greco very_sharp.html
2002.02.07 16:40 B H:\Web Sites\whirldnewmedia\swiss\irweb\tirweb\hypermedia\diane_greco\vibration.html --> www.uiowa.edu /web/data/www.uiowa/iareview/production/tirweb/hypermedia/diane_greco vibration.html
2002.02.07 16:40 B H:\Web Sites\whirldnewmedia\swiss\irweb\tirweb\hypermedia\diane_greco\white.html --> www.uiowa.edu /web/data/www.uiowa/iareview/production/tirweb/hypermedia/diane_greco white.html
