2002.01.26 18:25 B H:\Web Sites\whirldnewmedia\swiss\irweb\hypermedia\edward_falco\images\Photo6\basr6.gif <-- iowa review /web/data/www.uiowa/iareview/production/tirweb/hypermedia/edward_falco/images/Photo6 basr6.gif
2002.01.26 18:25 B H:\Web Sites\whirldnewmedia\swiss\irweb\hypermedia\edward_falco\images\Photo6\chakkchar6.gif <-- iowa review /web/data/www.uiowa/iareview/production/tirweb/hypermedia/edward_falco/images/Photo6 chakkchar6.gif
2002.01.26 18:25 B H:\Web Sites\whirldnewmedia\swiss\irweb\hypermedia\edward_falco\images\Photo6\cp6.gif <-- iowa review /web/data/www.uiowa/iareview/production/tirweb/hypermedia/edward_falco/images/Photo6 cp6.gif
2002.01.26 18:25 B H:\Web Sites\whirldnewmedia\swiss\irweb\hypermedia\edward_falco\images\Photo6\emboss6.gif <-- iowa review /web/data/www.uiowa/iareview/production/tirweb/hypermedia/edward_falco/images/Photo6 emboss6.gif
2002.01.26 18:25 B H:\Web Sites\whirldnewmedia\swiss\irweb\hypermedia\edward_falco\images\Photo6\gausbl6.gif <-- iowa review /web/data/www.uiowa/iareview/production/tirweb/hypermedia/edward_falco/images/Photo6 gausbl6.gif
2002.01.26 18:25 B H:\Web Sites\whirldnewmedia\swiss\irweb\hypermedia\edward_falco\images\Photo6\mosaic6.gif <-- iowa review /web/data/www.uiowa/iareview/production/tirweb/hypermedia/edward_falco/images/Photo6 mosaic6.gif
2002.01.26 18:25 B H:\Web Sites\whirldnewmedia\swiss\irweb\hypermedia\edward_falco\images\Photo6\motionbl6.gif <-- iowa review /web/data/www.uiowa/iareview/production/tirweb/hypermedia/edward_falco/images/Photo6 motionbl6.gif
2002.01.26 18:25 B H:\Web Sites\whirldnewmedia\swiss\irweb\hypermedia\edward_falco\images\Photo6\patch6.gif <-- iowa review /web/data/www.uiowa/iareview/production/tirweb/hypermedia/edward_falco/images/Photo6 patch6.gif
2002.01.26 18:25 B H:\Web Sites\whirldnewmedia\swiss\irweb\hypermedia\edward_falco\images\Photo6\photo6.gif <-- iowa review /web/data/www.uiowa/iareview/production/tirweb/hypermedia/edward_falco/images/Photo6 photo6.gif
2002.01.26 18:25 B H:\Web Sites\whirldnewmedia\swiss\irweb\hypermedia\edward_falco\images\Photo6\polar6.gif <-- iowa review /web/data/www.uiowa/iareview/production/tirweb/hypermedia/edward_falco/images/Photo6 polar6.gif
2002.01.26 18:25 B H:\Web Sites\whirldnewmedia\swiss\irweb\hypermedia\edward_falco\images\Photo6\pond6.gif <-- iowa review /web/data/www.uiowa/iareview/production/tirweb/hypermedia/edward_falco/images/Photo6 pond6.gif
2002.01.26 18:25 B H:\Web Sites\whirldnewmedia\swiss\irweb\hypermedia\edward_falco\images\Photo6\ret6.gif <-- iowa review /web/data/www.uiowa/iareview/production/tirweb/hypermedia/edward_falco/images/Photo6 ret6.gif
2002.01.26 18:25 B H:\Web Sites\whirldnewmedia\swiss\irweb\hypermedia\edward_falco\images\Photo6\sandst6.gif <-- iowa review /web/data/www.uiowa/iareview/production/tirweb/hypermedia/edward_falco/images/Photo6 sandst6.gif
2002.01.26 18:25 B H:\Web Sites\whirldnewmedia\swiss\irweb\hypermedia\edward_falco\images\Photo6\sphere6.gif <-- iowa review /web/data/www.uiowa/iareview/production/tirweb/hypermedia/edward_falco/images/Photo6 sphere6.gif
2002.01.26 18:25 B H:\Web Sites\whirldnewmedia\swiss\irweb\hypermedia\edward_falco\images\Photo6\stam6.gif <-- iowa review /web/data/www.uiowa/iareview/production/tirweb/hypermedia/edward_falco/images/Photo6 stam6.gif
2002.01.26 18:25 B H:\Web Sites\whirldnewmedia\swiss\irweb\hypermedia\edward_falco\images\Photo6\twirl6.gif <-- iowa review /web/data/www.uiowa/iareview/production/tirweb/hypermedia/edward_falco/images/Photo6 twirl6.gif
2002.01.26 18:26 B H:\Web Sites\whirldnewmedia\swiss\irweb\hypermedia\edward_falco\images\Photo6\water6.gif <-- iowa review /web/data/www.uiowa/iareview/production/tirweb/hypermedia/edward_falco/images/Photo6 water6.gif
2002.01.26 18:26 B H:\Web Sites\whirldnewmedia\swiss\irweb\hypermedia\edward_falco\images\Photo6\wave6.gif <-- iowa review /web/data/www.uiowa/iareview/production/tirweb/hypermedia/edward_falco/images/Photo6 wave6.gif
2002.01.26 18:26 B H:\Web Sites\whirldnewmedia\swiss\irweb\hypermedia\edward_falco\images\Photo6\waveb6.gif <-- iowa review /web/data/www.uiowa/iareview/production/tirweb/hypermedia/edward_falco/images/Photo6 waveb6.gif
2002.01.26 18:26 B H:\Web Sites\whirldnewmedia\swiss\irweb\hypermedia\edward_falco\images\Photo6\wavec6.gif <-- iowa review /web/data/www.uiowa/iareview/production/tirweb/hypermedia/edward_falco/images/Photo6 wavec6.gif
