2002.01.26 18:38 B H:\Web Sites\whirldnewmedia\swiss\irweb\hypermedia\robert_kendall\1_cold.htm <-- iowa review /web/data/www.uiowa/iareview/production/tirweb/hypermedia/robert_kendall 1_cold.htm
2002.01.26 18:38 B H:\Web Sites\whirldnewmedia\swiss\irweb\hypermedia\robert_kendall\1_dusk.htm <-- iowa review /web/data/www.uiowa/iareview/production/tirweb/hypermedia/robert_kendall 1_dusk.htm
2002.01.26 18:38 B H:\Web Sites\whirldnewmedia\swiss\irweb\hypermedia\robert_kendall\1_groan.htm <-- iowa review /web/data/www.uiowa/iareview/production/tirweb/hypermedia/robert_kendall 1_groan.htm
2002.01.26 18:38 B H:\Web Sites\whirldnewmedia\swiss\irweb\hypermedia\robert_kendall\1_nerves.htm <-- iowa review /web/data/www.uiowa/iareview/production/tirweb/hypermedia/robert_kendall 1_nerves.htm
2002.01.26 18:38 B H:\Web Sites\whirldnewmedia\swiss\irweb\hypermedia\robert_kendall\1_perceptions.htm <-- iowa review /web/data/www.uiowa/iareview/production/tirweb/hypermedia/robert_kendall 1_perceptions.htm
2002.01.26 18:38 B H:\Web Sites\whirldnewmedia\swiss\irweb\hypermedia\robert_kendall\1_rain.htm <-- iowa review /web/data/www.uiowa/iareview/production/tirweb/hypermedia/robert_kendall 1_rain.htm
2002.01.26 18:38 B H:\Web Sites\whirldnewmedia\swiss\irweb\hypermedia\robert_kendall\1_thoughts.htm <-- iowa review /web/data/www.uiowa/iareview/production/tirweb/hypermedia/robert_kendall 1_thoughts.htm
2002.01.26 18:38 B H:\Web Sites\whirldnewmedia\swiss\irweb\hypermedia\robert_kendall\1_wind.htm <-- iowa review /web/data/www.uiowa/iareview/production/tirweb/hypermedia/robert_kendall 1_wind.htm
2002.01.26 18:38 B H:\Web Sites\whirldnewmedia\swiss\irweb\hypermedia\robert_kendall\2_circuitry.htm <-- iowa review /web/data/www.uiowa/iareview/production/tirweb/hypermedia/robert_kendall 2_circuitry.htm
2002.01.26 18:38 B H:\Web Sites\whirldnewmedia\swiss\irweb\hypermedia\robert_kendall\2_CPU.htm <-- iowa review /web/data/www.uiowa/iareview/production/tirweb/hypermedia/robert_kendall 2_CPU.htm
2002.01.26 18:38 B H:\Web Sites\whirldnewmedia\swiss\irweb\hypermedia\robert_kendall\2_DOS.htm <-- iowa review /web/data/www.uiowa/iareview/production/tirweb/hypermedia/robert_kendall 2_DOS.htm
2002.01.26 18:38 B H:\Web Sites\whirldnewmedia\swiss\irweb\hypermedia\robert_kendall\2_materials.htm <-- iowa review /web/data/www.uiowa/iareview/production/tirweb/hypermedia/robert_kendall 2_materials.htm
2002.01.26 18:38 B H:\Web Sites\whirldnewmedia\swiss\irweb\hypermedia\robert_kendall\2_spilled.htm <-- iowa review /web/data/www.uiowa/iareview/production/tirweb/hypermedia/robert_kendall 2_spilled.htm
2002.01.26 18:38 B H:\Web Sites\whirldnewmedia\swiss\irweb\hypermedia\robert_kendall\2_stirrings.htm <-- iowa review /web/data/www.uiowa/iareview/production/tirweb/hypermedia/robert_kendall 2_stirrings.htm
2002.01.26 18:38 B H:\Web Sites\whirldnewmedia\swiss\irweb\hypermedia\robert_kendall\3_archival.htm <-- iowa review /web/data/www.uiowa/iareview/production/tirweb/hypermedia/robert_kendall 3_archival.htm
2002.01.26 18:38 B H:\Web Sites\whirldnewmedia\swiss\irweb\hypermedia\robert_kendall\3_embraces.htm <-- iowa review /web/data/www.uiowa/iareview/production/tirweb/hypermedia/robert_kendall 3_embraces.htm
2002.01.26 18:38 B H:\Web Sites\whirldnewmedia\swiss\irweb\hypermedia\robert_kendall\3_glass.htm <-- iowa review /web/data/www.uiowa/iareview/production/tirweb/hypermedia/robert_kendall 3_glass.htm
2002.01.26 18:38 B H:\Web Sites\whirldnewmedia\swiss\irweb\hypermedia\robert_kendall\3_missives.htm <-- iowa review /web/data/www.uiowa/iareview/production/tirweb/hypermedia/robert_kendall 3_missives.htm
2002.01.26 18:38 B H:\Web Sites\whirldnewmedia\swiss\irweb\hypermedia\robert_kendall\3_synthetic.htm <-- iowa review /web/data/www.uiowa/iareview/production/tirweb/hypermedia/robert_kendall 3_synthetic.htm
2002.01.26 18:38 B H:\Web Sites\whirldnewmedia\swiss\irweb\hypermedia\robert_kendall\black.htm <-- iowa review /web/data/www.uiowa/iareview/production/tirweb/hypermedia/robert_kendall black.htm
2002.01.26 18:38 B H:\Web Sites\whirldnewmedia\swiss\irweb\hypermedia\robert_kendall\frame.htm <-- iowa review /web/data/www.uiowa/iareview/production/tirweb/hypermedia/robert_kendall frame.htm
2002.01.26 18:38 B H:\Web Sites\whirldnewmedia\swiss\irweb\hypermedia\robert_kendall\index.html <-- iowa review /web/data/www.uiowa/iareview/production/tirweb/hypermedia/robert_kendall index.html
2002.01.26 18:38 B H:\Web Sites\whirldnewmedia\swiss\irweb\hypermedia\robert_kendall\intro.htm <-- iowa review /web/data/www.uiowa/iareview/production/tirweb/hypermedia/robert_kendall intro.htm
2002.01.26 18:38 B H:\Web Sites\whirldnewmedia\swiss\irweb\hypermedia\robert_kendall\left.htm <-- iowa review /web/data/www.uiowa/iareview/production/tirweb/hypermedia/robert_kendall left.htm
2002.01.26 18:38 B H:\Web Sites\whirldnewmedia\swiss\irweb\hypermedia\robert_kendall\left.jpg <-- iowa review /web/data/www.uiowa/iareview/production/tirweb/hypermedia/robert_kendall left.jpg
2002.01.26 18:38 B H:\Web Sites\whirldnewmedia\swiss\irweb\hypermedia\robert_kendall\right.htm <-- iowa review /web/data/www.uiowa/iareview/production/tirweb/hypermedia/robert_kendall right.htm
2002.01.26 18:38 B H:\Web Sites\whirldnewmedia\swiss\irweb\hypermedia\robert_kendall\right.jpg <-- iowa review /web/data/www.uiowa/iareview/production/tirweb/hypermedia/robert_kendall right.jpg
2002.01.26 18:38 B H:\Web Sites\whirldnewmedia\swiss\irweb\hypermedia\robert_kendall\sight.htm <-- iowa review /web/data/www.uiowa/iareview/production/tirweb/hypermedia/robert_kendall sight.htm
2002.01.26 18:38 B H:\Web Sites\whirldnewmedia\swiss\irweb\hypermedia\robert_kendall\title.jpg <-- iowa review /web/data/www.uiowa/iareview/production/tirweb/hypermedia/robert_kendall title.jpg
2002.01.26 18:38 B H:\Web Sites\whirldnewmedia\swiss\irweb\hypermedia\robert_kendall\white.htm <-- iowa review /web/data/www.uiowa/iareview/production/tirweb/hypermedia/robert_kendall white.htm
2002.02.07 16:47 B H:\Web Sites\whirldnewmedia\swiss\irweb\tirweb\hypermedia\robert_kendall\1_cold.htm --> www.uiowa.edu /web/data/www.uiowa/iareview/production/tirweb/hypermedia/robert_kendall 1_cold.htm
2002.02.07 16:47 B H:\Web Sites\whirldnewmedia\swiss\irweb\tirweb\hypermedia\robert_kendall\1_groan.htm --> www.uiowa.edu /web/data/www.uiowa/iareview/production/tirweb/hypermedia/robert_kendall 1_groan.htm
2002.02.07 16:47 B H:\Web Sites\whirldnewmedia\swiss\irweb\tirweb\hypermedia\robert_kendall\1_nerves.htm --> www.uiowa.edu /web/data/www.uiowa/iareview/production/tirweb/hypermedia/robert_kendall 1_nerves.htm
2002.02.07 16:47 B H:\Web Sites\whirldnewmedia\swiss\irweb\tirweb\hypermedia\robert_kendall\1_perceptions.htm --> www.uiowa.edu /web/data/www.uiowa/iareview/production/tirweb/hypermedia/robert_kendall 1_perceptions.htm
2002.02.07 16:47 B H:\Web Sites\whirldnewmedia\swiss\irweb\tirweb\hypermedia\robert_kendall\1_rain.htm --> www.uiowa.edu /web/data/www.uiowa/iareview/production/tirweb/hypermedia/robert_kendall 1_rain.htm
2002.02.07 16:47 B H:\Web Sites\whirldnewmedia\swiss\irweb\tirweb\hypermedia\robert_kendall\1_thoughts.htm --> www.uiowa.edu /web/data/www.uiowa/iareview/production/tirweb/hypermedia/robert_kendall 1_thoughts.htm
2002.02.07 16:47 B H:\Web Sites\whirldnewmedia\swiss\irweb\tirweb\hypermedia\robert_kendall\1_wind.htm --> www.uiowa.edu /web/data/www.uiowa/iareview/production/tirweb/hypermedia/robert_kendall 1_wind.htm
2002.02.07 16:47 B H:\Web Sites\whirldnewmedia\swiss\irweb\tirweb\hypermedia\robert_kendall\2_circuitry.htm --> www.uiowa.edu /web/data/www.uiowa/iareview/production/tirweb/hypermedia/robert_kendall 2_circuitry.htm
2002.02.07 16:47 B H:\Web Sites\whirldnewmedia\swiss\irweb\tirweb\hypermedia\robert_kendall\2_CPU.htm --> www.uiowa.edu /web/data/www.uiowa/iareview/production/tirweb/hypermedia/robert_kendall 2_CPU.htm
2002.02.07 16:47 B H:\Web Sites\whirldnewmedia\swiss\irweb\tirweb\hypermedia\robert_kendall\2_DOS.htm --> www.uiowa.edu /web/data/www.uiowa/iareview/production/tirweb/hypermedia/robert_kendall 2_DOS.htm
2002.02.07 16:47 B H:\Web Sites\whirldnewmedia\swiss\irweb\tirweb\hypermedia\robert_kendall\2_materials.htm --> www.uiowa.edu /web/data/www.uiowa/iareview/production/tirweb/hypermedia/robert_kendall 2_materials.htm
2002.02.07 16:47 B H:\Web Sites\whirldnewmedia\swiss\irweb\tirweb\hypermedia\robert_kendall\2_stirrings.htm --> www.uiowa.edu /web/data/www.uiowa/iareview/production/tirweb/hypermedia/robert_kendall 2_stirrings.htm
2002.02.07 16:47 B H:\Web Sites\whirldnewmedia\swiss\irweb\tirweb\hypermedia\robert_kendall\3_archival.htm --> www.uiowa.edu /web/data/www.uiowa/iareview/production/tirweb/hypermedia/robert_kendall 3_archival.htm
2002.02.07 16:47 B H:\Web Sites\whirldnewmedia\swiss\irweb\tirweb\hypermedia\robert_kendall\3_embraces.htm --> www.uiowa.edu /web/data/www.uiowa/iareview/production/tirweb/hypermedia/robert_kendall 3_embraces.htm
2002.02.07 16:47 B H:\Web Sites\whirldnewmedia\swiss\irweb\tirweb\hypermedia\robert_kendall\3_glass.htm --> www.uiowa.edu /web/data/www.uiowa/iareview/production/tirweb/hypermedia/robert_kendall 3_glass.htm
2002.02.07 16:47 B H:\Web Sites\whirldnewmedia\swiss\irweb\tirweb\hypermedia\robert_kendall\3_missives.htm --> www.uiowa.edu /web/data/www.uiowa/iareview/production/tirweb/hypermedia/robert_kendall 3_missives.htm
2002.02.07 16:47 B H:\Web Sites\whirldnewmedia\swiss\irweb\tirweb\hypermedia\robert_kendall\3_synthetic.htm --> www.uiowa.edu /web/data/www.uiowa/iareview/production/tirweb/hypermedia/robert_kendall 3_synthetic.htm
2002.02.07 16:47 B H:\Web Sites\whirldnewmedia\swiss\irweb\tirweb\hypermedia\robert_kendall\frame.htm --> www.uiowa.edu /web/data/www.uiowa/iareview/production/tirweb/hypermedia/robert_kendall frame.htm
2002.02.07 16:47 B H:\Web Sites\whirldnewmedia\swiss\irweb\tirweb\hypermedia\robert_kendall\index.html --> www.uiowa.edu /web/data/www.uiowa/iareview/production/tirweb/hypermedia/robert_kendall index.html
2002.02.07 16:47 B H:\Web Sites\whirldnewmedia\swiss\irweb\tirweb\hypermedia\robert_kendall\intro.htm --> www.uiowa.edu /web/data/www.uiowa/iareview/production/tirweb/hypermedia/robert_kendall intro.htm
2002.02.07 16:47 B H:\Web Sites\whirldnewmedia\swiss\irweb\tirweb\hypermedia\robert_kendall\left.htm --> www.uiowa.edu /web/data/www.uiowa/iareview/production/tirweb/hypermedia/robert_kendall left.htm
2002.02.07 16:47 B H:\Web Sites\whirldnewmedia\swiss\irweb\tirweb\hypermedia\robert_kendall\right.htm --> www.uiowa.edu /web/data/www.uiowa/iareview/production/tirweb/hypermedia/robert_kendall right.htm
