2002.01.26 18:21 B H:\Web Sites\whirldnewmedia\swiss\irweb\hypermedia\edward_falco\images\Photo1\brush1.GIF <-- iowa review /web/data/www.uiowa/iareview/production/tirweb/hypermedia/edward_falco/images/Photo1 brush1.GIF
2002.01.26 18:21 B H:\Web Sites\whirldnewmedia\swiss\irweb\hypermedia\edward_falco\images\Photo1\cutout1.GIF <-- iowa review /web/data/www.uiowa/iareview/production/tirweb/hypermedia/edward_falco/images/Photo1 cutout1.GIF
2002.01.26 18:21 B H:\Web Sites\whirldnewmedia\swiss\irweb\hypermedia\edward_falco\images\Photo1\edgeblur1.GIF <-- iowa review /web/data/www.uiowa/iareview/production/tirweb/hypermedia/edward_falco/images/Photo1 edgeblur1.GIF
2002.01.26 18:22 B H:\Web Sites\whirldnewmedia\swiss\irweb\hypermedia\edward_falco\images\Photo1\fresco1.GIF <-- iowa review /web/data/www.uiowa/iareview/production/tirweb/hypermedia/edward_falco/images/Photo1 fresco1.GIF
2002.01.26 18:22 B H:\Web Sites\whirldnewmedia\swiss\irweb\hypermedia\edward_falco\images\Photo1\gausbl1.GIF <-- iowa review /web/data/www.uiowa/iareview/production/tirweb/hypermedia/edward_falco/images/Photo1 gausbl1.GIF
2002.01.26 18:22 B H:\Web Sites\whirldnewmedia\swiss\irweb\hypermedia\edward_falco\images\Photo1\grain1.GIF <-- iowa review /web/data/www.uiowa/iareview/production/tirweb/hypermedia/edward_falco/images/Photo1 grain1.GIF
2002.01.26 18:22 B H:\Web Sites\whirldnewmedia\swiss\irweb\hypermedia\edward_falco\images\Photo1\motionblur1.GIF <-- iowa review /web/data/www.uiowa/iareview/production/tirweb/hypermedia/edward_falco/images/Photo1 motionblur1.GIF
2002.01.26 18:22 B H:\Web Sites\whirldnewmedia\swiss\irweb\hypermedia\edward_falco\images\Photo1\New Photo 1.GIF <-- iowa review /web/data/www.uiowa/iareview/production/tirweb/hypermedia/edward_falco/images/Photo1 New Photo 1.GIF
2002.01.26 18:22 B H:\Web Sites\whirldnewmedia\swiss\irweb\hypermedia\edward_falco\images\Photo1\paintdaub1.GIF <-- iowa review /web/data/www.uiowa/iareview/production/tirweb/hypermedia/edward_falco/images/Photo1 paintdaub1.GIF
2002.01.26 18:22 B H:\Web Sites\whirldnewmedia\swiss\irweb\hypermedia\edward_falco\images\Photo1\palte1.GIF <-- iowa review /web/data/www.uiowa/iareview/production/tirweb/hypermedia/edward_falco/images/Photo1 palte1.GIF
2002.01.26 18:22 B H:\Web Sites\whirldnewmedia\swiss\irweb\hypermedia\edward_falco\images\Photo1\pastels1.GIF <-- iowa review /web/data/www.uiowa/iareview/production/tirweb/hypermedia/edward_falco/images/Photo1 pastels1.GIF
2002.01.26 18:22 B H:\Web Sites\whirldnewmedia\swiss\irweb\hypermedia\edward_falco\images\Photo1\pencila1.GIF <-- iowa review /web/data/www.uiowa/iareview/production/tirweb/hypermedia/edward_falco/images/Photo1 pencila1.GIF
2002.01.26 18:22 B H:\Web Sites\whirldnewmedia\swiss\irweb\hypermedia\edward_falco\images\Photo1\pencilc1.GIF <-- iowa review /web/data/www.uiowa/iareview/production/tirweb/hypermedia/edward_falco/images/Photo1 pencilc1.GIF
2002.01.26 18:22 B H:\Web Sites\whirldnewmedia\swiss\irweb\hypermedia\edward_falco\images\Photo1\smudge1.GIF <-- iowa review /web/data/www.uiowa/iareview/production/tirweb/hypermedia/edward_falco/images/Photo1 smudge1.GIF
2002.01.26 18:22 B H:\Web Sites\whirldnewmedia\swiss\irweb\hypermedia\edward_falco\images\Photo1\sumie1.GIF <-- iowa review /web/data/www.uiowa/iareview/production/tirweb/hypermedia/edward_falco/images/Photo1 sumie1.GIF
2002.01.26 18:22 B H:\Web Sites\whirldnewmedia\swiss\irweb\hypermedia\edward_falco\images\Photo1\tornedge1.GIF <-- iowa review /web/data/www.uiowa/iareview/production/tirweb/hypermedia/edward_falco/images/Photo1 tornedge1.GIF
2002.01.26 18:22 B H:\Web Sites\whirldnewmedia\swiss\irweb\hypermedia\edward_falco\images\Photo1\twirl1.GIF <-- iowa review /web/data/www.uiowa/iareview/production/tirweb/hypermedia/edward_falco/images/Photo1 twirl1.GIF
2002.01.26 18:22 B H:\Web Sites\whirldnewmedia\swiss\irweb\hypermedia\edward_falco\images\Photo1\underp1.GIF <-- iowa review /web/data/www.uiowa/iareview/production/tirweb/hypermedia/edward_falco/images/Photo1 underp1.GIF
2002.01.26 18:22 B H:\Web Sites\whirldnewmedia\swiss\irweb\hypermedia\edward_falco\images\Photo1\water1.GIF <-- iowa review /web/data/www.uiowa/iareview/production/tirweb/hypermedia/edward_falco/images/Photo1 water1.GIF
2002.01.26 18:22 B H:\Web Sites\whirldnewmedia\swiss\irweb\hypermedia\edward_falco\images\Photo1\wave1.GIF <-- iowa review /web/data/www.uiowa/iareview/production/tirweb/hypermedia/edward_falco/images/Photo1 wave1.GIF
2002.01.26 18:22 B H:\Web Sites\whirldnewmedia\swiss\irweb\hypermedia\edward_falco\images\Photo1\waveb1.GIF <-- iowa review /web/data/www.uiowa/iareview/production/tirweb/hypermedia/edward_falco/images/Photo1 waveb1.GIF
