2002.01.26 18:18 B H:\Web Sites\whirldnewmedia\swiss\irweb\hypermedia\claire_dinsmore\notes\images\foothessm1.jpg <-- iowa review /web/data/www.uiowa/iareview/production/tirweb/hypermedia/claire_dinsmore/notes/images foothessm1.jpg
2002.01.26 18:18 B H:\Web Sites\whirldnewmedia\swiss\irweb\hypermedia\claire_dinsmore\notes\images\foothessm2.jpg <-- iowa review /web/data/www.uiowa/iareview/production/tirweb/hypermedia/claire_dinsmore/notes/images foothessm2.jpg
2002.01.26 18:18 B H:\Web Sites\whirldnewmedia\swiss\irweb\hypermedia\claire_dinsmore\notes\images\foothqo1.jpg <-- iowa review /web/data/www.uiowa/iareview/production/tirweb/hypermedia/claire_dinsmore/notes/images foothqo1.jpg
2002.01.26 18:18 B H:\Web Sites\whirldnewmedia\swiss\irweb\hypermedia\claire_dinsmore\notes\images\foothqo1a.jpg <-- iowa review /web/data/www.uiowa/iareview/production/tirweb/hypermedia/claire_dinsmore/notes/images foothqo1a.jpg
2002.01.26 18:18 B H:\Web Sites\whirldnewmedia\swiss\irweb\hypermedia\claire_dinsmore\notes\images\foothqo1c.jpg <-- iowa review /web/data/www.uiowa/iareview/production/tirweb/hypermedia/claire_dinsmore/notes/images foothqo1c.jpg
2002.01.26 18:18 B H:\Web Sites\whirldnewmedia\swiss\irweb\hypermedia\claire_dinsmore\notes\images\inwhtwalk1.jpg <-- iowa review /web/data/www.uiowa/iareview/production/tirweb/hypermedia/claire_dinsmore/notes/images inwhtwalk1.jpg
2002.01.26 18:18 B H:\Web Sites\whirldnewmedia\swiss\irweb\hypermedia\claire_dinsmore\notes\images\inwhtwalk2.jpg <-- iowa review /web/data/www.uiowa/iareview/production/tirweb/hypermedia/claire_dinsmore/notes/images inwhtwalk2.jpg
2002.01.26 18:18 B H:\Web Sites\whirldnewmedia\swiss\irweb\hypermedia\claire_dinsmore\notes\images\inwhtwalk3.jpg <-- iowa review /web/data/www.uiowa/iareview/production/tirweb/hypermedia/claire_dinsmore/notes/images inwhtwalk3.jpg
2002.01.26 18:18 B H:\Web Sites\whirldnewmedia\swiss\irweb\hypermedia\claire_dinsmore\notes\images\map21div1.gif <-- iowa review /web/data/www.uiowa/iareview/production/tirweb/hypermedia/claire_dinsmore/notes/images map21div1.gif
2002.01.26 18:18 B H:\Web Sites\whirldnewmedia\swiss\irweb\hypermedia\claire_dinsmore\notes\images\notescov.jpg <-- iowa review /web/data/www.uiowa/iareview/production/tirweb/hypermedia/claire_dinsmore/notes/images notescov.jpg
2002.01.26 18:19 B H:\Web Sites\whirldnewmedia\swiss\irweb\hypermedia\claire_dinsmore\notes\images\orskel.gif <-- iowa review /web/data/www.uiowa/iareview/production/tirweb/hypermedia/claire_dinsmore/notes/images orskel.gif
2002.01.26 18:19 B H:\Web Sites\whirldnewmedia\swiss\irweb\hypermedia\claire_dinsmore\notes\images\orskelrev.gif <-- iowa review /web/data/www.uiowa/iareview/production/tirweb/hypermedia/claire_dinsmore/notes/images orskelrev.gif
2002.01.26 18:19 B H:\Web Sites\whirldnewmedia\swiss\irweb\hypermedia\claire_dinsmore\notes\images\orskelrev2.gif <-- iowa review /web/data/www.uiowa/iareview/production/tirweb/hypermedia/claire_dinsmore/notes/images orskelrev2.gif
2002.01.26 18:19 B H:\Web Sites\whirldnewmedia\swiss\irweb\hypermedia\claire_dinsmore\notes\images\theswalk.jpg <-- iowa review /web/data/www.uiowa/iareview/production/tirweb/hypermedia/claire_dinsmore/notes/images theswalk.jpg
2002.01.26 18:19 B H:\Web Sites\whirldnewmedia\swiss\irweb\hypermedia\claire_dinsmore\notes\images\whtjourn3.jpg <-- iowa review /web/data/www.uiowa/iareview/production/tirweb/hypermedia/claire_dinsmore/notes/images whtjourn3.jpg
2002.01.26 18:19 B H:\Web Sites\whirldnewmedia\swiss\irweb\hypermedia\claire_dinsmore\notes\images\whtjourn4.jpg <-- iowa review /web/data/www.uiowa/iareview/production/tirweb/hypermedia/claire_dinsmore/notes/images whtjourn4.jpg
2002.01.26 18:19 B H:\Web Sites\whirldnewmedia\swiss\irweb\hypermedia\claire_dinsmore\notes\images\whtjourn5.jpg <-- iowa review /web/data/www.uiowa/iareview/production/tirweb/hypermedia/claire_dinsmore/notes/images whtjourn5.jpg
2002.01.26 18:19 B H:\Web Sites\whirldnewmedia\swiss\irweb\hypermedia\claire_dinsmore\notes\images\whtjourn6.jpg <-- iowa review /web/data/www.uiowa/iareview/production/tirweb/hypermedia/claire_dinsmore/notes/images whtjourn6.jpg
2002.01.26 18:19 B H:\Web Sites\whirldnewmedia\swiss\irweb\hypermedia\claire_dinsmore\notes\images\whtjourn7.jpg <-- iowa review /web/data/www.uiowa/iareview/production/tirweb/hypermedia/claire_dinsmore/notes/images whtjourn7.jpg
2002.01.26 18:19 B H:\Web Sites\whirldnewmedia\swiss\irweb\hypermedia\claire_dinsmore\notes\images\whtjourn8.jpg <-- iowa review /web/data/www.uiowa/iareview/production/tirweb/hypermedia/claire_dinsmore/notes/images whtjourn8.jpg
2002.01.26 18:19 B H:\Web Sites\whirldnewmedia\swiss\irweb\hypermedia\claire_dinsmore\notes\images\whtjourn9.jpg <-- iowa review /web/data/www.uiowa/iareview/production/tirweb/hypermedia/claire_dinsmore/notes/images whtjourn9.jpg
2002.01.26 18:19 B H:\Web Sites\whirldnewmedia\swiss\irweb\hypermedia\claire_dinsmore\notes\images\whtjournal01.jpg <-- iowa review /web/data/www.uiowa/iareview/production/tirweb/hypermedia/claire_dinsmore/notes/images whtjournal01.jpg
2002.01.26 18:19 B H:\Web Sites\whirldnewmedia\swiss\irweb\hypermedia\claire_dinsmore\notes\images\whtjournal02.jpg <-- iowa review /web/data/www.uiowa/iareview/production/tirweb/hypermedia/claire_dinsmore/notes/images whtjournal02.jpg
