2002.01.26 18:34 B H:\Web Sites\whirldnewmedia\swiss\irweb\hypermedia\mez\datahtexts\backg1.JPG <-- iowa review /web/data/www.uiowa/iareview/production/tirweb/hypermedia/mez/datahtexts backg1.JPG
2002.01.26 18:34 B H:\Web Sites\whirldnewmedia\swiss\irweb\hypermedia\mez\datahtexts\backg2.JPG <-- iowa review /web/data/www.uiowa/iareview/production/tirweb/hypermedia/mez/datahtexts backg2.JPG
2002.01.26 18:34 B H:\Web Sites\whirldnewmedia\swiss\irweb\hypermedia\mez\datahtexts\backg2_1.JPG <-- iowa review /web/data/www.uiowa/iareview/production/tirweb/hypermedia/mez/datahtexts backg2_1.JPG
2002.01.26 18:34 B H:\Web Sites\whirldnewmedia\swiss\irweb\hypermedia\mez\datahtexts\backg2_2.JPG <-- iowa review /web/data/www.uiowa/iareview/production/tirweb/hypermedia/mez/datahtexts backg2_2.JPG
2002.01.26 18:34 B H:\Web Sites\whirldnewmedia\swiss\irweb\hypermedia\mez\datahtexts\backg2_3.JPG <-- iowa review /web/data/www.uiowa/iareview/production/tirweb/hypermedia/mez/datahtexts backg2_3.JPG
2002.01.26 18:34 B H:\Web Sites\whirldnewmedia\swiss\irweb\hypermedia\mez\datahtexts\backg2_4.JPG <-- iowa review /web/data/www.uiowa/iareview/production/tirweb/hypermedia/mez/datahtexts backg2_4.JPG
2002.01.26 18:34 B H:\Web Sites\whirldnewmedia\swiss\irweb\hypermedia\mez\datahtexts\blipper2.gif <-- iowa review /web/data/www.uiowa/iareview/production/tirweb/hypermedia/mez/datahtexts blipper2.gif
2002.01.26 18:34 B H:\Web Sites\whirldnewmedia\swiss\irweb\hypermedia\mez\datahtexts\bubblack2.gif <-- iowa review /web/data/www.uiowa/iareview/production/tirweb/hypermedia/mez/datahtexts bubblack2.gif
2002.01.26 18:34 B H:\Web Sites\whirldnewmedia\swiss\irweb\hypermedia\mez\datahtexts\clonegod&a.JPG <-- iowa review /web/data/www.uiowa/iareview/production/tirweb/hypermedia/mez/datahtexts clonegod&a.JPG
2002.01.26 18:34 B H:\Web Sites\whirldnewmedia\swiss\irweb\hypermedia\mez\datahtexts\cross.gif <-- iowa review /web/data/www.uiowa/iareview/production/tirweb/hypermedia/mez/datahtexts cross.gif
2002.01.26 18:34 B H:\Web Sites\whirldnewmedia\swiss\irweb\hypermedia\mez\datahtexts\datab1.1.JPG <-- iowa review /web/data/www.uiowa/iareview/production/tirweb/hypermedia/mez/datahtexts datab1.1.JPG
2002.01.26 18:34 B H:\Web Sites\whirldnewmedia\swiss\irweb\hypermedia\mez\datahtexts\datab1.1bottom.JPG <-- iowa review /web/data/www.uiowa/iareview/production/tirweb/hypermedia/mez/datahtexts datab1.1bottom.JPG
2002.01.26 18:34 B H:\Web Sites\whirldnewmedia\swiss\irweb\hypermedia\mez\datahtexts\datab1.1bottom2.JPG <-- iowa review /web/data/www.uiowa/iareview/production/tirweb/hypermedia/mez/datahtexts datab1.1bottom2.JPG
2002.01.26 18:34 B H:\Web Sites\whirldnewmedia\swiss\irweb\hypermedia\mez\datahtexts\datab1.1bottom3.JPG <-- iowa review /web/data/www.uiowa/iareview/production/tirweb/hypermedia/mez/datahtexts datab1.1bottom3.JPG
2002.01.26 18:34 B H:\Web Sites\whirldnewmedia\swiss\irweb\hypermedia\mez\datahtexts\datab1.1left.JPG <-- iowa review /web/data/www.uiowa/iareview/production/tirweb/hypermedia/mez/datahtexts datab1.1left.JPG
2002.01.26 18:34 B H:\Web Sites\whirldnewmedia\swiss\irweb\hypermedia\mez\datahtexts\datab1.1right.JPG <-- iowa review /web/data/www.uiowa/iareview/production/tirweb/hypermedia/mez/datahtexts datab1.1right.JPG
2002.01.26 18:34 B H:\Web Sites\whirldnewmedia\swiss\irweb\hypermedia\mez\datahtexts\datab1.JPG <-- iowa review /web/data/www.uiowa/iareview/production/tirweb/hypermedia/mez/datahtexts datab1.JPG
2002.01.26 18:34 B H:\Web Sites\whirldnewmedia\swiss\irweb\hypermedia\mez\datahtexts\datab1_1.JPG <-- iowa review /web/data/www.uiowa/iareview/production/tirweb/hypermedia/mez/datahtexts datab1_1.JPG
2002.01.26 18:34 B H:\Web Sites\whirldnewmedia\swiss\irweb\hypermedia\mez\datahtexts\datab1_1bottom.JPG <-- iowa review /web/data/www.uiowa/iareview/production/tirweb/hypermedia/mez/datahtexts datab1_1bottom.JPG
2002.01.26 18:34 B H:\Web Sites\whirldnewmedia\swiss\irweb\hypermedia\mez\datahtexts\datab1_1left.JPG <-- iowa review /web/data/www.uiowa/iareview/production/tirweb/hypermedia/mez/datahtexts datab1_1left.JPG
2002.01.26 18:34 B H:\Web Sites\whirldnewmedia\swiss\irweb\hypermedia\mez\datahtexts\datab1_1right.JPG <-- iowa review /web/data/www.uiowa/iareview/production/tirweb/hypermedia/mez/datahtexts datab1_1right.JPG
2002.01.26 18:34 B H:\Web Sites\whirldnewmedia\swiss\irweb\hypermedia\mez\datahtexts\datab1_1white.JPG <-- iowa review /web/data/www.uiowa/iareview/production/tirweb/hypermedia/mez/datahtexts datab1_1white.JPG
2002.01.26 18:34 B H:\Web Sites\whirldnewmedia\swiss\irweb\hypermedia\mez\datahtexts\datahb1.htm <-- iowa review /web/data/www.uiowa/iareview/production/tirweb/hypermedia/mez/datahtexts datahb1.htm
2002.01.26 18:34 B H:\Web Sites\whirldnewmedia\swiss\irweb\hypermedia\mez\datahtexts\datahb1a.htm <-- iowa review /web/data/www.uiowa/iareview/production/tirweb/hypermedia/mez/datahtexts datahb1a.htm
2002.01.26 18:34 B H:\Web Sites\whirldnewmedia\swiss\irweb\hypermedia\mez\datahtexts\datahb2.htm <-- iowa review /web/data/www.uiowa/iareview/production/tirweb/hypermedia/mez/datahtexts datahb2.htm
2002.01.26 18:35 B H:\Web Sites\whirldnewmedia\swiss\irweb\hypermedia\mez\datahtexts\datahb3.htm <-- iowa review /web/data/www.uiowa/iareview/production/tirweb/hypermedia/mez/datahtexts datahb3.htm
2002.01.26 18:35 B H:\Web Sites\whirldnewmedia\swiss\irweb\hypermedia\mez\datahtexts\datahb4.htm <-- iowa review /web/data/www.uiowa/iareview/production/tirweb/hypermedia/mez/datahtexts datahb4.htm
2002.01.26 18:35 B H:\Web Sites\whirldnewmedia\swiss\irweb\hypermedia\mez\datahtexts\db1.1.gif <-- iowa review /web/data/www.uiowa/iareview/production/tirweb/hypermedia/mez/datahtexts db1.1.gif
2002.01.26 18:35 B H:\Web Sites\whirldnewmedia\swiss\irweb\hypermedia\mez\datahtexts\db1.gif <-- iowa review /web/data/www.uiowa/iareview/production/tirweb/hypermedia/mez/datahtexts db1.gif
2002.01.26 18:35 B H:\Web Sites\whirldnewmedia\swiss\irweb\hypermedia\mez\datahtexts\db1_1.gif <-- iowa review /web/data/www.uiowa/iareview/production/tirweb/hypermedia/mez/datahtexts db1_1.gif
2002.01.26 18:35 B H:\Web Sites\whirldnewmedia\swiss\irweb\hypermedia\mez\datahtexts\dbbottom1.gif <-- iowa review /web/data/www.uiowa/iareview/production/tirweb/hypermedia/mez/datahtexts dbbottom1.gif
2002.01.26 18:35 B H:\Web Sites\whirldnewmedia\swiss\irweb\hypermedia\mez\datahtexts\dbdiscuss.gif <-- iowa review /web/data/www.uiowa/iareview/production/tirweb/hypermedia/mez/datahtexts dbdiscuss.gif
2002.01.26 18:35 B H:\Web Sites\whirldnewmedia\swiss\irweb\hypermedia\mez\datahtexts\dbdiscuss.swf <-- iowa review /web/data/www.uiowa/iareview/production/tirweb/hypermedia/mez/datahtexts dbdiscuss.swf
2002.01.26 18:35 B H:\Web Sites\whirldnewmedia\swiss\irweb\hypermedia\mez\datahtexts\dbmethod.gif <-- iowa review /web/data/www.uiowa/iareview/production/tirweb/hypermedia/mez/datahtexts dbmethod.gif
2002.01.26 18:35 B H:\Web Sites\whirldnewmedia\swiss\irweb\hypermedia\mez\datahtexts\dbmethod.swf <-- iowa review /web/data/www.uiowa/iareview/production/tirweb/hypermedia/mez/datahtexts dbmethod.swf
2002.01.26 18:35 B H:\Web Sites\whirldnewmedia\swiss\irweb\hypermedia\mez\datahtexts\dbresults.gif <-- iowa review /web/data/www.uiowa/iareview/production/tirweb/hypermedia/mez/datahtexts dbresults.gif
2002.01.26 18:35 B H:\Web Sites\whirldnewmedia\swiss\irweb\hypermedia\mez\datahtexts\dbresults.swf <-- iowa review /web/data/www.uiowa/iareview/production/tirweb/hypermedia/mez/datahtexts dbresults.swf
2002.01.26 18:35 B H:\Web Sites\whirldnewmedia\swiss\irweb\hypermedia\mez\datahtexts\fdrop.gif <-- iowa review /web/data/www.uiowa/iareview/production/tirweb/hypermedia/mez/datahtexts fdrop.gif
2002.01.26 18:35 B H:\Web Sites\whirldnewmedia\swiss\irweb\hypermedia\mez\datahtexts\fleshline.JPG <-- iowa review /web/data/www.uiowa/iareview/production/tirweb/hypermedia/mez/datahtexts fleshline.JPG
2002.01.26 18:35 B H:\Web Sites\whirldnewmedia\swiss\irweb\hypermedia\mez\datahtexts\fleshline2.JPG <-- iowa review /web/data/www.uiowa/iareview/production/tirweb/hypermedia/mez/datahtexts fleshline2.JPG
2002.01.26 18:35 B H:\Web Sites\whirldnewmedia\swiss\irweb\hypermedia\mez\datahtexts\flood1.JPG <-- iowa review /web/data/www.uiowa/iareview/production/tirweb/hypermedia/mez/datahtexts flood1.JPG
2002.01.26 18:35 B H:\Web Sites\whirldnewmedia\swiss\irweb\hypermedia\mez\datahtexts\fstitch1.gif <-- iowa review /web/data/www.uiowa/iareview/production/tirweb/hypermedia/mez/datahtexts fstitch1.gif
2002.01.26 18:35 B H:\Web Sites\whirldnewmedia\swiss\irweb\hypermedia\mez\datahtexts\greybit1.JPG <-- iowa review /web/data/www.uiowa/iareview/production/tirweb/hypermedia/mez/datahtexts greybit1.JPG
2002.01.26 18:35 B H:\Web Sites\whirldnewmedia\swiss\irweb\hypermedia\mez\datahtexts\greybit2.JPG <-- iowa review /web/data/www.uiowa/iareview/production/tirweb/hypermedia/mez/datahtexts greybit2.JPG
2002.01.26 18:35 B H:\Web Sites\whirldnewmedia\swiss\irweb\hypermedia\mez\datahtexts\greybit3.JPG <-- iowa review /web/data/www.uiowa/iareview/production/tirweb/hypermedia/mez/datahtexts greybit3.JPG
2002.01.26 18:35 B H:\Web Sites\whirldnewmedia\swiss\irweb\hypermedia\mez\datahtexts\greybit4.JPG <-- iowa review /web/data/www.uiowa/iareview/production/tirweb/hypermedia/mez/datahtexts greybit4.JPG
2002.01.26 18:35 B H:\Web Sites\whirldnewmedia\swiss\irweb\hypermedia\mez\datahtexts\index.gif <-- iowa review /web/data/www.uiowa/iareview/production/tirweb/hypermedia/mez/datahtexts index.gif
2002.01.26 18:35 B H:\Web Sites\whirldnewmedia\swiss\irweb\hypermedia\mez\datahtexts\index.htm <-- iowa review /web/data/www.uiowa/iareview/production/tirweb/hypermedia/mez/datahtexts index.htm
2002.01.26 18:35 B H:\Web Sites\whirldnewmedia\swiss\irweb\hypermedia\mez\datahtexts\index.JPG <-- iowa review /web/data/www.uiowa/iareview/production/tirweb/hypermedia/mez/datahtexts index.JPG
2002.01.26 18:35 B H:\Web Sites\whirldnewmedia\swiss\irweb\hypermedia\mez\datahtexts\index1.htm <-- iowa review /web/data/www.uiowa/iareview/production/tirweb/hypermedia/mez/datahtexts index1.htm
2002.01.26 18:35 B H:\Web Sites\whirldnewmedia\swiss\irweb\hypermedia\mez\datahtexts\index1.JPG <-- iowa review /web/data/www.uiowa/iareview/production/tirweb/hypermedia/mez/datahtexts index1.JPG
2002.01.26 18:35 B H:\Web Sites\whirldnewmedia\swiss\irweb\hypermedia\mez\datahtexts\index2.htm <-- iowa review /web/data/www.uiowa/iareview/production/tirweb/hypermedia/mez/datahtexts index2.htm
2002.01.26 18:35 B H:\Web Sites\whirldnewmedia\swiss\irweb\hypermedia\mez\datahtexts\index2.JPG <-- iowa review /web/data/www.uiowa/iareview/production/tirweb/hypermedia/mez/datahtexts index2.JPG
2002.01.26 18:35 B H:\Web Sites\whirldnewmedia\swiss\irweb\hypermedia\mez\datahtexts\indexdrops.JPG <-- iowa review /web/data/www.uiowa/iareview/production/tirweb/hypermedia/mez/datahtexts indexdrops.JPG
2002.01.26 18:35 B H:\Web Sites\whirldnewmedia\swiss\irweb\hypermedia\mez\datahtexts\indexlite.htm <-- iowa review /web/data/www.uiowa/iareview/production/tirweb/hypermedia/mez/datahtexts indexlite.htm
2002.01.26 18:35 B H:\Web Sites\whirldnewmedia\swiss\irweb\hypermedia\mez\datahtexts\indexrotate.JPG <-- iowa review /web/data/www.uiowa/iareview/production/tirweb/hypermedia/mez/datahtexts indexrotate.JPG
2002.01.26 18:35 B H:\Web Sites\whirldnewmedia\swiss\irweb\hypermedia\mez\datahtexts\justext1.htm <-- iowa review /web/data/www.uiowa/iareview/production/tirweb/hypermedia/mez/datahtexts justext1.htm
2002.01.26 18:35 B H:\Web Sites\whirldnewmedia\swiss\irweb\hypermedia\mez\datahtexts\justext2.htm <-- iowa review /web/data/www.uiowa/iareview/production/tirweb/hypermedia/mez/datahtexts justext2.htm
2002.01.26 18:35 B H:\Web Sites\whirldnewmedia\swiss\irweb\hypermedia\mez\datahtexts\justext3.htm <-- iowa review /web/data/www.uiowa/iareview/production/tirweb/hypermedia/mez/datahtexts justext3.htm
2002.01.26 18:35 B H:\Web Sites\whirldnewmedia\swiss\irweb\hypermedia\mez\datahtexts\justext4.htm <-- iowa review /web/data/www.uiowa/iareview/production/tirweb/hypermedia/mez/datahtexts justext4.htm
2002.01.26 18:35 B H:\Web Sites\whirldnewmedia\swiss\irweb\hypermedia\mez\datahtexts\justext5.htm <-- iowa review /web/data/www.uiowa/iareview/production/tirweb/hypermedia/mez/datahtexts justext5.htm
2002.01.26 18:35 B H:\Web Sites\whirldnewmedia\swiss\irweb\hypermedia\mez\datahtexts\justext6.htm <-- iowa review /web/data/www.uiowa/iareview/production/tirweb/hypermedia/mez/datahtexts justext6.htm
2002.01.26 18:35 B H:\Web Sites\whirldnewmedia\swiss\irweb\hypermedia\mez\datahtexts\log3.gif <-- iowa review /web/data/www.uiowa/iareview/production/tirweb/hypermedia/mez/datahtexts log3.gif
2002.01.26 18:35 B H:\Web Sites\whirldnewmedia\swiss\irweb\hypermedia\mez\datahtexts\log3.JPG <-- iowa review /web/data/www.uiowa/iareview/production/tirweb/hypermedia/mez/datahtexts log3.JPG
2002.01.26 18:35 B H:\Web Sites\whirldnewmedia\swiss\irweb\hypermedia\mez\datahtexts\log3].JPG <-- iowa review /web/data/www.uiowa/iareview/production/tirweb/hypermedia/mez/datahtexts log3].JPG
2002.01.26 18:35 B H:\Web Sites\whirldnewmedia\swiss\irweb\hypermedia\mez\datahtexts\log3][.gif <-- iowa review /web/data/www.uiowa/iareview/production/tirweb/hypermedia/mez/datahtexts log3][.gif
2002.01.26 18:35 B H:\Web Sites\whirldnewmedia\swiss\irweb\hypermedia\mez\datahtexts\log3][.JPG <-- iowa review /web/data/www.uiowa/iareview/production/tirweb/hypermedia/mez/datahtexts log3][.JPG
2002.01.26 18:35 B H:\Web Sites\whirldnewmedia\swiss\irweb\hypermedia\mez\datahtexts\log3_1.JPG <-- iowa review /web/data/www.uiowa/iareview/production/tirweb/hypermedia/mez/datahtexts log3_1.JPG
2002.01.26 18:35 B H:\Web Sites\whirldnewmedia\swiss\irweb\hypermedia\mez\datahtexts\log3_2.JPG <-- iowa review /web/data/www.uiowa/iareview/production/tirweb/hypermedia/mez/datahtexts log3_2.JPG
2002.01.26 18:35 B H:\Web Sites\whirldnewmedia\swiss\irweb\hypermedia\mez\datahtexts\log3_3.JPG <-- iowa review /web/data/www.uiowa/iareview/production/tirweb/hypermedia/mez/datahtexts log3_3.JPG
2002.01.26 18:35 B H:\Web Sites\whirldnewmedia\swiss\irweb\hypermedia\mez\datahtexts\log3_4.JPG <-- iowa review /web/data/www.uiowa/iareview/production/tirweb/hypermedia/mez/datahtexts log3_4.JPG
2002.01.26 18:35 B H:\Web Sites\whirldnewmedia\swiss\irweb\hypermedia\mez\datahtexts\log3_5.JPG <-- iowa review /web/data/www.uiowa/iareview/production/tirweb/hypermedia/mez/datahtexts log3_5.JPG
2002.01.26 18:35 B H:\Web Sites\whirldnewmedia\swiss\irweb\hypermedia\mez\datahtexts\log3_6.JPG <-- iowa review /web/data/www.uiowa/iareview/production/tirweb/hypermedia/mez/datahtexts log3_6.JPG
2002.01.26 18:35 B H:\Web Sites\whirldnewmedia\swiss\irweb\hypermedia\mez\datahtexts\log3_7.JPG <-- iowa review /web/data/www.uiowa/iareview/production/tirweb/hypermedia/mez/datahtexts log3_7.JPG
2002.01.26 18:35 B H:\Web Sites\whirldnewmedia\swiss\irweb\hypermedia\mez\datahtexts\log3_8.JPG <-- iowa review /web/data/www.uiowa/iareview/production/tirweb/hypermedia/mez/datahtexts log3_8.JPG
2002.01.26 18:35 B H:\Web Sites\whirldnewmedia\swiss\irweb\hypermedia\mez\datahtexts\log3_9.JPG <-- iowa review /web/data/www.uiowa/iareview/production/tirweb/hypermedia/mez/datahtexts log3_9.JPG
2002.01.26 18:36 B H:\Web Sites\whirldnewmedia\swiss\irweb\hypermedia\mez\datahtexts\log3bracket.gif <-- iowa review /web/data/www.uiowa/iareview/production/tirweb/hypermedia/mez/datahtexts log3bracket.gif
2002.01.26 18:36 B H:\Web Sites\whirldnewmedia\swiss\irweb\hypermedia\mez\datahtexts\log3bracket.JPG <-- iowa review /web/data/www.uiowa/iareview/production/tirweb/hypermedia/mez/datahtexts log3bracket.JPG
2002.01.26 18:36 B H:\Web Sites\whirldnewmedia\swiss\irweb\hypermedia\mez\datahtexts\log3bracket[.JPG <-- iowa review /web/data/www.uiowa/iareview/production/tirweb/hypermedia/mez/datahtexts log3bracket[.JPG
2002.01.26 18:36 B H:\Web Sites\whirldnewmedia\swiss\irweb\hypermedia\mez\datahtexts\log3dot.gif <-- iowa review /web/data/www.uiowa/iareview/production/tirweb/hypermedia/mez/datahtexts log3dot.gif
2002.01.26 18:36 B H:\Web Sites\whirldnewmedia\swiss\irweb\hypermedia\mez\datahtexts\log3dot.JPG <-- iowa review /web/data/www.uiowa/iareview/production/tirweb/hypermedia/mez/datahtexts log3dot.JPG
2002.01.26 18:36 B H:\Web Sites\whirldnewmedia\swiss\irweb\hypermedia\mez\datahtexts\log3dot2.JPG <-- iowa review /web/data/www.uiowa/iareview/production/tirweb/hypermedia/mez/datahtexts log3dot2.JPG
2002.01.26 18:36 B H:\Web Sites\whirldnewmedia\swiss\irweb\hypermedia\mez\datahtexts\log3e.gif <-- iowa review /web/data/www.uiowa/iareview/production/tirweb/hypermedia/mez/datahtexts log3e.gif
2002.01.26 18:36 B H:\Web Sites\whirldnewmedia\swiss\irweb\hypermedia\mez\datahtexts\log3e1.JPG <-- iowa review /web/data/www.uiowa/iareview/production/tirweb/hypermedia/mez/datahtexts log3e1.JPG
2002.01.26 18:36 B H:\Web Sites\whirldnewmedia\swiss\irweb\hypermedia\mez\datahtexts\log3e2.JPG <-- iowa review /web/data/www.uiowa/iareview/production/tirweb/hypermedia/mez/datahtexts log3e2.JPG
2002.01.26 18:36 B H:\Web Sites\whirldnewmedia\swiss\irweb\hypermedia\mez\datahtexts\log3e3.JPG <-- iowa review /web/data/www.uiowa/iareview/production/tirweb/hypermedia/mez/datahtexts log3e3.JPG
2002.01.26 18:36 B H:\Web Sites\whirldnewmedia\swiss\irweb\hypermedia\mez\datahtexts\log3e4.JPG <-- iowa review /web/data/www.uiowa/iareview/production/tirweb/hypermedia/mez/datahtexts log3e4.JPG
2002.01.26 18:36 B H:\Web Sites\whirldnewmedia\swiss\irweb\hypermedia\mez\datahtexts\log3e5.JPG <-- iowa review /web/data/www.uiowa/iareview/production/tirweb/hypermedia/mez/datahtexts log3e5.JPG
2002.01.26 18:36 B H:\Web Sites\whirldnewmedia\swiss\irweb\hypermedia\mez\datahtexts\log3e6.JPG <-- iowa review /web/data/www.uiowa/iareview/production/tirweb/hypermedia/mez/datahtexts log3e6.JPG
2002.01.26 18:36 B H:\Web Sites\whirldnewmedia\swiss\irweb\hypermedia\mez\datahtexts\loggin1.htm <-- iowa review /web/data/www.uiowa/iareview/production/tirweb/hypermedia/mez/datahtexts loggin1.htm
2002.01.26 18:36 B H:\Web Sites\whirldnewmedia\swiss\irweb\hypermedia\mez\datahtexts\loggin2.htm <-- iowa review /web/data/www.uiowa/iareview/production/tirweb/hypermedia/mez/datahtexts loggin2.htm
2002.01.26 18:36 B H:\Web Sites\whirldnewmedia\swiss\irweb\hypermedia\mez\datahtexts\loggin3.htm <-- iowa review /web/data/www.uiowa/iareview/production/tirweb/hypermedia/mez/datahtexts loggin3.htm
2002.01.26 18:36 B H:\Web Sites\whirldnewmedia\swiss\irweb\hypermedia\mez\datahtexts\loggin4.htm <-- iowa review /web/data/www.uiowa/iareview/production/tirweb/hypermedia/mez/datahtexts loggin4.htm
2002.01.26 18:36 B H:\Web Sites\whirldnewmedia\swiss\irweb\hypermedia\mez\datahtexts\logginback.gif <-- iowa review /web/data/www.uiowa/iareview/production/tirweb/hypermedia/mez/datahtexts logginback.gif
2002.01.26 18:36 B H:\Web Sites\whirldnewmedia\swiss\irweb\hypermedia\mez\datahtexts\narrativeindex.JPG <-- iowa review /web/data/www.uiowa/iareview/production/tirweb/hypermedia/mez/datahtexts narrativeindex.JPG
2002.01.26 18:36 B H:\Web Sites\whirldnewmedia\swiss\irweb\hypermedia\mez\datahtexts\narrativepot.JPG <-- iowa review /web/data/www.uiowa/iareview/production/tirweb/hypermedia/mez/datahtexts narrativepot.JPG
2002.01.26 18:36 B H:\Web Sites\whirldnewmedia\swiss\irweb\hypermedia\mez\datahtexts\narrativepot1.htm <-- iowa review /web/data/www.uiowa/iareview/production/tirweb/hypermedia/mez/datahtexts narrativepot1.htm
2002.01.26 18:36 B H:\Web Sites\whirldnewmedia\swiss\irweb\hypermedia\mez\datahtexts\narrativepot2.htm <-- iowa review /web/data/www.uiowa/iareview/production/tirweb/hypermedia/mez/datahtexts narrativepot2.htm
2002.01.26 18:36 B H:\Web Sites\whirldnewmedia\swiss\irweb\hypermedia\mez\datahtexts\narrativepot3.htm <-- iowa review /web/data/www.uiowa/iareview/production/tirweb/hypermedia/mez/datahtexts narrativepot3.htm
2002.01.26 18:36 B H:\Web Sites\whirldnewmedia\swiss\irweb\hypermedia\mez\datahtexts\narrativepot4.htm <-- iowa review /web/data/www.uiowa/iareview/production/tirweb/hypermedia/mez/datahtexts narrativepot4.htm
2002.01.26 18:36 B H:\Web Sites\whirldnewmedia\swiss\irweb\hypermedia\mez\datahtexts\overunder.gif <-- iowa review /web/data/www.uiowa/iareview/production/tirweb/hypermedia/mez/datahtexts overunder.gif
2002.02.07 16:45 B H:\Web Sites\whirldnewmedia\swiss\irweb\tirweb\hypermedia\mez\datahtexts\datahb1.htm --> www.uiowa.edu /web/data/www.uiowa/iareview/production/tirweb/hypermedia/mez/datahtexts datahb1.htm
2002.02.07 16:45 B H:\Web Sites\whirldnewmedia\swiss\irweb\tirweb\hypermedia\mez\datahtexts\datahb1a.htm --> www.uiowa.edu /web/data/www.uiowa/iareview/production/tirweb/hypermedia/mez/datahtexts datahb1a.htm
2002.02.07 16:45 B H:\Web Sites\whirldnewmedia\swiss\irweb\tirweb\hypermedia\mez\datahtexts\datahb2.htm --> www.uiowa.edu /web/data/www.uiowa/iareview/production/tirweb/hypermedia/mez/datahtexts datahb2.htm
2002.02.07 16:45 B H:\Web Sites\whirldnewmedia\swiss\irweb\tirweb\hypermedia\mez\datahtexts\datahb3.htm --> www.uiowa.edu /web/data/www.uiowa/iareview/production/tirweb/hypermedia/mez/datahtexts datahb3.htm
2002.02.07 16:45 B H:\Web Sites\whirldnewmedia\swiss\irweb\tirweb\hypermedia\mez\datahtexts\datahb4.htm --> www.uiowa.edu /web/data/www.uiowa/iareview/production/tirweb/hypermedia/mez/datahtexts datahb4.htm
2002.02.07 16:45 B H:\Web Sites\whirldnewmedia\swiss\irweb\tirweb\hypermedia\mez\datahtexts\index.htm --> www.uiowa.edu /web/data/www.uiowa/iareview/production/tirweb/hypermedia/mez/datahtexts index.htm
2002.02.07 16:45 B H:\Web Sites\whirldnewmedia\swiss\irweb\tirweb\hypermedia\mez\datahtexts\index1.htm --> www.uiowa.edu /web/data/www.uiowa/iareview/production/tirweb/hypermedia/mez/datahtexts index1.htm
2002.02.07 16:45 B H:\Web Sites\whirldnewmedia\swiss\irweb\tirweb\hypermedia\mez\datahtexts\index2.htm --> www.uiowa.edu /web/data/www.uiowa/iareview/production/tirweb/hypermedia/mez/datahtexts index2.htm
2002.02.07 16:45 B H:\Web Sites\whirldnewmedia\swiss\irweb\tirweb\hypermedia\mez\datahtexts\indexlite.htm --> www.uiowa.edu /web/data/www.uiowa/iareview/production/tirweb/hypermedia/mez/datahtexts indexlite.htm
2002.02.07 16:45 B H:\Web Sites\whirldnewmedia\swiss\irweb\tirweb\hypermedia\mez\datahtexts\justext1.htm --> www.uiowa.edu /web/data/www.uiowa/iareview/production/tirweb/hypermedia/mez/datahtexts justext1.htm
2002.02.07 16:45 B H:\Web Sites\whirldnewmedia\swiss\irweb\tirweb\hypermedia\mez\datahtexts\justext2.htm --> www.uiowa.edu /web/data/www.uiowa/iareview/production/tirweb/hypermedia/mez/datahtexts justext2.htm
2002.02.07 16:45 B H:\Web Sites\whirldnewmedia\swiss\irweb\tirweb\hypermedia\mez\datahtexts\justext3.htm --> www.uiowa.edu /web/data/www.uiowa/iareview/production/tirweb/hypermedia/mez/datahtexts justext3.htm
2002.02.07 16:45 B H:\Web Sites\whirldnewmedia\swiss\irweb\tirweb\hypermedia\mez\datahtexts\justext4.htm --> www.uiowa.edu /web/data/www.uiowa/iareview/production/tirweb/hypermedia/mez/datahtexts justext4.htm
2002.02.07 16:45 B H:\Web Sites\whirldnewmedia\swiss\irweb\tirweb\hypermedia\mez\datahtexts\justext5.htm --> www.uiowa.edu /web/data/www.uiowa/iareview/production/tirweb/hypermedia/mez/datahtexts justext5.htm
2002.02.07 16:45 B H:\Web Sites\whirldnewmedia\swiss\irweb\tirweb\hypermedia\mez\datahtexts\loggin2.htm --> www.uiowa.edu /web/data/www.uiowa/iareview/production/tirweb/hypermedia/mez/datahtexts loggin2.htm
2002.02.07 16:45 B H:\Web Sites\whirldnewmedia\swiss\irweb\tirweb\hypermedia\mez\datahtexts\loggin3.htm --> www.uiowa.edu /web/data/www.uiowa/iareview/production/tirweb/hypermedia/mez/datahtexts loggin3.htm
2002.02.07 16:45 B H:\Web Sites\whirldnewmedia\swiss\irweb\tirweb\hypermedia\mez\datahtexts\loggin4.htm --> www.uiowa.edu /web/data/www.uiowa/iareview/production/tirweb/hypermedia/mez/datahtexts loggin4.htm
2002.02.07 16:45 B H:\Web Sites\whirldnewmedia\swiss\irweb\tirweb\hypermedia\mez\datahtexts\narrativepot1.htm --> www.uiowa.edu /web/data/www.uiowa/iareview/production/tirweb/hypermedia/mez/datahtexts narrativepot1.htm
2002.02.07 16:45 B H:\Web Sites\whirldnewmedia\swiss\irweb\tirweb\hypermedia\mez\datahtexts\narrativepot2.htm --> www.uiowa.edu /web/data/www.uiowa/iareview/production/tirweb/hypermedia/mez/datahtexts narrativepot2.htm
2002.02.07 16:45 B H:\Web Sites\whirldnewmedia\swiss\irweb\tirweb\hypermedia\mez\datahtexts\narrativepot3.htm --> www.uiowa.edu /web/data/www.uiowa/iareview/production/tirweb/hypermedia/mez/datahtexts narrativepot3.htm
2002.02.07 16:45 B H:\Web Sites\whirldnewmedia\swiss\irweb\tirweb\hypermedia\mez\datahtexts\narrativepot4.htm --> www.uiowa.edu /web/data/www.uiowa/iareview/production/tirweb/hypermedia/mez/datahtexts narrativepot4.htm
