2002.01.26 18:39 B H:\Web Sites\whirldnewmedia\swiss\irweb\hypermedia\talan_memmott\plex\box\2bgWhtGrid-trn.gif <-- iowa review /web/data/www.uiowa/iareview/production/tirweb/hypermedia/talan_memmott/plex/box 2bgWhtGrid-trn.gif
2002.01.26 18:39 B H:\Web Sites\whirldnewmedia\swiss\irweb\hypermedia\talan_memmott\plex\box\2bgWhtGrid.jpg <-- iowa review /web/data/www.uiowa/iareview/production/tirweb/hypermedia/talan_memmott/plex/box 2bgWhtGrid.jpg
2002.01.26 18:39 B H:\Web Sites\whirldnewmedia\swiss\irweb\hypermedia\talan_memmott\plex\box\2brd-LFT.jpg <-- iowa review /web/data/www.uiowa/iareview/production/tirweb/hypermedia/talan_memmott/plex/box 2brd-LFT.jpg
2002.01.26 18:39 B H:\Web Sites\whirldnewmedia\swiss\irweb\hypermedia\talan_memmott\plex\box\2brd-RGT.jpg <-- iowa review /web/data/www.uiowa/iareview/production/tirweb/hypermedia/talan_memmott/plex/box 2brd-RGT.jpg
2002.01.26 18:39 B H:\Web Sites\whirldnewmedia\swiss\irweb\hypermedia\talan_memmott\plex\box\3bgBLKgrid-TRN.gif <-- iowa review /web/data/www.uiowa/iareview/production/tirweb/hypermedia/talan_memmott/plex/box 3bgBLKgrid-TRN.gif
2002.01.26 18:39 B H:\Web Sites\whirldnewmedia\swiss\irweb\hypermedia\talan_memmott\plex\box\3bgBLKgrid.gif <-- iowa review /web/data/www.uiowa/iareview/production/tirweb/hypermedia/talan_memmott/plex/box 3bgBLKgrid.gif
2002.01.26 18:39 B H:\Web Sites\whirldnewmedia\swiss\irweb\hypermedia\talan_memmott\plex\box\3bgWHTgrid.gif <-- iowa review /web/data/www.uiowa/iareview/production/tirweb/hypermedia/talan_memmott/plex/box 3bgWHTgrid.gif
2002.01.26 18:39 B H:\Web Sites\whirldnewmedia\swiss\irweb\hypermedia\talan_memmott\plex\box\3bgWhtGridSML.gis.gif <-- iowa review /web/data/www.uiowa/iareview/production/tirweb/hypermedia/talan_memmott/plex/box 3bgWhtGridSML.gis.gif
2002.01.26 18:39 B H:\Web Sites\whirldnewmedia\swiss\irweb\hypermedia\talan_memmott\plex\box\3bgWhtGridSMLtrn.gif <-- iowa review /web/data/www.uiowa/iareview/production/tirweb/hypermedia/talan_memmott/plex/box 3bgWhtGridSMLtrn.gif
2002.01.26 18:39 B H:\Web Sites\whirldnewmedia\swiss\irweb\hypermedia\talan_memmott\plex\box\anonBG2.jpg <-- iowa review /web/data/www.uiowa/iareview/production/tirweb/hypermedia/talan_memmott/plex/box anonBG2.jpg
2002.01.26 18:39 B H:\Web Sites\whirldnewmedia\swiss\irweb\hypermedia\talan_memmott\plex\box\anonBG3.jpg <-- iowa review /web/data/www.uiowa/iareview/production/tirweb/hypermedia/talan_memmott/plex/box anonBG3.jpg
2002.01.26 18:39 B H:\Web Sites\whirldnewmedia\swiss\irweb\hypermedia\talan_memmott\plex\box\ARROWgryDN.gif <-- iowa review /web/data/www.uiowa/iareview/production/tirweb/hypermedia/talan_memmott/plex/box ARROWgryDN.gif
2002.01.26 18:39 B H:\Web Sites\whirldnewmedia\swiss\irweb\hypermedia\talan_memmott\plex\box\ARROWgryLT.gif <-- iowa review /web/data/www.uiowa/iareview/production/tirweb/hypermedia/talan_memmott/plex/box ARROWgryLT.gif
2002.01.26 18:39 B H:\Web Sites\whirldnewmedia\swiss\irweb\hypermedia\talan_memmott\plex\box\ARROWgryRT.gif <-- iowa review /web/data/www.uiowa/iareview/production/tirweb/hypermedia/talan_memmott/plex/box ARROWgryRT.gif
2002.01.26 18:39 B H:\Web Sites\whirldnewmedia\swiss\irweb\hypermedia\talan_memmott\plex\box\ARROWgryUP.gif <-- iowa review /web/data/www.uiowa/iareview/production/tirweb/hypermedia/talan_memmott/plex/box ARROWgryUP.gif
2002.01.26 18:39 B H:\Web Sites\whirldnewmedia\swiss\irweb\hypermedia\talan_memmott\plex\box\bg000.gif <-- iowa review /web/data/www.uiowa/iareview/production/tirweb/hypermedia/talan_memmott/plex/box bg000.gif
2002.01.26 18:39 B H:\Web Sites\whirldnewmedia\swiss\irweb\hypermedia\talan_memmott\plex\box\bg010.gif <-- iowa review /web/data/www.uiowa/iareview/production/tirweb/hypermedia/talan_memmott/plex/box bg010.gif
2002.01.26 18:39 B H:\Web Sites\whirldnewmedia\swiss\irweb\hypermedia\talan_memmott\plex\box\bg_grain.gif <-- iowa review /web/data/www.uiowa/iareview/production/tirweb/hypermedia/talan_memmott/plex/box bg_grain.gif
2002.01.26 18:39 B H:\Web Sites\whirldnewmedia\swiss\irweb\hypermedia\talan_memmott\plex\box\bgBLKsky.jpg <-- iowa review /web/data/www.uiowa/iareview/production/tirweb/hypermedia/talan_memmott/plex/box bgBLKsky.jpg
2002.01.26 18:39 B H:\Web Sites\whirldnewmedia\swiss\irweb\hypermedia\talan_memmott\plex\box\bib.jpg <-- iowa review /web/data/www.uiowa/iareview/production/tirweb/hypermedia/talan_memmott/plex/box bib.jpg
2002.01.26 18:39 B H:\Web Sites\whirldnewmedia\swiss\irweb\hypermedia\talan_memmott\plex\box\blu20Grid.gif <-- iowa review /web/data/www.uiowa/iareview/production/tirweb/hypermedia/talan_memmott/plex/box blu20Grid.gif
2002.01.26 18:39 B H:\Web Sites\whirldnewmedia\swiss\irweb\hypermedia\talan_memmott\plex\box\BRKTbluCL.gif <-- iowa review /web/data/www.uiowa/iareview/production/tirweb/hypermedia/talan_memmott/plex/box BRKTbluCL.gif
2002.01.26 18:39 B H:\Web Sites\whirldnewmedia\swiss\irweb\hypermedia\talan_memmott\plex\box\BRKTbluOP.gif <-- iowa review /web/data/www.uiowa/iareview/production/tirweb/hypermedia/talan_memmott/plex/box BRKTbluOP.gif
2002.01.26 18:39 B H:\Web Sites\whirldnewmedia\swiss\irweb\hypermedia\talan_memmott\plex\box\BRKTgreen.gif <-- iowa review /web/data/www.uiowa/iareview/production/tirweb/hypermedia/talan_memmott/plex/box BRKTgreen.gif
2002.01.26 18:39 B H:\Web Sites\whirldnewmedia\swiss\irweb\hypermedia\talan_memmott\plex\box\BRKTgreenCL.gif <-- iowa review /web/data/www.uiowa/iareview/production/tirweb/hypermedia/talan_memmott/plex/box BRKTgreenCL.gif
2002.01.26 18:40 B H:\Web Sites\whirldnewmedia\swiss\irweb\hypermedia\talan_memmott\plex\box\cov-attach.gif <-- iowa review /web/data/www.uiowa/iareview/production/tirweb/hypermedia/talan_memmott/plex/box cov-attach.gif
2002.01.26 18:40 B H:\Web Sites\whirldnewmedia\swiss\irweb\hypermedia\talan_memmott\plex\box\cov-exterm.gif <-- iowa review /web/data/www.uiowa/iareview/production/tirweb/hypermedia/talan_memmott/plex/box cov-exterm.gif
2002.01.26 18:40 B H:\Web Sites\whirldnewmedia\swiss\irweb\hypermedia\talan_memmott\plex\box\cov-funnls.gif <-- iowa review /web/data/www.uiowa/iareview/production/tirweb/hypermedia/talan_memmott/plex/box cov-funnls.gif
2002.01.26 18:40 B H:\Web Sites\whirldnewmedia\swiss\irweb\hypermedia\talan_memmott\plex\box\cov-meta.gif <-- iowa review /web/data/www.uiowa/iareview/production/tirweb/hypermedia/talan_memmott/plex/box cov-meta.gif
2002.01.26 18:40 B H:\Web Sites\whirldnewmedia\swiss\irweb\hypermedia\talan_memmott\plex\box\cov-sub.gif <-- iowa review /web/data/www.uiowa/iareview/production/tirweb/hypermedia/talan_memmott/plex/box cov-sub.gif
2002.01.26 18:40 B H:\Web Sites\whirldnewmedia\swiss\irweb\hypermedia\talan_memmott\plex\box\covAUTH.gif <-- iowa review /web/data/www.uiowa/iareview/production/tirweb/hypermedia/talan_memmott/plex/box covAUTH.gif
2002.01.26 18:40 B H:\Web Sites\whirldnewmedia\swiss\irweb\hypermedia\talan_memmott\plex\box\covLEXIA.gif <-- iowa review /web/data/www.uiowa/iareview/production/tirweb/hypermedia/talan_memmott/plex/box covLEXIA.gif
2002.01.26 18:40 B H:\Web Sites\whirldnewmedia\swiss\irweb\hypermedia\talan_memmott\plex\box\covPLEX1.gif <-- iowa review /web/data/www.uiowa/iareview/production/tirweb/hypermedia/talan_memmott/plex/box covPLEX1.gif
2002.01.26 18:40 B H:\Web Sites\whirldnewmedia\swiss\irweb\hypermedia\talan_memmott\plex\box\covPLEX2.gif <-- iowa review /web/data/www.uiowa/iareview/production/tirweb/hypermedia/talan_memmott/plex/box covPLEX2.gif
2002.01.26 18:40 B H:\Web Sites\whirldnewmedia\swiss\irweb\hypermedia\talan_memmott\plex\box\covTO.gif <-- iowa review /web/data/www.uiowa/iareview/production/tirweb/hypermedia/talan_memmott/plex/box covTO.gif
2002.01.26 18:40 B H:\Web Sites\whirldnewmedia\swiss\irweb\hypermedia\talan_memmott\plex\box\crete.gif <-- iowa review /web/data/www.uiowa/iareview/production/tirweb/hypermedia/talan_memmott/plex/box crete.gif
2002.01.26 18:40 B H:\Web Sites\whirldnewmedia\swiss\irweb\hypermedia\talan_memmott\plex\box\DELIVERY_MACHINE-00.gif <-- iowa review /web/data/www.uiowa/iareview/production/tirweb/hypermedia/talan_memmott/plex/box DELIVERY_MACHINE-00.gif
2002.01.26 18:40 B H:\Web Sites\whirldnewmedia\swiss\irweb\hypermedia\talan_memmott\plex\box\doxBlox01.gif <-- iowa review /web/data/www.uiowa/iareview/production/tirweb/hypermedia/talan_memmott/plex/box doxBlox01.gif
2002.01.26 18:40 B H:\Web Sites\whirldnewmedia\swiss\irweb\hypermedia\talan_memmott\plex\box\doxBlox02.gif <-- iowa review /web/data/www.uiowa/iareview/production/tirweb/hypermedia/talan_memmott/plex/box doxBlox02.gif
2002.01.26 18:40 B H:\Web Sites\whirldnewmedia\swiss\irweb\hypermedia\talan_memmott\plex\box\doxBloxBRD.gif <-- iowa review /web/data/www.uiowa/iareview/production/tirweb/hypermedia/talan_memmott/plex/box doxBloxBRD.gif
2002.01.26 18:40 B H:\Web Sites\whirldnewmedia\swiss\irweb\hypermedia\talan_memmott\plex\box\doxBloxEYE.gif <-- iowa review /web/data/www.uiowa/iareview/production/tirweb/hypermedia/talan_memmott/plex/box doxBloxEYE.gif
2002.01.26 18:40 B H:\Web Sites\whirldnewmedia\swiss\irweb\hypermedia\talan_memmott\plex\box\doxBloxWAV.gif <-- iowa review /web/data/www.uiowa/iareview/production/tirweb/hypermedia/talan_memmott/plex/box doxBloxWAV.gif
2002.01.26 18:40 B H:\Web Sites\whirldnewmedia\swiss\irweb\hypermedia\talan_memmott\plex\box\esBG-2.gif <-- iowa review /web/data/www.uiowa/iareview/production/tirweb/hypermedia/talan_memmott/plex/box esBG-2.gif
2002.01.26 18:40 B H:\Web Sites\whirldnewmedia\swiss\irweb\hypermedia\talan_memmott\plex\box\esBG.gif <-- iowa review /web/data/www.uiowa/iareview/production/tirweb/hypermedia/talan_memmott/plex/box esBG.gif
2002.01.26 18:40 B H:\Web Sites\whirldnewmedia\swiss\irweb\hypermedia\talan_memmott\plex\box\esBG317.gif <-- iowa review /web/data/www.uiowa/iareview/production/tirweb/hypermedia/talan_memmott/plex/box esBG317.gif
2002.01.26 18:40 B H:\Web Sites\whirldnewmedia\swiss\irweb\hypermedia\talan_memmott\plex\box\esBGbottom-2.gif <-- iowa review /web/data/www.uiowa/iareview/production/tirweb/hypermedia/talan_memmott/plex/box esBGbottom-2.gif
2002.01.26 18:40 B H:\Web Sites\whirldnewmedia\swiss\irweb\hypermedia\talan_memmott\plex\box\esBGbottom.gif <-- iowa review /web/data/www.uiowa/iareview/production/tirweb/hypermedia/talan_memmott/plex/box esBGbottom.gif
2002.01.26 18:40 B H:\Web Sites\whirldnewmedia\swiss\irweb\hypermedia\talan_memmott\plex\box\esBGtop-2.gif <-- iowa review /web/data/www.uiowa/iareview/production/tirweb/hypermedia/talan_memmott/plex/box esBGtop-2.gif
2002.01.26 18:40 B H:\Web Sites\whirldnewmedia\swiss\irweb\hypermedia\talan_memmott\plex\box\esBGtop.gif <-- iowa review /web/data/www.uiowa/iareview/production/tirweb/hypermedia/talan_memmott/plex/box esBGtop.gif
2002.01.26 18:40 B H:\Web Sites\whirldnewmedia\swiss\irweb\hypermedia\talan_memmott\plex\box\espanel-2.gif <-- iowa review /web/data/www.uiowa/iareview/production/tirweb/hypermedia/talan_memmott/plex/box espanel-2.gif
2002.01.26 18:40 B H:\Web Sites\whirldnewmedia\swiss\irweb\hypermedia\talan_memmott\plex\box\espanel.gif <-- iowa review /web/data/www.uiowa/iareview/production/tirweb/hypermedia/talan_memmott/plex/box espanel.gif
2002.01.26 18:40 B H:\Web Sites\whirldnewmedia\swiss\irweb\hypermedia\talan_memmott\plex\box\EXE-screen.gif <-- iowa review /web/data/www.uiowa/iareview/production/tirweb/hypermedia/talan_memmott/plex/box EXE-screen.gif
2002.01.26 18:40 B H:\Web Sites\whirldnewmedia\swiss\irweb\hypermedia\talan_memmott\plex\box\exe_books.gif <-- iowa review /web/data/www.uiowa/iareview/production/tirweb/hypermedia/talan_memmott/plex/box exe_books.gif
2002.01.26 18:40 B H:\Web Sites\whirldnewmedia\swiss\irweb\hypermedia\talan_memmott\plex\box\exeAceBODY.gif <-- iowa review /web/data/www.uiowa/iareview/production/tirweb/hypermedia/talan_memmott/plex/box exeAceBODY.gif
2002.01.26 18:40 B H:\Web Sites\whirldnewmedia\swiss\irweb\hypermedia\talan_memmott\plex\box\exeAceHead.gif <-- iowa review /web/data/www.uiowa/iareview/production/tirweb/hypermedia/talan_memmott/plex/box exeAceHead.gif
2002.01.26 18:40 B H:\Web Sites\whirldnewmedia\swiss\irweb\hypermedia\talan_memmott\plex\box\fingerUP.gif <-- iowa review /web/data/www.uiowa/iareview/production/tirweb/hypermedia/talan_memmott/plex/box fingerUP.gif
2002.01.26 18:40 B H:\Web Sites\whirldnewmedia\swiss\irweb\hypermedia\talan_memmott\plex\box\fingerUP2.gif <-- iowa review /web/data/www.uiowa/iareview/production/tirweb/hypermedia/talan_memmott/plex/box fingerUP2.gif
2002.01.26 18:40 B H:\Web Sites\whirldnewmedia\swiss\irweb\hypermedia\talan_memmott\plex\box\fl-org.gif <-- iowa review /web/data/www.uiowa/iareview/production/tirweb/hypermedia/talan_memmott/plex/box fl-org.gif
2002.01.26 18:40 B H:\Web Sites\whirldnewmedia\swiss\irweb\hypermedia\talan_memmott\plex\box\fl-pink.gif <-- iowa review /web/data/www.uiowa/iareview/production/tirweb/hypermedia/talan_memmott/plex/box fl-pink.gif
2002.01.26 18:40 B H:\Web Sites\whirldnewmedia\swiss\irweb\hypermedia\talan_memmott\plex\box\fl-tan.gif <-- iowa review /web/data/www.uiowa/iareview/production/tirweb/hypermedia/talan_memmott/plex/box fl-tan.gif
2002.01.26 18:40 B H:\Web Sites\whirldnewmedia\swiss\irweb\hypermedia\talan_memmott\plex\box\flag.gif <-- iowa review /web/data/www.uiowa/iareview/production/tirweb/hypermedia/talan_memmott/plex/box flag.gif
2002.01.26 18:40 B H:\Web Sites\whirldnewmedia\swiss\irweb\hypermedia\talan_memmott\plex\box\flk.gif <-- iowa review /web/data/www.uiowa/iareview/production/tirweb/hypermedia/talan_memmott/plex/box flk.gif
2002.01.26 18:40 B H:\Web Sites\whirldnewmedia\swiss\irweb\hypermedia\talan_memmott\plex\box\funnelDN.gif <-- iowa review /web/data/www.uiowa/iareview/production/tirweb/hypermedia/talan_memmott/plex/box funnelDN.gif
2002.01.26 18:40 B H:\Web Sites\whirldnewmedia\swiss\irweb\hypermedia\talan_memmott\plex\box\funnelLT.gif <-- iowa review /web/data/www.uiowa/iareview/production/tirweb/hypermedia/talan_memmott/plex/box funnelLT.gif
2002.01.26 18:40 B H:\Web Sites\whirldnewmedia\swiss\irweb\hypermedia\talan_memmott\plex\box\funnelRT.gif <-- iowa review /web/data/www.uiowa/iareview/production/tirweb/hypermedia/talan_memmott/plex/box funnelRT.gif
2002.01.26 18:40 B H:\Web Sites\whirldnewmedia\swiss\irweb\hypermedia\talan_memmott\plex\box\funnelUP.gif <-- iowa review /web/data/www.uiowa/iareview/production/tirweb/hypermedia/talan_memmott/plex/box funnelUP.gif
2002.01.26 18:40 B H:\Web Sites\whirldnewmedia\swiss\irweb\hypermedia\talan_memmott\plex\box\FUZZ1.gif <-- iowa review /web/data/www.uiowa/iareview/production/tirweb/hypermedia/talan_memmott/plex/box FUZZ1.gif
2002.01.26 18:40 B H:\Web Sites\whirldnewmedia\swiss\irweb\hypermedia\talan_memmott\plex\box\FUZZ2.jpg <-- iowa review /web/data/www.uiowa/iareview/production/tirweb/hypermedia/talan_memmott/plex/box FUZZ2.jpg
2002.01.26 18:40 B H:\Web Sites\whirldnewmedia\swiss\irweb\hypermedia\talan_memmott\plex\box\FUZZ3.jpg <-- iowa review /web/data/www.uiowa/iareview/production/tirweb/hypermedia/talan_memmott/plex/box FUZZ3.jpg
2002.01.26 18:40 B H:\Web Sites\whirldnewmedia\swiss\irweb\hypermedia\talan_memmott\plex\box\gobo.gif <-- iowa review /web/data/www.uiowa/iareview/production/tirweb/hypermedia/talan_memmott/plex/box gobo.gif
2002.01.26 18:40 B H:\Web Sites\whirldnewmedia\swiss\irweb\hypermedia\talan_memmott\plex\box\gobo2.gif <-- iowa review /web/data/www.uiowa/iareview/production/tirweb/hypermedia/talan_memmott/plex/box gobo2.gif
2002.01.26 18:40 B H:\Web Sites\whirldnewmedia\swiss\irweb\hypermedia\talan_memmott\plex\box\gobo3.gif <-- iowa review /web/data/www.uiowa/iareview/production/tirweb/hypermedia/talan_memmott/plex/box gobo3.gif
2002.01.26 18:40 B H:\Web Sites\whirldnewmedia\swiss\irweb\hypermedia\talan_memmott\plex\box\goto.gif <-- iowa review /web/data/www.uiowa/iareview/production/tirweb/hypermedia/talan_memmott/plex/box goto.gif
2002.01.26 18:40 B H:\Web Sites\whirldnewmedia\swiss\irweb\hypermedia\talan_memmott\plex\box\greenGrid-CRCL.gif <-- iowa review /web/data/www.uiowa/iareview/production/tirweb/hypermedia/talan_memmott/plex/box greenGrid-CRCL.gif
2002.01.26 18:40 B H:\Web Sites\whirldnewmedia\swiss\irweb\hypermedia\talan_memmott\plex\box\greenGrid.gif <-- iowa review /web/data/www.uiowa/iareview/production/tirweb/hypermedia/talan_memmott/plex/box greenGrid.gif
2002.01.26 18:40 B H:\Web Sites\whirldnewmedia\swiss\irweb\hypermedia\talan_memmott\plex\box\head.gif <-- iowa review /web/data/www.uiowa/iareview/production/tirweb/hypermedia/talan_memmott/plex/box head.gif
2002.01.26 18:40 B H:\Web Sites\whirldnewmedia\swiss\irweb\hypermedia\talan_memmott\plex\box\hole85.gif <-- iowa review /web/data/www.uiowa/iareview/production/tirweb/hypermedia/talan_memmott/plex/box hole85.gif
2002.01.26 18:40 B H:\Web Sites\whirldnewmedia\swiss\irweb\hypermedia\talan_memmott\plex\box\KA-feather.gif <-- iowa review /web/data/www.uiowa/iareview/production/tirweb/hypermedia/talan_memmott/plex/box KA-feather.gif
2002.01.26 18:40 B H:\Web Sites\whirldnewmedia\swiss\irweb\hypermedia\talan_memmott\plex\box\KA-osrs.gif <-- iowa review /web/data/www.uiowa/iareview/production/tirweb/hypermedia/talan_memmott/plex/box KA-osrs.gif
2002.01.26 18:40 B H:\Web Sites\whirldnewmedia\swiss\irweb\hypermedia\talan_memmott\plex\box\KA-water.gif <-- iowa review /web/data/www.uiowa/iareview/production/tirweb/hypermedia/talan_memmott/plex/box KA-water.gif
2002.01.26 18:40 B H:\Web Sites\whirldnewmedia\swiss\irweb\hypermedia\talan_memmott\plex\box\KAanbs.gif <-- iowa review /web/data/www.uiowa/iareview/production/tirweb/hypermedia/talan_memmott/plex/box KAanbs.gif
2002.01.26 18:40 B H:\Web Sites\whirldnewmedia\swiss\irweb\hypermedia\talan_memmott\plex\box\KAgenericNETER.gif <-- iowa review /web/data/www.uiowa/iareview/production/tirweb/hypermedia/talan_memmott/plex/box KAgenericNETER.gif
2002.01.26 18:40 B H:\Web Sites\whirldnewmedia\swiss\irweb\hypermedia\talan_memmott\plex\box\KAhrs.gif <-- iowa review /web/data/www.uiowa/iareview/production/tirweb/hypermedia/talan_memmott/plex/box KAhrs.gif
2002.01.26 18:40 B H:\Web Sites\whirldnewmedia\swiss\irweb\hypermedia\talan_memmott\plex\box\KAmaat.gif <-- iowa review /web/data/www.uiowa/iareview/production/tirweb/hypermedia/talan_memmott/plex/box KAmaat.gif
2002.01.26 18:40 B H:\Web Sites\whirldnewmedia\swiss\irweb\hypermedia\talan_memmott\plex\box\kaMID.gif <-- iowa review /web/data/www.uiowa/iareview/production/tirweb/hypermedia/talan_memmott/plex/box kaMID.gif
2002.01.26 18:40 B H:\Web Sites\whirldnewmedia\swiss\irweb\hypermedia\talan_memmott\plex\box\kaMINI.gif <-- iowa review /web/data/www.uiowa/iareview/production/tirweb/hypermedia/talan_memmott/plex/box kaMINI.gif
2002.01.26 18:40 B H:\Web Sites\whirldnewmedia\swiss\irweb\hypermedia\talan_memmott\plex\box\kaTHTH.gif <-- iowa review /web/data/www.uiowa/iareview/production/tirweb/hypermedia/talan_memmott/plex/box kaTHTH.gif
2002.01.26 18:40 B H:\Web Sites\whirldnewmedia\swiss\irweb\hypermedia\talan_memmott\plex\box\KAththIC.gif <-- iowa review /web/data/www.uiowa/iareview/production/tirweb/hypermedia/talan_memmott/plex/box KAththIC.gif
2002.01.26 18:40 B H:\Web Sites\whirldnewmedia\swiss\irweb\hypermedia\talan_memmott\plex\box\LacLinesBlck.gif <-- iowa review /web/data/www.uiowa/iareview/production/tirweb/hypermedia/talan_memmott/plex/box LacLinesBlck.gif
2002.01.26 18:40 B H:\Web Sites\whirldnewmedia\swiss\irweb\hypermedia\talan_memmott\plex\box\LacLinesClr.gif <-- iowa review /web/data/www.uiowa/iareview/production/tirweb/hypermedia/talan_memmott/plex/box LacLinesClr.gif
2002.01.26 18:40 B H:\Web Sites\whirldnewmedia\swiss\irweb\hypermedia\talan_memmott\plex\box\laybChip.jpg <-- iowa review /web/data/www.uiowa/iareview/production/tirweb/hypermedia/talan_memmott/plex/box laybChip.jpg
2002.01.26 18:40 B H:\Web Sites\whirldnewmedia\swiss\irweb\hypermedia\talan_memmott\plex\box\LEXIA-auth.gif <-- iowa review /web/data/www.uiowa/iareview/production/tirweb/hypermedia/talan_memmott/plex/box LEXIA-auth.gif
2002.01.26 18:40 B H:\Web Sites\whirldnewmedia\swiss\irweb\hypermedia\talan_memmott\plex\box\LEXIA-TO.gif <-- iowa review /web/data/www.uiowa/iareview/production/tirweb/hypermedia/talan_memmott/plex/box LEXIA-TO.gif
2002.01.26 18:40 B H:\Web Sites\whirldnewmedia\swiss\irweb\hypermedia\talan_memmott\plex\box\LN-downLFT.gif <-- iowa review /web/data/www.uiowa/iareview/production/tirweb/hypermedia/talan_memmott/plex/box LN-downLFT.gif
2002.01.26 18:40 B H:\Web Sites\whirldnewmedia\swiss\irweb\hypermedia\talan_memmott\plex\box\LN-downRGT.gif <-- iowa review /web/data/www.uiowa/iareview/production/tirweb/hypermedia/talan_memmott/plex/box LN-downRGT.gif
2002.01.26 18:40 B H:\Web Sites\whirldnewmedia\swiss\irweb\hypermedia\talan_memmott\plex\box\LN-upLFT.gif <-- iowa review /web/data/www.uiowa/iareview/production/tirweb/hypermedia/talan_memmott/plex/box LN-upLFT.gif
2002.01.26 18:40 B H:\Web Sites\whirldnewmedia\swiss\irweb\hypermedia\talan_memmott\plex\box\LN-upRGT.gif <-- iowa review /web/data/www.uiowa/iareview/production/tirweb/hypermedia/talan_memmott/plex/box LN-upRGT.gif
2002.01.26 18:40 B H:\Web Sites\whirldnewmedia\swiss\irweb\hypermedia\talan_memmott\plex\box\menu-attach.gif <-- iowa review /web/data/www.uiowa/iareview/production/tirweb/hypermedia/talan_memmott/plex/box menu-attach.gif
2002.01.26 18:40 B H:\Web Sites\whirldnewmedia\swiss\irweb\hypermedia\talan_memmott\plex\box\menu-ATTCH.gif <-- iowa review /web/data/www.uiowa/iareview/production/tirweb/hypermedia/talan_memmott/plex/box menu-ATTCH.gif
2002.01.26 18:40 B H:\Web Sites\whirldnewmedia\swiss\irweb\hypermedia\talan_memmott\plex\box\menu-AUTH.gif <-- iowa review /web/data/www.uiowa/iareview/production/tirweb/hypermedia/talan_memmott/plex/box menu-AUTH.gif
2002.01.26 18:40 B H:\Web Sites\whirldnewmedia\swiss\irweb\hypermedia\talan_memmott\plex\box\menu-cyb.gif <-- iowa review /web/data/www.uiowa/iareview/production/tirweb/hypermedia/talan_memmott/plex/box menu-cyb.gif
2002.01.26 18:40 B H:\Web Sites\whirldnewmedia\swiss\irweb\hypermedia\talan_memmott\plex\box\menu-FNNL.gif <-- iowa review /web/data/www.uiowa/iareview/production/tirweb/hypermedia/talan_memmott/plex/box menu-FNNL.gif
2002.01.26 18:40 B H:\Web Sites\whirldnewmedia\swiss\irweb\hypermedia\talan_memmott\plex\box\menu-ka.gif <-- iowa review /web/data/www.uiowa/iareview/production/tirweb/hypermedia/talan_memmott/plex/box menu-ka.gif
2002.01.26 18:40 B H:\Web Sites\whirldnewmedia\swiss\irweb\hypermedia\talan_memmott\plex\box\menu-META.gif <-- iowa review /web/data/www.uiowa/iareview/production/tirweb/hypermedia/talan_memmott/plex/box menu-META.gif
2002.01.26 18:40 B H:\Web Sites\whirldnewmedia\swiss\irweb\hypermedia\talan_memmott\plex\box\menu-XTRM.gif <-- iowa review /web/data/www.uiowa/iareview/production/tirweb/hypermedia/talan_memmott/plex/box menu-XTRM.gif
2002.01.26 18:40 B H:\Web Sites\whirldnewmedia\swiss\irweb\hypermedia\talan_memmott\plex\box\menuLEX.gif <-- iowa review /web/data/www.uiowa/iareview/production/tirweb/hypermedia/talan_memmott/plex/box menuLEX.gif
2002.01.26 18:40 B H:\Web Sites\whirldnewmedia\swiss\irweb\hypermedia\talan_memmott\plex\box\metaAceBODY.gif <-- iowa review /web/data/www.uiowa/iareview/production/tirweb/hypermedia/talan_memmott/plex/box metaAceBODY.gif
2002.01.26 18:40 B H:\Web Sites\whirldnewmedia\swiss\irweb\hypermedia\talan_memmott\plex\box\metaAceHead.gif <-- iowa review /web/data/www.uiowa/iareview/production/tirweb/hypermedia/talan_memmott/plex/box metaAceHead.gif
2002.01.26 18:40 B H:\Web Sites\whirldnewmedia\swiss\irweb\hypermedia\talan_memmott\plex\box\metaEARTH.jpg <-- iowa review /web/data/www.uiowa/iareview/production/tirweb/hypermedia/talan_memmott/plex/box metaEARTH.jpg
2002.01.26 18:40 B H:\Web Sites\whirldnewmedia\swiss\irweb\hypermedia\talan_memmott\plex\box\metaLOcurv.jpg <-- iowa review /web/data/www.uiowa/iareview/production/tirweb/hypermedia/talan_memmott/plex/box metaLOcurv.jpg
2002.01.26 18:40 B H:\Web Sites\whirldnewmedia\swiss\irweb\hypermedia\talan_memmott\plex\box\minoanSPAN.gif <-- iowa review /web/data/www.uiowa/iareview/production/tirweb/hypermedia/talan_memmott/plex/box minoanSPAN.gif
2002.01.26 18:40 B H:\Web Sites\whirldnewmedia\swiss\irweb\hypermedia\talan_memmott\plex\box\monitorBLU.gif <-- iowa review /web/data/www.uiowa/iareview/production/tirweb/hypermedia/talan_memmott/plex/box monitorBLU.gif
2002.01.26 18:40 B H:\Web Sites\whirldnewmedia\swiss\irweb\hypermedia\talan_memmott\plex\box\monitorRED.gif <-- iowa review /web/data/www.uiowa/iareview/production/tirweb/hypermedia/talan_memmott/plex/box monitorRED.gif
2002.01.26 18:40 B H:\Web Sites\whirldnewmedia\swiss\irweb\hypermedia\talan_memmott\plex\box\neg-eyeLRG.gif <-- iowa review /web/data/www.uiowa/iareview/production/tirweb/hypermedia/talan_memmott/plex/box neg-eyeLRG.gif
2002.01.26 18:40 B H:\Web Sites\whirldnewmedia\swiss\irweb\hypermedia\talan_memmott\plex\box\neg-eyeSML.gif <-- iowa review /web/data/www.uiowa/iareview/production/tirweb/hypermedia/talan_memmott/plex/box neg-eyeSML.gif
2002.01.26 18:40 B H:\Web Sites\whirldnewmedia\swiss\irweb\hypermedia\talan_memmott\plex\box\negPOS-eyeSML.gif <-- iowa review /web/data/www.uiowa/iareview/production/tirweb/hypermedia/talan_memmott/plex/box negPOS-eyeSML.gif
2002.01.26 18:40 B H:\Web Sites\whirldnewmedia\swiss\irweb\hypermedia\talan_memmott\plex\box\nn.gif <-- iowa review /web/data/www.uiowa/iareview/production/tirweb/hypermedia/talan_memmott/plex/box nn.gif
2002.01.26 18:40 B H:\Web Sites\whirldnewmedia\swiss\irweb\hypermedia\talan_memmott\plex\box\OPlrg-crcl.gif <-- iowa review /web/data/www.uiowa/iareview/production/tirweb/hypermedia/talan_memmott/plex/box OPlrg-crcl.gif
2002.01.26 18:40 B H:\Web Sites\whirldnewmedia\swiss\irweb\hypermedia\talan_memmott\plex\box\OPlrg-crcl02.gif <-- iowa review /web/data/www.uiowa/iareview/production/tirweb/hypermedia/talan_memmott/plex/box OPlrg-crcl02.gif
2002.01.26 18:40 B H:\Web Sites\whirldnewmedia\swiss\irweb\hypermedia\talan_memmott\plex\box\OPmed-arch.gif <-- iowa review /web/data/www.uiowa/iareview/production/tirweb/hypermedia/talan_memmott/plex/box OPmed-arch.gif
2002.01.26 18:40 B H:\Web Sites\whirldnewmedia\swiss\irweb\hypermedia\talan_memmott\plex\box\PARENgryCL.gif <-- iowa review /web/data/www.uiowa/iareview/production/tirweb/hypermedia/talan_memmott/plex/box PARENgryCL.gif
2002.01.26 18:40 B H:\Web Sites\whirldnewmedia\swiss\irweb\hypermedia\talan_memmott\plex\box\PARENgryOP.gif <-- iowa review /web/data/www.uiowa/iareview/production/tirweb/hypermedia/talan_memmott/plex/box PARENgryOP.gif
2002.01.26 18:40 B H:\Web Sites\whirldnewmedia\swiss\irweb\hypermedia\talan_memmott\plex\box\pixblrFC-LT.gif <-- iowa review /web/data/www.uiowa/iareview/production/tirweb/hypermedia/talan_memmott/plex/box pixblrFC-LT.gif
2002.01.26 18:41 B H:\Web Sites\whirldnewmedia\swiss\irweb\hypermedia\talan_memmott\plex\box\pixblrFC-RT.gif <-- iowa review /web/data/www.uiowa/iareview/production/tirweb/hypermedia/talan_memmott/plex/box pixblrFC-RT.gif
2002.01.26 18:41 B H:\Web Sites\whirldnewmedia\swiss\irweb\hypermedia\talan_memmott\plex\box\pixFC-LT.gif <-- iowa review /web/data/www.uiowa/iareview/production/tirweb/hypermedia/talan_memmott/plex/box pixFC-LT.gif
2002.01.26 18:41 B H:\Web Sites\whirldnewmedia\swiss\irweb\hypermedia\talan_memmott\plex\box\pixFC-RT.gif <-- iowa review /web/data/www.uiowa/iareview/production/tirweb/hypermedia/talan_memmott/plex/box pixFC-RT.gif
2002.01.26 18:41 B H:\Web Sites\whirldnewmedia\swiss\irweb\hypermedia\talan_memmott\plex\box\PLEXIA1.gif <-- iowa review /web/data/www.uiowa/iareview/production/tirweb/hypermedia/talan_memmott/plex/box PLEXIA1.gif
2002.01.26 18:41 B H:\Web Sites\whirldnewmedia\swiss\irweb\hypermedia\talan_memmott\plex\box\PLEXIA2.gif <-- iowa review /web/data/www.uiowa/iareview/production/tirweb/hypermedia/talan_memmott/plex/box PLEXIA2.gif
2002.01.26 18:41 B H:\Web Sites\whirldnewmedia\swiss\irweb\hypermedia\talan_memmott\plex\box\ribbonANIM.gif <-- iowa review /web/data/www.uiowa/iareview/production/tirweb/hypermedia/talan_memmott/plex/box ribbonANIM.gif
2002.01.26 18:41 B H:\Web Sites\whirldnewmedia\swiss\irweb\hypermedia\talan_memmott\plex\box\ribbonANIM2.gif <-- iowa review /web/data/www.uiowa/iareview/production/tirweb/hypermedia/talan_memmott/plex/box ribbonANIM2.gif
2002.01.26 18:41 B H:\Web Sites\whirldnewmedia\swiss\irweb\hypermedia\talan_memmott\plex\box\ring100.gif <-- iowa review /web/data/www.uiowa/iareview/production/tirweb/hypermedia/talan_memmott/plex/box ring100.gif
2002.01.26 18:41 B H:\Web Sites\whirldnewmedia\swiss\irweb\hypermedia\talan_memmott\plex\box\ring190.gif <-- iowa review /web/data/www.uiowa/iareview/production/tirweb/hypermedia/talan_memmott/plex/box ring190.gif
2002.01.26 18:41 B H:\Web Sites\whirldnewmedia\swiss\irweb\hypermedia\talan_memmott\plex\box\ring40.gif <-- iowa review /web/data/www.uiowa/iareview/production/tirweb/hypermedia/talan_memmott/plex/box ring40.gif
2002.01.26 18:41 B H:\Web Sites\whirldnewmedia\swiss\irweb\hypermedia\talan_memmott\plex\box\screenHLE-WHT.gif <-- iowa review /web/data/www.uiowa/iareview/production/tirweb/hypermedia/talan_memmott/plex/box screenHLE-WHT.gif
2002.01.26 18:41 B H:\Web Sites\whirldnewmedia\swiss\irweb\hypermedia\talan_memmott\plex\box\screenHLE.gif <-- iowa review /web/data/www.uiowa/iareview/production/tirweb/hypermedia/talan_memmott/plex/box screenHLE.gif
2002.01.26 18:41 B H:\Web Sites\whirldnewmedia\swiss\irweb\hypermedia\talan_memmott\plex\box\sharphole.GIF <-- iowa review /web/data/www.uiowa/iareview/production/tirweb/hypermedia/talan_memmott/plex/box sharphole.GIF
2002.01.26 18:41 B H:\Web Sites\whirldnewmedia\swiss\irweb\hypermedia\talan_memmott\plex\box\smallScreenBLK.gif <-- iowa review /web/data/www.uiowa/iareview/production/tirweb/hypermedia/talan_memmott/plex/box smallScreenBLK.gif
2002.01.26 18:41 B H:\Web Sites\whirldnewmedia\swiss\irweb\hypermedia\talan_memmott\plex\box\smallScreenWHT.gif <-- iowa review /web/data/www.uiowa/iareview/production/tirweb/hypermedia/talan_memmott/plex/box smallScreenWHT.gif
2002.01.26 18:41 B H:\Web Sites\whirldnewmedia\swiss\irweb\hypermedia\talan_memmott\plex\box\star-A.gif <-- iowa review /web/data/www.uiowa/iareview/production/tirweb/hypermedia/talan_memmott/plex/box star-A.gif
2002.01.26 18:41 B H:\Web Sites\whirldnewmedia\swiss\irweb\hypermedia\talan_memmott\plex\box\star-Asmall.gif <-- iowa review /web/data/www.uiowa/iareview/production/tirweb/hypermedia/talan_memmott/plex/box star-Asmall.gif
2002.01.26 18:41 B H:\Web Sites\whirldnewmedia\swiss\irweb\hypermedia\talan_memmott\plex\box\TEST.gif <-- iowa review /web/data/www.uiowa/iareview/production/tirweb/hypermedia/talan_memmott/plex/box TEST.gif
2002.01.26 18:41 B H:\Web Sites\whirldnewmedia\swiss\irweb\hypermedia\talan_memmott\plex\box\theraRING.gif <-- iowa review /web/data/www.uiowa/iareview/production/tirweb/hypermedia/talan_memmott/plex/box theraRING.gif
2002.01.26 18:41 B H:\Web Sites\whirldnewmedia\swiss\irweb\hypermedia\talan_memmott\plex\box\title-sub.gif <-- iowa review /web/data/www.uiowa/iareview/production/tirweb/hypermedia/talan_memmott/plex/box title-sub.gif
2002.02.07 16:48 B H:\Web Sites\whirldnewmedia\swiss\irweb\tirweb\hypermedia\talan_memmott\plex\box\blk.gif --> www.uiowa.edu /web/data/www.uiowa/iareview/production/tirweb/hypermedia/talan_memmott/plex/box blk.gif
2002.02.07 16:48 B H:\Web Sites\whirldnewmedia\swiss\irweb\tirweb\hypermedia\talan_memmott\plex\box\doxBlox00.gif --> www.uiowa.edu /web/data/www.uiowa/iareview/production/tirweb/hypermedia/talan_memmott/plex/box doxBlox00.gif
2002.02.07 16:48 B H:\Web Sites\whirldnewmedia\swiss\irweb\tirweb\hypermedia\talan_memmott\plex\box\KA-maatIcon.gif --> www.uiowa.edu /web/data/www.uiowa/iareview/production/tirweb/hypermedia/talan_memmott/plex/box KA-maatIcon.gif
2002.02.07 16:48 B H:\Web Sites\whirldnewmedia\swiss\irweb\tirweb\hypermedia\talan_memmott\plex\box\KA-vessel.gif --> www.uiowa.edu /web/data/www.uiowa/iareview/production/tirweb/hypermedia/talan_memmott/plex/box KA-vessel.gif
