100.07.28 21:37 B d:\my documents\0000000000000000000\birth\14.html <-- cunix /pub4/sentryhq/www/net/heelstone/meridian/templates/birth 14.html
100.07.28 21:37 B d:\my documents\0000000000000000000\birth\abducted1.html <-- cunix /pub4/sentryhq/www/net/heelstone/meridian/templates/birth abducted1.html
100.07.28 21:37 B d:\my documents\0000000000000000000\birth\abducted2.html <-- cunix /pub4/sentryhq/www/net/heelstone/meridian/templates/birth abducted2.html
100.07.28 21:37 B d:\my documents\0000000000000000000\birth\abducted3.html <-- cunix /pub4/sentryhq/www/net/heelstone/meridian/templates/birth abducted3.html
100.07.28 21:37 B d:\my documents\0000000000000000000\birth\abducted4.html <-- cunix /pub4/sentryhq/www/net/heelstone/meridian/templates/birth abducted4.html
100.07.28 21:37 B d:\my documents\0000000000000000000\birth\abducted5.html <-- cunix /pub4/sentryhq/www/net/heelstone/meridian/templates/birth abducted5.html
100.07.28 21:37 B d:\my documents\0000000000000000000\birth\aix1.html <-- cunix /pub4/sentryhq/www/net/heelstone/meridian/templates/birth aix1.html
100.07.28 21:37 B d:\my documents\0000000000000000000\birth\anguish.gif <-- cunix /pub4/sentryhq/www/net/heelstone/meridian/templates/birth anguish.gif
100.07.28 21:37 B d:\my documents\0000000000000000000\birth\anguish.html <-- cunix /pub4/sentryhq/www/net/heelstone/meridian/templates/birth anguish.html
100.07.28 21:37 B d:\my documents\0000000000000000000\birth\anguish.jpg <-- cunix /pub4/sentryhq/www/net/heelstone/meridian/templates/birth anguish.jpg
100.07.28 21:37 B d:\my documents\0000000000000000000\birth\anguish1.jpg <-- cunix /pub4/sentryhq/www/net/heelstone/meridian/templates/birth anguish1.jpg
100.07.28 21:37 B d:\my documents\0000000000000000000\birth\anguishanim.gif <-- cunix /pub4/sentryhq/www/net/heelstone/meridian/templates/birth anguishanim.gif
100.07.28 21:37 B d:\my documents\0000000000000000000\birth\arrow.jpg <-- cunix /pub4/sentryhq/www/net/heelstone/meridian/templates/birth arrow.jpg
100.07.28 21:37 B d:\my documents\0000000000000000000\birth\arrowdown.jpg <-- cunix /pub4/sentryhq/www/net/heelstone/meridian/templates/birth arrowdown.jpg
100.07.28 21:37 B d:\my documents\0000000000000000000\birth\arrowup.jpg <-- cunix /pub4/sentryhq/www/net/heelstone/meridian/templates/birth arrowup.jpg
100.07.28 21:37 B d:\my documents\0000000000000000000\birth\boy.html <-- cunix /pub4/sentryhq/www/net/heelstone/meridian/templates/birth boy.html
100.07.28 21:37 B d:\my documents\0000000000000000000\birth\cezanne.jpg <-- cunix /pub4/sentryhq/www/net/heelstone/meridian/templates/birth cezanne.jpg
100.07.28 21:37 B d:\my documents\0000000000000000000\birth\credits.html <-- cunix /pub4/sentryhq/www/net/heelstone/meridian/templates/birth credits.html
100.07.28 21:37 B d:\my documents\0000000000000000000\birth\ctoganim.gif <-- cunix /pub4/sentryhq/www/net/heelstone/meridian/templates/birth ctoganim.gif
100.07.28 21:37 B d:\my documents\0000000000000000000\birth\figure.gif <-- cunix /pub4/sentryhq/www/net/heelstone/meridian/templates/birth figure.gif
100.07.28 21:37 B d:\my documents\0000000000000000000\birth\flower.jpg <-- cunix /pub4/sentryhq/www/net/heelstone/meridian/templates/birth flower.jpg
100.07.28 21:37 B d:\my documents\0000000000000000000\birth\flowers.html <-- cunix /pub4/sentryhq/www/net/heelstone/meridian/templates/birth flowers.html
100.07.28 21:37 B d:\my documents\0000000000000000000\birth\gauguin.jpg <-- cunix /pub4/sentryhq/www/net/heelstone/meridian/templates/birth gauguin.jpg
100.07.28 21:37 B d:\my documents\0000000000000000000\birth\gpaintingv.jpg <-- cunix /pub4/sentryhq/www/net/heelstone/meridian/templates/birth gpaintingv.jpg
100.07.28 21:37 B d:\my documents\0000000000000000000\birth\heroism.html <-- cunix /pub4/sentryhq/www/net/heelstone/meridian/templates/birth heroism.html
100.07.28 21:37 B d:\my documents\0000000000000000000\birth\index.html <-- cunix /pub4/sentryhq/www/net/heelstone/meridian/templates/birth index.html
100.07.28 21:37 B d:\my documents\0000000000000000000\birth\lightanim.gif <-- cunix /pub4/sentryhq/www/net/heelstone/meridian/templates/birth lightanim.gif
100.07.28 21:37 B d:\my documents\0000000000000000000\birth\madonna.html <-- cunix /pub4/sentryhq/www/net/heelstone/meridian/templates/birth madonna.html
100.07.28 21:37 B d:\my documents\0000000000000000000\birth\madonna.jpg <-- cunix /pub4/sentryhq/www/net/heelstone/meridian/templates/birth madonna.jpg
100.07.28 21:37 B d:\my documents\0000000000000000000\birth\madonna1.jpg <-- cunix /pub4/sentryhq/www/net/heelstone/meridian/templates/birth madonna1.jpg
100.07.28 21:38 B d:\my documents\0000000000000000000\birth\madonnaanim.gif <-- cunix /pub4/sentryhq/www/net/heelstone/meridian/templates/birth madonnaanim.gif
100.07.28 21:38 B d:\my documents\0000000000000000000\birth\maneto.html <-- cunix /pub4/sentryhq/www/net/heelstone/meridian/templates/birth maneto.html
100.07.28 21:38 B d:\my documents\0000000000000000000\birth\marae.html <-- cunix /pub4/sentryhq/www/net/heelstone/meridian/templates/birth marae.html
100.07.28 21:38 B d:\my documents\0000000000000000000\birth\marie.html <-- cunix /pub4/sentryhq/www/net/heelstone/meridian/templates/birth marie.html
100.07.28 21:38 B d:\my documents\0000000000000000000\birth\modern.html <-- cunix /pub4/sentryhq/www/net/heelstone/meridian/templates/birth modern.html
100.07.28 21:38 B d:\my documents\0000000000000000000\birth\olympia.html <-- cunix /pub4/sentryhq/www/net/heelstone/meridian/templates/birth olympia.html
100.07.28 21:38 B d:\my documents\0000000000000000000\birth\olympia.jpg <-- cunix /pub4/sentryhq/www/net/heelstone/meridian/templates/birth olympia.jpg
100.07.28 21:38 B d:\my documents\0000000000000000000\birth\olympia1.jpg <-- cunix /pub4/sentryhq/www/net/heelstone/meridian/templates/birth olympia1.jpg
100.07.28 21:38 B d:\my documents\0000000000000000000\birth\olympiaanim.gif <-- cunix /pub4/sentryhq/www/net/heelstone/meridian/templates/birth olympiaanim.gif
100.07.28 21:38 B d:\my documents\0000000000000000000\birth\painting.html <-- cunix /pub4/sentryhq/www/net/heelstone/meridian/templates/birth painting.html
100.07.28 21:38 B d:\my documents\0000000000000000000\birth\recherche.jpg <-- cunix /pub4/sentryhq/www/net/heelstone/meridian/templates/birth recherche.jpg
100.07.28 21:38 B d:\my documents\0000000000000000000\birth\skull.jpg <-- cunix /pub4/sentryhq/www/net/heelstone/meridian/templates/birth skull.jpg
100.07.28 21:38 B d:\my documents\0000000000000000000\birth\sunfloweranim.gif <-- cunix /pub4/sentryhq/www/net/heelstone/meridian/templates/birth sunfloweranim.gif
100.07.28 21:38 B d:\my documents\0000000000000000000\birth\sunflowers1.jpg <-- cunix /pub4/sentryhq/www/net/heelstone/meridian/templates/birth sunflowers1.jpg
100.07.28 21:38 B d:\my documents\0000000000000000000\birth\tobe.html <-- cunix /pub4/sentryhq/www/net/heelstone/meridian/templates/birth tobe.html
100.07.28 21:38 B d:\my documents\0000000000000000000\birth\transolympia.gif <-- cunix /pub4/sentryhq/www/net/heelstone/meridian/templates/birth transolympia.gif
100.07.28 21:38 B d:\my documents\0000000000000000000\birth\victoire.html <-- cunix /pub4/sentryhq/www/net/heelstone/meridian/templates/birth victoire.html
100.07.28 21:38 B d:\my documents\0000000000000000000\birth\welcome.html <-- cunix /pub4/sentryhq/www/net/heelstone/meridian/templates/birth welcome.html
100.07.28 21:38 B d:\my documents\0000000000000000000\birth\wild1.html <-- cunix /pub4/sentryhq/www/net/heelstone/meridian/templates/birth wild1.html
100.07.28 21:38 B d:\my documents\0000000000000000000\birth\wild2.html <-- cunix /pub4/sentryhq/www/net/heelstone/meridian/templates/birth wild2.html
100.07.28 21:38 B d:\my documents\0000000000000000000\birth\wild3.html <-- cunix /pub4/sentryhq/www/net/heelstone/meridian/templates/birth wild3.html
100.07.28 21:38 B d:\my documents\0000000000000000000\birth\wild4.html <-- cunix /pub4/sentryhq/www/net/heelstone/meridian/templates/birth wild4.html
100.07.28 21:38 B d:\my documents\0000000000000000000\birth\wild5.html <-- cunix /pub4/sentryhq/www/net/heelstone/meridian/templates/birth wild5.html
100.07.28 21:39 B d:\my documents\0000000000000000000\jennifer_ley\14.html --> www.uiowa.edu /local/www/home/iareview/production/tirweb/hypermedia/jennifer_ley 14.html
100.07.28 21:39 B d:\my documents\0000000000000000000\jennifer_ley\abducted1.html --> www.uiowa.edu /local/www/home/iareview/production/tirweb/hypermedia/jennifer_ley abducted1.html
100.07.28 21:39 B d:\my documents\0000000000000000000\jennifer_ley\abducted2.html --> www.uiowa.edu /local/www/home/iareview/production/tirweb/hypermedia/jennifer_ley abducted2.html
100.07.28 21:39 B d:\my documents\0000000000000000000\jennifer_ley\abducted3.html --> www.uiowa.edu /local/www/home/iareview/production/tirweb/hypermedia/jennifer_ley abducted3.html
100.07.28 21:39 B d:\my documents\0000000000000000000\jennifer_ley\abducted4.html --> www.uiowa.edu /local/www/home/iareview/production/tirweb/hypermedia/jennifer_ley abducted4.html
100.07.28 21:39 B d:\my documents\0000000000000000000\jennifer_ley\abducted5.html --> www.uiowa.edu /local/www/home/iareview/production/tirweb/hypermedia/jennifer_ley abducted5.html
100.07.28 21:39 B d:\my documents\0000000000000000000\jennifer_ley\aix1.html --> www.uiowa.edu /local/www/home/iareview/production/tirweb/hypermedia/jennifer_ley aix1.html
100.07.28 21:39 B d:\my documents\0000000000000000000\jennifer_ley\anguish.gif --> www.uiowa.edu /local/www/home/iareview/production/tirweb/hypermedia/jennifer_ley anguish.gif
100.07.28 21:39 B d:\my documents\0000000000000000000\jennifer_ley\anguish.html --> www.uiowa.edu /local/www/home/iareview/production/tirweb/hypermedia/jennifer_ley anguish.html
100.07.28 21:39 B d:\my documents\0000000000000000000\jennifer_ley\anguish.jpg --> www.uiowa.edu /local/www/home/iareview/production/tirweb/hypermedia/jennifer_ley anguish.jpg
100.07.28 21:39 B d:\my documents\0000000000000000000\jennifer_ley\anguish1.jpg --> www.uiowa.edu /local/www/home/iareview/production/tirweb/hypermedia/jennifer_ley anguish1.jpg
100.07.28 21:39 B d:\my documents\0000000000000000000\jennifer_ley\anguishanim.gif --> www.uiowa.edu /local/www/home/iareview/production/tirweb/hypermedia/jennifer_ley anguishanim.gif
100.07.28 21:39 B d:\my documents\0000000000000000000\jennifer_ley\arrow.jpg --> www.uiowa.edu /local/www/home/iareview/production/tirweb/hypermedia/jennifer_ley arrow.jpg
100.07.28 21:39 B d:\my documents\0000000000000000000\jennifer_ley\arrowdown.jpg --> www.uiowa.edu /local/www/home/iareview/production/tirweb/hypermedia/jennifer_ley arrowdown.jpg
100.07.28 21:39 B d:\my documents\0000000000000000000\jennifer_ley\arrowup.jpg --> www.uiowa.edu /local/www/home/iareview/production/tirweb/hypermedia/jennifer_ley arrowup.jpg
100.07.28 21:39 B d:\my documents\0000000000000000000\jennifer_ley\boy.html --> www.uiowa.edu /local/www/home/iareview/production/tirweb/hypermedia/jennifer_ley boy.html
100.07.28 21:39 B d:\my documents\0000000000000000000\jennifer_ley\cezanne.jpg --> www.uiowa.edu /local/www/home/iareview/production/tirweb/hypermedia/jennifer_ley cezanne.jpg
100.07.28 21:39 B d:\my documents\0000000000000000000\jennifer_ley\credits.html --> www.uiowa.edu /local/www/home/iareview/production/tirweb/hypermedia/jennifer_ley credits.html
100.07.28 21:39 B d:\my documents\0000000000000000000\jennifer_ley\ctoganim.gif --> www.uiowa.edu /local/www/home/iareview/production/tirweb/hypermedia/jennifer_ley ctoganim.gif
100.07.28 21:39 B d:\my documents\0000000000000000000\jennifer_ley\figure.gif --> www.uiowa.edu /local/www/home/iareview/production/tirweb/hypermedia/jennifer_ley figure.gif
100.07.28 21:39 B d:\my documents\0000000000000000000\jennifer_ley\flower.jpg --> www.uiowa.edu /local/www/home/iareview/production/tirweb/hypermedia/jennifer_ley flower.jpg
100.07.28 21:39 B d:\my documents\0000000000000000000\jennifer_ley\flowers.html --> www.uiowa.edu /local/www/home/iareview/production/tirweb/hypermedia/jennifer_ley flowers.html
100.07.28 21:39 B d:\my documents\0000000000000000000\jennifer_ley\gauguin.jpg --> www.uiowa.edu /local/www/home/iareview/production/tirweb/hypermedia/jennifer_ley gauguin.jpg
100.07.28 21:39 B d:\my documents\0000000000000000000\jennifer_ley\gpaintingv.jpg --> www.uiowa.edu /local/www/home/iareview/production/tirweb/hypermedia/jennifer_ley gpaintingv.jpg
100.07.28 21:39 B d:\my documents\0000000000000000000\jennifer_ley\heroism.html --> www.uiowa.edu /local/www/home/iareview/production/tirweb/hypermedia/jennifer_ley heroism.html
100.07.28 21:39 B d:\my documents\0000000000000000000\jennifer_ley\index.html --> www.uiowa.edu /local/www/home/iareview/production/tirweb/hypermedia/jennifer_ley index.html
100.07.28 21:39 B d:\my documents\0000000000000000000\jennifer_ley\lightanim.gif --> www.uiowa.edu /local/www/home/iareview/production/tirweb/hypermedia/jennifer_ley lightanim.gif
100.07.28 21:39 B d:\my documents\0000000000000000000\jennifer_ley\madonna.html --> www.uiowa.edu /local/www/home/iareview/production/tirweb/hypermedia/jennifer_ley madonna.html
100.07.28 21:39 B d:\my documents\0000000000000000000\jennifer_ley\madonna.jpg --> www.uiowa.edu /local/www/home/iareview/production/tirweb/hypermedia/jennifer_ley madonna.jpg
100.07.28 21:39 B d:\my documents\0000000000000000000\jennifer_ley\madonna1.jpg --> www.uiowa.edu /local/www/home/iareview/production/tirweb/hypermedia/jennifer_ley madonna1.jpg
100.07.28 21:39 B d:\my documents\0000000000000000000\jennifer_ley\madonnaanim.gif --> www.uiowa.edu /local/www/home/iareview/production/tirweb/hypermedia/jennifer_ley madonnaanim.gif
100.07.28 21:39 B d:\my documents\0000000000000000000\jennifer_ley\maneto.html --> www.uiowa.edu /local/www/home/iareview/production/tirweb/hypermedia/jennifer_ley maneto.html
100.07.28 21:39 B d:\my documents\0000000000000000000\jennifer_ley\marae.html --> www.uiowa.edu /local/www/home/iareview/production/tirweb/hypermedia/jennifer_ley marae.html
100.07.28 21:39 B d:\my documents\0000000000000000000\jennifer_ley\marie.html --> www.uiowa.edu /local/www/home/iareview/production/tirweb/hypermedia/jennifer_ley marie.html
100.07.28 21:39 B d:\my documents\0000000000000000000\jennifer_ley\modern.html --> www.uiowa.edu /local/www/home/iareview/production/tirweb/hypermedia/jennifer_ley modern.html
100.07.28 21:39 B d:\my documents\0000000000000000000\jennifer_ley\olympia.html --> www.uiowa.edu /local/www/home/iareview/production/tirweb/hypermedia/jennifer_ley olympia.html
100.07.28 21:39 B d:\my documents\0000000000000000000\jennifer_ley\olympia.jpg --> www.uiowa.edu /local/www/home/iareview/production/tirweb/hypermedia/jennifer_ley olympia.jpg
100.07.28 21:39 B d:\my documents\0000000000000000000\jennifer_ley\olympia1.jpg --> www.uiowa.edu /local/www/home/iareview/production/tirweb/hypermedia/jennifer_ley olympia1.jpg
100.07.28 21:39 B d:\my documents\0000000000000000000\jennifer_ley\olympiaanim.gif --> www.uiowa.edu /local/www/home/iareview/production/tirweb/hypermedia/jennifer_ley olympiaanim.gif
100.07.28 21:39 B d:\my documents\0000000000000000000\jennifer_ley\painting.html --> www.uiowa.edu /local/www/home/iareview/production/tirweb/hypermedia/jennifer_ley painting.html
100.07.28 21:39 B d:\my documents\0000000000000000000\jennifer_ley\recherche.jpg --> www.uiowa.edu /local/www/home/iareview/production/tirweb/hypermedia/jennifer_ley recherche.jpg
100.07.28 21:39 B d:\my documents\0000000000000000000\jennifer_ley\skull.jpg --> www.uiowa.edu /local/www/home/iareview/production/tirweb/hypermedia/jennifer_ley skull.jpg
100.07.28 21:39 B d:\my documents\0000000000000000000\jennifer_ley\sunfloweranim.gif --> www.uiowa.edu /local/www/home/iareview/production/tirweb/hypermedia/jennifer_ley sunfloweranim.gif
100.07.28 21:39 B d:\my documents\0000000000000000000\jennifer_ley\sunflowers1.jpg --> www.uiowa.edu /local/www/home/iareview/production/tirweb/hypermedia/jennifer_ley sunflowers1.jpg
100.07.28 21:39 B d:\my documents\0000000000000000000\jennifer_ley\tobe.html --> www.uiowa.edu /local/www/home/iareview/production/tirweb/hypermedia/jennifer_ley tobe.html
100.07.28 21:39 B d:\my documents\0000000000000000000\jennifer_ley\transolympia.gif --> www.uiowa.edu /local/www/home/iareview/production/tirweb/hypermedia/jennifer_ley transolympia.gif
100.07.28 21:39 B d:\my documents\0000000000000000000\jennifer_ley\victoire.html --> www.uiowa.edu /local/www/home/iareview/production/tirweb/hypermedia/jennifer_ley victoire.html
100.07.28 21:39 B d:\my documents\0000000000000000000\jennifer_ley\welcome.html --> www.uiowa.edu /local/www/home/iareview/production/tirweb/hypermedia/jennifer_ley welcome.html
100.07.28 21:39 B d:\my documents\0000000000000000000\jennifer_ley\wild1.html --> www.uiowa.edu /local/www/home/iareview/production/tirweb/hypermedia/jennifer_ley wild1.html
100.07.28 21:39 B d:\my documents\0000000000000000000\jennifer_ley\wild2.html --> www.uiowa.edu /local/www/home/iareview/production/tirweb/hypermedia/jennifer_ley wild2.html
100.07.28 21:39 B d:\my documents\0000000000000000000\jennifer_ley\wild3.html --> www.uiowa.edu /local/www/home/iareview/production/tirweb/hypermedia/jennifer_ley wild3.html
100.07.28 21:39 B d:\my documents\0000000000000000000\jennifer_ley\wild4.html --> www.uiowa.edu /local/www/home/iareview/production/tirweb/hypermedia/jennifer_ley wild4.html
100.07.28 21:39 B d:\my documents\0000000000000000000\jennifer_ley\wild5.html --> www.uiowa.edu /local/www/home/iareview/production/tirweb/hypermedia/jennifer_ley wild5.html
2002.01.26 18:29 B H:\Web Sites\whirldnewmedia\swiss\irweb\hypermedia\jennifer_ley\WS_FTP.LOG <-- iowa review /web/data/www.uiowa/iareview/production/tirweb/hypermedia/jennifer_ley WS_FTP.LOG
2002.02.07 16:42 B H:\Web Sites\whirldnewmedia\swiss\irweb\tirweb\hypermedia\jennifer_ley\14.html --> www.uiowa.edu /web/data/www.uiowa/iareview/production/tirweb/hypermedia/jennifer_ley 14.html
2002.02.07 16:42 B H:\Web Sites\whirldnewmedia\swiss\irweb\tirweb\hypermedia\jennifer_ley\abducted1.html --> www.uiowa.edu /web/data/www.uiowa/iareview/production/tirweb/hypermedia/jennifer_ley abducted1.html
2002.02.07 16:42 B H:\Web Sites\whirldnewmedia\swiss\irweb\tirweb\hypermedia\jennifer_ley\abducted2.html --> www.uiowa.edu /web/data/www.uiowa/iareview/production/tirweb/hypermedia/jennifer_ley abducted2.html
2002.02.07 16:42 B H:\Web Sites\whirldnewmedia\swiss\irweb\tirweb\hypermedia\jennifer_ley\abducted3.html --> www.uiowa.edu /web/data/www.uiowa/iareview/production/tirweb/hypermedia/jennifer_ley abducted3.html
2002.02.07 16:42 B H:\Web Sites\whirldnewmedia\swiss\irweb\tirweb\hypermedia\jennifer_ley\abducted4.html --> www.uiowa.edu /web/data/www.uiowa/iareview/production/tirweb/hypermedia/jennifer_ley abducted4.html
2002.02.07 16:42 B H:\Web Sites\whirldnewmedia\swiss\irweb\tirweb\hypermedia\jennifer_ley\abducted5.html --> www.uiowa.edu /web/data/www.uiowa/iareview/production/tirweb/hypermedia/jennifer_ley abducted5.html
2002.02.07 16:42 B H:\Web Sites\whirldnewmedia\swiss\irweb\tirweb\hypermedia\jennifer_ley\aix1.html --> www.uiowa.edu /web/data/www.uiowa/iareview/production/tirweb/hypermedia/jennifer_ley aix1.html
2002.02.07 16:42 B H:\Web Sites\whirldnewmedia\swiss\irweb\tirweb\hypermedia\jennifer_ley\anguish.html --> www.uiowa.edu /web/data/www.uiowa/iareview/production/tirweb/hypermedia/jennifer_ley anguish.html
2002.02.07 16:42 B H:\Web Sites\whirldnewmedia\swiss\irweb\tirweb\hypermedia\jennifer_ley\boy.html --> www.uiowa.edu /web/data/www.uiowa/iareview/production/tirweb/hypermedia/jennifer_ley boy.html
2002.02.07 16:42 B H:\Web Sites\whirldnewmedia\swiss\irweb\tirweb\hypermedia\jennifer_ley\credits.html --> www.uiowa.edu /web/data/www.uiowa/iareview/production/tirweb/hypermedia/jennifer_ley credits.html
2002.02.07 16:42 B H:\Web Sites\whirldnewmedia\swiss\irweb\tirweb\hypermedia\jennifer_ley\flowers.html --> www.uiowa.edu /web/data/www.uiowa/iareview/production/tirweb/hypermedia/jennifer_ley flowers.html
2002.02.07 16:42 B H:\Web Sites\whirldnewmedia\swiss\irweb\tirweb\hypermedia\jennifer_ley\heroism.html --> www.uiowa.edu /web/data/www.uiowa/iareview/production/tirweb/hypermedia/jennifer_ley heroism.html
2002.02.07 16:42 B H:\Web Sites\whirldnewmedia\swiss\irweb\tirweb\hypermedia\jennifer_ley\index.html --> www.uiowa.edu /web/data/www.uiowa/iareview/production/tirweb/hypermedia/jennifer_ley index.html
2002.02.07 16:42 B H:\Web Sites\whirldnewmedia\swiss\irweb\tirweb\hypermedia\jennifer_ley\madonna.html --> www.uiowa.edu /web/data/www.uiowa/iareview/production/tirweb/hypermedia/jennifer_ley madonna.html
2002.02.07 16:42 B H:\Web Sites\whirldnewmedia\swiss\irweb\tirweb\hypermedia\jennifer_ley\maneto.html --> www.uiowa.edu /web/data/www.uiowa/iareview/production/tirweb/hypermedia/jennifer_ley maneto.html
2002.02.07 16:42 B H:\Web Sites\whirldnewmedia\swiss\irweb\tirweb\hypermedia\jennifer_ley\marae.html --> www.uiowa.edu /web/data/www.uiowa/iareview/production/tirweb/hypermedia/jennifer_ley marae.html
2002.02.07 16:42 B H:\Web Sites\whirldnewmedia\swiss\irweb\tirweb\hypermedia\jennifer_ley\marie.html --> www.uiowa.edu /web/data/www.uiowa/iareview/production/tirweb/hypermedia/jennifer_ley marie.html
2002.02.07 16:42 B H:\Web Sites\whirldnewmedia\swiss\irweb\tirweb\hypermedia\jennifer_ley\modern.html --> www.uiowa.edu /web/data/www.uiowa/iareview/production/tirweb/hypermedia/jennifer_ley modern.html
2002.02.07 16:42 B H:\Web Sites\whirldnewmedia\swiss\irweb\tirweb\hypermedia\jennifer_ley\olympia.html --> www.uiowa.edu /web/data/www.uiowa/iareview/production/tirweb/hypermedia/jennifer_ley olympia.html
2002.02.07 16:42 B H:\Web Sites\whirldnewmedia\swiss\irweb\tirweb\hypermedia\jennifer_ley\painting.html --> www.uiowa.edu /web/data/www.uiowa/iareview/production/tirweb/hypermedia/jennifer_ley painting.html
2002.02.07 16:42 B H:\Web Sites\whirldnewmedia\swiss\irweb\tirweb\hypermedia\jennifer_ley\tobe.html --> www.uiowa.edu /web/data/www.uiowa/iareview/production/tirweb/hypermedia/jennifer_ley tobe.html
2002.02.07 16:42 B H:\Web Sites\whirldnewmedia\swiss\irweb\tirweb\hypermedia\jennifer_ley\victoire.html --> www.uiowa.edu /web/data/www.uiowa/iareview/production/tirweb/hypermedia/jennifer_ley victoire.html
2002.02.07 16:42 B H:\Web Sites\whirldnewmedia\swiss\irweb\tirweb\hypermedia\jennifer_ley\welcome.html --> www.uiowa.edu /web/data/www.uiowa/iareview/production/tirweb/hypermedia/jennifer_ley welcome.html
2002.02.07 16:42 B H:\Web Sites\whirldnewmedia\swiss\irweb\tirweb\hypermedia\jennifer_ley\wild1.html --> www.uiowa.edu /web/data/www.uiowa/iareview/production/tirweb/hypermedia/jennifer_ley wild1.html
2002.02.07 16:42 B H:\Web Sites\whirldnewmedia\swiss\irweb\tirweb\hypermedia\jennifer_ley\wild2.html --> www.uiowa.edu /web/data/www.uiowa/iareview/production/tirweb/hypermedia/jennifer_ley wild2.html
2002.02.07 16:42 B H:\Web Sites\whirldnewmedia\swiss\irweb\tirweb\hypermedia\jennifer_ley\wild3.html --> www.uiowa.edu /web/data/www.uiowa/iareview/production/tirweb/hypermedia/jennifer_ley wild3.html
2002.02.07 16:42 B H:\Web Sites\whirldnewmedia\swiss\irweb\tirweb\hypermedia\jennifer_ley\wild4.html --> www.uiowa.edu /web/data/www.uiowa/iareview/production/tirweb/hypermedia/jennifer_ley wild4.html
2002.02.07 16:42 B H:\Web Sites\whirldnewmedia\swiss\irweb\tirweb\hypermedia\jennifer_ley\wild5.html --> www.uiowa.edu /web/data/www.uiowa/iareview/production/tirweb/hypermedia/jennifer_ley wild5.html
