100.03.02 11:29 B d:\my documents\sondheim_smylie\_vti_cnf\broken.htm <--  /_vti_cnf broken.htm
100.03.02 11:29 B d:\my documents\sondheim_smylie\_vti_cnf\broken.jpg <--  /_vti_cnf broken.jpg
100.03.02 11:29 B d:\my documents\sondheim_smylie\_vti_cnf\broken1.swf <--  /_vti_cnf broken1.swf
100.03.02 11:29 B d:\my documents\sondheim_smylie\_vti_cnf\broken2.swf <--  /_vti_cnf broken2.swf
100.03.02 11:29 B d:\my documents\sondheim_smylie\_vti_cnf\broken3.swf <--  /_vti_cnf broken3.swf
100.03.02 11:29 B d:\my documents\sondheim_smylie\_vti_cnf\brokena.jpg <--  /_vti_cnf brokena.jpg
100.03.02 11:30 B d:\my documents\sondheim_smylie\_vti_cnf\brokenb.jpg <--  /_vti_cnf brokenb.jpg
100.03.02 11:30 B d:\my documents\sondheim_smylie\_vti_cnf\button.swf <--  /_vti_cnf button.swf
100.03.02 11:30 B d:\my documents\sondheim_smylie\_vti_cnf\navr1.jpg <--  /_vti_cnf navr1.jpg
100.03.02 11:30 B d:\my documents\sondheim_smylie\_vti_cnf\navr2.jpg <--  /_vti_cnf navr2.jpg
100.03.02 11:33 B d:\my documents\sondheim_smylie\_vti_cnf\broken.htm --> www.uiowa.edu /local/www/home/iareview/production/tirweb/sondheim_smylie/_vti_cnf broken.htm
100.03.02 11:33 B d:\my documents\sondheim_smylie\_vti_cnf\broken.jpg --> www.uiowa.edu /local/www/home/iareview/production/tirweb/sondheim_smylie/_vti_cnf broken.jpg
100.03.02 11:33 B d:\my documents\sondheim_smylie\_vti_cnf\broken1.swf --> www.uiowa.edu /local/www/home/iareview/production/tirweb/sondheim_smylie/_vti_cnf broken1.swf
100.03.02 11:33 B d:\my documents\sondheim_smylie\_vti_cnf\broken2.swf --> www.uiowa.edu /local/www/home/iareview/production/tirweb/sondheim_smylie/_vti_cnf broken2.swf
100.03.02 11:33 B d:\my documents\sondheim_smylie\_vti_cnf\broken3.swf --> www.uiowa.edu /local/www/home/iareview/production/tirweb/sondheim_smylie/_vti_cnf broken3.swf
100.03.02 11:33 B d:\my documents\sondheim_smylie\_vti_cnf\brokena.jpg --> www.uiowa.edu /local/www/home/iareview/production/tirweb/sondheim_smylie/_vti_cnf brokena.jpg
100.03.02 11:33 B d:\my documents\sondheim_smylie\_vti_cnf\brokenb.jpg --> www.uiowa.edu /local/www/home/iareview/production/tirweb/sondheim_smylie/_vti_cnf brokenb.jpg
100.03.02 11:33 B d:\my documents\sondheim_smylie\_vti_cnf\button.swf --> www.uiowa.edu /local/www/home/iareview/production/tirweb/sondheim_smylie/_vti_cnf button.swf
100.03.02 11:33 B d:\my documents\sondheim_smylie\_vti_cnf\navr1.jpg --> www.uiowa.edu /local/www/home/iareview/production/tirweb/sondheim_smylie/_vti_cnf navr1.jpg
100.03.02 11:33 B d:\my documents\sondheim_smylie\_vti_cnf\navr2.jpg --> www.uiowa.edu /local/www/home/iareview/production/tirweb/sondheim_smylie/_vti_cnf navr2.jpg
2002.01.26 18:38 B H:\Web Sites\whirldnewmedia\swiss\irweb\hypermedia\sondheim_smylie\_vti_cnf\WS_FTP.LOG <-- iowa review /web/data/www.uiowa/iareview/production/tirweb/hypermedia/sondheim_smylie/_vti_cnf WS_FTP.LOG
