2002.01.26 18:24 B H:\Web Sites\whirldnewmedia\swiss\irweb\hypermedia\edward_falco\images\Photo5\bluredov5.gif <-- iowa review /web/data/www.uiowa/iareview/production/tirweb/hypermedia/edward_falco/images/Photo5 bluredov5.gif
2002.01.26 18:24 B H:\Web Sites\whirldnewmedia\swiss\irweb\hypermedia\edward_falco\images\Photo5\blurhl5.gif <-- iowa review /web/data/www.uiowa/iareview/production/tirweb/hypermedia/edward_falco/images/Photo5 blurhl5.gif
2002.01.26 18:24 B H:\Web Sites\whirldnewmedia\swiss\irweb\hypermedia\edward_falco\images\Photo5\colorpenc.gif <-- iowa review /web/data/www.uiowa/iareview/production/tirweb/hypermedia/edward_falco/images/Photo5 colorpenc.gif
2002.01.26 18:24 B H:\Web Sites\whirldnewmedia\swiss\irweb\hypermedia\edward_falco\images\Photo5\contcray5.gif <-- iowa review /web/data/www.uiowa/iareview/production/tirweb/hypermedia/edward_falco/images/Photo5 contcray5.gif
2002.01.26 18:24 B H:\Web Sites\whirldnewmedia\swiss\irweb\hypermedia\edward_falco\images\Photo5\crack5.gif <-- iowa review /web/data/www.uiowa/iareview/production/tirweb/hypermedia/edward_falco/images/Photo5 crack5.gif
2002.01.26 18:24 B H:\Web Sites\whirldnewmedia\swiss\irweb\hypermedia\edward_falco\images\Photo5\crosshatch5.gif <-- iowa review /web/data/www.uiowa/iareview/production/tirweb/hypermedia/edward_falco/images/Photo5 crosshatch5.gif
2002.01.26 18:24 B H:\Web Sites\whirldnewmedia\swiss\irweb\hypermedia\edward_falco\images\Photo5\cutout5.gif <-- iowa review /web/data/www.uiowa/iareview/production/tirweb/hypermedia/edward_falco/images/Photo5 cutout5.gif
2002.01.26 18:24 B H:\Web Sites\whirldnewmedia\swiss\irweb\hypermedia\edward_falco\images\Photo5\gausblur5.gif <-- iowa review /web/data/www.uiowa/iareview/production/tirweb/hypermedia/edward_falco/images/Photo5 gausblur5.gif
2002.01.26 18:24 B H:\Web Sites\whirldnewmedia\swiss\irweb\hypermedia\edward_falco\images\Photo5\patch5.gif <-- iowa review /web/data/www.uiowa/iareview/production/tirweb/hypermedia/edward_falco/images/Photo5 patch5.gif
2002.01.26 18:24 B H:\Web Sites\whirldnewmedia\swiss\irweb\hypermedia\edward_falco\images\Photo5\photo5.gif <-- iowa review /web/data/www.uiowa/iareview/production/tirweb/hypermedia/edward_falco/images/Photo5 photo5.gif
2002.01.26 18:24 B H:\Web Sites\whirldnewmedia\swiss\irweb\hypermedia\edward_falco\images\Photo5\pond5.gif <-- iowa review /web/data/www.uiowa/iareview/production/tirweb/hypermedia/edward_falco/images/Photo5 pond5.gif
2002.01.26 18:24 B H:\Web Sites\whirldnewmedia\swiss\irweb\hypermedia\edward_falco\images\Photo5\radblur5.gif <-- iowa review /web/data/www.uiowa/iareview/production/tirweb/hypermedia/edward_falco/images/Photo5 radblur5.gif
2002.01.26 18:25 B H:\Web Sites\whirldnewmedia\swiss\irweb\hypermedia\edward_falco\images\Photo5\roughpast5.gif <-- iowa review /web/data/www.uiowa/iareview/production/tirweb/hypermedia/edward_falco/images/Photo5 roughpast5.gif
2002.01.26 18:25 B H:\Web Sites\whirldnewmedia\swiss\irweb\hypermedia\edward_falco\images\Photo5\smartbl5.gif <-- iowa review /web/data/www.uiowa/iareview/production/tirweb/hypermedia/edward_falco/images/Photo5 smartbl5.gif
2002.01.26 18:25 B H:\Web Sites\whirldnewmedia\swiss\irweb\hypermedia\edward_falco\images\Photo5\sumi5.gif <-- iowa review /web/data/www.uiowa/iareview/production/tirweb/hypermedia/edward_falco/images/Photo5 sumi5.gif
2002.01.26 18:25 B H:\Web Sites\whirldnewmedia\swiss\irweb\hypermedia\edward_falco\images\Photo5\twirl5.gif <-- iowa review /web/data/www.uiowa/iareview/production/tirweb/hypermedia/edward_falco/images/Photo5 twirl5.gif
2002.01.26 18:25 B H:\Web Sites\whirldnewmedia\swiss\irweb\hypermedia\edward_falco\images\Photo5\undbrick5.gif <-- iowa review /web/data/www.uiowa/iareview/production/tirweb/hypermedia/edward_falco/images/Photo5 undbrick5.gif
2002.01.26 18:25 B H:\Web Sites\whirldnewmedia\swiss\irweb\hypermedia\edward_falco\images\Photo5\wave5.gif <-- iowa review /web/data/www.uiowa/iareview/production/tirweb/hypermedia/edward_falco/images/Photo5 wave5.gif
2002.01.26 18:25 B H:\Web Sites\whirldnewmedia\swiss\irweb\hypermedia\edward_falco\images\Photo5\waves5.gif <-- iowa review /web/data/www.uiowa/iareview/production/tirweb/hypermedia/edward_falco/images/Photo5 waves5.gif
2002.01.26 18:25 B H:\Web Sites\whirldnewmedia\swiss\irweb\hypermedia\edward_falco\images\Photo5\wavet5.gif <-- iowa review /web/data/www.uiowa/iareview/production/tirweb/hypermedia/edward_falco/images/Photo5 wavet5.gif
