2002.01.26 18:26 B H:\Web Sites\whirldnewmedia\swiss\irweb\hypermedia\edward_falco\webpages\baby.html <-- iowa review /web/data/www.uiowa/iareview/production/tirweb/hypermedia/edward_falco/webpages baby.html
2002.01.26 18:26 B H:\Web Sites\whirldnewmedia\swiss\irweb\hypermedia\edward_falco\webpages\back.html <-- iowa review /web/data/www.uiowa/iareview/production/tirweb/hypermedia/edward_falco/webpages back.html
2002.01.26 18:26 B H:\Web Sites\whirldnewmedia\swiss\irweb\hypermedia\edward_falco\webpages\basta.html <-- iowa review /web/data/www.uiowa/iareview/production/tirweb/hypermedia/edward_falco/webpages basta.html
2002.01.26 18:26 B H:\Web Sites\whirldnewmedia\swiss\irweb\hypermedia\edward_falco\webpages\beggar.html <-- iowa review /web/data/www.uiowa/iareview/production/tirweb/hypermedia/edward_falco/webpages beggar.html
2002.01.26 18:26 B H:\Web Sites\whirldnewmedia\swiss\irweb\hypermedia\edward_falco\webpages\billows.html <-- iowa review /web/data/www.uiowa/iareview/production/tirweb/hypermedia/edward_falco/webpages billows.html
2002.01.26 18:26 B H:\Web Sites\whirldnewmedia\swiss\irweb\hypermedia\edward_falco\webpages\blocks.html <-- iowa review /web/data/www.uiowa/iareview/production/tirweb/hypermedia/edward_falco/webpages blocks.html
2002.01.26 18:26 B H:\Web Sites\whirldnewmedia\swiss\irweb\hypermedia\edward_falco\webpages\boxers.html <-- iowa review /web/data/www.uiowa/iareview/production/tirweb/hypermedia/edward_falco/webpages boxers.html
2002.01.26 18:26 B H:\Web Sites\whirldnewmedia\swiss\irweb\hypermedia\edward_falco\webpages\breathe.html <-- iowa review /web/data/www.uiowa/iareview/production/tirweb/hypermedia/edward_falco/webpages breathe.html
2002.01.26 18:26 B H:\Web Sites\whirldnewmedia\swiss\irweb\hypermedia\edward_falco\webpages\buried.html <-- iowa review /web/data/www.uiowa/iareview/production/tirweb/hypermedia/edward_falco/webpages buried.html
2002.01.26 18:26 B H:\Web Sites\whirldnewmedia\swiss\irweb\hypermedia\edward_falco\webpages\chaos.html <-- iowa review /web/data/www.uiowa/iareview/production/tirweb/hypermedia/edward_falco/webpages chaos.html
2002.01.26 18:26 B H:\Web Sites\whirldnewmedia\swiss\irweb\hypermedia\edward_falco\webpages\child.html <-- iowa review /web/data/www.uiowa/iareview/production/tirweb/hypermedia/edward_falco/webpages child.html
2002.01.26 18:26 B H:\Web Sites\whirldnewmedia\swiss\irweb\hypermedia\edward_falco\webpages\children.html <-- iowa review /web/data/www.uiowa/iareview/production/tirweb/hypermedia/edward_falco/webpages children.html
2002.01.26 18:26 B H:\Web Sites\whirldnewmedia\swiss\irweb\hypermedia\edward_falco\webpages\civil.html <-- iowa review /web/data/www.uiowa/iareview/production/tirweb/hypermedia/edward_falco/webpages civil.html
2002.01.26 18:26 B H:\Web Sites\whirldnewmedia\swiss\irweb\hypermedia\edward_falco\webpages\closet.html <-- iowa review /web/data/www.uiowa/iareview/production/tirweb/hypermedia/edward_falco/webpages closet.html
2002.01.26 18:26 B H:\Web Sites\whirldnewmedia\swiss\irweb\hypermedia\edward_falco\webpages\clues.html <-- iowa review /web/data/www.uiowa/iareview/production/tirweb/hypermedia/edward_falco/webpages clues.html
2002.01.26 18:26 B H:\Web Sites\whirldnewmedia\swiss\irweb\hypermedia\edward_falco\webpages\command.html <-- iowa review /web/data/www.uiowa/iareview/production/tirweb/hypermedia/edward_falco/webpages command.html
2002.01.26 18:26 B H:\Web Sites\whirldnewmedia\swiss\irweb\hypermedia\edward_falco\webpages\corner.html <-- iowa review /web/data/www.uiowa/iareview/production/tirweb/hypermedia/edward_falco/webpages corner.html
2002.01.26 18:26 B H:\Web Sites\whirldnewmedia\swiss\irweb\hypermedia\edward_falco\webpages\count.html <-- iowa review /web/data/www.uiowa/iareview/production/tirweb/hypermedia/edward_falco/webpages count.html
2002.01.26 18:26 B H:\Web Sites\whirldnewmedia\swiss\irweb\hypermedia\edward_falco\webpages\cramps.html <-- iowa review /web/data/www.uiowa/iareview/production/tirweb/hypermedia/edward_falco/webpages cramps.html
2002.01.26 18:26 B H:\Web Sites\whirldnewmedia\swiss\irweb\hypermedia\edward_falco\webpages\crawling.html <-- iowa review /web/data/www.uiowa/iareview/production/tirweb/hypermedia/edward_falco/webpages crawling.html
2002.01.26 18:26 B H:\Web Sites\whirldnewmedia\swiss\irweb\hypermedia\edward_falco\webpages\crucifix.html <-- iowa review /web/data/www.uiowa/iareview/production/tirweb/hypermedia/edward_falco/webpages crucifix.html
2002.01.26 18:26 B H:\Web Sites\whirldnewmedia\swiss\irweb\hypermedia\edward_falco\webpages\dagos.html <-- iowa review /web/data/www.uiowa/iareview/production/tirweb/hypermedia/edward_falco/webpages dagos.html
2002.01.26 18:26 B H:\Web Sites\whirldnewmedia\swiss\irweb\hypermedia\edward_falco\webpages\dark.html <-- iowa review /web/data/www.uiowa/iareview/production/tirweb/hypermedia/edward_falco/webpages dark.html
2002.01.26 18:26 B H:\Web Sites\whirldnewmedia\swiss\irweb\hypermedia\edward_falco\webpages\dime.html <-- iowa review /web/data/www.uiowa/iareview/production/tirweb/hypermedia/edward_falco/webpages dime.html
2002.01.26 18:26 B H:\Web Sites\whirldnewmedia\swiss\irweb\hypermedia\edward_falco\webpages\dream.html <-- iowa review /web/data/www.uiowa/iareview/production/tirweb/hypermedia/edward_falco/webpages dream.html
2002.01.26 18:26 B H:\Web Sites\whirldnewmedia\swiss\irweb\hypermedia\edward_falco\webpages\enforce.html <-- iowa review /web/data/www.uiowa/iareview/production/tirweb/hypermedia/edward_falco/webpages enforce.html
2002.01.26 18:26 B H:\Web Sites\whirldnewmedia\swiss\irweb\hypermedia\edward_falco\webpages\escarole.html <-- iowa review /web/data/www.uiowa/iareview/production/tirweb/hypermedia/edward_falco/webpages escarole.html
2002.01.26 18:26 B H:\Web Sites\whirldnewmedia\swiss\irweb\hypermedia\edward_falco\webpages\figs.html <-- iowa review /web/data/www.uiowa/iareview/production/tirweb/hypermedia/edward_falco/webpages figs.html
2002.01.26 18:26 B H:\Web Sites\whirldnewmedia\swiss\irweb\hypermedia\edward_falco\webpages\fingertips.html <-- iowa review /web/data/www.uiowa/iareview/production/tirweb/hypermedia/edward_falco/webpages fingertips.html
2002.01.26 18:26 B H:\Web Sites\whirldnewmedia\swiss\irweb\hypermedia\edward_falco\webpages\fists.html <-- iowa review /web/data/www.uiowa/iareview/production/tirweb/hypermedia/edward_falco/webpages fists.html
2002.01.26 18:26 B H:\Web Sites\whirldnewmedia\swiss\irweb\hypermedia\edward_falco\webpages\fog.html <-- iowa review /web/data/www.uiowa/iareview/production/tirweb/hypermedia/edward_falco/webpages fog.html
2002.01.26 18:26 B H:\Web Sites\whirldnewmedia\swiss\irweb\hypermedia\edward_falco\webpages\fountain.html <-- iowa review /web/data/www.uiowa/iareview/production/tirweb/hypermedia/edward_falco/webpages fountain.html
2002.01.26 18:26 B H:\Web Sites\whirldnewmedia\swiss\irweb\hypermedia\edward_falco\webpages\goat.html <-- iowa review /web/data/www.uiowa/iareview/production/tirweb/hypermedia/edward_falco/webpages goat.html
2002.01.26 18:26 B H:\Web Sites\whirldnewmedia\swiss\irweb\hypermedia\edward_falco\webpages\gold.html <-- iowa review /web/data/www.uiowa/iareview/production/tirweb/hypermedia/edward_falco/webpages gold.html
2002.01.26 18:26 B H:\Web Sites\whirldnewmedia\swiss\irweb\hypermedia\edward_falco\webpages\hair.html <-- iowa review /web/data/www.uiowa/iareview/production/tirweb/hypermedia/edward_falco/webpages hair.html
2002.01.26 18:27 B H:\Web Sites\whirldnewmedia\swiss\irweb\hypermedia\edward_falco\webpages\hallway.html <-- iowa review /web/data/www.uiowa/iareview/production/tirweb/hypermedia/edward_falco/webpages hallway.html
2002.01.26 18:27 B H:\Web Sites\whirldnewmedia\swiss\irweb\hypermedia\edward_falco\webpages\heat.html <-- iowa review /web/data/www.uiowa/iareview/production/tirweb/hypermedia/edward_falco/webpages heat.html
2002.01.26 18:27 B H:\Web Sites\whirldnewmedia\swiss\irweb\hypermedia\edward_falco\webpages\home.html <-- iowa review /web/data/www.uiowa/iareview/production/tirweb/hypermedia/edward_falco/webpages home.html
2002.01.26 18:27 B H:\Web Sites\whirldnewmedia\swiss\irweb\hypermedia\edward_falco\webpages\housedress.html <-- iowa review /web/data/www.uiowa/iareview/production/tirweb/hypermedia/edward_falco/webpages housedress.html
2002.01.26 18:27 B H:\Web Sites\whirldnewmedia\swiss\irweb\hypermedia\edward_falco\webpages\hungry.html <-- iowa review /web/data/www.uiowa/iareview/production/tirweb/hypermedia/edward_falco/webpages hungry.html
2002.01.26 18:27 B H:\Web Sites\whirldnewmedia\swiss\irweb\hypermedia\edward_falco\webpages\jawbone.html <-- iowa review /web/data/www.uiowa/iareview/production/tirweb/hypermedia/edward_falco/webpages jawbone.html
2002.01.26 18:27 B H:\Web Sites\whirldnewmedia\swiss\irweb\hypermedia\edward_falco\webpages\jumped.html <-- iowa review /web/data/www.uiowa/iareview/production/tirweb/hypermedia/edward_falco/webpages jumped.html
2002.01.26 18:27 B H:\Web Sites\whirldnewmedia\swiss\irweb\hypermedia\edward_falco\webpages\kick.html <-- iowa review /web/data/www.uiowa/iareview/production/tirweb/hypermedia/edward_falco/webpages kick.html
2002.01.26 18:27 B H:\Web Sites\whirldnewmedia\swiss\irweb\hypermedia\edward_falco\webpages\king.html <-- iowa review /web/data/www.uiowa/iareview/production/tirweb/hypermedia/edward_falco/webpages king.html
2002.01.26 18:27 B H:\Web Sites\whirldnewmedia\swiss\irweb\hypermedia\edward_falco\webpages\knuckles.html <-- iowa review /web/data/www.uiowa/iareview/production/tirweb/hypermedia/edward_falco/webpages knuckles.html
2002.01.26 18:27 B H:\Web Sites\whirldnewmedia\swiss\irweb\hypermedia\edward_falco\webpages\laundry.html <-- iowa review /web/data/www.uiowa/iareview/production/tirweb/hypermedia/edward_falco/webpages laundry.html
2002.01.26 18:27 B H:\Web Sites\whirldnewmedia\swiss\irweb\hypermedia\edward_falco\webpages\liar.html <-- iowa review /web/data/www.uiowa/iareview/production/tirweb/hypermedia/edward_falco/webpages liar.html
2002.01.26 18:27 B H:\Web Sites\whirldnewmedia\swiss\irweb\hypermedia\edward_falco\webpages\lovinggod.html <-- iowa review /web/data/www.uiowa/iareview/production/tirweb/hypermedia/edward_falco/webpages lovinggod.html
2002.01.26 18:27 B H:\Web Sites\whirldnewmedia\swiss\irweb\hypermedia\edward_falco\webpages\lungs.html <-- iowa review /web/data/www.uiowa/iareview/production/tirweb/hypermedia/edward_falco/webpages lungs.html
2002.01.26 18:27 B H:\Web Sites\whirldnewmedia\swiss\irweb\hypermedia\edward_falco\webpages\mind.html <-- iowa review /web/data/www.uiowa/iareview/production/tirweb/hypermedia/edward_falco/webpages mind.html
2002.01.26 18:27 B H:\Web Sites\whirldnewmedia\swiss\irweb\hypermedia\edward_falco\webpages\myself.html <-- iowa review /web/data/www.uiowa/iareview/production/tirweb/hypermedia/edward_falco/webpages myself.html
2002.01.26 18:27 B H:\Web Sites\whirldnewmedia\swiss\irweb\hypermedia\edward_falco\webpages\name.html <-- iowa review /web/data/www.uiowa/iareview/production/tirweb/hypermedia/edward_falco/webpages name.html
2002.01.26 18:27 B H:\Web Sites\whirldnewmedia\swiss\irweb\hypermedia\edward_falco\webpages\nosebleed.html <-- iowa review /web/data/www.uiowa/iareview/production/tirweb/hypermedia/edward_falco/webpages nosebleed.html
2002.01.26 18:27 B H:\Web Sites\whirldnewmedia\swiss\irweb\hypermedia\edward_falco\webpages\oufa.html <-- iowa review /web/data/www.uiowa/iareview/production/tirweb/hypermedia/edward_falco/webpages oufa.html
2002.01.26 18:27 B H:\Web Sites\whirldnewmedia\swiss\irweb\hypermedia\edward_falco\webpages\paint.html <-- iowa review /web/data/www.uiowa/iareview/production/tirweb/hypermedia/edward_falco/webpages paint.html
2002.01.26 18:27 B H:\Web Sites\whirldnewmedia\swiss\irweb\hypermedia\edward_falco\webpages\pitcher.html <-- iowa review /web/data/www.uiowa/iareview/production/tirweb/hypermedia/edward_falco/webpages pitcher.html
2002.01.26 18:27 B H:\Web Sites\whirldnewmedia\swiss\irweb\hypermedia\edward_falco\webpages\plaster.html <-- iowa review /web/data/www.uiowa/iareview/production/tirweb/hypermedia/edward_falco/webpages plaster.html
2002.01.26 18:27 B H:\Web Sites\whirldnewmedia\swiss\irweb\hypermedia\edward_falco\webpages\pony.html <-- iowa review /web/data/www.uiowa/iareview/production/tirweb/hypermedia/edward_falco/webpages pony.html
2002.01.26 18:27 B H:\Web Sites\whirldnewmedia\swiss\irweb\hypermedia\edward_falco\webpages\punch.html <-- iowa review /web/data/www.uiowa/iareview/production/tirweb/hypermedia/edward_falco/webpages punch.html
2002.01.26 18:27 B H:\Web Sites\whirldnewmedia\swiss\irweb\hypermedia\edward_falco\webpages\quiet.html <-- iowa review /web/data/www.uiowa/iareview/production/tirweb/hypermedia/edward_falco/webpages quiet.html
2002.01.26 18:27 B H:\Web Sites\whirldnewmedia\swiss\irweb\hypermedia\edward_falco\webpages\redcent.html <-- iowa review /web/data/www.uiowa/iareview/production/tirweb/hypermedia/edward_falco/webpages redcent.html
2002.01.26 18:27 B H:\Web Sites\whirldnewmedia\swiss\irweb\hypermedia\edward_falco\webpages\respect.html <-- iowa review /web/data/www.uiowa/iareview/production/tirweb/hypermedia/edward_falco/webpages respect.html
2002.01.26 18:27 B H:\Web Sites\whirldnewmedia\swiss\irweb\hypermedia\edward_falco\webpages\ripped.html <-- iowa review /web/data/www.uiowa/iareview/production/tirweb/hypermedia/edward_falco/webpages ripped.html
2002.01.26 18:27 B H:\Web Sites\whirldnewmedia\swiss\irweb\hypermedia\edward_falco\webpages\rocked.html <-- iowa review /web/data/www.uiowa/iareview/production/tirweb/hypermedia/edward_falco/webpages rocked.html
2002.01.26 18:27 B H:\Web Sites\whirldnewmedia\swiss\irweb\hypermedia\edward_falco\webpages\roof.html <-- iowa review /web/data/www.uiowa/iareview/production/tirweb/hypermedia/edward_falco/webpages roof.html
2002.01.26 18:27 B H:\Web Sites\whirldnewmedia\swiss\irweb\hypermedia\edward_falco\webpages\running.html <-- iowa review /web/data/www.uiowa/iareview/production/tirweb/hypermedia/edward_falco/webpages running.html
2002.01.26 18:27 B H:\Web Sites\whirldnewmedia\swiss\irweb\hypermedia\edward_falco\webpages\sauce.html <-- iowa review /web/data/www.uiowa/iareview/production/tirweb/hypermedia/edward_falco/webpages sauce.html
2002.01.26 18:27 B H:\Web Sites\whirldnewmedia\swiss\irweb\hypermedia\edward_falco\webpages\scum.html <-- iowa review /web/data/www.uiowa/iareview/production/tirweb/hypermedia/edward_falco/webpages scum.html
2002.01.26 18:27 B H:\Web Sites\whirldnewmedia\swiss\irweb\hypermedia\edward_falco\webpages\selfportrait.html <-- iowa review /web/data/www.uiowa/iareview/production/tirweb/hypermedia/edward_falco/webpages selfportrait.html
2002.01.26 18:27 B H:\Web Sites\whirldnewmedia\swiss\irweb\hypermedia\edward_falco\webpages\shattered.html <-- iowa review /web/data/www.uiowa/iareview/production/tirweb/hypermedia/edward_falco/webpages shattered.html
2002.01.26 18:27 B H:\Web Sites\whirldnewmedia\swiss\irweb\hypermedia\edward_falco\webpages\shithouse.html <-- iowa review /web/data/www.uiowa/iareview/production/tirweb/hypermedia/edward_falco/webpages shithouse.html
2002.01.26 18:27 B H:\Web Sites\whirldnewmedia\swiss\irweb\hypermedia\edward_falco\webpages\sign.html <-- iowa review /web/data/www.uiowa/iareview/production/tirweb/hypermedia/edward_falco/webpages sign.html
2002.01.26 18:27 B H:\Web Sites\whirldnewmedia\swiss\irweb\hypermedia\edward_falco\webpages\sirens.html <-- iowa review /web/data/www.uiowa/iareview/production/tirweb/hypermedia/edward_falco/webpages sirens.html
2002.01.26 18:27 B H:\Web Sites\whirldnewmedia\swiss\irweb\hypermedia\edward_falco\webpages\skinny.html <-- iowa review /web/data/www.uiowa/iareview/production/tirweb/hypermedia/edward_falco/webpages skinny.html
2002.01.26 18:27 B H:\Web Sites\whirldnewmedia\swiss\irweb\hypermedia\edward_falco\webpages\slap.html <-- iowa review /web/data/www.uiowa/iareview/production/tirweb/hypermedia/edward_falco/webpages slap.html
2002.01.26 18:27 B H:\Web Sites\whirldnewmedia\swiss\irweb\hypermedia\edward_falco\webpages\slave.html <-- iowa review /web/data/www.uiowa/iareview/production/tirweb/hypermedia/edward_falco/webpages slave.html
2002.01.26 18:27 B H:\Web Sites\whirldnewmedia\swiss\irweb\hypermedia\edward_falco\webpages\snow.html <-- iowa review /web/data/www.uiowa/iareview/production/tirweb/hypermedia/edward_falco/webpages snow.html
2002.01.26 18:27 B H:\Web Sites\whirldnewmedia\swiss\irweb\hypermedia\edward_falco\webpages\songs.html <-- iowa review /web/data/www.uiowa/iareview/production/tirweb/hypermedia/edward_falco/webpages songs.html
2002.01.26 18:27 B H:\Web Sites\whirldnewmedia\swiss\irweb\hypermedia\edward_falco\webpages\stfran.html <-- iowa review /web/data/www.uiowa/iareview/production/tirweb/hypermedia/edward_falco/webpages stfran.html
2002.01.26 18:27 B H:\Web Sites\whirldnewmedia\swiss\irweb\hypermedia\edward_falco\webpages\sweat.html <-- iowa review /web/data/www.uiowa/iareview/production/tirweb/hypermedia/edward_falco/webpages sweat.html
2002.01.26 18:27 B H:\Web Sites\whirldnewmedia\swiss\irweb\hypermedia\edward_falco\webpages\swinging.html <-- iowa review /web/data/www.uiowa/iareview/production/tirweb/hypermedia/edward_falco/webpages swinging.html
2002.01.26 18:27 B H:\Web Sites\whirldnewmedia\swiss\irweb\hypermedia\edward_falco\webpages\talking.html <-- iowa review /web/data/www.uiowa/iareview/production/tirweb/hypermedia/edward_falco/webpages talking.html
2002.01.26 18:27 B H:\Web Sites\whirldnewmedia\swiss\irweb\hypermedia\edward_falco\webpages\tarps.html <-- iowa review /web/data/www.uiowa/iareview/production/tirweb/hypermedia/edward_falco/webpages tarps.html
2002.01.26 18:27 B H:\Web Sites\whirldnewmedia\swiss\irweb\hypermedia\edward_falco\webpages\tears.html <-- iowa review /web/data/www.uiowa/iareview/production/tirweb/hypermedia/edward_falco/webpages tears.html
2002.01.26 18:27 B H:\Web Sites\whirldnewmedia\swiss\irweb\hypermedia\edward_falco\webpages\thieves.html <-- iowa review /web/data/www.uiowa/iareview/production/tirweb/hypermedia/edward_falco/webpages thieves.html
2002.01.26 18:27 B H:\Web Sites\whirldnewmedia\swiss\irweb\hypermedia\edward_falco\webpages\towel.html <-- iowa review /web/data/www.uiowa/iareview/production/tirweb/hypermedia/edward_falco/webpages towel.html
2002.01.26 18:27 B H:\Web Sites\whirldnewmedia\swiss\irweb\hypermedia\edward_falco\webpages\trouble.html <-- iowa review /web/data/www.uiowa/iareview/production/tirweb/hypermedia/edward_falco/webpages trouble.html
2002.01.26 18:27 B H:\Web Sites\whirldnewmedia\swiss\irweb\hypermedia\edward_falco\webpages\vinyl.html <-- iowa review /web/data/www.uiowa/iareview/production/tirweb/hypermedia/edward_falco/webpages vinyl.html
2002.01.26 18:27 B H:\Web Sites\whirldnewmedia\swiss\irweb\hypermedia\edward_falco\webpages\waves.html <-- iowa review /web/data/www.uiowa/iareview/production/tirweb/hypermedia/edward_falco/webpages waves.html
2002.01.26 18:27 B H:\Web Sites\whirldnewmedia\swiss\irweb\hypermedia\edward_falco\webpages\wild.html <-- iowa review /web/data/www.uiowa/iareview/production/tirweb/hypermedia/edward_falco/webpages wild.html
2002.01.26 18:27 B H:\Web Sites\whirldnewmedia\swiss\irweb\hypermedia\edward_falco\webpages\windows.html <-- iowa review /web/data/www.uiowa/iareview/production/tirweb/hypermedia/edward_falco/webpages windows.html
2002.01.26 18:27 B H:\Web Sites\whirldnewmedia\swiss\irweb\hypermedia\edward_falco\webpages\winter.html <-- iowa review /web/data/www.uiowa/iareview/production/tirweb/hypermedia/edward_falco/webpages winter.html
2002.01.26 18:27 B H:\Web Sites\whirldnewmedia\swiss\irweb\hypermedia\edward_falco\webpages\wrecked.html <-- iowa review /web/data/www.uiowa/iareview/production/tirweb/hypermedia/edward_falco/webpages wrecked.html
2002.01.26 18:27 B H:\Web Sites\whirldnewmedia\swiss\irweb\hypermedia\edward_falco\webpages\wrong.html <-- iowa review /web/data/www.uiowa/iareview/production/tirweb/hypermedia/edward_falco/webpages wrong.html
2002.02.07 16:41 B H:\Web Sites\whirldnewmedia\swiss\irweb\tirweb\hypermedia\edward_falco\webpages\baby.html --> www.uiowa.edu /web/data/www.uiowa/iareview/production/tirweb/hypermedia/edward_falco/webpages baby.html
2002.02.07 16:41 B H:\Web Sites\whirldnewmedia\swiss\irweb\tirweb\hypermedia\edward_falco\webpages\back.html --> www.uiowa.edu /web/data/www.uiowa/iareview/production/tirweb/hypermedia/edward_falco/webpages back.html
2002.02.07 16:41 B H:\Web Sites\whirldnewmedia\swiss\irweb\tirweb\hypermedia\edward_falco\webpages\basta.html --> www.uiowa.edu /web/data/www.uiowa/iareview/production/tirweb/hypermedia/edward_falco/webpages basta.html
2002.02.07 16:41 B H:\Web Sites\whirldnewmedia\swiss\irweb\tirweb\hypermedia\edward_falco\webpages\beggar.html --> www.uiowa.edu /web/data/www.uiowa/iareview/production/tirweb/hypermedia/edward_falco/webpages beggar.html
2002.02.07 16:41 B H:\Web Sites\whirldnewmedia\swiss\irweb\tirweb\hypermedia\edward_falco\webpages\billows.html --> www.uiowa.edu /web/data/www.uiowa/iareview/production/tirweb/hypermedia/edward_falco/webpages billows.html
2002.02.07 16:41 B H:\Web Sites\whirldnewmedia\swiss\irweb\tirweb\hypermedia\edward_falco\webpages\blocks.html --> www.uiowa.edu /web/data/www.uiowa/iareview/production/tirweb/hypermedia/edward_falco/webpages blocks.html
2002.02.07 16:41 B H:\Web Sites\whirldnewmedia\swiss\irweb\tirweb\hypermedia\edward_falco\webpages\boxers.html --> www.uiowa.edu /web/data/www.uiowa/iareview/production/tirweb/hypermedia/edward_falco/webpages boxers.html
2002.02.07 16:41 B H:\Web Sites\whirldnewmedia\swiss\irweb\tirweb\hypermedia\edward_falco\webpages\breathe.html --> www.uiowa.edu /web/data/www.uiowa/iareview/production/tirweb/hypermedia/edward_falco/webpages breathe.html
2002.02.07 16:41 B H:\Web Sites\whirldnewmedia\swiss\irweb\tirweb\hypermedia\edward_falco\webpages\buried.html --> www.uiowa.edu /web/data/www.uiowa/iareview/production/tirweb/hypermedia/edward_falco/webpages buried.html
2002.02.07 16:41 B H:\Web Sites\whirldnewmedia\swiss\irweb\tirweb\hypermedia\edward_falco\webpages\chaos.html --> www.uiowa.edu /web/data/www.uiowa/iareview/production/tirweb/hypermedia/edward_falco/webpages chaos.html
2002.02.07 16:41 B H:\Web Sites\whirldnewmedia\swiss\irweb\tirweb\hypermedia\edward_falco\webpages\child.html --> www.uiowa.edu /web/data/www.uiowa/iareview/production/tirweb/hypermedia/edward_falco/webpages child.html
2002.02.07 16:41 B H:\Web Sites\whirldnewmedia\swiss\irweb\tirweb\hypermedia\edward_falco\webpages\children.html --> www.uiowa.edu /web/data/www.uiowa/iareview/production/tirweb/hypermedia/edward_falco/webpages children.html
2002.02.07 16:41 B H:\Web Sites\whirldnewmedia\swiss\irweb\tirweb\hypermedia\edward_falco\webpages\civil.html --> www.uiowa.edu /web/data/www.uiowa/iareview/production/tirweb/hypermedia/edward_falco/webpages civil.html
2002.02.07 16:41 B H:\Web Sites\whirldnewmedia\swiss\irweb\tirweb\hypermedia\edward_falco\webpages\closet.html --> www.uiowa.edu /web/data/www.uiowa/iareview/production/tirweb/hypermedia/edward_falco/webpages closet.html
2002.02.07 16:41 B H:\Web Sites\whirldnewmedia\swiss\irweb\tirweb\hypermedia\edward_falco\webpages\clues.html --> www.uiowa.edu /web/data/www.uiowa/iareview/production/tirweb/hypermedia/edward_falco/webpages clues.html
2002.02.07 16:41 B H:\Web Sites\whirldnewmedia\swiss\irweb\tirweb\hypermedia\edward_falco\webpages\command.html --> www.uiowa.edu /web/data/www.uiowa/iareview/production/tirweb/hypermedia/edward_falco/webpages command.html
2002.02.07 16:41 B H:\Web Sites\whirldnewmedia\swiss\irweb\tirweb\hypermedia\edward_falco\webpages\corner.html --> www.uiowa.edu /web/data/www.uiowa/iareview/production/tirweb/hypermedia/edward_falco/webpages corner.html
2002.02.07 16:41 B H:\Web Sites\whirldnewmedia\swiss\irweb\tirweb\hypermedia\edward_falco\webpages\count.html --> www.uiowa.edu /web/data/www.uiowa/iareview/production/tirweb/hypermedia/edward_falco/webpages count.html
2002.02.07 16:41 B H:\Web Sites\whirldnewmedia\swiss\irweb\tirweb\hypermedia\edward_falco\webpages\cramps.html --> www.uiowa.edu /web/data/www.uiowa/iareview/production/tirweb/hypermedia/edward_falco/webpages cramps.html
2002.02.07 16:41 B H:\Web Sites\whirldnewmedia\swiss\irweb\tirweb\hypermedia\edward_falco\webpages\crawling.html --> www.uiowa.edu /web/data/www.uiowa/iareview/production/tirweb/hypermedia/edward_falco/webpages crawling.html
2002.02.07 16:41 B H:\Web Sites\whirldnewmedia\swiss\irweb\tirweb\hypermedia\edward_falco\webpages\crucifix.html --> www.uiowa.edu /web/data/www.uiowa/iareview/production/tirweb/hypermedia/edward_falco/webpages crucifix.html
2002.02.07 16:41 B H:\Web Sites\whirldnewmedia\swiss\irweb\tirweb\hypermedia\edward_falco\webpages\dagos.html --> www.uiowa.edu /web/data/www.uiowa/iareview/production/tirweb/hypermedia/edward_falco/webpages dagos.html
2002.02.07 16:41 B H:\Web Sites\whirldnewmedia\swiss\irweb\tirweb\hypermedia\edward_falco\webpages\dark.html --> www.uiowa.edu /web/data/www.uiowa/iareview/production/tirweb/hypermedia/edward_falco/webpages dark.html
2002.02.07 16:41 B H:\Web Sites\whirldnewmedia\swiss\irweb\tirweb\hypermedia\edward_falco\webpages\dime.html --> www.uiowa.edu /web/data/www.uiowa/iareview/production/tirweb/hypermedia/edward_falco/webpages dime.html
2002.02.07 16:41 B H:\Web Sites\whirldnewmedia\swiss\irweb\tirweb\hypermedia\edward_falco\webpages\dream.html --> www.uiowa.edu /web/data/www.uiowa/iareview/production/tirweb/hypermedia/edward_falco/webpages dream.html
2002.02.07 16:41 B H:\Web Sites\whirldnewmedia\swiss\irweb\tirweb\hypermedia\edward_falco\webpages\enforce.html --> www.uiowa.edu /web/data/www.uiowa/iareview/production/tirweb/hypermedia/edward_falco/webpages enforce.html
2002.02.07 16:41 B H:\Web Sites\whirldnewmedia\swiss\irweb\tirweb\hypermedia\edward_falco\webpages\escarole.html --> www.uiowa.edu /web/data/www.uiowa/iareview/production/tirweb/hypermedia/edward_falco/webpages escarole.html
2002.02.07 16:41 B H:\Web Sites\whirldnewmedia\swiss\irweb\tirweb\hypermedia\edward_falco\webpages\figs.html --> www.uiowa.edu /web/data/www.uiowa/iareview/production/tirweb/hypermedia/edward_falco/webpages figs.html
2002.02.07 16:41 B H:\Web Sites\whirldnewmedia\swiss\irweb\tirweb\hypermedia\edward_falco\webpages\fingertips.html --> www.uiowa.edu /web/data/www.uiowa/iareview/production/tirweb/hypermedia/edward_falco/webpages fingertips.html
2002.02.07 16:41 B H:\Web Sites\whirldnewmedia\swiss\irweb\tirweb\hypermedia\edward_falco\webpages\fists.html --> www.uiowa.edu /web/data/www.uiowa/iareview/production/tirweb/hypermedia/edward_falco/webpages fists.html
2002.02.07 16:41 B H:\Web Sites\whirldnewmedia\swiss\irweb\tirweb\hypermedia\edward_falco\webpages\fog.html --> www.uiowa.edu /web/data/www.uiowa/iareview/production/tirweb/hypermedia/edward_falco/webpages fog.html
2002.02.07 16:41 B H:\Web Sites\whirldnewmedia\swiss\irweb\tirweb\hypermedia\edward_falco\webpages\fountain.html --> www.uiowa.edu /web/data/www.uiowa/iareview/production/tirweb/hypermedia/edward_falco/webpages fountain.html
2002.02.07 16:41 B H:\Web Sites\whirldnewmedia\swiss\irweb\tirweb\hypermedia\edward_falco\webpages\goat.html --> www.uiowa.edu /web/data/www.uiowa/iareview/production/tirweb/hypermedia/edward_falco/webpages goat.html
2002.02.07 16:41 B H:\Web Sites\whirldnewmedia\swiss\irweb\tirweb\hypermedia\edward_falco\webpages\gold.html --> www.uiowa.edu /web/data/www.uiowa/iareview/production/tirweb/hypermedia/edward_falco/webpages gold.html
2002.02.07 16:41 B H:\Web Sites\whirldnewmedia\swiss\irweb\tirweb\hypermedia\edward_falco\webpages\hair.html --> www.uiowa.edu /web/data/www.uiowa/iareview/production/tirweb/hypermedia/edward_falco/webpages hair.html
2002.02.07 16:41 B H:\Web Sites\whirldnewmedia\swiss\irweb\tirweb\hypermedia\edward_falco\webpages\hallway.html --> www.uiowa.edu /web/data/www.uiowa/iareview/production/tirweb/hypermedia/edward_falco/webpages hallway.html
2002.02.07 16:41 B H:\Web Sites\whirldnewmedia\swiss\irweb\tirweb\hypermedia\edward_falco\webpages\heat.html --> www.uiowa.edu /web/data/www.uiowa/iareview/production/tirweb/hypermedia/edward_falco/webpages heat.html
2002.02.07 16:41 B H:\Web Sites\whirldnewmedia\swiss\irweb\tirweb\hypermedia\edward_falco\webpages\home.html --> www.uiowa.edu /web/data/www.uiowa/iareview/production/tirweb/hypermedia/edward_falco/webpages home.html
2002.02.07 16:41 B H:\Web Sites\whirldnewmedia\swiss\irweb\tirweb\hypermedia\edward_falco\webpages\housedress.html --> www.uiowa.edu /web/data/www.uiowa/iareview/production/tirweb/hypermedia/edward_falco/webpages housedress.html
2002.02.07 16:41 B H:\Web Sites\whirldnewmedia\swiss\irweb\tirweb\hypermedia\edward_falco\webpages\hungry.html --> www.uiowa.edu /web/data/www.uiowa/iareview/production/tirweb/hypermedia/edward_falco/webpages hungry.html
2002.02.07 16:41 B H:\Web Sites\whirldnewmedia\swiss\irweb\tirweb\hypermedia\edward_falco\webpages\jawbone.html --> www.uiowa.edu /web/data/www.uiowa/iareview/production/tirweb/hypermedia/edward_falco/webpages jawbone.html
2002.02.07 16:41 B H:\Web Sites\whirldnewmedia\swiss\irweb\tirweb\hypermedia\edward_falco\webpages\jumped.html --> www.uiowa.edu /web/data/www.uiowa/iareview/production/tirweb/hypermedia/edward_falco/webpages jumped.html
2002.02.07 16:41 B H:\Web Sites\whirldnewmedia\swiss\irweb\tirweb\hypermedia\edward_falco\webpages\kick.html --> www.uiowa.edu /web/data/www.uiowa/iareview/production/tirweb/hypermedia/edward_falco/webpages kick.html
2002.02.07 16:41 B H:\Web Sites\whirldnewmedia\swiss\irweb\tirweb\hypermedia\edward_falco\webpages\king.html --> www.uiowa.edu /web/data/www.uiowa/iareview/production/tirweb/hypermedia/edward_falco/webpages king.html
2002.02.07 16:41 B H:\Web Sites\whirldnewmedia\swiss\irweb\tirweb\hypermedia\edward_falco\webpages\knuckles.html --> www.uiowa.edu /web/data/www.uiowa/iareview/production/tirweb/hypermedia/edward_falco/webpages knuckles.html
2002.02.07 16:41 B H:\Web Sites\whirldnewmedia\swiss\irweb\tirweb\hypermedia\edward_falco\webpages\laundry.html --> www.uiowa.edu /web/data/www.uiowa/iareview/production/tirweb/hypermedia/edward_falco/webpages laundry.html
2002.02.07 16:41 B H:\Web Sites\whirldnewmedia\swiss\irweb\tirweb\hypermedia\edward_falco\webpages\liar.html --> www.uiowa.edu /web/data/www.uiowa/iareview/production/tirweb/hypermedia/edward_falco/webpages liar.html
2002.02.07 16:41 B H:\Web Sites\whirldnewmedia\swiss\irweb\tirweb\hypermedia\edward_falco\webpages\lovinggod.html --> www.uiowa.edu /web/data/www.uiowa/iareview/production/tirweb/hypermedia/edward_falco/webpages lovinggod.html
2002.02.07 16:41 B H:\Web Sites\whirldnewmedia\swiss\irweb\tirweb\hypermedia\edward_falco\webpages\lungs.html --> www.uiowa.edu /web/data/www.uiowa/iareview/production/tirweb/hypermedia/edward_falco/webpages lungs.html
2002.02.07 16:41 B H:\Web Sites\whirldnewmedia\swiss\irweb\tirweb\hypermedia\edward_falco\webpages\mind.html --> www.uiowa.edu /web/data/www.uiowa/iareview/production/tirweb/hypermedia/edward_falco/webpages mind.html
2002.02.07 16:41 B H:\Web Sites\whirldnewmedia\swiss\irweb\tirweb\hypermedia\edward_falco\webpages\myself.html --> www.uiowa.edu /web/data/www.uiowa/iareview/production/tirweb/hypermedia/edward_falco/webpages myself.html
2002.02.07 16:41 B H:\Web Sites\whirldnewmedia\swiss\irweb\tirweb\hypermedia\edward_falco\webpages\name.html --> www.uiowa.edu /web/data/www.uiowa/iareview/production/tirweb/hypermedia/edward_falco/webpages name.html
2002.02.07 16:41 B H:\Web Sites\whirldnewmedia\swiss\irweb\tirweb\hypermedia\edward_falco\webpages\nosebleed.html --> www.uiowa.edu /web/data/www.uiowa/iareview/production/tirweb/hypermedia/edward_falco/webpages nosebleed.html
2002.02.07 16:41 B H:\Web Sites\whirldnewmedia\swiss\irweb\tirweb\hypermedia\edward_falco\webpages\oufa.html --> www.uiowa.edu /web/data/www.uiowa/iareview/production/tirweb/hypermedia/edward_falco/webpages oufa.html
2002.02.07 16:41 B H:\Web Sites\whirldnewmedia\swiss\irweb\tirweb\hypermedia\edward_falco\webpages\paint.html --> www.uiowa.edu /web/data/www.uiowa/iareview/production/tirweb/hypermedia/edward_falco/webpages paint.html
2002.02.07 16:41 B H:\Web Sites\whirldnewmedia\swiss\irweb\tirweb\hypermedia\edward_falco\webpages\pitcher.html --> www.uiowa.edu /web/data/www.uiowa/iareview/production/tirweb/hypermedia/edward_falco/webpages pitcher.html
2002.02.07 16:41 B H:\Web Sites\whirldnewmedia\swiss\irweb\tirweb\hypermedia\edward_falco\webpages\plaster.html --> www.uiowa.edu /web/data/www.uiowa/iareview/production/tirweb/hypermedia/edward_falco/webpages plaster.html
2002.02.07 16:41 B H:\Web Sites\whirldnewmedia\swiss\irweb\tirweb\hypermedia\edward_falco\webpages\pony.html --> www.uiowa.edu /web/data/www.uiowa/iareview/production/tirweb/hypermedia/edward_falco/webpages pony.html
2002.02.07 16:41 B H:\Web Sites\whirldnewmedia\swiss\irweb\tirweb\hypermedia\edward_falco\webpages\punch.html --> www.uiowa.edu /web/data/www.uiowa/iareview/production/tirweb/hypermedia/edward_falco/webpages punch.html
2002.02.07 16:41 B H:\Web Sites\whirldnewmedia\swiss\irweb\tirweb\hypermedia\edward_falco\webpages\quiet.html --> www.uiowa.edu /web/data/www.uiowa/iareview/production/tirweb/hypermedia/edward_falco/webpages quiet.html
2002.02.07 16:41 B H:\Web Sites\whirldnewmedia\swiss\irweb\tirweb\hypermedia\edward_falco\webpages\redcent.html --> www.uiowa.edu /web/data/www.uiowa/iareview/production/tirweb/hypermedia/edward_falco/webpages redcent.html
2002.02.07 16:41 B H:\Web Sites\whirldnewmedia\swiss\irweb\tirweb\hypermedia\edward_falco\webpages\respect.html --> www.uiowa.edu /web/data/www.uiowa/iareview/production/tirweb/hypermedia/edward_falco/webpages respect.html
2002.02.07 16:41 B H:\Web Sites\whirldnewmedia\swiss\irweb\tirweb\hypermedia\edward_falco\webpages\ripped.html --> www.uiowa.edu /web/data/www.uiowa/iareview/production/tirweb/hypermedia/edward_falco/webpages ripped.html
2002.02.07 16:41 B H:\Web Sites\whirldnewmedia\swiss\irweb\tirweb\hypermedia\edward_falco\webpages\rocked.html --> www.uiowa.edu /web/data/www.uiowa/iareview/production/tirweb/hypermedia/edward_falco/webpages rocked.html
2002.02.07 16:41 B H:\Web Sites\whirldnewmedia\swiss\irweb\tirweb\hypermedia\edward_falco\webpages\roof.html --> www.uiowa.edu /web/data/www.uiowa/iareview/production/tirweb/hypermedia/edward_falco/webpages roof.html
2002.02.07 16:42 B H:\Web Sites\whirldnewmedia\swiss\irweb\tirweb\hypermedia\edward_falco\webpages\running.html --> www.uiowa.edu /web/data/www.uiowa/iareview/production/tirweb/hypermedia/edward_falco/webpages running.html
2002.02.07 16:42 B H:\Web Sites\whirldnewmedia\swiss\irweb\tirweb\hypermedia\edward_falco\webpages\sauce.html --> www.uiowa.edu /web/data/www.uiowa/iareview/production/tirweb/hypermedia/edward_falco/webpages sauce.html
2002.02.07 16:42 B H:\Web Sites\whirldnewmedia\swiss\irweb\tirweb\hypermedia\edward_falco\webpages\scum.html --> www.uiowa.edu /web/data/www.uiowa/iareview/production/tirweb/hypermedia/edward_falco/webpages scum.html
2002.02.07 16:42 B H:\Web Sites\whirldnewmedia\swiss\irweb\tirweb\hypermedia\edward_falco\webpages\selfportrait.html --> www.uiowa.edu /web/data/www.uiowa/iareview/production/tirweb/hypermedia/edward_falco/webpages selfportrait.html
2002.02.07 16:42 B H:\Web Sites\whirldnewmedia\swiss\irweb\tirweb\hypermedia\edward_falco\webpages\shattered.html --> www.uiowa.edu /web/data/www.uiowa/iareview/production/tirweb/hypermedia/edward_falco/webpages shattered.html
2002.02.07 16:42 B H:\Web Sites\whirldnewmedia\swiss\irweb\tirweb\hypermedia\edward_falco\webpages\shithouse.html --> www.uiowa.edu /web/data/www.uiowa/iareview/production/tirweb/hypermedia/edward_falco/webpages shithouse.html
2002.02.07 16:42 B H:\Web Sites\whirldnewmedia\swiss\irweb\tirweb\hypermedia\edward_falco\webpages\sign.html --> www.uiowa.edu /web/data/www.uiowa/iareview/production/tirweb/hypermedia/edward_falco/webpages sign.html
2002.02.07 16:42 B H:\Web Sites\whirldnewmedia\swiss\irweb\tirweb\hypermedia\edward_falco\webpages\sirens.html --> www.uiowa.edu /web/data/www.uiowa/iareview/production/tirweb/hypermedia/edward_falco/webpages sirens.html
2002.02.07 16:42 B H:\Web Sites\whirldnewmedia\swiss\irweb\tirweb\hypermedia\edward_falco\webpages\skinny.html --> www.uiowa.edu /web/data/www.uiowa/iareview/production/tirweb/hypermedia/edward_falco/webpages skinny.html
2002.02.07 16:42 B H:\Web Sites\whirldnewmedia\swiss\irweb\tirweb\hypermedia\edward_falco\webpages\slap.html --> www.uiowa.edu /web/data/www.uiowa/iareview/production/tirweb/hypermedia/edward_falco/webpages slap.html
2002.02.07 16:42 B H:\Web Sites\whirldnewmedia\swiss\irweb\tirweb\hypermedia\edward_falco\webpages\slave.html --> www.uiowa.edu /web/data/www.uiowa/iareview/production/tirweb/hypermedia/edward_falco/webpages slave.html
2002.02.07 16:42 B H:\Web Sites\whirldnewmedia\swiss\irweb\tirweb\hypermedia\edward_falco\webpages\snow.html --> www.uiowa.edu /web/data/www.uiowa/iareview/production/tirweb/hypermedia/edward_falco/webpages snow.html
2002.02.07 16:42 B H:\Web Sites\whirldnewmedia\swiss\irweb\tirweb\hypermedia\edward_falco\webpages\songs.html --> www.uiowa.edu /web/data/www.uiowa/iareview/production/tirweb/hypermedia/edward_falco/webpages songs.html
2002.02.07 16:42 B H:\Web Sites\whirldnewmedia\swiss\irweb\tirweb\hypermedia\edward_falco\webpages\stfran.html --> www.uiowa.edu /web/data/www.uiowa/iareview/production/tirweb/hypermedia/edward_falco/webpages stfran.html
2002.02.07 16:42 B H:\Web Sites\whirldnewmedia\swiss\irweb\tirweb\hypermedia\edward_falco\webpages\sweat.html --> www.uiowa.edu /web/data/www.uiowa/iareview/production/tirweb/hypermedia/edward_falco/webpages sweat.html
2002.02.07 16:42 B H:\Web Sites\whirldnewmedia\swiss\irweb\tirweb\hypermedia\edward_falco\webpages\swinging.html --> www.uiowa.edu /web/data/www.uiowa/iareview/production/tirweb/hypermedia/edward_falco/webpages swinging.html
2002.02.07 16:42 B H:\Web Sites\whirldnewmedia\swiss\irweb\tirweb\hypermedia\edward_falco\webpages\talking.html --> www.uiowa.edu /web/data/www.uiowa/iareview/production/tirweb/hypermedia/edward_falco/webpages talking.html
2002.02.07 16:42 B H:\Web Sites\whirldnewmedia\swiss\irweb\tirweb\hypermedia\edward_falco\webpages\tarps.html --> www.uiowa.edu /web/data/www.uiowa/iareview/production/tirweb/hypermedia/edward_falco/webpages tarps.html
2002.02.07 16:42 B H:\Web Sites\whirldnewmedia\swiss\irweb\tirweb\hypermedia\edward_falco\webpages\tears.html --> www.uiowa.edu /web/data/www.uiowa/iareview/production/tirweb/hypermedia/edward_falco/webpages tears.html
2002.02.07 16:42 B H:\Web Sites\whirldnewmedia\swiss\irweb\tirweb\hypermedia\edward_falco\webpages\thieves.html --> www.uiowa.edu /web/data/www.uiowa/iareview/production/tirweb/hypermedia/edward_falco/webpages thieves.html
2002.02.07 16:42 B H:\Web Sites\whirldnewmedia\swiss\irweb\tirweb\hypermedia\edward_falco\webpages\towel.html --> www.uiowa.edu /web/data/www.uiowa/iareview/production/tirweb/hypermedia/edward_falco/webpages towel.html
2002.02.07 16:42 B H:\Web Sites\whirldnewmedia\swiss\irweb\tirweb\hypermedia\edward_falco\webpages\trouble.html --> www.uiowa.edu /web/data/www.uiowa/iareview/production/tirweb/hypermedia/edward_falco/webpages trouble.html
2002.02.07 16:42 B H:\Web Sites\whirldnewmedia\swiss\irweb\tirweb\hypermedia\edward_falco\webpages\vinyl.html --> www.uiowa.edu /web/data/www.uiowa/iareview/production/tirweb/hypermedia/edward_falco/webpages vinyl.html
2002.02.07 16:42 B H:\Web Sites\whirldnewmedia\swiss\irweb\tirweb\hypermedia\edward_falco\webpages\waves.html --> www.uiowa.edu /web/data/www.uiowa/iareview/production/tirweb/hypermedia/edward_falco/webpages waves.html
2002.02.07 16:42 B H:\Web Sites\whirldnewmedia\swiss\irweb\tirweb\hypermedia\edward_falco\webpages\wild.html --> www.uiowa.edu /web/data/www.uiowa/iareview/production/tirweb/hypermedia/edward_falco/webpages wild.html
2002.02.07 16:42 B H:\Web Sites\whirldnewmedia\swiss\irweb\tirweb\hypermedia\edward_falco\webpages\windows.html --> www.uiowa.edu /web/data/www.uiowa/iareview/production/tirweb/hypermedia/edward_falco/webpages windows.html
2002.02.07 16:42 B H:\Web Sites\whirldnewmedia\swiss\irweb\tirweb\hypermedia\edward_falco\webpages\winter.html --> www.uiowa.edu /web/data/www.uiowa/iareview/production/tirweb/hypermedia/edward_falco/webpages winter.html
2002.02.07 16:42 B H:\Web Sites\whirldnewmedia\swiss\irweb\tirweb\hypermedia\edward_falco\webpages\wrecked.html --> www.uiowa.edu /web/data/www.uiowa/iareview/production/tirweb/hypermedia/edward_falco/webpages wrecked.html
2002.02.07 16:42 B H:\Web Sites\whirldnewmedia\swiss\irweb\tirweb\hypermedia\edward_falco\webpages\wrong.html --> www.uiowa.edu /web/data/www.uiowa/iareview/production/tirweb/hypermedia/edward_falco/webpages wrong.html
