2003.12.01 10:36 B C:\My Documents\everything\clients\irweb\tirweb\feature\malloy\afterwards\about.html <-- judy /webdocs about.html
2003.12.01 10:36 B C:\My Documents\everything\clients\irweb\tirweb\feature\malloy\afterwards\after.gif <-- judy /webdocs after.gif
2003.12.01 10:36 B C:\My Documents\everything\clients\irweb\tirweb\feature\malloy\afterwards\begin.html <-- judy /webdocs begin.html
2003.12.01 10:36 B C:\My Documents\everything\clients\irweb\tirweb\feature\malloy\afterwards\doro.html <-- judy /webdocs doro.html
2003.12.01 10:36 B C:\My Documents\everything\clients\irweb\tirweb\feature\malloy\afterwards\doro1.html <-- judy /webdocs doro1.html
2003.12.01 10:36 B C:\My Documents\everything\clients\irweb\tirweb\feature\malloy\afterwards\doro10.html <-- judy /webdocs doro10.html
2003.12.01 10:36 B C:\My Documents\everything\clients\irweb\tirweb\feature\malloy\afterwards\doro2.html <-- judy /webdocs doro2.html
2003.12.01 10:36 B C:\My Documents\everything\clients\irweb\tirweb\feature\malloy\afterwards\doro3.html <-- judy /webdocs doro3.html
2003.12.01 10:36 B C:\My Documents\everything\clients\irweb\tirweb\feature\malloy\afterwards\doro4.html <-- judy /webdocs doro4.html
2003.12.01 10:36 B C:\My Documents\everything\clients\irweb\tirweb\feature\malloy\afterwards\doro5.html <-- judy /webdocs doro5.html
2003.12.01 10:36 B C:\My Documents\everything\clients\irweb\tirweb\feature\malloy\afterwards\doro6.html <-- judy /webdocs doro6.html
2003.12.01 10:36 B C:\My Documents\everything\clients\irweb\tirweb\feature\malloy\afterwards\doro7.html <-- judy /webdocs doro7.html
2003.12.01 10:36 B C:\My Documents\everything\clients\irweb\tirweb\feature\malloy\afterwards\doro8.html <-- judy /webdocs doro8.html
2003.12.01 10:36 B C:\My Documents\everything\clients\irweb\tirweb\feature\malloy\afterwards\doro9.html <-- judy /webdocs doro9.html
2003.12.01 10:36 B C:\My Documents\everything\clients\irweb\tirweb\feature\malloy\afterwards\doroa.html <-- judy /webdocs doroa.html
2003.12.01 10:36 B C:\My Documents\everything\clients\irweb\tirweb\feature\malloy\afterwards\dorob.html <-- judy /webdocs dorob.html
2003.12.01 10:36 B C:\My Documents\everything\clients\irweb\tirweb\feature\malloy\afterwards\doroc.html <-- judy /webdocs doroc.html
2003.12.01 10:36 B C:\My Documents\everything\clients\irweb\tirweb\feature\malloy\afterwards\dorod.html <-- judy /webdocs dorod.html
2003.12.01 10:36 B C:\My Documents\everything\clients\irweb\tirweb\feature\malloy\afterwards\doroe.html <-- judy /webdocs doroe.html
2003.12.01 10:36 B C:\My Documents\everything\clients\irweb\tirweb\feature\malloy\afterwards\dorog.html <-- judy /webdocs dorog.html
2003.12.01 10:36 B C:\My Documents\everything\clients\irweb\tirweb\feature\malloy\afterwards\doroh.html <-- judy /webdocs doroh.html
2003.12.01 10:36 B C:\My Documents\everything\clients\irweb\tirweb\feature\malloy\afterwards\doroj.html <-- judy /webdocs doroj.html
2003.12.01 10:36 B C:\My Documents\everything\clients\irweb\tirweb\feature\malloy\afterwards\dorol.html <-- judy /webdocs dorol.html
2003.12.01 10:36 B C:\My Documents\everything\clients\irweb\tirweb\feature\malloy\afterwards\dorsid.html <-- judy /webdocs dorsid.html
2003.12.01 10:36 B C:\My Documents\everything\clients\irweb\tirweb\feature\malloy\afterwards\dorsid1.gif <-- judy /webdocs dorsid1.gif
2003.12.01 10:36 B C:\My Documents\everything\clients\irweb\tirweb\feature\malloy\afterwards\dorsid2.html <-- judy /webdocs dorsid2.html
2003.12.01 10:36 B C:\My Documents\everything\clients\irweb\tirweb\feature\malloy\afterwards\dorsid3.html <-- judy /webdocs dorsid3.html
2003.12.01 10:36 B C:\My Documents\everything\clients\irweb\tirweb\feature\malloy\afterwards\dorsid4.html <-- judy /webdocs dorsid4.html
2003.12.01 10:36 B C:\My Documents\everything\clients\irweb\tirweb\feature\malloy\afterwards\dorsid5.html <-- judy /webdocs dorsid5.html
2003.12.01 10:37 B C:\My Documents\everything\clients\irweb\tirweb\feature\malloy\afterwards\ds.html <-- judy /webdocs ds.html
2003.12.01 10:37 B C:\My Documents\everything\clients\irweb\tirweb\feature\malloy\afterwards\ds1.gif <-- judy /webdocs ds1.gif
2003.12.01 10:37 B C:\My Documents\everything\clients\irweb\tirweb\feature\malloy\afterwards\ds1.html <-- judy /webdocs ds1.html
2003.12.01 10:37 B C:\My Documents\everything\clients\irweb\tirweb\feature\malloy\afterwards\ds1a.gif <-- judy /webdocs ds1a.gif
2003.12.01 10:37 B C:\My Documents\everything\clients\irweb\tirweb\feature\malloy\afterwards\ds1a.html <-- judy /webdocs ds1a.html
2003.12.01 10:37 B C:\My Documents\everything\clients\irweb\tirweb\feature\malloy\afterwards\ds2.gif <-- judy /webdocs ds2.gif
2003.12.01 10:37 B C:\My Documents\everything\clients\irweb\tirweb\feature\malloy\afterwards\ds2a.gif <-- judy /webdocs ds2a.gif
2003.12.01 10:37 B C:\My Documents\everything\clients\irweb\tirweb\feature\malloy\afterwards\ds2b.gif <-- judy /webdocs ds2b.gif
2003.12.01 10:37 B C:\My Documents\everything\clients\irweb\tirweb\feature\malloy\afterwards\ds3.gif <-- judy /webdocs ds3.gif
2003.12.01 10:37 B C:\My Documents\everything\clients\irweb\tirweb\feature\malloy\afterwards\ds3b.gif <-- judy /webdocs ds3b.gif
2003.12.01 10:37 B C:\My Documents\everything\clients\irweb\tirweb\feature\malloy\afterwards\ds4.gif <-- judy /webdocs ds4.gif
2003.12.01 10:37 B C:\My Documents\everything\clients\irweb\tirweb\feature\malloy\afterwards\ds6.gif <-- judy /webdocs ds6.gif
2003.12.01 10:37 B C:\My Documents\everything\clients\irweb\tirweb\feature\malloy\afterwards\dsq1.gif <-- judy /webdocs dsq1.gif
2003.12.01 10:37 B C:\My Documents\everything\clients\irweb\tirweb\feature\malloy\afterwards\dsq2.gif <-- judy /webdocs dsq2.gif
2003.12.01 10:37 B C:\My Documents\everything\clients\irweb\tirweb\feature\malloy\afterwards\gugw1.gif <-- judy /webdocs gugw1.gif
2003.12.01 10:37 B C:\My Documents\everything\clients\irweb\tirweb\feature\malloy\afterwards\gunter.html <-- judy /webdocs gunter.html
2003.12.01 10:37 B C:\My Documents\everything\clients\irweb\tirweb\feature\malloy\afterwards\gunter10.html <-- judy /webdocs gunter10.html
2003.12.01 10:37 B C:\My Documents\everything\clients\irweb\tirweb\feature\malloy\afterwards\gunter2.html <-- judy /webdocs gunter2.html
2003.12.01 10:37 B C:\My Documents\everything\clients\irweb\tirweb\feature\malloy\afterwards\gunter3.html <-- judy /webdocs gunter3.html
2003.12.01 10:37 B C:\My Documents\everything\clients\irweb\tirweb\feature\malloy\afterwards\gunter4.html <-- judy /webdocs gunter4.html
2003.12.01 10:37 B C:\My Documents\everything\clients\irweb\tirweb\feature\malloy\afterwards\gunter5.html <-- judy /webdocs gunter5.html
2003.12.01 10:37 B C:\My Documents\everything\clients\irweb\tirweb\feature\malloy\afterwards\gunter6.html <-- judy /webdocs gunter6.html
2003.12.01 10:37 B C:\My Documents\everything\clients\irweb\tirweb\feature\malloy\afterwards\gunter7.html <-- judy /webdocs gunter7.html
2003.12.01 10:37 B C:\My Documents\everything\clients\irweb\tirweb\feature\malloy\afterwards\gunter8.html <-- judy /webdocs gunter8.html
2003.12.01 10:37 B C:\My Documents\everything\clients\irweb\tirweb\feature\malloy\afterwards\gunter9.html <-- judy /webdocs gunter9.html
2003.12.01 10:37 B C:\My Documents\everything\clients\irweb\tirweb\feature\malloy\afterwards\guntera.html <-- judy /webdocs guntera.html
2003.12.01 10:37 B C:\My Documents\everything\clients\irweb\tirweb\feature\malloy\afterwards\gunterb.html <-- judy /webdocs gunterb.html
2003.12.01 10:37 B C:\My Documents\everything\clients\irweb\tirweb\feature\malloy\afterwards\gunterd.html <-- judy /webdocs gunterd.html
2003.12.01 10:37 B C:\My Documents\everything\clients\irweb\tirweb\feature\malloy\afterwards\guntere.html <-- judy /webdocs guntere.html
2003.12.01 10:37 B C:\My Documents\everything\clients\irweb\tirweb\feature\malloy\afterwards\gunterf.html <-- judy /webdocs gunterf.html
2003.12.01 10:37 B C:\My Documents\everything\clients\irweb\tirweb\feature\malloy\afterwards\gunteri.html <-- judy /webdocs gunteri.html
2003.12.01 10:37 B C:\My Documents\everything\clients\irweb\tirweb\feature\malloy\afterwards\gunterj.html <-- judy /webdocs gunterj.html
2003.12.01 10:37 B C:\My Documents\everything\clients\irweb\tirweb\feature\malloy\afterwards\gunterl.html <-- judy /webdocs gunterl.html
2003.12.01 10:37 B C:\My Documents\everything\clients\irweb\tirweb\feature\malloy\afterwards\guntert.html <-- judy /webdocs guntert.html
2003.12.01 10:37 B C:\My Documents\everything\clients\irweb\tirweb\feature\malloy\afterwards\gwen.html <-- judy /webdocs gwen.html
2003.12.01 10:37 B C:\My Documents\everything\clients\irweb\tirweb\feature\malloy\afterwards\gwen10.html <-- judy /webdocs gwen10.html
2003.12.01 10:37 B C:\My Documents\everything\clients\irweb\tirweb\feature\malloy\afterwards\gwen2.html <-- judy /webdocs gwen2.html
2003.12.01 10:37 B C:\My Documents\everything\clients\irweb\tirweb\feature\malloy\afterwards\gwen3.html <-- judy /webdocs gwen3.html
2003.12.01 10:37 B C:\My Documents\everything\clients\irweb\tirweb\feature\malloy\afterwards\gwen4.html <-- judy /webdocs gwen4.html
2003.12.01 10:37 B C:\My Documents\everything\clients\irweb\tirweb\feature\malloy\afterwards\gwen5.html <-- judy /webdocs gwen5.html
2003.12.01 10:37 B C:\My Documents\everything\clients\irweb\tirweb\feature\malloy\afterwards\gwen6.html <-- judy /webdocs gwen6.html
2003.12.01 10:37 B C:\My Documents\everything\clients\irweb\tirweb\feature\malloy\afterwards\gwen7.html <-- judy /webdocs gwen7.html
2003.12.01 10:37 B C:\My Documents\everything\clients\irweb\tirweb\feature\malloy\afterwards\gwen8.html <-- judy /webdocs gwen8.html
2003.12.01 10:37 B C:\My Documents\everything\clients\irweb\tirweb\feature\malloy\afterwards\gwen9.html <-- judy /webdocs gwen9.html
2003.12.01 10:37 B C:\My Documents\everything\clients\irweb\tirweb\feature\malloy\afterwards\gwenb.html <-- judy /webdocs gwenb.html
2003.12.01 10:37 B C:\My Documents\everything\clients\irweb\tirweb\feature\malloy\afterwards\gwenc.html <-- judy /webdocs gwenc.html
2003.12.01 10:37 B C:\My Documents\everything\clients\irweb\tirweb\feature\malloy\afterwards\gwenf.html <-- judy /webdocs gwenf.html
2003.12.01 10:37 B C:\My Documents\everything\clients\irweb\tirweb\feature\malloy\afterwards\gwenh.html <-- judy /webdocs gwenh.html
2003.12.01 10:37 B C:\My Documents\everything\clients\irweb\tirweb\feature\malloy\afterwards\gweni.html <-- judy /webdocs gweni.html
2003.12.01 10:37 B C:\My Documents\everything\clients\irweb\tirweb\feature\malloy\afterwards\gwenl.html <-- judy /webdocs gwenl.html
2003.12.01 10:37 B C:\My Documents\everything\clients\irweb\tirweb\feature\malloy\afterwards\gwgu.gif <-- judy /webdocs gwgu.gif
2003.12.01 10:37 B C:\My Documents\everything\clients\irweb\tirweb\feature\malloy\afterwards\gwgu2.gif <-- judy /webdocs gwgu2.gif
2003.12.01 10:37 B C:\My Documents\everything\clients\irweb\tirweb\feature\malloy\afterwards\gwgu3.gif <-- judy /webdocs gwgu3.gif
2003.12.01 10:37 B C:\My Documents\everything\clients\irweb\tirweb\feature\malloy\afterwards\gwgu4.gif <-- judy /webdocs gwgu4.gif
2003.12.01 10:37 B C:\My Documents\everything\clients\irweb\tirweb\feature\malloy\afterwards\gwgu5.gif <-- judy /webdocs gwgu5.gif
2003.12.01 10:37 B C:\My Documents\everything\clients\irweb\tirweb\feature\malloy\afterwards\gwgu6.gif <-- judy /webdocs gwgu6.gif
2003.12.01 10:37 B C:\My Documents\everything\clients\irweb\tirweb\feature\malloy\afterwards\jerrtina2.html <-- judy /webdocs jerrtina2.html
2003.12.01 10:37 B C:\My Documents\everything\clients\irweb\tirweb\feature\malloy\afterwards\jerry.html <-- judy /webdocs jerry.html
2003.12.01 10:37 B C:\My Documents\everything\clients\irweb\tirweb\feature\malloy\afterwards\jerry15.html <-- judy /webdocs jerry15.html
2003.12.01 10:37 B C:\My Documents\everything\clients\irweb\tirweb\feature\malloy\afterwards\jerry16.html <-- judy /webdocs jerry16.html
2003.12.01 10:37 B C:\My Documents\everything\clients\irweb\tirweb\feature\malloy\afterwards\jerry17.html <-- judy /webdocs jerry17.html
2003.12.01 10:37 B C:\My Documents\everything\clients\irweb\tirweb\feature\malloy\afterwards\jerry18.html <-- judy /webdocs jerry18.html
2003.12.01 10:37 B C:\My Documents\everything\clients\irweb\tirweb\feature\malloy\afterwards\jerry2.html <-- judy /webdocs jerry2.html
2003.12.01 10:37 B C:\My Documents\everything\clients\irweb\tirweb\feature\malloy\afterwards\jerry3.html <-- judy /webdocs jerry3.html
2003.12.01 10:37 B C:\My Documents\everything\clients\irweb\tirweb\feature\malloy\afterwards\jerry4.html <-- judy /webdocs jerry4.html
2003.12.01 10:37 B C:\My Documents\everything\clients\irweb\tirweb\feature\malloy\afterwards\jerry5.html <-- judy /webdocs jerry5.html
2003.12.01 10:37 B C:\My Documents\everything\clients\irweb\tirweb\feature\malloy\afterwards\jerry6.html <-- judy /webdocs jerry6.html
2003.12.01 10:37 B C:\My Documents\everything\clients\irweb\tirweb\feature\malloy\afterwards\jerry7.html <-- judy /webdocs jerry7.html
2003.12.01 10:37 B C:\My Documents\everything\clients\irweb\tirweb\feature\malloy\afterwards\jerryb.html <-- judy /webdocs jerryb.html
2003.12.01 10:37 B C:\My Documents\everything\clients\irweb\tirweb\feature\malloy\afterwards\jerryc.html <-- judy /webdocs jerryc.html
2003.12.01 10:37 B C:\My Documents\everything\clients\irweb\tirweb\feature\malloy\afterwards\jerryd.html <-- judy /webdocs jerryd.html
2003.12.01 10:37 B C:\My Documents\everything\clients\irweb\tirweb\feature\malloy\afterwards\jerrye.html <-- judy /webdocs jerrye.html
2003.12.01 10:37 B C:\My Documents\everything\clients\irweb\tirweb\feature\malloy\afterwards\jerryf.html <-- judy /webdocs jerryf.html
2003.12.01 10:37 B C:\My Documents\everything\clients\irweb\tirweb\feature\malloy\afterwards\jerryh.html <-- judy /webdocs jerryh.html
2003.12.01 10:37 B C:\My Documents\everything\clients\irweb\tirweb\feature\malloy\afterwards\jerryi.html <-- judy /webdocs jerryi.html
2003.12.01 10:37 B C:\My Documents\everything\clients\irweb\tirweb\feature\malloy\afterwards\jerryj.html <-- judy /webdocs jerryj.html
2003.12.01 10:37 B C:\My Documents\everything\clients\irweb\tirweb\feature\malloy\afterwards\jerryl.html <-- judy /webdocs jerryl.html
2003.12.01 10:37 B C:\My Documents\everything\clients\irweb\tirweb\feature\malloy\afterwards\party.gif <-- judy /webdocs party.gif
2003.12.01 10:37 B C:\My Documents\everything\clients\irweb\tirweb\feature\malloy\afterwards\quilt.html <-- judy /webdocs quilt.html
2003.12.01 10:37 B C:\My Documents\everything\clients\irweb\tirweb\feature\malloy\afterwards\quilt2.html <-- judy /webdocs quilt2.html
2003.12.01 10:37 B C:\My Documents\everything\clients\irweb\tirweb\feature\malloy\afterwards\sid.html <-- judy /webdocs sid.html
2003.12.01 10:37 B C:\My Documents\everything\clients\irweb\tirweb\feature\malloy\afterwards\sid10.html <-- judy /webdocs sid10.html
2003.12.01 10:37 B C:\My Documents\everything\clients\irweb\tirweb\feature\malloy\afterwards\sid2.html <-- judy /webdocs sid2.html
2003.12.01 10:37 B C:\My Documents\everything\clients\irweb\tirweb\feature\malloy\afterwards\sid3.html <-- judy /webdocs sid3.html
2003.12.01 10:37 B C:\My Documents\everything\clients\irweb\tirweb\feature\malloy\afterwards\sid4.html <-- judy /webdocs sid4.html
2003.12.01 10:37 B C:\My Documents\everything\clients\irweb\tirweb\feature\malloy\afterwards\sid5.html <-- judy /webdocs sid5.html
2003.12.01 10:37 B C:\My Documents\everything\clients\irweb\tirweb\feature\malloy\afterwards\sid6.html <-- judy /webdocs sid6.html
2003.12.01 10:37 B C:\My Documents\everything\clients\irweb\tirweb\feature\malloy\afterwards\sid7.html <-- judy /webdocs sid7.html
2003.12.01 10:37 B C:\My Documents\everything\clients\irweb\tirweb\feature\malloy\afterwards\sid8.html <-- judy /webdocs sid8.html
2003.12.01 10:37 B C:\My Documents\everything\clients\irweb\tirweb\feature\malloy\afterwards\sid9.html <-- judy /webdocs sid9.html
2003.12.01 10:37 B C:\My Documents\everything\clients\irweb\tirweb\feature\malloy\afterwards\sidb.html <-- judy /webdocs sidb.html
2003.12.01 10:37 B C:\My Documents\everything\clients\irweb\tirweb\feature\malloy\afterwards\sidc.html <-- judy /webdocs sidc.html
2003.12.01 10:37 B C:\My Documents\everything\clients\irweb\tirweb\feature\malloy\afterwards\side.html <-- judy /webdocs side.html
2003.12.01 10:37 B C:\My Documents\everything\clients\irweb\tirweb\feature\malloy\afterwards\sidf.html <-- judy /webdocs sidf.html
2003.12.01 10:37 B C:\My Documents\everything\clients\irweb\tirweb\feature\malloy\afterwards\sidg.html <-- judy /webdocs sidg.html
2003.12.01 10:37 B C:\My Documents\everything\clients\irweb\tirweb\feature\malloy\afterwards\sidh.html <-- judy /webdocs sidh.html
2003.12.01 10:37 B C:\My Documents\everything\clients\irweb\tirweb\feature\malloy\afterwards\sidj.html <-- judy /webdocs sidj.html
2003.12.01 10:37 B C:\My Documents\everything\clients\irweb\tirweb\feature\malloy\afterwards\sidl.html <-- judy /webdocs sidl.html
2003.12.01 10:37 B C:\My Documents\everything\clients\irweb\tirweb\feature\malloy\afterwards\space.gif <-- judy /webdocs space.gif
2003.12.01 10:37 B C:\My Documents\everything\clients\irweb\tirweb\feature\malloy\afterwards\talk.html <-- judy /webdocs talk.html
2003.12.01 10:37 B C:\My Documents\everything\clients\irweb\tirweb\feature\malloy\afterwards\talk2.html <-- judy /webdocs talk2.html
2003.12.01 10:37 B C:\My Documents\everything\clients\irweb\tirweb\feature\malloy\afterwards\talk3.html <-- judy /webdocs talk3.html
2003.12.01 10:37 B C:\My Documents\everything\clients\irweb\tirweb\feature\malloy\afterwards\talk4.html <-- judy /webdocs talk4.html
2003.12.01 10:37 B C:\My Documents\everything\clients\irweb\tirweb\feature\malloy\afterwards\talk4a.html <-- judy /webdocs talk4a.html
2003.12.01 10:37 B C:\My Documents\everything\clients\irweb\tirweb\feature\malloy\afterwards\talk5.html <-- judy /webdocs talk5.html
2003.12.01 10:37 B C:\My Documents\everything\clients\irweb\tirweb\feature\malloy\afterwards\talk6.html <-- judy /webdocs talk6.html
2003.12.01 10:37 B C:\My Documents\everything\clients\irweb\tirweb\feature\malloy\afterwards\talk7.html <-- judy /webdocs talk7.html
2003.12.01 10:37 B C:\My Documents\everything\clients\irweb\tirweb\feature\malloy\afterwards\talk8.html <-- judy /webdocs talk8.html
2003.12.01 10:37 B C:\My Documents\everything\clients\irweb\tirweb\feature\malloy\afterwards\talk9.html <-- judy /webdocs talk9.html
2003.12.01 10:37 B C:\My Documents\everything\clients\irweb\tirweb\feature\malloy\afterwards\thought2.html <-- judy /webdocs thought2.html
2003.12.01 10:37 B C:\My Documents\everything\clients\irweb\tirweb\feature\malloy\afterwards\thoughts.html <-- judy /webdocs thoughts.html
2003.12.01 10:37 B C:\My Documents\everything\clients\irweb\tirweb\feature\malloy\afterwards\tina.html <-- judy /webdocs tina.html
2003.12.01 10:37 B C:\My Documents\everything\clients\irweb\tirweb\feature\malloy\afterwards\tina15.html <-- judy /webdocs tina15.html
2003.12.01 10:37 B C:\My Documents\everything\clients\irweb\tirweb\feature\malloy\afterwards\tina16.html <-- judy /webdocs tina16.html
2003.12.01 10:37 B C:\My Documents\everything\clients\irweb\tirweb\feature\malloy\afterwards\tina17.html <-- judy /webdocs tina17.html
2003.12.01 10:37 B C:\My Documents\everything\clients\irweb\tirweb\feature\malloy\afterwards\tina18.html <-- judy /webdocs tina18.html
2003.12.01 10:37 B C:\My Documents\everything\clients\irweb\tirweb\feature\malloy\afterwards\tina2.html <-- judy /webdocs tina2.html
2003.12.01 10:37 B C:\My Documents\everything\clients\irweb\tirweb\feature\malloy\afterwards\tina3.html <-- judy /webdocs tina3.html
2003.12.01 10:37 B C:\My Documents\everything\clients\irweb\tirweb\feature\malloy\afterwards\tina3c.html <-- judy /webdocs tina3c.html
2003.12.01 10:37 B C:\My Documents\everything\clients\irweb\tirweb\feature\malloy\afterwards\tina4.html <-- judy /webdocs tina4.html
2003.12.01 10:37 B C:\My Documents\everything\clients\irweb\tirweb\feature\malloy\afterwards\tina5.html <-- judy /webdocs tina5.html
2003.12.01 10:37 B C:\My Documents\everything\clients\irweb\tirweb\feature\malloy\afterwards\tina6.html <-- judy /webdocs tina6.html
2003.12.01 10:37 B C:\My Documents\everything\clients\irweb\tirweb\feature\malloy\afterwards\tina7.html <-- judy /webdocs tina7.html
2003.12.01 10:37 B C:\My Documents\everything\clients\irweb\tirweb\feature\malloy\afterwards\tinaa.html <-- judy /webdocs tinaa.html
2003.12.01 10:37 B C:\My Documents\everything\clients\irweb\tirweb\feature\malloy\afterwards\tinab.html <-- judy /webdocs tinab.html
2003.12.01 10:38 B C:\My Documents\everything\clients\irweb\tirweb\feature\malloy\afterwards\tinac.html <-- judy /webdocs tinac.html
2003.12.01 10:38 B C:\My Documents\everything\clients\irweb\tirweb\feature\malloy\afterwards\tinad.html <-- judy /webdocs tinad.html
2003.12.01 10:38 B C:\My Documents\everything\clients\irweb\tirweb\feature\malloy\afterwards\tinaf.html <-- judy /webdocs tinaf.html
2003.12.01 10:38 B C:\My Documents\everything\clients\irweb\tirweb\feature\malloy\afterwards\tinag.html <-- judy /webdocs tinag.html
2003.12.01 10:38 B C:\My Documents\everything\clients\irweb\tirweb\feature\malloy\afterwards\tinai.html <-- judy /webdocs tinai.html
2003.12.01 10:38 B C:\My Documents\everything\clients\irweb\tirweb\feature\malloy\afterwards\tinaj.gif <-- judy /webdocs tinaj.gif
2003.12.01 10:38 B C:\My Documents\everything\clients\irweb\tirweb\feature\malloy\afterwards\tinaj.html <-- judy /webdocs tinaj.html
2003.12.01 10:38 B C:\My Documents\everything\clients\irweb\tirweb\feature\malloy\afterwards\tinaj2.gif <-- judy /webdocs tinaj2.gif
2003.12.01 10:38 B C:\My Documents\everything\clients\irweb\tirweb\feature\malloy\afterwards\tinaj2a.gif <-- judy /webdocs tinaj2a.gif
2003.12.01 10:38 B C:\My Documents\everything\clients\irweb\tirweb\feature\malloy\afterwards\tinaj2b.gif <-- judy /webdocs tinaj2b.gif
2003.12.01 10:38 B C:\My Documents\everything\clients\irweb\tirweb\feature\malloy\afterwards\tinaj2c.gif <-- judy /webdocs tinaj2c.gif
2003.12.01 10:38 B C:\My Documents\everything\clients\irweb\tirweb\feature\malloy\afterwards\tinaj3.gif <-- judy /webdocs tinaj3.gif
2003.12.01 10:38 B C:\My Documents\everything\clients\irweb\tirweb\feature\malloy\afterwards\tinaj4.gif <-- judy /webdocs tinaj4.gif
2003.12.01 10:38 B C:\My Documents\everything\clients\irweb\tirweb\feature\malloy\afterwards\tinaj5.gif <-- judy /webdocs tinaj5.gif
2003.12.01 10:38 B C:\My Documents\everything\clients\irweb\tirweb\feature\malloy\afterwards\tinaj6.gif <-- judy /webdocs tinaj6.gif
2003.12.01 10:38 B C:\My Documents\everything\clients\irweb\tirweb\feature\malloy\afterwards\tinaja.gif <-- judy /webdocs tinaja.gif
2003.12.01 10:38 B C:\My Documents\everything\clients\irweb\tirweb\feature\malloy\afterwards\tinaje1.gif <-- judy /webdocs tinaje1.gif
2003.12.01 10:38 B C:\My Documents\everything\clients\irweb\tirweb\feature\malloy\afterwards\tinal.html <-- judy /webdocs tinal.html
2003.12.01 10:38 B C:\My Documents\everything\clients\irweb\tirweb\feature\malloy\afterwards\title.html <-- judy /webdocs title.html
2003.12.01 10:38 B C:\My Documents\everything\clients\irweb\tirweb\feature\malloy\afterwards\title3gg.html <-- judy /webdocs title3gg.html
2003.12.01 10:38 B C:\My Documents\everything\clients\irweb\tirweb\feature\malloy\afterwards\titleds2.html <-- judy /webdocs titleds2.html
2003.12.01 10:38 B C:\My Documents\everything\clients\irweb\tirweb\feature\malloy\afterwards\titleds5.html <-- judy /webdocs titleds5.html
2003.12.01 10:38 B C:\My Documents\everything\clients\irweb\tirweb\feature\malloy\afterwards\titlegg.html <-- judy /webdocs titlegg.html
2003.12.01 10:38 B C:\My Documents\everything\clients\irweb\tirweb\feature\malloy\afterwards\titlepage.gif <-- judy /webdocs titlepage.gif
2003.12.01 10:38 B C:\My Documents\everything\clients\irweb\tirweb\feature\malloy\afterwards\titlergg.html <-- judy /webdocs titlergg.html
2003.12.01 10:38 B C:\My Documents\everything\clients\irweb\tirweb\feature\malloy\afterwards\toppage.gif <-- judy /webdocs toppage.gif
