2002.01.26 18:20 B H:\Web Sites\whirldnewmedia\swiss\irweb\hypermedia\deena_larsen\against.htm <-- iowa review /web/data/www.uiowa/iareview/production/tirweb/hypermedia/deena_larsen against.htm
2002.01.26 18:20 B H:\Web Sites\whirldnewmedia\swiss\irweb\hypermedia\deena_larsen\black.htm <-- iowa review /web/data/www.uiowa/iareview/production/tirweb/hypermedia/deena_larsen black.htm
2002.01.26 18:20 B H:\Web Sites\whirldnewmedia\swiss\irweb\hypermedia\deena_larsen\deny.htm <-- iowa review /web/data/www.uiowa/iareview/production/tirweb/hypermedia/deena_larsen deny.htm
2002.01.26 18:20 B H:\Web Sites\whirldnewmedia\swiss\irweb\hypermedia\deena_larsen\distant.htm <-- iowa review /web/data/www.uiowa/iareview/production/tirweb/hypermedia/deena_larsen distant.htm
2002.01.26 18:20 B H:\Web Sites\whirldnewmedia\swiss\irweb\hypermedia\deena_larsen\each.htm <-- iowa review /web/data/www.uiowa/iareview/production/tirweb/hypermedia/deena_larsen each.htm
2002.01.26 18:20 B H:\Web Sites\whirldnewmedia\swiss\irweb\hypermedia\deena_larsen\enter.htm <-- iowa review /web/data/www.uiowa/iareview/production/tirweb/hypermedia/deena_larsen enter.htm
2002.01.26 18:20 B H:\Web Sites\whirldnewmedia\swiss\irweb\hypermedia\deena_larsen\every.htm <-- iowa review /web/data/www.uiowa/iareview/production/tirweb/hypermedia/deena_larsen every.htm
2002.01.26 18:20 B H:\Web Sites\whirldnewmedia\swiss\irweb\hypermedia\deena_larsen\false.htm <-- iowa review /web/data/www.uiowa/iareview/production/tirweb/hypermedia/deena_larsen false.htm
2002.01.26 18:20 B H:\Web Sites\whirldnewmedia\swiss\irweb\hypermedia\deena_larsen\ferris.htm <-- iowa review /web/data/www.uiowa/iareview/production/tirweb/hypermedia/deena_larsen ferris.htm
2002.01.26 18:20 B H:\Web Sites\whirldnewmedia\swiss\irweb\hypermedia\deena_larsen\forever.htm <-- iowa review /web/data/www.uiowa/iareview/production/tirweb/hypermedia/deena_larsen forever.htm
2002.01.26 18:20 B H:\Web Sites\whirldnewmedia\swiss\irweb\hypermedia\deena_larsen\friend.htm <-- iowa review /web/data/www.uiowa/iareview/production/tirweb/hypermedia/deena_larsen friend.htm
2002.01.26 18:20 B H:\Web Sites\whirldnewmedia\swiss\irweb\hypermedia\deena_larsen\index.htm <-- iowa review /web/data/www.uiowa/iareview/production/tirweb/hypermedia/deena_larsen index.htm
2002.01.26 18:20 B H:\Web Sites\whirldnewmedia\swiss\irweb\hypermedia\deena_larsen\nothing.htm <-- iowa review /web/data/www.uiowa/iareview/production/tirweb/hypermedia/deena_larsen nothing.htm
2002.01.26 18:20 B H:\Web Sites\whirldnewmedia\swiss\irweb\hypermedia\deena_larsen\reach.htm <-- iowa review /web/data/www.uiowa/iareview/production/tirweb/hypermedia/deena_larsen reach.htm
2002.01.26 18:20 B H:\Web Sites\whirldnewmedia\swiss\irweb\hypermedia\deena_larsen\reality.htm <-- iowa review /web/data/www.uiowa/iareview/production/tirweb/hypermedia/deena_larsen reality.htm
2002.01.26 18:20 B H:\Web Sites\whirldnewmedia\swiss\irweb\hypermedia\deena_larsen\revolve.htm <-- iowa review /web/data/www.uiowa/iareview/production/tirweb/hypermedia/deena_larsen revolve.htm
2002.01.26 18:20 B H:\Web Sites\whirldnewmedia\swiss\irweb\hypermedia\deena_larsen\sitemap.htm <-- iowa review /web/data/www.uiowa/iareview/production/tirweb/hypermedia/deena_larsen sitemap.htm
2002.01.26 18:20 B H:\Web Sites\whirldnewmedia\swiss\irweb\hypermedia\deena_larsen\stars.htm <-- iowa review /web/data/www.uiowa/iareview/production/tirweb/hypermedia/deena_larsen stars.htm
2002.01.26 18:20 B H:\Web Sites\whirldnewmedia\swiss\irweb\hypermedia\deena_larsen\truths.htm <-- iowa review /web/data/www.uiowa/iareview/production/tirweb/hypermedia/deena_larsen truths.htm
2002.01.26 18:20 B H:\Web Sites\whirldnewmedia\swiss\irweb\hypermedia\deena_larsen\turn.htm <-- iowa review /web/data/www.uiowa/iareview/production/tirweb/hypermedia/deena_larsen turn.htm
2002.02.07 16:38 B H:\Web Sites\whirldnewmedia\swiss\irweb\tirweb\hypermedia\deena_larsen\against.htm --> www.uiowa.edu /web/data/www.uiowa/iareview/production/tirweb/hypermedia/deena_larsen against.htm
2002.02.07 16:38 B H:\Web Sites\whirldnewmedia\swiss\irweb\tirweb\hypermedia\deena_larsen\black.htm --> www.uiowa.edu /web/data/www.uiowa/iareview/production/tirweb/hypermedia/deena_larsen black.htm
2002.02.07 16:38 B H:\Web Sites\whirldnewmedia\swiss\irweb\tirweb\hypermedia\deena_larsen\deny.htm --> www.uiowa.edu /web/data/www.uiowa/iareview/production/tirweb/hypermedia/deena_larsen deny.htm
2002.02.07 16:39 B H:\Web Sites\whirldnewmedia\swiss\irweb\tirweb\hypermedia\deena_larsen\distant.htm --> www.uiowa.edu /web/data/www.uiowa/iareview/production/tirweb/hypermedia/deena_larsen distant.htm
2002.02.07 16:39 B H:\Web Sites\whirldnewmedia\swiss\irweb\tirweb\hypermedia\deena_larsen\each.htm --> www.uiowa.edu /web/data/www.uiowa/iareview/production/tirweb/hypermedia/deena_larsen each.htm
2002.02.07 16:39 B H:\Web Sites\whirldnewmedia\swiss\irweb\tirweb\hypermedia\deena_larsen\enter.htm --> www.uiowa.edu /web/data/www.uiowa/iareview/production/tirweb/hypermedia/deena_larsen enter.htm
2002.02.07 16:39 B H:\Web Sites\whirldnewmedia\swiss\irweb\tirweb\hypermedia\deena_larsen\every.htm --> www.uiowa.edu /web/data/www.uiowa/iareview/production/tirweb/hypermedia/deena_larsen every.htm
2002.02.07 16:39 B H:\Web Sites\whirldnewmedia\swiss\irweb\tirweb\hypermedia\deena_larsen\false.htm --> www.uiowa.edu /web/data/www.uiowa/iareview/production/tirweb/hypermedia/deena_larsen false.htm
2002.02.07 16:39 B H:\Web Sites\whirldnewmedia\swiss\irweb\tirweb\hypermedia\deena_larsen\ferris.htm --> www.uiowa.edu /web/data/www.uiowa/iareview/production/tirweb/hypermedia/deena_larsen ferris.htm
2002.02.07 16:39 B H:\Web Sites\whirldnewmedia\swiss\irweb\tirweb\hypermedia\deena_larsen\forever.htm --> www.uiowa.edu /web/data/www.uiowa/iareview/production/tirweb/hypermedia/deena_larsen forever.htm
2002.02.07 16:39 B H:\Web Sites\whirldnewmedia\swiss\irweb\tirweb\hypermedia\deena_larsen\friend.htm --> www.uiowa.edu /web/data/www.uiowa/iareview/production/tirweb/hypermedia/deena_larsen friend.htm
2002.02.07 16:39 B H:\Web Sites\whirldnewmedia\swiss\irweb\tirweb\hypermedia\deena_larsen\index.htm --> www.uiowa.edu /web/data/www.uiowa/iareview/production/tirweb/hypermedia/deena_larsen index.htm
2002.02.07 16:39 B H:\Web Sites\whirldnewmedia\swiss\irweb\tirweb\hypermedia\deena_larsen\nothing.htm --> www.uiowa.edu /web/data/www.uiowa/iareview/production/tirweb/hypermedia/deena_larsen nothing.htm
2002.02.07 16:39 B H:\Web Sites\whirldnewmedia\swiss\irweb\tirweb\hypermedia\deena_larsen\reach.htm --> www.uiowa.edu /web/data/www.uiowa/iareview/production/tirweb/hypermedia/deena_larsen reach.htm
2002.02.07 16:39 B H:\Web Sites\whirldnewmedia\swiss\irweb\tirweb\hypermedia\deena_larsen\reality.htm --> www.uiowa.edu /web/data/www.uiowa/iareview/production/tirweb/hypermedia/deena_larsen reality.htm
2002.02.07 16:39 B H:\Web Sites\whirldnewmedia\swiss\irweb\tirweb\hypermedia\deena_larsen\revolve.htm --> www.uiowa.edu /web/data/www.uiowa/iareview/production/tirweb/hypermedia/deena_larsen revolve.htm
2002.02.07 16:39 B H:\Web Sites\whirldnewmedia\swiss\irweb\tirweb\hypermedia\deena_larsen\sitemap.htm --> www.uiowa.edu /web/data/www.uiowa/iareview/production/tirweb/hypermedia/deena_larsen sitemap.htm
2002.02.07 16:39 B H:\Web Sites\whirldnewmedia\swiss\irweb\tirweb\hypermedia\deena_larsen\stars.htm --> www.uiowa.edu /web/data/www.uiowa/iareview/production/tirweb/hypermedia/deena_larsen stars.htm
2002.02.07 16:39 B H:\Web Sites\whirldnewmedia\swiss\irweb\tirweb\hypermedia\deena_larsen\truths.htm --> www.uiowa.edu /web/data/www.uiowa/iareview/production/tirweb/hypermedia/deena_larsen truths.htm
2002.02.07 16:39 B H:\Web Sites\whirldnewmedia\swiss\irweb\tirweb\hypermedia\deena_larsen\turn.htm --> www.uiowa.edu /web/data/www.uiowa/iareview/production/tirweb/hypermedia/deena_larsen turn.htm
