2002.01.26 18:23 B H:\Web Sites\whirldnewmedia\swiss\irweb\hypermedia\edward_falco\images\Photo4\craqu4.gif <-- iowa review /web/data/www.uiowa/iareview/production/tirweb/hypermedia/edward_falco/images/Photo4 craqu4.gif
2002.01.26 18:23 B H:\Web Sites\whirldnewmedia\swiss\irweb\hypermedia\edward_falco\images\Photo4\diffuse4.gif <-- iowa review /web/data/www.uiowa/iareview/production/tirweb/hypermedia/edward_falco/images/Photo4 diffuse4.gif
2002.01.26 18:23 B H:\Web Sites\whirldnewmedia\swiss\irweb\hypermedia\edward_falco\images\Photo4\emboss.gif <-- iowa review /web/data/www.uiowa/iareview/production/tirweb/hypermedia/edward_falco/images/Photo4 emboss.gif
2002.01.26 18:23 B H:\Web Sites\whirldnewmedia\swiss\irweb\hypermedia\edward_falco\images\Photo4\emboss4.gif <-- iowa review /web/data/www.uiowa/iareview/production/tirweb/hypermedia/edward_falco/images/Photo4 emboss4.gif
2002.01.26 18:23 B H:\Web Sites\whirldnewmedia\swiss\irweb\hypermedia\edward_falco\images\Photo4\extrude4.gif <-- iowa review /web/data/www.uiowa/iareview/production/tirweb/hypermedia/edward_falco/images/Photo4 extrude4.gif
2002.01.26 18:23 B H:\Web Sites\whirldnewmedia\swiss\irweb\hypermedia\edward_falco\images\Photo4\finded4.gif <-- iowa review /web/data/www.uiowa/iareview/production/tirweb/hypermedia/edward_falco/images/Photo4 finded4.gif
2002.01.26 18:23 B H:\Web Sites\whirldnewmedia\swiss\irweb\hypermedia\edward_falco\images\Photo4\glowed4.gif <-- iowa review /web/data/www.uiowa/iareview/production/tirweb/hypermedia/edward_falco/images/Photo4 glowed4.gif
2002.01.26 18:23 B H:\Web Sites\whirldnewmedia\swiss\irweb\hypermedia\edward_falco\images\Photo4\graincl4.gif <-- iowa review /web/data/www.uiowa/iareview/production/tirweb/hypermedia/edward_falco/images/Photo4 graincl4.gif
2002.01.26 18:23 B H:\Web Sites\whirldnewmedia\swiss\irweb\hypermedia\edward_falco\images\Photo4\mosaict4.gif <-- iowa review /web/data/www.uiowa/iareview/production/tirweb/hypermedia/edward_falco/images/Photo4 mosaict4.gif
2002.01.26 18:24 B H:\Web Sites\whirldnewmedia\swiss\irweb\hypermedia\edward_falco\images\Photo4\photo4.gif <-- iowa review /web/data/www.uiowa/iareview/production/tirweb/hypermedia/edward_falco/images/Photo4 photo4.gif
2002.01.26 18:24 B H:\Web Sites\whirldnewmedia\swiss\irweb\hypermedia\edward_falco\images\Photo4\ret4.gif <-- iowa review /web/data/www.uiowa/iareview/production/tirweb/hypermedia/edward_falco/images/Photo4 ret4.gif
2002.01.26 18:24 B H:\Web Sites\whirldnewmedia\swiss\irweb\hypermedia\edward_falco\images\Photo4\solar4.gif <-- iowa review /web/data/www.uiowa/iareview/production/tirweb/hypermedia/edward_falco/images/Photo4 solar4.gif
2002.01.26 18:24 B H:\Web Sites\whirldnewmedia\swiss\irweb\hypermedia\edward_falco\images\Photo4\stagger4.gif <-- iowa review /web/data/www.uiowa/iareview/production/tirweb/hypermedia/edward_falco/images/Photo4 stagger4.gif
2002.01.26 18:24 B H:\Web Sites\whirldnewmedia\swiss\irweb\hypermedia\edward_falco\images\Photo4\staingl4.gif <-- iowa review /web/data/www.uiowa/iareview/production/tirweb/hypermedia/edward_falco/images/Photo4 staingl4.gif
2002.01.26 18:24 B H:\Web Sites\whirldnewmedia\swiss\irweb\hypermedia\edward_falco\images\Photo4\stamp4.gif <-- iowa review /web/data/www.uiowa/iareview/production/tirweb/hypermedia/edward_falco/images/Photo4 stamp4.gif
2002.01.26 18:24 B H:\Web Sites\whirldnewmedia\swiss\irweb\hypermedia\edward_falco\images\Photo4\tile4.gif <-- iowa review /web/data/www.uiowa/iareview/production/tirweb/hypermedia/edward_falco/images/Photo4 tile4.gif
2002.01.26 18:24 B H:\Web Sites\whirldnewmedia\swiss\irweb\hypermedia\edward_falco\images\Photo4\tornedg.gif <-- iowa review /web/data/www.uiowa/iareview/production/tirweb/hypermedia/edward_falco/images/Photo4 tornedg.gif
2002.01.26 18:24 B H:\Web Sites\whirldnewmedia\swiss\irweb\hypermedia\edward_falco\images\Photo4\tracecont4.gif <-- iowa review /web/data/www.uiowa/iareview/production/tirweb/hypermedia/edward_falco/images/Photo4 tracecont4.gif
2002.01.26 18:24 B H:\Web Sites\whirldnewmedia\swiss\irweb\hypermedia\edward_falco\images\Photo4\water4.gif <-- iowa review /web/data/www.uiowa/iareview/production/tirweb/hypermedia/edward_falco/images/Photo4 water4.gif
2002.01.26 18:24 B H:\Web Sites\whirldnewmedia\swiss\irweb\hypermedia\edward_falco\images\Photo4\wind4.gif <-- iowa review /web/data/www.uiowa/iareview/production/tirweb/hypermedia/edward_falco/images/Photo4 wind4.gif
