2002.01.26 18:36 B H:\Web Sites\whirldnewmedia\swiss\irweb\hypermedia\mez\selectext\flood1.JPG <-- iowa review /web/data/www.uiowa/iareview/production/tirweb/hypermedia/mez/selectext flood1.JPG
2002.01.26 18:36 B H:\Web Sites\whirldnewmedia\swiss\irweb\hypermedia\mez\selectext\flood10.1.JPG <-- iowa review /web/data/www.uiowa/iareview/production/tirweb/hypermedia/mez/selectext flood10.1.JPG
2002.01.26 18:36 B H:\Web Sites\whirldnewmedia\swiss\irweb\hypermedia\mez\selectext\flood10_1.JPG <-- iowa review /web/data/www.uiowa/iareview/production/tirweb/hypermedia/mez/selectext flood10_1.JPG
2002.01.26 18:36 B H:\Web Sites\whirldnewmedia\swiss\irweb\hypermedia\mez\selectext\flood11.2.JPG <-- iowa review /web/data/www.uiowa/iareview/production/tirweb/hypermedia/mez/selectext flood11.2.JPG
2002.01.26 18:36 B H:\Web Sites\whirldnewmedia\swiss\irweb\hypermedia\mez\selectext\flood11.JPG <-- iowa review /web/data/www.uiowa/iareview/production/tirweb/hypermedia/mez/selectext flood11.JPG
2002.01.26 18:36 B H:\Web Sites\whirldnewmedia\swiss\irweb\hypermedia\mez\selectext\flood11_2.JPG <-- iowa review /web/data/www.uiowa/iareview/production/tirweb/hypermedia/mez/selectext flood11_2.JPG
2002.01.26 18:36 B H:\Web Sites\whirldnewmedia\swiss\irweb\hypermedia\mez\selectext\flood12.1.JPG <-- iowa review /web/data/www.uiowa/iareview/production/tirweb/hypermedia/mez/selectext flood12.1.JPG
2002.01.26 18:36 B H:\Web Sites\whirldnewmedia\swiss\irweb\hypermedia\mez\selectext\flood12.2.JPG <-- iowa review /web/data/www.uiowa/iareview/production/tirweb/hypermedia/mez/selectext flood12.2.JPG
2002.01.26 18:36 B H:\Web Sites\whirldnewmedia\swiss\irweb\hypermedia\mez\selectext\flood12.3.JPG <-- iowa review /web/data/www.uiowa/iareview/production/tirweb/hypermedia/mez/selectext flood12.3.JPG
2002.01.26 18:36 B H:\Web Sites\whirldnewmedia\swiss\irweb\hypermedia\mez\selectext\flood12_1.JPG <-- iowa review /web/data/www.uiowa/iareview/production/tirweb/hypermedia/mez/selectext flood12_1.JPG
2002.01.26 18:36 B H:\Web Sites\whirldnewmedia\swiss\irweb\hypermedia\mez\selectext\flood12_2.JPG <-- iowa review /web/data/www.uiowa/iareview/production/tirweb/hypermedia/mez/selectext flood12_2.JPG
2002.01.26 18:36 B H:\Web Sites\whirldnewmedia\swiss\irweb\hypermedia\mez\selectext\flood13.1.JPG <-- iowa review /web/data/www.uiowa/iareview/production/tirweb/hypermedia/mez/selectext flood13.1.JPG
2002.01.26 18:36 B H:\Web Sites\whirldnewmedia\swiss\irweb\hypermedia\mez\selectext\flood13_1.JPG <-- iowa review /web/data/www.uiowa/iareview/production/tirweb/hypermedia/mez/selectext flood13_1.JPG
2002.01.26 18:36 B H:\Web Sites\whirldnewmedia\swiss\irweb\hypermedia\mez\selectext\flood14.1.JPG <-- iowa review /web/data/www.uiowa/iareview/production/tirweb/hypermedia/mez/selectext flood14.1.JPG
2002.01.26 18:36 B H:\Web Sites\whirldnewmedia\swiss\irweb\hypermedia\mez\selectext\flood14.2.JPG <-- iowa review /web/data/www.uiowa/iareview/production/tirweb/hypermedia/mez/selectext flood14.2.JPG
2002.01.26 18:36 B H:\Web Sites\whirldnewmedia\swiss\irweb\hypermedia\mez\selectext\flood14.3.JPG <-- iowa review /web/data/www.uiowa/iareview/production/tirweb/hypermedia/mez/selectext flood14.3.JPG
2002.01.26 18:36 B H:\Web Sites\whirldnewmedia\swiss\irweb\hypermedia\mez\selectext\flood3.1.JPG <-- iowa review /web/data/www.uiowa/iareview/production/tirweb/hypermedia/mez/selectext flood3.1.JPG
2002.01.26 18:36 B H:\Web Sites\whirldnewmedia\swiss\irweb\hypermedia\mez\selectext\flood3_1.JPG <-- iowa review /web/data/www.uiowa/iareview/production/tirweb/hypermedia/mez/selectext flood3_1.JPG
2002.01.26 18:36 B H:\Web Sites\whirldnewmedia\swiss\irweb\hypermedia\mez\selectext\flood4.1.JPG <-- iowa review /web/data/www.uiowa/iareview/production/tirweb/hypermedia/mez/selectext flood4.1.JPG
2002.01.26 18:36 B H:\Web Sites\whirldnewmedia\swiss\irweb\hypermedia\mez\selectext\flood5.1.JPG <-- iowa review /web/data/www.uiowa/iareview/production/tirweb/hypermedia/mez/selectext flood5.1.JPG
2002.01.26 18:36 B H:\Web Sites\whirldnewmedia\swiss\irweb\hypermedia\mez\selectext\flood5.2.JPG <-- iowa review /web/data/www.uiowa/iareview/production/tirweb/hypermedia/mez/selectext flood5.2.JPG
2002.01.26 18:36 B H:\Web Sites\whirldnewmedia\swiss\irweb\hypermedia\mez\selectext\flood5_1.JPG <-- iowa review /web/data/www.uiowa/iareview/production/tirweb/hypermedia/mez/selectext flood5_1.JPG
2002.01.26 18:36 B H:\Web Sites\whirldnewmedia\swiss\irweb\hypermedia\mez\selectext\flood5_2.JPG <-- iowa review /web/data/www.uiowa/iareview/production/tirweb/hypermedia/mez/selectext flood5_2.JPG
2002.01.26 18:36 B H:\Web Sites\whirldnewmedia\swiss\irweb\hypermedia\mez\selectext\flood6.1.JPG <-- iowa review /web/data/www.uiowa/iareview/production/tirweb/hypermedia/mez/selectext flood6.1.JPG
2002.01.26 18:36 B H:\Web Sites\whirldnewmedia\swiss\irweb\hypermedia\mez\selectext\flood7.1.JPG <-- iowa review /web/data/www.uiowa/iareview/production/tirweb/hypermedia/mez/selectext flood7.1.JPG
2002.01.26 18:36 B H:\Web Sites\whirldnewmedia\swiss\irweb\hypermedia\mez\selectext\flood7.2.JPG <-- iowa review /web/data/www.uiowa/iareview/production/tirweb/hypermedia/mez/selectext flood7.2.JPG
2002.01.26 18:36 B H:\Web Sites\whirldnewmedia\swiss\irweb\hypermedia\mez\selectext\flood8.1.JPG <-- iowa review /web/data/www.uiowa/iareview/production/tirweb/hypermedia/mez/selectext flood8.1.JPG
2002.01.26 18:36 B H:\Web Sites\whirldnewmedia\swiss\irweb\hypermedia\mez\selectext\flood8.2.JPG <-- iowa review /web/data/www.uiowa/iareview/production/tirweb/hypermedia/mez/selectext flood8.2.JPG
2002.01.26 18:36 B H:\Web Sites\whirldnewmedia\swiss\irweb\hypermedia\mez\selectext\flood8.3.JPG <-- iowa review /web/data/www.uiowa/iareview/production/tirweb/hypermedia/mez/selectext flood8.3.JPG
2002.01.26 18:36 B H:\Web Sites\whirldnewmedia\swiss\irweb\hypermedia\mez\selectext\flood8_3.JPG <-- iowa review /web/data/www.uiowa/iareview/production/tirweb/hypermedia/mez/selectext flood8_3.JPG
2002.01.26 18:36 B H:\Web Sites\whirldnewmedia\swiss\irweb\hypermedia\mez\selectext\flood9.1.JPG <-- iowa review /web/data/www.uiowa/iareview/production/tirweb/hypermedia/mez/selectext flood9.1.JPG
2002.01.26 18:36 B H:\Web Sites\whirldnewmedia\swiss\irweb\hypermedia\mez\selectext\flood9.2.JPG <-- iowa review /web/data/www.uiowa/iareview/production/tirweb/hypermedia/mez/selectext flood9.2.JPG
2002.01.26 18:36 B H:\Web Sites\whirldnewmedia\swiss\irweb\hypermedia\mez\selectext\flood9_2.JPG <-- iowa review /web/data/www.uiowa/iareview/production/tirweb/hypermedia/mez/selectext flood9_2.JPG
2002.01.26 18:36 B H:\Web Sites\whirldnewmedia\swiss\irweb\hypermedia\mez\selectext\index.htm <-- iowa review /web/data/www.uiowa/iareview/production/tirweb/hypermedia/mez/selectext index.htm
2002.01.26 18:36 B H:\Web Sites\whirldnewmedia\swiss\irweb\hypermedia\mez\selectext\netwurkerz1.gif <-- iowa review /web/data/www.uiowa/iareview/production/tirweb/hypermedia/mez/selectext netwurkerz1.gif
2002.01.26 18:36 B H:\Web Sites\whirldnewmedia\swiss\irweb\hypermedia\mez\selectext\netwurkerz1.htm <-- iowa review /web/data/www.uiowa/iareview/production/tirweb/hypermedia/mez/selectext netwurkerz1.htm
2002.01.26 18:36 B H:\Web Sites\whirldnewmedia\swiss\irweb\hypermedia\mez\selectext\netwurkerz10.gif <-- iowa review /web/data/www.uiowa/iareview/production/tirweb/hypermedia/mez/selectext netwurkerz10.gif
2002.01.26 18:36 B H:\Web Sites\whirldnewmedia\swiss\irweb\hypermedia\mez\selectext\netwurkerz10.htm <-- iowa review /web/data/www.uiowa/iareview/production/tirweb/hypermedia/mez/selectext netwurkerz10.htm
2002.01.26 18:37 B H:\Web Sites\whirldnewmedia\swiss\irweb\hypermedia\mez\selectext\netwurkerz11.gif <-- iowa review /web/data/www.uiowa/iareview/production/tirweb/hypermedia/mez/selectext netwurkerz11.gif
2002.01.26 18:37 B H:\Web Sites\whirldnewmedia\swiss\irweb\hypermedia\mez\selectext\netwurkerz11.htm <-- iowa review /web/data/www.uiowa/iareview/production/tirweb/hypermedia/mez/selectext netwurkerz11.htm
2002.01.26 18:37 B H:\Web Sites\whirldnewmedia\swiss\irweb\hypermedia\mez\selectext\netwurkerz12.htm <-- iowa review /web/data/www.uiowa/iareview/production/tirweb/hypermedia/mez/selectext netwurkerz12.htm
2002.01.26 18:37 B H:\Web Sites\whirldnewmedia\swiss\irweb\hypermedia\mez\selectext\netwurkerz13.htm <-- iowa review /web/data/www.uiowa/iareview/production/tirweb/hypermedia/mez/selectext netwurkerz13.htm
2002.01.26 18:37 B H:\Web Sites\whirldnewmedia\swiss\irweb\hypermedia\mez\selectext\netwurkerz14.htm <-- iowa review /web/data/www.uiowa/iareview/production/tirweb/hypermedia/mez/selectext netwurkerz14.htm
2002.01.26 18:37 B H:\Web Sites\whirldnewmedia\swiss\irweb\hypermedia\mez\selectext\netwurkerz15.htm <-- iowa review /web/data/www.uiowa/iareview/production/tirweb/hypermedia/mez/selectext netwurkerz15.htm
2002.01.26 18:37 B H:\Web Sites\whirldnewmedia\swiss\irweb\hypermedia\mez\selectext\netwurkerz16.htm <-- iowa review /web/data/www.uiowa/iareview/production/tirweb/hypermedia/mez/selectext netwurkerz16.htm
2002.01.26 18:37 B H:\Web Sites\whirldnewmedia\swiss\irweb\hypermedia\mez\selectext\netwurkerz17.htm <-- iowa review /web/data/www.uiowa/iareview/production/tirweb/hypermedia/mez/selectext netwurkerz17.htm
2002.01.26 18:37 B H:\Web Sites\whirldnewmedia\swiss\irweb\hypermedia\mez\selectext\netwurkerz18.htm <-- iowa review /web/data/www.uiowa/iareview/production/tirweb/hypermedia/mez/selectext netwurkerz18.htm
2002.01.26 18:37 B H:\Web Sites\whirldnewmedia\swiss\irweb\hypermedia\mez\selectext\netwurkerz19.htm <-- iowa review /web/data/www.uiowa/iareview/production/tirweb/hypermedia/mez/selectext netwurkerz19.htm
2002.01.26 18:37 B H:\Web Sites\whirldnewmedia\swiss\irweb\hypermedia\mez\selectext\netwurkerz2.gif <-- iowa review /web/data/www.uiowa/iareview/production/tirweb/hypermedia/mez/selectext netwurkerz2.gif
2002.01.26 18:37 B H:\Web Sites\whirldnewmedia\swiss\irweb\hypermedia\mez\selectext\netwurkerz2.htm <-- iowa review /web/data/www.uiowa/iareview/production/tirweb/hypermedia/mez/selectext netwurkerz2.htm
2002.01.26 18:37 B H:\Web Sites\whirldnewmedia\swiss\irweb\hypermedia\mez\selectext\netwurkerz20.htm <-- iowa review /web/data/www.uiowa/iareview/production/tirweb/hypermedia/mez/selectext netwurkerz20.htm
2002.01.26 18:37 B H:\Web Sites\whirldnewmedia\swiss\irweb\hypermedia\mez\selectext\netwurkerz21.htm <-- iowa review /web/data/www.uiowa/iareview/production/tirweb/hypermedia/mez/selectext netwurkerz21.htm
2002.01.26 18:37 B H:\Web Sites\whirldnewmedia\swiss\irweb\hypermedia\mez\selectext\netwurkerz22.htm <-- iowa review /web/data/www.uiowa/iareview/production/tirweb/hypermedia/mez/selectext netwurkerz22.htm
2002.01.26 18:37 B H:\Web Sites\whirldnewmedia\swiss\irweb\hypermedia\mez\selectext\netwurkerz23.htm <-- iowa review /web/data/www.uiowa/iareview/production/tirweb/hypermedia/mez/selectext netwurkerz23.htm
2002.01.26 18:37 B H:\Web Sites\whirldnewmedia\swiss\irweb\hypermedia\mez\selectext\netwurkerz24.htm <-- iowa review /web/data/www.uiowa/iareview/production/tirweb/hypermedia/mez/selectext netwurkerz24.htm
2002.01.26 18:37 B H:\Web Sites\whirldnewmedia\swiss\irweb\hypermedia\mez\selectext\netwurkerz25.htm <-- iowa review /web/data/www.uiowa/iareview/production/tirweb/hypermedia/mez/selectext netwurkerz25.htm
2002.01.26 18:37 B H:\Web Sites\whirldnewmedia\swiss\irweb\hypermedia\mez\selectext\netwurkerz26.htm <-- iowa review /web/data/www.uiowa/iareview/production/tirweb/hypermedia/mez/selectext netwurkerz26.htm
2002.01.26 18:37 B H:\Web Sites\whirldnewmedia\swiss\irweb\hypermedia\mez\selectext\netwurkerz27.htm <-- iowa review /web/data/www.uiowa/iareview/production/tirweb/hypermedia/mez/selectext netwurkerz27.htm
2002.01.26 18:37 B H:\Web Sites\whirldnewmedia\swiss\irweb\hypermedia\mez\selectext\netwurkerz28.htm <-- iowa review /web/data/www.uiowa/iareview/production/tirweb/hypermedia/mez/selectext netwurkerz28.htm
2002.01.26 18:37 B H:\Web Sites\whirldnewmedia\swiss\irweb\hypermedia\mez\selectext\netwurkerz29.htm <-- iowa review /web/data/www.uiowa/iareview/production/tirweb/hypermedia/mez/selectext netwurkerz29.htm
2002.01.26 18:37 B H:\Web Sites\whirldnewmedia\swiss\irweb\hypermedia\mez\selectext\netwurkerz3.gif <-- iowa review /web/data/www.uiowa/iareview/production/tirweb/hypermedia/mez/selectext netwurkerz3.gif
2002.01.26 18:37 B H:\Web Sites\whirldnewmedia\swiss\irweb\hypermedia\mez\selectext\netwurkerz3.htm <-- iowa review /web/data/www.uiowa/iareview/production/tirweb/hypermedia/mez/selectext netwurkerz3.htm
2002.01.26 18:37 B H:\Web Sites\whirldnewmedia\swiss\irweb\hypermedia\mez\selectext\netwurkerz30.htm <-- iowa review /web/data/www.uiowa/iareview/production/tirweb/hypermedia/mez/selectext netwurkerz30.htm
2002.01.26 18:37 B H:\Web Sites\whirldnewmedia\swiss\irweb\hypermedia\mez\selectext\netwurkerz4.gif <-- iowa review /web/data/www.uiowa/iareview/production/tirweb/hypermedia/mez/selectext netwurkerz4.gif
2002.01.26 18:37 B H:\Web Sites\whirldnewmedia\swiss\irweb\hypermedia\mez\selectext\netwurkerz4.htm <-- iowa review /web/data/www.uiowa/iareview/production/tirweb/hypermedia/mez/selectext netwurkerz4.htm
2002.01.26 18:37 B H:\Web Sites\whirldnewmedia\swiss\irweb\hypermedia\mez\selectext\netwurkerz5.gif <-- iowa review /web/data/www.uiowa/iareview/production/tirweb/hypermedia/mez/selectext netwurkerz5.gif
2002.01.26 18:37 B H:\Web Sites\whirldnewmedia\swiss\irweb\hypermedia\mez\selectext\netwurkerz5.htm <-- iowa review /web/data/www.uiowa/iareview/production/tirweb/hypermedia/mez/selectext netwurkerz5.htm
2002.01.26 18:37 B H:\Web Sites\whirldnewmedia\swiss\irweb\hypermedia\mez\selectext\netwurkerz6.gif <-- iowa review /web/data/www.uiowa/iareview/production/tirweb/hypermedia/mez/selectext netwurkerz6.gif
2002.01.26 18:37 B H:\Web Sites\whirldnewmedia\swiss\irweb\hypermedia\mez\selectext\netwurkerz6.htm <-- iowa review /web/data/www.uiowa/iareview/production/tirweb/hypermedia/mez/selectext netwurkerz6.htm
2002.01.26 18:37 B H:\Web Sites\whirldnewmedia\swiss\irweb\hypermedia\mez\selectext\netwurkerz7.gif <-- iowa review /web/data/www.uiowa/iareview/production/tirweb/hypermedia/mez/selectext netwurkerz7.gif
2002.01.26 18:37 B H:\Web Sites\whirldnewmedia\swiss\irweb\hypermedia\mez\selectext\netwurkerz7.htm <-- iowa review /web/data/www.uiowa/iareview/production/tirweb/hypermedia/mez/selectext netwurkerz7.htm
2002.01.26 18:37 B H:\Web Sites\whirldnewmedia\swiss\irweb\hypermedia\mez\selectext\netwurkerz8.gif <-- iowa review /web/data/www.uiowa/iareview/production/tirweb/hypermedia/mez/selectext netwurkerz8.gif
2002.01.26 18:37 B H:\Web Sites\whirldnewmedia\swiss\irweb\hypermedia\mez\selectext\netwurkerz8.htm <-- iowa review /web/data/www.uiowa/iareview/production/tirweb/hypermedia/mez/selectext netwurkerz8.htm
2002.01.26 18:37 B H:\Web Sites\whirldnewmedia\swiss\irweb\hypermedia\mez\selectext\netwurkerz9.gif <-- iowa review /web/data/www.uiowa/iareview/production/tirweb/hypermedia/mez/selectext netwurkerz9.gif
2002.01.26 18:37 B H:\Web Sites\whirldnewmedia\swiss\irweb\hypermedia\mez\selectext\netwurkerz9.htm <-- iowa review /web/data/www.uiowa/iareview/production/tirweb/hypermedia/mez/selectext netwurkerz9.htm
2002.01.26 18:37 B H:\Web Sites\whirldnewmedia\swiss\irweb\hypermedia\mez\selectext\nw1.1.JPG <-- iowa review /web/data/www.uiowa/iareview/production/tirweb/hypermedia/mez/selectext nw1.1.JPG
2002.01.26 18:37 B H:\Web Sites\whirldnewmedia\swiss\irweb\hypermedia\mez\selectext\nw1.JPG <-- iowa review /web/data/www.uiowa/iareview/production/tirweb/hypermedia/mez/selectext nw1.JPG
2002.01.26 18:37 B H:\Web Sites\whirldnewmedia\swiss\irweb\hypermedia\mez\selectext\nw2.1.JPG <-- iowa review /web/data/www.uiowa/iareview/production/tirweb/hypermedia/mez/selectext nw2.1.JPG
2002.01.26 18:37 B H:\Web Sites\whirldnewmedia\swiss\irweb\hypermedia\mez\selectext\nw2_1.JPG <-- iowa review /web/data/www.uiowa/iareview/production/tirweb/hypermedia/mez/selectext nw2_1.JPG
2002.02.07 16:46 B H:\Web Sites\whirldnewmedia\swiss\irweb\tirweb\hypermedia\mez\selectext\index.htm --> www.uiowa.edu /web/data/www.uiowa/iareview/production/tirweb/hypermedia/mez/selectext index.htm
2002.02.07 16:46 B H:\Web Sites\whirldnewmedia\swiss\irweb\tirweb\hypermedia\mez\selectext\netwurkerz1.htm --> www.uiowa.edu /web/data/www.uiowa/iareview/production/tirweb/hypermedia/mez/selectext netwurkerz1.htm
2002.02.07 16:46 B H:\Web Sites\whirldnewmedia\swiss\irweb\tirweb\hypermedia\mez\selectext\netwurkerz10.htm --> www.uiowa.edu /web/data/www.uiowa/iareview/production/tirweb/hypermedia/mez/selectext netwurkerz10.htm
2002.02.07 16:46 B H:\Web Sites\whirldnewmedia\swiss\irweb\tirweb\hypermedia\mez\selectext\netwurkerz11.htm --> www.uiowa.edu /web/data/www.uiowa/iareview/production/tirweb/hypermedia/mez/selectext netwurkerz11.htm
2002.02.07 16:46 B H:\Web Sites\whirldnewmedia\swiss\irweb\tirweb\hypermedia\mez\selectext\netwurkerz12.htm --> www.uiowa.edu /web/data/www.uiowa/iareview/production/tirweb/hypermedia/mez/selectext netwurkerz12.htm
2002.02.07 16:46 B H:\Web Sites\whirldnewmedia\swiss\irweb\tirweb\hypermedia\mez\selectext\netwurkerz13.htm --> www.uiowa.edu /web/data/www.uiowa/iareview/production/tirweb/hypermedia/mez/selectext netwurkerz13.htm
2002.02.07 16:46 B H:\Web Sites\whirldnewmedia\swiss\irweb\tirweb\hypermedia\mez\selectext\netwurkerz14.htm --> www.uiowa.edu /web/data/www.uiowa/iareview/production/tirweb/hypermedia/mez/selectext netwurkerz14.htm
2002.02.07 16:46 B H:\Web Sites\whirldnewmedia\swiss\irweb\tirweb\hypermedia\mez\selectext\netwurkerz15.htm --> www.uiowa.edu /web/data/www.uiowa/iareview/production/tirweb/hypermedia/mez/selectext netwurkerz15.htm
2002.02.07 16:46 B H:\Web Sites\whirldnewmedia\swiss\irweb\tirweb\hypermedia\mez\selectext\netwurkerz16.htm --> www.uiowa.edu /web/data/www.uiowa/iareview/production/tirweb/hypermedia/mez/selectext netwurkerz16.htm
2002.02.07 16:46 B H:\Web Sites\whirldnewmedia\swiss\irweb\tirweb\hypermedia\mez\selectext\netwurkerz17.htm --> www.uiowa.edu /web/data/www.uiowa/iareview/production/tirweb/hypermedia/mez/selectext netwurkerz17.htm
2002.02.07 16:46 B H:\Web Sites\whirldnewmedia\swiss\irweb\tirweb\hypermedia\mez\selectext\netwurkerz18.htm --> www.uiowa.edu /web/data/www.uiowa/iareview/production/tirweb/hypermedia/mez/selectext netwurkerz18.htm
2002.02.07 16:46 B H:\Web Sites\whirldnewmedia\swiss\irweb\tirweb\hypermedia\mez\selectext\netwurkerz19.htm --> www.uiowa.edu /web/data/www.uiowa/iareview/production/tirweb/hypermedia/mez/selectext netwurkerz19.htm
2002.02.07 16:46 B H:\Web Sites\whirldnewmedia\swiss\irweb\tirweb\hypermedia\mez\selectext\netwurkerz2.htm --> www.uiowa.edu /web/data/www.uiowa/iareview/production/tirweb/hypermedia/mez/selectext netwurkerz2.htm
2002.02.07 16:46 B H:\Web Sites\whirldnewmedia\swiss\irweb\tirweb\hypermedia\mez\selectext\netwurkerz20.htm --> www.uiowa.edu /web/data/www.uiowa/iareview/production/tirweb/hypermedia/mez/selectext netwurkerz20.htm
2002.02.07 16:46 B H:\Web Sites\whirldnewmedia\swiss\irweb\tirweb\hypermedia\mez\selectext\netwurkerz21.htm --> www.uiowa.edu /web/data/www.uiowa/iareview/production/tirweb/hypermedia/mez/selectext netwurkerz21.htm
2002.02.07 16:46 B H:\Web Sites\whirldnewmedia\swiss\irweb\tirweb\hypermedia\mez\selectext\netwurkerz22.htm --> www.uiowa.edu /web/data/www.uiowa/iareview/production/tirweb/hypermedia/mez/selectext netwurkerz22.htm
2002.02.07 16:46 B H:\Web Sites\whirldnewmedia\swiss\irweb\tirweb\hypermedia\mez\selectext\netwurkerz23.htm --> www.uiowa.edu /web/data/www.uiowa/iareview/production/tirweb/hypermedia/mez/selectext netwurkerz23.htm
2002.02.07 16:46 B H:\Web Sites\whirldnewmedia\swiss\irweb\tirweb\hypermedia\mez\selectext\netwurkerz24.htm --> www.uiowa.edu /web/data/www.uiowa/iareview/production/tirweb/hypermedia/mez/selectext netwurkerz24.htm
2002.02.07 16:46 B H:\Web Sites\whirldnewmedia\swiss\irweb\tirweb\hypermedia\mez\selectext\netwurkerz25.htm --> www.uiowa.edu /web/data/www.uiowa/iareview/production/tirweb/hypermedia/mez/selectext netwurkerz25.htm
2002.02.07 16:46 B H:\Web Sites\whirldnewmedia\swiss\irweb\tirweb\hypermedia\mez\selectext\netwurkerz26.htm --> www.uiowa.edu /web/data/www.uiowa/iareview/production/tirweb/hypermedia/mez/selectext netwurkerz26.htm
2002.02.07 16:46 B H:\Web Sites\whirldnewmedia\swiss\irweb\tirweb\hypermedia\mez\selectext\netwurkerz27.htm --> www.uiowa.edu /web/data/www.uiowa/iareview/production/tirweb/hypermedia/mez/selectext netwurkerz27.htm
2002.02.07 16:46 B H:\Web Sites\whirldnewmedia\swiss\irweb\tirweb\hypermedia\mez\selectext\netwurkerz28.htm --> www.uiowa.edu /web/data/www.uiowa/iareview/production/tirweb/hypermedia/mez/selectext netwurkerz28.htm
2002.02.07 16:46 B H:\Web Sites\whirldnewmedia\swiss\irweb\tirweb\hypermedia\mez\selectext\netwurkerz29.htm --> www.uiowa.edu /web/data/www.uiowa/iareview/production/tirweb/hypermedia/mez/selectext netwurkerz29.htm
2002.02.07 16:46 B H:\Web Sites\whirldnewmedia\swiss\irweb\tirweb\hypermedia\mez\selectext\netwurkerz3.htm --> www.uiowa.edu /web/data/www.uiowa/iareview/production/tirweb/hypermedia/mez/selectext netwurkerz3.htm
2002.02.07 16:46 B H:\Web Sites\whirldnewmedia\swiss\irweb\tirweb\hypermedia\mez\selectext\netwurkerz4.htm --> www.uiowa.edu /web/data/www.uiowa/iareview/production/tirweb/hypermedia/mez/selectext netwurkerz4.htm
2002.02.07 16:46 B H:\Web Sites\whirldnewmedia\swiss\irweb\tirweb\hypermedia\mez\selectext\netwurkerz5.htm --> www.uiowa.edu /web/data/www.uiowa/iareview/production/tirweb/hypermedia/mez/selectext netwurkerz5.htm
2002.02.07 16:46 B H:\Web Sites\whirldnewmedia\swiss\irweb\tirweb\hypermedia\mez\selectext\netwurkerz6.htm --> www.uiowa.edu /web/data/www.uiowa/iareview/production/tirweb/hypermedia/mez/selectext netwurkerz6.htm
2002.02.07 16:46 B H:\Web Sites\whirldnewmedia\swiss\irweb\tirweb\hypermedia\mez\selectext\netwurkerz7.htm --> www.uiowa.edu /web/data/www.uiowa/iareview/production/tirweb/hypermedia/mez/selectext netwurkerz7.htm
2002.02.07 16:46 B H:\Web Sites\whirldnewmedia\swiss\irweb\tirweb\hypermedia\mez\selectext\netwurkerz8.htm --> www.uiowa.edu /web/data/www.uiowa/iareview/production/tirweb/hypermedia/mez/selectext netwurkerz8.htm
2002.02.07 16:46 B H:\Web Sites\whirldnewmedia\swiss\irweb\tirweb\hypermedia\mez\selectext\netwurkerz9.htm --> www.uiowa.edu /web/data/www.uiowa/iareview/production/tirweb/hypermedia/mez/selectext netwurkerz9.htm
