2002.01.26 18:19 B H:\Web Sites\whirldnewmedia\swiss\irweb\hypermedia\deena_larsen\image\against.gif <-- iowa review /web/data/www.uiowa/iareview/production/tirweb/hypermedia/deena_larsen/image against.gif
2002.01.26 18:19 B H:\Web Sites\whirldnewmedia\swiss\irweb\hypermedia\deena_larsen\image\against2.gif <-- iowa review /web/data/www.uiowa/iareview/production/tirweb/hypermedia/deena_larsen/image against2.gif
2002.01.26 18:19 B H:\Web Sites\whirldnewmedia\swiss\irweb\hypermedia\deena_larsen\image\againsts.gif <-- iowa review /web/data/www.uiowa/iareview/production/tirweb/hypermedia/deena_larsen/image againsts.gif
2002.01.26 18:19 B H:\Web Sites\whirldnewmedia\swiss\irweb\hypermedia\deena_larsen\image\backtest1.jpg <-- iowa review /web/data/www.uiowa/iareview/production/tirweb/hypermedia/deena_larsen/image backtest1.jpg
2002.01.26 18:19 B H:\Web Sites\whirldnewmedia\swiss\irweb\hypermedia\deena_larsen\image\black.gif <-- iowa review /web/data/www.uiowa/iareview/production/tirweb/hypermedia/deena_larsen/image black.gif
2002.01.26 18:19 B H:\Web Sites\whirldnewmedia\swiss\irweb\hypermedia\deena_larsen\image\blacks.gif <-- iowa review /web/data/www.uiowa/iareview/production/tirweb/hypermedia/deena_larsen/image blacks.gif
2002.01.26 18:19 B H:\Web Sites\whirldnewmedia\swiss\irweb\hypermedia\deena_larsen\image\center.gif <-- iowa review /web/data/www.uiowa/iareview/production/tirweb/hypermedia/deena_larsen/image center.gif
2002.01.26 18:19 B H:\Web Sites\whirldnewmedia\swiss\irweb\hypermedia\deena_larsen\image\content.gif <-- iowa review /web/data/www.uiowa/iareview/production/tirweb/hypermedia/deena_larsen/image content.gif
2002.01.26 18:19 B H:\Web Sites\whirldnewmedia\swiss\irweb\hypermedia\deena_larsen\image\deny.gif <-- iowa review /web/data/www.uiowa/iareview/production/tirweb/hypermedia/deena_larsen/image deny.gif
2002.01.26 18:19 B H:\Web Sites\whirldnewmedia\swiss\irweb\hypermedia\deena_larsen\image\denys.gif <-- iowa review /web/data/www.uiowa/iareview/production/tirweb/hypermedia/deena_larsen/image denys.gif
2002.01.26 18:19 B H:\Web Sites\whirldnewmedia\swiss\irweb\hypermedia\deena_larsen\image\distant.gif <-- iowa review /web/data/www.uiowa/iareview/production/tirweb/hypermedia/deena_larsen/image distant.gif
2002.01.26 18:19 B H:\Web Sites\whirldnewmedia\swiss\irweb\hypermedia\deena_larsen\image\distants.gif <-- iowa review /web/data/www.uiowa/iareview/production/tirweb/hypermedia/deena_larsen/image distants.gif
2002.01.26 18:19 B H:\Web Sites\whirldnewmedia\swiss\irweb\hypermedia\deena_larsen\image\each.gif <-- iowa review /web/data/www.uiowa/iareview/production/tirweb/hypermedia/deena_larsen/image each.gif
2002.01.26 18:19 B H:\Web Sites\whirldnewmedia\swiss\irweb\hypermedia\deena_larsen\image\eachs.gif <-- iowa review /web/data/www.uiowa/iareview/production/tirweb/hypermedia/deena_larsen/image eachs.gif
2002.01.26 18:19 B H:\Web Sites\whirldnewmedia\swiss\irweb\hypermedia\deena_larsen\image\enter.gif <-- iowa review /web/data/www.uiowa/iareview/production/tirweb/hypermedia/deena_larsen/image enter.gif
2002.01.26 18:19 B H:\Web Sites\whirldnewmedia\swiss\irweb\hypermedia\deena_larsen\image\enters.gif <-- iowa review /web/data/www.uiowa/iareview/production/tirweb/hypermedia/deena_larsen/image enters.gif
2002.01.26 18:19 B H:\Web Sites\whirldnewmedia\swiss\irweb\hypermedia\deena_larsen\image\everyth.gif <-- iowa review /web/data/www.uiowa/iareview/production/tirweb/hypermedia/deena_larsen/image everyth.gif
2002.01.26 18:19 B H:\Web Sites\whirldnewmedia\swiss\irweb\hypermedia\deena_larsen\image\everyths.gif <-- iowa review /web/data/www.uiowa/iareview/production/tirweb/hypermedia/deena_larsen/image everyths.gif
2002.01.26 18:19 B H:\Web Sites\whirldnewmedia\swiss\irweb\hypermedia\deena_larsen\image\false.gif <-- iowa review /web/data/www.uiowa/iareview/production/tirweb/hypermedia/deena_larsen/image false.gif
2002.01.26 18:19 B H:\Web Sites\whirldnewmedia\swiss\irweb\hypermedia\deena_larsen\image\falses.gif <-- iowa review /web/data/www.uiowa/iareview/production/tirweb/hypermedia/deena_larsen/image falses.gif
2002.01.26 18:20 B H:\Web Sites\whirldnewmedia\swiss\irweb\hypermedia\deena_larsen\image\faroff.gif <-- iowa review /web/data/www.uiowa/iareview/production/tirweb/hypermedia/deena_larsen/image faroff.gif
2002.01.26 18:20 B H:\Web Sites\whirldnewmedia\swiss\irweb\hypermedia\deena_larsen\image\faroffs.gif <-- iowa review /web/data/www.uiowa/iareview/production/tirweb/hypermedia/deena_larsen/image faroffs.gif
2002.01.26 18:20 B H:\Web Sites\whirldnewmedia\swiss\irweb\hypermedia\deena_larsen\image\forever.gif <-- iowa review /web/data/www.uiowa/iareview/production/tirweb/hypermedia/deena_larsen/image forever.gif
2002.01.26 18:20 B H:\Web Sites\whirldnewmedia\swiss\irweb\hypermedia\deena_larsen\image\foreves.gif <-- iowa review /web/data/www.uiowa/iareview/production/tirweb/hypermedia/deena_larsen/image foreves.gif
2002.01.26 18:20 B H:\Web Sites\whirldnewmedia\swiss\irweb\hypermedia\deena_larsen\image\friend.gif <-- iowa review /web/data/www.uiowa/iareview/production/tirweb/hypermedia/deena_larsen/image friend.gif
2002.01.26 18:20 B H:\Web Sites\whirldnewmedia\swiss\irweb\hypermedia\deena_larsen\image\friends.gif <-- iowa review /web/data/www.uiowa/iareview/production/tirweb/hypermedia/deena_larsen/image friends.gif
2002.01.26 18:20 B H:\Web Sites\whirldnewmedia\swiss\irweb\hypermedia\deena_larsen\image\gopoem.gif <-- iowa review /web/data/www.uiowa/iareview/production/tirweb/hypermedia/deena_larsen/image gopoem.gif
2002.01.26 18:20 B H:\Web Sites\whirldnewmedia\swiss\irweb\hypermedia\deena_larsen\image\gotext.gif <-- iowa review /web/data/www.uiowa/iareview/production/tirweb/hypermedia/deena_larsen/image gotext.gif
2002.01.26 18:20 B H:\Web Sites\whirldnewmedia\swiss\irweb\hypermedia\deena_larsen\image\minute.gif <-- iowa review /web/data/www.uiowa/iareview/production/tirweb/hypermedia/deena_larsen/image minute.gif
2002.01.26 18:20 B H:\Web Sites\whirldnewmedia\swiss\irweb\hypermedia\deena_larsen\image\minutes.gif <-- iowa review /web/data/www.uiowa/iareview/production/tirweb/hypermedia/deena_larsen/image minutes.gif
2002.01.26 18:20 B H:\Web Sites\whirldnewmedia\swiss\irweb\hypermedia\deena_larsen\image\name1.gif <-- iowa review /web/data/www.uiowa/iareview/production/tirweb/hypermedia/deena_larsen/image name1.gif
2002.01.26 18:20 B H:\Web Sites\whirldnewmedia\swiss\irweb\hypermedia\deena_larsen\image\name2.gif <-- iowa review /web/data/www.uiowa/iareview/production/tirweb/hypermedia/deena_larsen/image name2.gif
2002.01.26 18:20 B H:\Web Sites\whirldnewmedia\swiss\irweb\hypermedia\deena_larsen\image\next.gif <-- iowa review /web/data/www.uiowa/iareview/production/tirweb/hypermedia/deena_larsen/image next.gif
2002.01.26 18:20 B H:\Web Sites\whirldnewmedia\swiss\irweb\hypermedia\deena_larsen\image\nothing.gif <-- iowa review /web/data/www.uiowa/iareview/production/tirweb/hypermedia/deena_larsen/image nothing.gif
2002.01.26 18:20 B H:\Web Sites\whirldnewmedia\swiss\irweb\hypermedia\deena_larsen\image\nothings.gif <-- iowa review /web/data/www.uiowa/iareview/production/tirweb/hypermedia/deena_larsen/image nothings.gif
2002.01.26 18:20 B H:\Web Sites\whirldnewmedia\swiss\irweb\hypermedia\deena_larsen\image\prev.gif <-- iowa review /web/data/www.uiowa/iareview/production/tirweb/hypermedia/deena_larsen/image prev.gif
2002.01.26 18:20 B H:\Web Sites\whirldnewmedia\swiss\irweb\hypermedia\deena_larsen\image\previous.gif <-- iowa review /web/data/www.uiowa/iareview/production/tirweb/hypermedia/deena_larsen/image previous.gif
2002.01.26 18:20 B H:\Web Sites\whirldnewmedia\swiss\irweb\hypermedia\deena_larsen\image\reach.gif <-- iowa review /web/data/www.uiowa/iareview/production/tirweb/hypermedia/deena_larsen/image reach.gif
2002.01.26 18:20 B H:\Web Sites\whirldnewmedia\swiss\irweb\hypermedia\deena_larsen\image\reaches.gif <-- iowa review /web/data/www.uiowa/iareview/production/tirweb/hypermedia/deena_larsen/image reaches.gif
2002.01.26 18:20 B H:\Web Sites\whirldnewmedia\swiss\irweb\hypermedia\deena_larsen\image\reality.gif <-- iowa review /web/data/www.uiowa/iareview/production/tirweb/hypermedia/deena_larsen/image reality.gif
2002.01.26 18:20 B H:\Web Sites\whirldnewmedia\swiss\irweb\hypermedia\deena_larsen\image\realitys.gif <-- iowa review /web/data/www.uiowa/iareview/production/tirweb/hypermedia/deena_larsen/image realitys.gif
2002.01.26 18:20 B H:\Web Sites\whirldnewmedia\swiss\irweb\hypermedia\deena_larsen\image\revolve.gif <-- iowa review /web/data/www.uiowa/iareview/production/tirweb/hypermedia/deena_larsen/image revolve.gif
2002.01.26 18:20 B H:\Web Sites\whirldnewmedia\swiss\irweb\hypermedia\deena_larsen\image\text.gif <-- iowa review /web/data/www.uiowa/iareview/production/tirweb/hypermedia/deena_larsen/image text.gif
2002.01.26 18:20 B H:\Web Sites\whirldnewmedia\swiss\irweb\hypermedia\deena_larsen\image\title.gif <-- iowa review /web/data/www.uiowa/iareview/production/tirweb/hypermedia/deena_larsen/image title.gif
2002.01.26 18:20 B H:\Web Sites\whirldnewmedia\swiss\irweb\hypermedia\deena_larsen\image\turn.gif <-- iowa review /web/data/www.uiowa/iareview/production/tirweb/hypermedia/deena_larsen/image turn.gif
2002.01.26 18:20 B H:\Web Sites\whirldnewmedia\swiss\irweb\hypermedia\deena_larsen\image\turns.gif <-- iowa review /web/data/www.uiowa/iareview/production/tirweb/hypermedia/deena_larsen/image turns.gif
2002.01.26 18:20 B H:\Web Sites\whirldnewmedia\swiss\irweb\hypermedia\deena_larsen\image\wheel3.gif <-- iowa review /web/data/www.uiowa/iareview/production/tirweb/hypermedia/deena_larsen/image wheel3.gif
