2002.01.26 18:19 B H:\Web Sites\whirldnewmedia\swiss\irweb\hypermedia\claire_dinsmore\notes\altmap.html <-- iowa review /web/data/www.uiowa/iareview/production/tirweb/hypermedia/claire_dinsmore/notes altmap.html
2002.01.26 18:19 B H:\Web Sites\whirldnewmedia\swiss\irweb\hypermedia\claire_dinsmore\notes\etc.html <-- iowa review /web/data/www.uiowa/iareview/production/tirweb/hypermedia/claire_dinsmore/notes etc.html
2002.01.26 18:19 B H:\Web Sites\whirldnewmedia\swiss\irweb\hypermedia\claire_dinsmore\notes\etc01.html <-- iowa review /web/data/www.uiowa/iareview/production/tirweb/hypermedia/claire_dinsmore/notes etc01.html
2002.01.26 18:19 B H:\Web Sites\whirldnewmedia\swiss\irweb\hypermedia\claire_dinsmore\notes\etc010.html <-- iowa review /web/data/www.uiowa/iareview/production/tirweb/hypermedia/claire_dinsmore/notes etc010.html
2002.01.26 18:19 B H:\Web Sites\whirldnewmedia\swiss\irweb\hypermedia\claire_dinsmore\notes\etc011.html <-- iowa review /web/data/www.uiowa/iareview/production/tirweb/hypermedia/claire_dinsmore/notes etc011.html
2002.01.26 18:19 B H:\Web Sites\whirldnewmedia\swiss\irweb\hypermedia\claire_dinsmore\notes\etc012.html <-- iowa review /web/data/www.uiowa/iareview/production/tirweb/hypermedia/claire_dinsmore/notes etc012.html
2002.01.26 18:19 B H:\Web Sites\whirldnewmedia\swiss\irweb\hypermedia\claire_dinsmore\notes\etc013.html <-- iowa review /web/data/www.uiowa/iareview/production/tirweb/hypermedia/claire_dinsmore/notes etc013.html
2002.01.26 18:19 B H:\Web Sites\whirldnewmedia\swiss\irweb\hypermedia\claire_dinsmore\notes\etc014.html <-- iowa review /web/data/www.uiowa/iareview/production/tirweb/hypermedia/claire_dinsmore/notes etc014.html
2002.01.26 18:19 B H:\Web Sites\whirldnewmedia\swiss\irweb\hypermedia\claire_dinsmore\notes\etc015.html <-- iowa review /web/data/www.uiowa/iareview/production/tirweb/hypermedia/claire_dinsmore/notes etc015.html
2002.01.26 18:19 B H:\Web Sites\whirldnewmedia\swiss\irweb\hypermedia\claire_dinsmore\notes\etc016.html <-- iowa review /web/data/www.uiowa/iareview/production/tirweb/hypermedia/claire_dinsmore/notes etc016.html
2002.01.26 18:19 B H:\Web Sites\whirldnewmedia\swiss\irweb\hypermedia\claire_dinsmore\notes\etc017.html <-- iowa review /web/data/www.uiowa/iareview/production/tirweb/hypermedia/claire_dinsmore/notes etc017.html
2002.01.26 18:19 B H:\Web Sites\whirldnewmedia\swiss\irweb\hypermedia\claire_dinsmore\notes\etc018.html <-- iowa review /web/data/www.uiowa/iareview/production/tirweb/hypermedia/claire_dinsmore/notes etc018.html
2002.01.26 18:19 B H:\Web Sites\whirldnewmedia\swiss\irweb\hypermedia\claire_dinsmore\notes\etc02.html <-- iowa review /web/data/www.uiowa/iareview/production/tirweb/hypermedia/claire_dinsmore/notes etc02.html
2002.01.26 18:19 B H:\Web Sites\whirldnewmedia\swiss\irweb\hypermedia\claire_dinsmore\notes\etc03.html <-- iowa review /web/data/www.uiowa/iareview/production/tirweb/hypermedia/claire_dinsmore/notes etc03.html
2002.01.26 18:19 B H:\Web Sites\whirldnewmedia\swiss\irweb\hypermedia\claire_dinsmore\notes\etc04.html <-- iowa review /web/data/www.uiowa/iareview/production/tirweb/hypermedia/claire_dinsmore/notes etc04.html
2002.01.26 18:19 B H:\Web Sites\whirldnewmedia\swiss\irweb\hypermedia\claire_dinsmore\notes\etc05.html <-- iowa review /web/data/www.uiowa/iareview/production/tirweb/hypermedia/claire_dinsmore/notes etc05.html
2002.01.26 18:19 B H:\Web Sites\whirldnewmedia\swiss\irweb\hypermedia\claire_dinsmore\notes\etc06.html <-- iowa review /web/data/www.uiowa/iareview/production/tirweb/hypermedia/claire_dinsmore/notes etc06.html
2002.01.26 18:19 B H:\Web Sites\whirldnewmedia\swiss\irweb\hypermedia\claire_dinsmore\notes\etc07.html <-- iowa review /web/data/www.uiowa/iareview/production/tirweb/hypermedia/claire_dinsmore/notes etc07.html
2002.01.26 18:19 B H:\Web Sites\whirldnewmedia\swiss\irweb\hypermedia\claire_dinsmore\notes\etc08.html <-- iowa review /web/data/www.uiowa/iareview/production/tirweb/hypermedia/claire_dinsmore/notes etc08.html
2002.01.26 18:19 B H:\Web Sites\whirldnewmedia\swiss\irweb\hypermedia\claire_dinsmore\notes\etc09.html <-- iowa review /web/data/www.uiowa/iareview/production/tirweb/hypermedia/claire_dinsmore/notes etc09.html
2002.01.26 18:19 B H:\Web Sites\whirldnewmedia\swiss\irweb\hypermedia\claire_dinsmore\notes\etclft.html <-- iowa review /web/data/www.uiowa/iareview/production/tirweb/hypermedia/claire_dinsmore/notes etclft.html
2002.01.26 18:19 B H:\Web Sites\whirldnewmedia\swiss\irweb\hypermedia\claire_dinsmore\notes\etcmn.html <-- iowa review /web/data/www.uiowa/iareview/production/tirweb/hypermedia/claire_dinsmore/notes etcmn.html
2002.01.26 18:19 B H:\Web Sites\whirldnewmedia\swiss\irweb\hypermedia\claire_dinsmore\notes\exper.html <-- iowa review /web/data/www.uiowa/iareview/production/tirweb/hypermedia/claire_dinsmore/notes exper.html
2002.01.26 18:19 B H:\Web Sites\whirldnewmedia\swiss\irweb\hypermedia\claire_dinsmore\notes\form1.html <-- iowa review /web/data/www.uiowa/iareview/production/tirweb/hypermedia/claire_dinsmore/notes form1.html
2002.01.26 18:19 B H:\Web Sites\whirldnewmedia\swiss\irweb\hypermedia\claire_dinsmore\notes\fquote1.html <-- iowa review /web/data/www.uiowa/iareview/production/tirweb/hypermedia/claire_dinsmore/notes fquote1.html
2002.01.26 18:19 B H:\Web Sites\whirldnewmedia\swiss\irweb\hypermedia\claire_dinsmore\notes\fquote2.html <-- iowa review /web/data/www.uiowa/iareview/production/tirweb/hypermedia/claire_dinsmore/notes fquote2.html
2002.01.26 18:19 B H:\Web Sites\whirldnewmedia\swiss\irweb\hypermedia\claire_dinsmore\notes\main.html <-- iowa review /web/data/www.uiowa/iareview/production/tirweb/hypermedia/claire_dinsmore/notes main.html
2002.01.26 18:19 B H:\Web Sites\whirldnewmedia\swiss\irweb\hypermedia\claire_dinsmore\notes\notes.html <-- iowa review /web/data/www.uiowa/iareview/production/tirweb/hypermedia/claire_dinsmore/notes notes.html
2002.01.26 18:19 B H:\Web Sites\whirldnewmedia\swiss\irweb\hypermedia\claire_dinsmore\notes\notes2.html <-- iowa review /web/data/www.uiowa/iareview/production/tirweb/hypermedia/claire_dinsmore/notes notes2.html
2002.01.26 18:19 B H:\Web Sites\whirldnewmedia\swiss\irweb\hypermedia\claire_dinsmore\notes\wquote1.html <-- iowa review /web/data/www.uiowa/iareview/production/tirweb/hypermedia/claire_dinsmore/notes wquote1.html
2002.02.07 16:38 B H:\Web Sites\whirldnewmedia\swiss\irweb\tirweb\hypermedia\claire_dinsmore\notes\altmap.html --> www.uiowa.edu /web/data/www.uiowa/iareview/production/tirweb/hypermedia/claire_dinsmore/notes altmap.html
2002.02.07 16:38 B H:\Web Sites\whirldnewmedia\swiss\irweb\tirweb\hypermedia\claire_dinsmore\notes\etc.html --> www.uiowa.edu /web/data/www.uiowa/iareview/production/tirweb/hypermedia/claire_dinsmore/notes etc.html
2002.02.07 16:38 B H:\Web Sites\whirldnewmedia\swiss\irweb\tirweb\hypermedia\claire_dinsmore\notes\etc01.html --> www.uiowa.edu /web/data/www.uiowa/iareview/production/tirweb/hypermedia/claire_dinsmore/notes etc01.html
2002.02.07 16:38 B H:\Web Sites\whirldnewmedia\swiss\irweb\tirweb\hypermedia\claire_dinsmore\notes\etc010.html --> www.uiowa.edu /web/data/www.uiowa/iareview/production/tirweb/hypermedia/claire_dinsmore/notes etc010.html
2002.02.07 16:38 B H:\Web Sites\whirldnewmedia\swiss\irweb\tirweb\hypermedia\claire_dinsmore\notes\etc011.html --> www.uiowa.edu /web/data/www.uiowa/iareview/production/tirweb/hypermedia/claire_dinsmore/notes etc011.html
2002.02.07 16:38 B H:\Web Sites\whirldnewmedia\swiss\irweb\tirweb\hypermedia\claire_dinsmore\notes\etc012.html --> www.uiowa.edu /web/data/www.uiowa/iareview/production/tirweb/hypermedia/claire_dinsmore/notes etc012.html
2002.02.07 16:38 B H:\Web Sites\whirldnewmedia\swiss\irweb\tirweb\hypermedia\claire_dinsmore\notes\etc013.html --> www.uiowa.edu /web/data/www.uiowa/iareview/production/tirweb/hypermedia/claire_dinsmore/notes etc013.html
2002.02.07 16:38 B H:\Web Sites\whirldnewmedia\swiss\irweb\tirweb\hypermedia\claire_dinsmore\notes\etc014.html --> www.uiowa.edu /web/data/www.uiowa/iareview/production/tirweb/hypermedia/claire_dinsmore/notes etc014.html
2002.02.07 16:38 B H:\Web Sites\whirldnewmedia\swiss\irweb\tirweb\hypermedia\claire_dinsmore\notes\etc015.html --> www.uiowa.edu /web/data/www.uiowa/iareview/production/tirweb/hypermedia/claire_dinsmore/notes etc015.html
2002.02.07 16:38 B H:\Web Sites\whirldnewmedia\swiss\irweb\tirweb\hypermedia\claire_dinsmore\notes\etc016.html --> www.uiowa.edu /web/data/www.uiowa/iareview/production/tirweb/hypermedia/claire_dinsmore/notes etc016.html
2002.02.07 16:38 B H:\Web Sites\whirldnewmedia\swiss\irweb\tirweb\hypermedia\claire_dinsmore\notes\etc017.html --> www.uiowa.edu /web/data/www.uiowa/iareview/production/tirweb/hypermedia/claire_dinsmore/notes etc017.html
2002.02.07 16:38 B H:\Web Sites\whirldnewmedia\swiss\irweb\tirweb\hypermedia\claire_dinsmore\notes\etc02.html --> www.uiowa.edu /web/data/www.uiowa/iareview/production/tirweb/hypermedia/claire_dinsmore/notes etc02.html
2002.02.07 16:38 B H:\Web Sites\whirldnewmedia\swiss\irweb\tirweb\hypermedia\claire_dinsmore\notes\etc03.html --> www.uiowa.edu /web/data/www.uiowa/iareview/production/tirweb/hypermedia/claire_dinsmore/notes etc03.html
2002.02.07 16:38 B H:\Web Sites\whirldnewmedia\swiss\irweb\tirweb\hypermedia\claire_dinsmore\notes\etc04.html --> www.uiowa.edu /web/data/www.uiowa/iareview/production/tirweb/hypermedia/claire_dinsmore/notes etc04.html
2002.02.07 16:38 B H:\Web Sites\whirldnewmedia\swiss\irweb\tirweb\hypermedia\claire_dinsmore\notes\etc05.html --> www.uiowa.edu /web/data/www.uiowa/iareview/production/tirweb/hypermedia/claire_dinsmore/notes etc05.html
2002.02.07 16:38 B H:\Web Sites\whirldnewmedia\swiss\irweb\tirweb\hypermedia\claire_dinsmore\notes\etc06.html --> www.uiowa.edu /web/data/www.uiowa/iareview/production/tirweb/hypermedia/claire_dinsmore/notes etc06.html
2002.02.07 16:38 B H:\Web Sites\whirldnewmedia\swiss\irweb\tirweb\hypermedia\claire_dinsmore\notes\etc07.html --> www.uiowa.edu /web/data/www.uiowa/iareview/production/tirweb/hypermedia/claire_dinsmore/notes etc07.html
2002.02.07 16:38 B H:\Web Sites\whirldnewmedia\swiss\irweb\tirweb\hypermedia\claire_dinsmore\notes\etc08.html --> www.uiowa.edu /web/data/www.uiowa/iareview/production/tirweb/hypermedia/claire_dinsmore/notes etc08.html
2002.02.07 16:38 B H:\Web Sites\whirldnewmedia\swiss\irweb\tirweb\hypermedia\claire_dinsmore\notes\etc09.html --> www.uiowa.edu /web/data/www.uiowa/iareview/production/tirweb/hypermedia/claire_dinsmore/notes etc09.html
2002.02.07 16:38 B H:\Web Sites\whirldnewmedia\swiss\irweb\tirweb\hypermedia\claire_dinsmore\notes\etclft.html --> www.uiowa.edu /web/data/www.uiowa/iareview/production/tirweb/hypermedia/claire_dinsmore/notes etclft.html
2002.02.07 16:38 B H:\Web Sites\whirldnewmedia\swiss\irweb\tirweb\hypermedia\claire_dinsmore\notes\etcmn.html --> www.uiowa.edu /web/data/www.uiowa/iareview/production/tirweb/hypermedia/claire_dinsmore/notes etcmn.html
2002.02.07 16:38 B H:\Web Sites\whirldnewmedia\swiss\irweb\tirweb\hypermedia\claire_dinsmore\notes\exper.html --> www.uiowa.edu /web/data/www.uiowa/iareview/production/tirweb/hypermedia/claire_dinsmore/notes exper.html
2002.02.07 16:38 B H:\Web Sites\whirldnewmedia\swiss\irweb\tirweb\hypermedia\claire_dinsmore\notes\form1.html --> www.uiowa.edu /web/data/www.uiowa/iareview/production/tirweb/hypermedia/claire_dinsmore/notes form1.html
2002.02.07 16:38 B H:\Web Sites\whirldnewmedia\swiss\irweb\tirweb\hypermedia\claire_dinsmore\notes\main.html --> www.uiowa.edu /web/data/www.uiowa/iareview/production/tirweb/hypermedia/claire_dinsmore/notes main.html
2002.02.07 16:38 B H:\Web Sites\whirldnewmedia\swiss\irweb\tirweb\hypermedia\claire_dinsmore\notes\notes.html --> www.uiowa.edu /web/data/www.uiowa/iareview/production/tirweb/hypermedia/claire_dinsmore/notes notes.html
2002.02.07 16:38 B H:\Web Sites\whirldnewmedia\swiss\irweb\tirweb\hypermedia\claire_dinsmore\notes\notes2.html --> www.uiowa.edu /web/data/www.uiowa/iareview/production/tirweb/hypermedia/claire_dinsmore/notes notes2.html
