2002.01.26 18:30 B H:\Web Sites\whirldnewmedia\swiss\irweb\hypermedia\martha_conway\html\0deaths.html <-- iowa review /web/data/www.uiowa/iareview/production/tirweb/hypermedia/martha_conway/html 0deaths.html
2002.01.26 18:30 B H:\Web Sites\whirldnewmedia\swiss\irweb\hypermedia\martha_conway\html\17chakra.html <-- iowa review /web/data/www.uiowa/iareview/production/tirweb/hypermedia/martha_conway/html 17chakra.html
2002.01.26 18:30 B H:\Web Sites\whirldnewmedia\swiss\irweb\hypermedia\martha_conway\html\1bed.html <-- iowa review /web/data/www.uiowa/iareview/production/tirweb/hypermedia/martha_conway/html 1bed.html
2002.01.26 18:30 B H:\Web Sites\whirldnewmedia\swiss\irweb\hypermedia\martha_conway\html\1bends.html <-- iowa review /web/data/www.uiowa/iareview/production/tirweb/hypermedia/martha_conway/html 1bends.html
2002.01.26 18:30 B H:\Web Sites\whirldnewmedia\swiss\irweb\hypermedia\martha_conway\html\1bginnie.html <-- iowa review /web/data/www.uiowa/iareview/production/tirweb/hypermedia/martha_conway/html 1bginnie.html
2002.01.26 18:30 B H:\Web Sites\whirldnewmedia\swiss\irweb\hypermedia\martha_conway\html\1bginnie2.html <-- iowa review /web/data/www.uiowa/iareview/production/tirweb/hypermedia/martha_conway/html 1bginnie2.html
2002.01.26 18:30 B H:\Web Sites\whirldnewmedia\swiss\irweb\hypermedia\martha_conway\html\1bjobs.html <-- iowa review /web/data/www.uiowa/iareview/production/tirweb/hypermedia/martha_conway/html 1bjobs.html
2002.01.26 18:30 B H:\Web Sites\whirldnewmedia\swiss\irweb\hypermedia\martha_conway\html\1bleaves.html <-- iowa review /web/data/www.uiowa/iareview/production/tirweb/hypermedia/martha_conway/html 1bleaves.html
2002.01.26 18:30 B H:\Web Sites\whirldnewmedia\swiss\irweb\hypermedia\martha_conway\html\1cginnie2.html <-- iowa review /web/data/www.uiowa/iareview/production/tirweb/hypermedia/martha_conway/html 1cginnie2.html
2002.01.26 18:30 B H:\Web Sites\whirldnewmedia\swiss\irweb\hypermedia\martha_conway\html\1chevron.html <-- iowa review /web/data/www.uiowa/iareview/production/tirweb/hypermedia/martha_conway/html 1chevron.html
2002.01.26 18:30 B H:\Web Sites\whirldnewmedia\swiss\irweb\hypermedia\martha_conway\html\1christians.html <-- iowa review /web/data/www.uiowa/iareview/production/tirweb/hypermedia/martha_conway/html 1christians.html
2002.01.26 18:30 B H:\Web Sites\whirldnewmedia\swiss\irweb\hypermedia\martha_conway\html\1eat.html <-- iowa review /web/data/www.uiowa/iareview/production/tirweb/hypermedia/martha_conway/html 1eat.html
2002.01.26 18:30 B H:\Web Sites\whirldnewmedia\swiss\irweb\hypermedia\martha_conway\html\1ends.html <-- iowa review /web/data/www.uiowa/iareview/production/tirweb/hypermedia/martha_conway/html 1ends.html
2002.01.26 18:30 B H:\Web Sites\whirldnewmedia\swiss\irweb\hypermedia\martha_conway\html\1flowers.html <-- iowa review /web/data/www.uiowa/iareview/production/tirweb/hypermedia/martha_conway/html 1flowers.html
2002.01.26 18:30 B H:\Web Sites\whirldnewmedia\swiss\irweb\hypermedia\martha_conway\html\1ginnie.html <-- iowa review /web/data/www.uiowa/iareview/production/tirweb/hypermedia/martha_conway/html 1ginnie.html
2002.01.26 18:30 B H:\Web Sites\whirldnewmedia\swiss\irweb\hypermedia\martha_conway\html\1ginnie2.html <-- iowa review /web/data/www.uiowa/iareview/production/tirweb/hypermedia/martha_conway/html 1ginnie2.html
2002.01.26 18:30 B H:\Web Sites\whirldnewmedia\swiss\irweb\hypermedia\martha_conway\html\1gumby.html <-- iowa review /web/data/www.uiowa/iareview/production/tirweb/hypermedia/martha_conway/html 1gumby.html
2002.01.26 18:30 B H:\Web Sites\whirldnewmedia\swiss\irweb\hypermedia\martha_conway\html\1jobs.html <-- iowa review /web/data/www.uiowa/iareview/production/tirweb/hypermedia/martha_conway/html 1jobs.html
2002.01.26 18:30 B H:\Web Sites\whirldnewmedia\swiss\irweb\hypermedia\martha_conway\html\1questions.html <-- iowa review /web/data/www.uiowa/iareview/production/tirweb/hypermedia/martha_conway/html 1questions.html
2002.01.26 18:30 B H:\Web Sites\whirldnewmedia\swiss\irweb\hypermedia\martha_conway\html\1ring.html <-- iowa review /web/data/www.uiowa/iareview/production/tirweb/hypermedia/martha_conway/html 1ring.html
2002.01.26 18:30 B H:\Web Sites\whirldnewmedia\swiss\irweb\hypermedia\martha_conway\html\1stjohns.html <-- iowa review /web/data/www.uiowa/iareview/production/tirweb/hypermedia/martha_conway/html 1stjohns.html
2002.01.26 18:30 B H:\Web Sites\whirldnewmedia\swiss\irweb\hypermedia\martha_conway\html\1suggestions.html <-- iowa review /web/data/www.uiowa/iareview/production/tirweb/hypermedia/martha_conway/html 1suggestions.html
2002.01.26 18:30 B H:\Web Sites\whirldnewmedia\swiss\irweb\hypermedia\martha_conway\html\1tenlbs.html <-- iowa review /web/data/www.uiowa/iareview/production/tirweb/hypermedia/martha_conway/html 1tenlbs.html
2002.01.26 18:30 B H:\Web Sites\whirldnewmedia\swiss\irweb\hypermedia\martha_conway\html\27chakra.html <-- iowa review /web/data/www.uiowa/iareview/production/tirweb/hypermedia/martha_conway/html 27chakra.html
2002.01.26 18:30 B H:\Web Sites\whirldnewmedia\swiss\irweb\hypermedia\martha_conway\html\2bends.html <-- iowa review /web/data/www.uiowa/iareview/production/tirweb/hypermedia/martha_conway/html 2bends.html
2002.01.26 18:30 B H:\Web Sites\whirldnewmedia\swiss\irweb\hypermedia\martha_conway\html\2bginnie.html <-- iowa review /web/data/www.uiowa/iareview/production/tirweb/hypermedia/martha_conway/html 2bginnie.html
2002.01.26 18:30 B H:\Web Sites\whirldnewmedia\swiss\irweb\hypermedia\martha_conway\html\2bginnie2.html <-- iowa review /web/data/www.uiowa/iareview/production/tirweb/hypermedia/martha_conway/html 2bginnie2.html
2002.01.26 18:30 B H:\Web Sites\whirldnewmedia\swiss\irweb\hypermedia\martha_conway\html\2bleaves.html <-- iowa review /web/data/www.uiowa/iareview/production/tirweb/hypermedia/martha_conway/html 2bleaves.html
2002.01.26 18:30 B H:\Web Sites\whirldnewmedia\swiss\irweb\hypermedia\martha_conway\html\2cginnie2.html <-- iowa review /web/data/www.uiowa/iareview/production/tirweb/hypermedia/martha_conway/html 2cginnie2.html
2002.01.26 18:30 B H:\Web Sites\whirldnewmedia\swiss\irweb\hypermedia\martha_conway\html\2chevron.html <-- iowa review /web/data/www.uiowa/iareview/production/tirweb/hypermedia/martha_conway/html 2chevron.html
2002.01.26 18:30 B H:\Web Sites\whirldnewmedia\swiss\irweb\hypermedia\martha_conway\html\2christians.html <-- iowa review /web/data/www.uiowa/iareview/production/tirweb/hypermedia/martha_conway/html 2christians.html
2002.01.26 18:30 B H:\Web Sites\whirldnewmedia\swiss\irweb\hypermedia\martha_conway\html\2eat.html <-- iowa review /web/data/www.uiowa/iareview/production/tirweb/hypermedia/martha_conway/html 2eat.html
2002.01.26 18:30 B H:\Web Sites\whirldnewmedia\swiss\irweb\hypermedia\martha_conway\html\2ends.html <-- iowa review /web/data/www.uiowa/iareview/production/tirweb/hypermedia/martha_conway/html 2ends.html
2002.01.26 18:30 B H:\Web Sites\whirldnewmedia\swiss\irweb\hypermedia\martha_conway\html\2flowers.html <-- iowa review /web/data/www.uiowa/iareview/production/tirweb/hypermedia/martha_conway/html 2flowers.html
2002.01.26 18:30 B H:\Web Sites\whirldnewmedia\swiss\irweb\hypermedia\martha_conway\html\2ginnie.html <-- iowa review /web/data/www.uiowa/iareview/production/tirweb/hypermedia/martha_conway/html 2ginnie.html
2002.01.26 18:30 B H:\Web Sites\whirldnewmedia\swiss\irweb\hypermedia\martha_conway\html\2ginnie2.html <-- iowa review /web/data/www.uiowa/iareview/production/tirweb/hypermedia/martha_conway/html 2ginnie2.html
2002.01.26 18:30 B H:\Web Sites\whirldnewmedia\swiss\irweb\hypermedia\martha_conway\html\2gumby.html <-- iowa review /web/data/www.uiowa/iareview/production/tirweb/hypermedia/martha_conway/html 2gumby.html
2002.01.26 18:30 B H:\Web Sites\whirldnewmedia\swiss\irweb\hypermedia\martha_conway\html\2jobs.html <-- iowa review /web/data/www.uiowa/iareview/production/tirweb/hypermedia/martha_conway/html 2jobs.html
2002.01.26 18:30 B H:\Web Sites\whirldnewmedia\swiss\irweb\hypermedia\martha_conway\html\2questions.html <-- iowa review /web/data/www.uiowa/iareview/production/tirweb/hypermedia/martha_conway/html 2questions.html
2002.01.26 18:30 B H:\Web Sites\whirldnewmedia\swiss\irweb\hypermedia\martha_conway\html\2ring.html <-- iowa review /web/data/www.uiowa/iareview/production/tirweb/hypermedia/martha_conway/html 2ring.html
2002.01.26 18:30 B H:\Web Sites\whirldnewmedia\swiss\irweb\hypermedia\martha_conway\html\2stjohns.html <-- iowa review /web/data/www.uiowa/iareview/production/tirweb/hypermedia/martha_conway/html 2stjohns.html
2002.01.26 18:30 B H:\Web Sites\whirldnewmedia\swiss\irweb\hypermedia\martha_conway\html\2suggestions.html <-- iowa review /web/data/www.uiowa/iareview/production/tirweb/hypermedia/martha_conway/html 2suggestions.html
2002.01.26 18:30 B H:\Web Sites\whirldnewmedia\swiss\irweb\hypermedia\martha_conway\html\2tenlbs.html <-- iowa review /web/data/www.uiowa/iareview/production/tirweb/hypermedia/martha_conway/html 2tenlbs.html
2002.01.26 18:31 B H:\Web Sites\whirldnewmedia\swiss\irweb\hypermedia\martha_conway\html\37chakra.html <-- iowa review /web/data/www.uiowa/iareview/production/tirweb/hypermedia/martha_conway/html 37chakra.html
2002.01.26 18:31 B H:\Web Sites\whirldnewmedia\swiss\irweb\hypermedia\martha_conway\html\3bends.html <-- iowa review /web/data/www.uiowa/iareview/production/tirweb/hypermedia/martha_conway/html 3bends.html
2002.01.26 18:31 B H:\Web Sites\whirldnewmedia\swiss\irweb\hypermedia\martha_conway\html\3bginnie.html <-- iowa review /web/data/www.uiowa/iareview/production/tirweb/hypermedia/martha_conway/html 3bginnie.html
2002.01.26 18:31 B H:\Web Sites\whirldnewmedia\swiss\irweb\hypermedia\martha_conway\html\3bginnie2.html <-- iowa review /web/data/www.uiowa/iareview/production/tirweb/hypermedia/martha_conway/html 3bginnie2.html
2002.01.26 18:31 B H:\Web Sites\whirldnewmedia\swiss\irweb\hypermedia\martha_conway\html\3bleaves.html <-- iowa review /web/data/www.uiowa/iareview/production/tirweb/hypermedia/martha_conway/html 3bleaves.html
2002.01.26 18:31 B H:\Web Sites\whirldnewmedia\swiss\irweb\hypermedia\martha_conway\html\3cends.html <-- iowa review /web/data/www.uiowa/iareview/production/tirweb/hypermedia/martha_conway/html 3cends.html
2002.01.26 18:31 B H:\Web Sites\whirldnewmedia\swiss\irweb\hypermedia\martha_conway\html\3cginnie.html <-- iowa review /web/data/www.uiowa/iareview/production/tirweb/hypermedia/martha_conway/html 3cginnie.html
2002.01.26 18:31 B H:\Web Sites\whirldnewmedia\swiss\irweb\hypermedia\martha_conway\html\3cginnie2.html <-- iowa review /web/data/www.uiowa/iareview/production/tirweb/hypermedia/martha_conway/html 3cginnie2.html
2002.01.26 18:31 B H:\Web Sites\whirldnewmedia\swiss\irweb\hypermedia\martha_conway\html\3chevron.html <-- iowa review /web/data/www.uiowa/iareview/production/tirweb/hypermedia/martha_conway/html 3chevron.html
2002.01.26 18:31 B H:\Web Sites\whirldnewmedia\swiss\irweb\hypermedia\martha_conway\html\3christians.html <-- iowa review /web/data/www.uiowa/iareview/production/tirweb/hypermedia/martha_conway/html 3christians.html
2002.01.26 18:31 B H:\Web Sites\whirldnewmedia\swiss\irweb\hypermedia\martha_conway\html\3dginnie.html <-- iowa review /web/data/www.uiowa/iareview/production/tirweb/hypermedia/martha_conway/html 3dginnie.html
2002.01.26 18:31 B H:\Web Sites\whirldnewmedia\swiss\irweb\hypermedia\martha_conway\html\3eat.html <-- iowa review /web/data/www.uiowa/iareview/production/tirweb/hypermedia/martha_conway/html 3eat.html
2002.01.26 18:31 B H:\Web Sites\whirldnewmedia\swiss\irweb\hypermedia\martha_conway\html\3ends.html <-- iowa review /web/data/www.uiowa/iareview/production/tirweb/hypermedia/martha_conway/html 3ends.html
2002.01.26 18:31 B H:\Web Sites\whirldnewmedia\swiss\irweb\hypermedia\martha_conway\html\3flowers.html <-- iowa review /web/data/www.uiowa/iareview/production/tirweb/hypermedia/martha_conway/html 3flowers.html
2002.01.26 18:31 B H:\Web Sites\whirldnewmedia\swiss\irweb\hypermedia\martha_conway\html\3ginnie.html <-- iowa review /web/data/www.uiowa/iareview/production/tirweb/hypermedia/martha_conway/html 3ginnie.html
2002.01.26 18:31 B H:\Web Sites\whirldnewmedia\swiss\irweb\hypermedia\martha_conway\html\3ginnie2.html <-- iowa review /web/data/www.uiowa/iareview/production/tirweb/hypermedia/martha_conway/html 3ginnie2.html
2002.01.26 18:31 B H:\Web Sites\whirldnewmedia\swiss\irweb\hypermedia\martha_conway\html\3gumby.html <-- iowa review /web/data/www.uiowa/iareview/production/tirweb/hypermedia/martha_conway/html 3gumby.html
2002.01.26 18:31 B H:\Web Sites\whirldnewmedia\swiss\irweb\hypermedia\martha_conway\html\3heart.html <-- iowa review /web/data/www.uiowa/iareview/production/tirweb/hypermedia/martha_conway/html 3heart.html
2002.01.26 18:31 B H:\Web Sites\whirldnewmedia\swiss\irweb\hypermedia\martha_conway\html\3jobs.html <-- iowa review /web/data/www.uiowa/iareview/production/tirweb/hypermedia/martha_conway/html 3jobs.html
2002.01.26 18:31 B H:\Web Sites\whirldnewmedia\swiss\irweb\hypermedia\martha_conway\html\3questions.html <-- iowa review /web/data/www.uiowa/iareview/production/tirweb/hypermedia/martha_conway/html 3questions.html
2002.01.26 18:31 B H:\Web Sites\whirldnewmedia\swiss\irweb\hypermedia\martha_conway\html\3ring.html <-- iowa review /web/data/www.uiowa/iareview/production/tirweb/hypermedia/martha_conway/html 3ring.html
2002.01.26 18:31 B H:\Web Sites\whirldnewmedia\swiss\irweb\hypermedia\martha_conway\html\3suggestions.html <-- iowa review /web/data/www.uiowa/iareview/production/tirweb/hypermedia/martha_conway/html 3suggestions.html
2002.01.26 18:31 B H:\Web Sites\whirldnewmedia\swiss\irweb\hypermedia\martha_conway\html\3tenlbs.html <-- iowa review /web/data/www.uiowa/iareview/production/tirweb/hypermedia/martha_conway/html 3tenlbs.html
2002.01.26 18:31 B H:\Web Sites\whirldnewmedia\swiss\irweb\hypermedia\martha_conway\html\cigarettes.html <-- iowa review /web/data/www.uiowa/iareview/production/tirweb/hypermedia/martha_conway/html cigarettes.html
2002.01.26 18:31 B H:\Web Sites\whirldnewmedia\swiss\irweb\hypermedia\martha_conway\html\deaths.html <-- iowa review /web/data/www.uiowa/iareview/production/tirweb/hypermedia/martha_conway/html deaths.html
2002.01.26 18:31 B H:\Web Sites\whirldnewmedia\swiss\irweb\hypermedia\martha_conway\html\index.html <-- iowa review /web/data/www.uiowa/iareview/production/tirweb/hypermedia/martha_conway/html index.html
2002.01.26 18:31 B H:\Web Sites\whirldnewmedia\swiss\irweb\hypermedia\martha_conway\html\july.html <-- iowa review /web/data/www.uiowa/iareview/production/tirweb/hypermedia/martha_conway/html july.html
2002.01.26 18:31 B H:\Web Sites\whirldnewmedia\swiss\irweb\hypermedia\martha_conway\html\toxins.html <-- iowa review /web/data/www.uiowa/iareview/production/tirweb/hypermedia/martha_conway/html toxins.html
2002.02.07 16:43 B H:\Web Sites\whirldnewmedia\swiss\irweb\tirweb\hypermedia\martha_conway\html\0deaths.html --> www.uiowa.edu /web/data/www.uiowa/iareview/production/tirweb/hypermedia/martha_conway/html 0deaths.html
2002.02.07 16:43 B H:\Web Sites\whirldnewmedia\swiss\irweb\tirweb\hypermedia\martha_conway\html\17chakra.html --> www.uiowa.edu /web/data/www.uiowa/iareview/production/tirweb/hypermedia/martha_conway/html 17chakra.html
2002.02.07 16:43 B H:\Web Sites\whirldnewmedia\swiss\irweb\tirweb\hypermedia\martha_conway\html\1bed.html --> www.uiowa.edu /web/data/www.uiowa/iareview/production/tirweb/hypermedia/martha_conway/html 1bed.html
2002.02.07 16:43 B H:\Web Sites\whirldnewmedia\swiss\irweb\tirweb\hypermedia\martha_conway\html\1bends.html --> www.uiowa.edu /web/data/www.uiowa/iareview/production/tirweb/hypermedia/martha_conway/html 1bends.html
2002.02.07 16:43 B H:\Web Sites\whirldnewmedia\swiss\irweb\tirweb\hypermedia\martha_conway\html\1bginnie.html --> www.uiowa.edu /web/data/www.uiowa/iareview/production/tirweb/hypermedia/martha_conway/html 1bginnie.html
2002.02.07 16:43 B H:\Web Sites\whirldnewmedia\swiss\irweb\tirweb\hypermedia\martha_conway\html\1bginnie2.html --> www.uiowa.edu /web/data/www.uiowa/iareview/production/tirweb/hypermedia/martha_conway/html 1bginnie2.html
2002.02.07 16:43 B H:\Web Sites\whirldnewmedia\swiss\irweb\tirweb\hypermedia\martha_conway\html\1bjobs.html --> www.uiowa.edu /web/data/www.uiowa/iareview/production/tirweb/hypermedia/martha_conway/html 1bjobs.html
2002.02.07 16:43 B H:\Web Sites\whirldnewmedia\swiss\irweb\tirweb\hypermedia\martha_conway\html\1bleaves.html --> www.uiowa.edu /web/data/www.uiowa/iareview/production/tirweb/hypermedia/martha_conway/html 1bleaves.html
2002.02.07 16:43 B H:\Web Sites\whirldnewmedia\swiss\irweb\tirweb\hypermedia\martha_conway\html\1cginnie2.html --> www.uiowa.edu /web/data/www.uiowa/iareview/production/tirweb/hypermedia/martha_conway/html 1cginnie2.html
2002.02.07 16:43 B H:\Web Sites\whirldnewmedia\swiss\irweb\tirweb\hypermedia\martha_conway\html\1chevron.html --> www.uiowa.edu /web/data/www.uiowa/iareview/production/tirweb/hypermedia/martha_conway/html 1chevron.html
2002.02.07 16:43 B H:\Web Sites\whirldnewmedia\swiss\irweb\tirweb\hypermedia\martha_conway\html\1christians.html --> www.uiowa.edu /web/data/www.uiowa/iareview/production/tirweb/hypermedia/martha_conway/html 1christians.html
2002.02.07 16:43 B H:\Web Sites\whirldnewmedia\swiss\irweb\tirweb\hypermedia\martha_conway\html\1eat.html --> www.uiowa.edu /web/data/www.uiowa/iareview/production/tirweb/hypermedia/martha_conway/html 1eat.html
2002.02.07 16:43 B H:\Web Sites\whirldnewmedia\swiss\irweb\tirweb\hypermedia\martha_conway\html\1ends.html --> www.uiowa.edu /web/data/www.uiowa/iareview/production/tirweb/hypermedia/martha_conway/html 1ends.html
2002.02.07 16:43 B H:\Web Sites\whirldnewmedia\swiss\irweb\tirweb\hypermedia\martha_conway\html\1flowers.html --> www.uiowa.edu /web/data/www.uiowa/iareview/production/tirweb/hypermedia/martha_conway/html 1flowers.html
2002.02.07 16:43 B H:\Web Sites\whirldnewmedia\swiss\irweb\tirweb\hypermedia\martha_conway\html\1ginnie.html --> www.uiowa.edu /web/data/www.uiowa/iareview/production/tirweb/hypermedia/martha_conway/html 1ginnie.html
2002.02.07 16:43 B H:\Web Sites\whirldnewmedia\swiss\irweb\tirweb\hypermedia\martha_conway\html\1ginnie2.html --> www.uiowa.edu /web/data/www.uiowa/iareview/production/tirweb/hypermedia/martha_conway/html 1ginnie2.html
2002.02.07 16:43 B H:\Web Sites\whirldnewmedia\swiss\irweb\tirweb\hypermedia\martha_conway\html\1gumby.html --> www.uiowa.edu /web/data/www.uiowa/iareview/production/tirweb/hypermedia/martha_conway/html 1gumby.html
2002.02.07 16:43 B H:\Web Sites\whirldnewmedia\swiss\irweb\tirweb\hypermedia\martha_conway\html\1jobs.html --> www.uiowa.edu /web/data/www.uiowa/iareview/production/tirweb/hypermedia/martha_conway/html 1jobs.html
2002.02.07 16:43 B H:\Web Sites\whirldnewmedia\swiss\irweb\tirweb\hypermedia\martha_conway\html\1questions.html --> www.uiowa.edu /web/data/www.uiowa/iareview/production/tirweb/hypermedia/martha_conway/html 1questions.html
2002.02.07 16:43 B H:\Web Sites\whirldnewmedia\swiss\irweb\tirweb\hypermedia\martha_conway\html\1ring.html --> www.uiowa.edu /web/data/www.uiowa/iareview/production/tirweb/hypermedia/martha_conway/html 1ring.html
2002.02.07 16:43 B H:\Web Sites\whirldnewmedia\swiss\irweb\tirweb\hypermedia\martha_conway\html\1stjohns.html --> www.uiowa.edu /web/data/www.uiowa/iareview/production/tirweb/hypermedia/martha_conway/html 1stjohns.html
2002.02.07 16:43 B H:\Web Sites\whirldnewmedia\swiss\irweb\tirweb\hypermedia\martha_conway\html\1suggestions.html --> www.uiowa.edu /web/data/www.uiowa/iareview/production/tirweb/hypermedia/martha_conway/html 1suggestions.html
2002.02.07 16:43 B H:\Web Sites\whirldnewmedia\swiss\irweb\tirweb\hypermedia\martha_conway\html\1tenlbs.html --> www.uiowa.edu /web/data/www.uiowa/iareview/production/tirweb/hypermedia/martha_conway/html 1tenlbs.html
2002.02.07 16:43 B H:\Web Sites\whirldnewmedia\swiss\irweb\tirweb\hypermedia\martha_conway\html\27chakra.html --> www.uiowa.edu /web/data/www.uiowa/iareview/production/tirweb/hypermedia/martha_conway/html 27chakra.html
2002.02.07 16:43 B H:\Web Sites\whirldnewmedia\swiss\irweb\tirweb\hypermedia\martha_conway\html\2bends.html --> www.uiowa.edu /web/data/www.uiowa/iareview/production/tirweb/hypermedia/martha_conway/html 2bends.html
2002.02.07 16:43 B H:\Web Sites\whirldnewmedia\swiss\irweb\tirweb\hypermedia\martha_conway\html\2bginnie.html --> www.uiowa.edu /web/data/www.uiowa/iareview/production/tirweb/hypermedia/martha_conway/html 2bginnie.html
2002.02.07 16:43 B H:\Web Sites\whirldnewmedia\swiss\irweb\tirweb\hypermedia\martha_conway\html\2bginnie2.html --> www.uiowa.edu /web/data/www.uiowa/iareview/production/tirweb/hypermedia/martha_conway/html 2bginnie2.html
2002.02.07 16:43 B H:\Web Sites\whirldnewmedia\swiss\irweb\tirweb\hypermedia\martha_conway\html\2bleaves.html --> www.uiowa.edu /web/data/www.uiowa/iareview/production/tirweb/hypermedia/martha_conway/html 2bleaves.html
2002.02.07 16:43 B H:\Web Sites\whirldnewmedia\swiss\irweb\tirweb\hypermedia\martha_conway\html\2cginnie2.html --> www.uiowa.edu /web/data/www.uiowa/iareview/production/tirweb/hypermedia/martha_conway/html 2cginnie2.html
2002.02.07 16:43 B H:\Web Sites\whirldnewmedia\swiss\irweb\tirweb\hypermedia\martha_conway\html\2chevron.html --> www.uiowa.edu /web/data/www.uiowa/iareview/production/tirweb/hypermedia/martha_conway/html 2chevron.html
2002.02.07 16:43 B H:\Web Sites\whirldnewmedia\swiss\irweb\tirweb\hypermedia\martha_conway\html\2christians.html --> www.uiowa.edu /web/data/www.uiowa/iareview/production/tirweb/hypermedia/martha_conway/html 2christians.html
2002.02.07 16:43 B H:\Web Sites\whirldnewmedia\swiss\irweb\tirweb\hypermedia\martha_conway\html\2eat.html --> www.uiowa.edu /web/data/www.uiowa/iareview/production/tirweb/hypermedia/martha_conway/html 2eat.html
2002.02.07 16:43 B H:\Web Sites\whirldnewmedia\swiss\irweb\tirweb\hypermedia\martha_conway\html\2ends.html --> www.uiowa.edu /web/data/www.uiowa/iareview/production/tirweb/hypermedia/martha_conway/html 2ends.html
2002.02.07 16:43 B H:\Web Sites\whirldnewmedia\swiss\irweb\tirweb\hypermedia\martha_conway\html\2flowers.html --> www.uiowa.edu /web/data/www.uiowa/iareview/production/tirweb/hypermedia/martha_conway/html 2flowers.html
2002.02.07 16:44 B H:\Web Sites\whirldnewmedia\swiss\irweb\tirweb\hypermedia\martha_conway\html\2ginnie.html --> www.uiowa.edu /web/data/www.uiowa/iareview/production/tirweb/hypermedia/martha_conway/html 2ginnie.html
2002.02.07 16:44 B H:\Web Sites\whirldnewmedia\swiss\irweb\tirweb\hypermedia\martha_conway\html\2ginnie2.html --> www.uiowa.edu /web/data/www.uiowa/iareview/production/tirweb/hypermedia/martha_conway/html 2ginnie2.html
2002.02.07 16:44 B H:\Web Sites\whirldnewmedia\swiss\irweb\tirweb\hypermedia\martha_conway\html\2gumby.html --> www.uiowa.edu /web/data/www.uiowa/iareview/production/tirweb/hypermedia/martha_conway/html 2gumby.html
2002.02.07 16:44 B H:\Web Sites\whirldnewmedia\swiss\irweb\tirweb\hypermedia\martha_conway\html\2jobs.html --> www.uiowa.edu /web/data/www.uiowa/iareview/production/tirweb/hypermedia/martha_conway/html 2jobs.html
2002.02.07 16:44 B H:\Web Sites\whirldnewmedia\swiss\irweb\tirweb\hypermedia\martha_conway\html\2questions.html --> www.uiowa.edu /web/data/www.uiowa/iareview/production/tirweb/hypermedia/martha_conway/html 2questions.html
2002.02.07 16:44 B H:\Web Sites\whirldnewmedia\swiss\irweb\tirweb\hypermedia\martha_conway\html\2ring.html --> www.uiowa.edu /web/data/www.uiowa/iareview/production/tirweb/hypermedia/martha_conway/html 2ring.html
2002.02.07 16:44 B H:\Web Sites\whirldnewmedia\swiss\irweb\tirweb\hypermedia\martha_conway\html\2stjohns.html --> www.uiowa.edu /web/data/www.uiowa/iareview/production/tirweb/hypermedia/martha_conway/html 2stjohns.html
2002.02.07 16:44 B H:\Web Sites\whirldnewmedia\swiss\irweb\tirweb\hypermedia\martha_conway\html\2suggestions.html --> www.uiowa.edu /web/data/www.uiowa/iareview/production/tirweb/hypermedia/martha_conway/html 2suggestions.html
2002.02.07 16:44 B H:\Web Sites\whirldnewmedia\swiss\irweb\tirweb\hypermedia\martha_conway\html\2tenlbs.html --> www.uiowa.edu /web/data/www.uiowa/iareview/production/tirweb/hypermedia/martha_conway/html 2tenlbs.html
2002.02.07 16:44 B H:\Web Sites\whirldnewmedia\swiss\irweb\tirweb\hypermedia\martha_conway\html\37chakra.html --> www.uiowa.edu /web/data/www.uiowa/iareview/production/tirweb/hypermedia/martha_conway/html 37chakra.html
2002.02.07 16:44 B H:\Web Sites\whirldnewmedia\swiss\irweb\tirweb\hypermedia\martha_conway\html\3bends.html --> www.uiowa.edu /web/data/www.uiowa/iareview/production/tirweb/hypermedia/martha_conway/html 3bends.html
2002.02.07 16:44 B H:\Web Sites\whirldnewmedia\swiss\irweb\tirweb\hypermedia\martha_conway\html\3bginnie.html --> www.uiowa.edu /web/data/www.uiowa/iareview/production/tirweb/hypermedia/martha_conway/html 3bginnie.html
2002.02.07 16:44 B H:\Web Sites\whirldnewmedia\swiss\irweb\tirweb\hypermedia\martha_conway\html\3bginnie2.html --> www.uiowa.edu /web/data/www.uiowa/iareview/production/tirweb/hypermedia/martha_conway/html 3bginnie2.html
2002.02.07 16:44 B H:\Web Sites\whirldnewmedia\swiss\irweb\tirweb\hypermedia\martha_conway\html\3bleaves.html --> www.uiowa.edu /web/data/www.uiowa/iareview/production/tirweb/hypermedia/martha_conway/html 3bleaves.html
2002.02.07 16:44 B H:\Web Sites\whirldnewmedia\swiss\irweb\tirweb\hypermedia\martha_conway\html\3cends.html --> www.uiowa.edu /web/data/www.uiowa/iareview/production/tirweb/hypermedia/martha_conway/html 3cends.html
2002.02.07 16:44 B H:\Web Sites\whirldnewmedia\swiss\irweb\tirweb\hypermedia\martha_conway\html\3cginnie.html --> www.uiowa.edu /web/data/www.uiowa/iareview/production/tirweb/hypermedia/martha_conway/html 3cginnie.html
2002.02.07 16:44 B H:\Web Sites\whirldnewmedia\swiss\irweb\tirweb\hypermedia\martha_conway\html\3cginnie2.html --> www.uiowa.edu /web/data/www.uiowa/iareview/production/tirweb/hypermedia/martha_conway/html 3cginnie2.html
2002.02.07 16:44 B H:\Web Sites\whirldnewmedia\swiss\irweb\tirweb\hypermedia\martha_conway\html\3chevron.html --> www.uiowa.edu /web/data/www.uiowa/iareview/production/tirweb/hypermedia/martha_conway/html 3chevron.html
2002.02.07 16:44 B H:\Web Sites\whirldnewmedia\swiss\irweb\tirweb\hypermedia\martha_conway\html\3christians.html --> www.uiowa.edu /web/data/www.uiowa/iareview/production/tirweb/hypermedia/martha_conway/html 3christians.html
2002.02.07 16:44 B H:\Web Sites\whirldnewmedia\swiss\irweb\tirweb\hypermedia\martha_conway\html\3dginnie.html --> www.uiowa.edu /web/data/www.uiowa/iareview/production/tirweb/hypermedia/martha_conway/html 3dginnie.html
2002.02.07 16:44 B H:\Web Sites\whirldnewmedia\swiss\irweb\tirweb\hypermedia\martha_conway\html\3eat.html --> www.uiowa.edu /web/data/www.uiowa/iareview/production/tirweb/hypermedia/martha_conway/html 3eat.html
2002.02.07 16:44 B H:\Web Sites\whirldnewmedia\swiss\irweb\tirweb\hypermedia\martha_conway\html\3ends.html --> www.uiowa.edu /web/data/www.uiowa/iareview/production/tirweb/hypermedia/martha_conway/html 3ends.html
2002.02.07 16:44 B H:\Web Sites\whirldnewmedia\swiss\irweb\tirweb\hypermedia\martha_conway\html\3flowers.html --> www.uiowa.edu /web/data/www.uiowa/iareview/production/tirweb/hypermedia/martha_conway/html 3flowers.html
2002.02.07 16:44 B H:\Web Sites\whirldnewmedia\swiss\irweb\tirweb\hypermedia\martha_conway\html\3ginnie.html --> www.uiowa.edu /web/data/www.uiowa/iareview/production/tirweb/hypermedia/martha_conway/html 3ginnie.html
2002.02.07 16:44 B H:\Web Sites\whirldnewmedia\swiss\irweb\tirweb\hypermedia\martha_conway\html\3ginnie2.html --> www.uiowa.edu /web/data/www.uiowa/iareview/production/tirweb/hypermedia/martha_conway/html 3ginnie2.html
2002.02.07 16:44 B H:\Web Sites\whirldnewmedia\swiss\irweb\tirweb\hypermedia\martha_conway\html\3gumby.html --> www.uiowa.edu /web/data/www.uiowa/iareview/production/tirweb/hypermedia/martha_conway/html 3gumby.html
2002.02.07 16:44 B H:\Web Sites\whirldnewmedia\swiss\irweb\tirweb\hypermedia\martha_conway\html\3heart.html --> www.uiowa.edu /web/data/www.uiowa/iareview/production/tirweb/hypermedia/martha_conway/html 3heart.html
2002.02.07 16:44 B H:\Web Sites\whirldnewmedia\swiss\irweb\tirweb\hypermedia\martha_conway\html\3jobs.html --> www.uiowa.edu /web/data/www.uiowa/iareview/production/tirweb/hypermedia/martha_conway/html 3jobs.html
2002.02.07 16:44 B H:\Web Sites\whirldnewmedia\swiss\irweb\tirweb\hypermedia\martha_conway\html\3questions.html --> www.uiowa.edu /web/data/www.uiowa/iareview/production/tirweb/hypermedia/martha_conway/html 3questions.html
2002.02.07 16:44 B H:\Web Sites\whirldnewmedia\swiss\irweb\tirweb\hypermedia\martha_conway\html\3ring.html --> www.uiowa.edu /web/data/www.uiowa/iareview/production/tirweb/hypermedia/martha_conway/html 3ring.html
2002.02.07 16:44 B H:\Web Sites\whirldnewmedia\swiss\irweb\tirweb\hypermedia\martha_conway\html\3suggestions.html --> www.uiowa.edu /web/data/www.uiowa/iareview/production/tirweb/hypermedia/martha_conway/html 3suggestions.html
2002.02.07 16:44 B H:\Web Sites\whirldnewmedia\swiss\irweb\tirweb\hypermedia\martha_conway\html\3tenlbs.html --> www.uiowa.edu /web/data/www.uiowa/iareview/production/tirweb/hypermedia/martha_conway/html 3tenlbs.html
2002.02.07 16:44 B H:\Web Sites\whirldnewmedia\swiss\irweb\tirweb\hypermedia\martha_conway\html\cigarettes.html --> www.uiowa.edu /web/data/www.uiowa/iareview/production/tirweb/hypermedia/martha_conway/html cigarettes.html
2002.02.07 16:44 B H:\Web Sites\whirldnewmedia\swiss\irweb\tirweb\hypermedia\martha_conway\html\deaths.html --> www.uiowa.edu /web/data/www.uiowa/iareview/production/tirweb/hypermedia/martha_conway/html deaths.html
2002.02.07 16:44 B H:\Web Sites\whirldnewmedia\swiss\irweb\tirweb\hypermedia\martha_conway\html\index.html --> www.uiowa.edu /web/data/www.uiowa/iareview/production/tirweb/hypermedia/martha_conway/html index.html
2002.02.07 16:44 B H:\Web Sites\whirldnewmedia\swiss\irweb\tirweb\hypermedia\martha_conway\html\july.html --> www.uiowa.edu /web/data/www.uiowa/iareview/production/tirweb/hypermedia/martha_conway/html july.html
2002.02.07 16:44 B H:\Web Sites\whirldnewmedia\swiss\irweb\tirweb\hypermedia\martha_conway\html\toxins.html --> www.uiowa.edu /web/data/www.uiowa/iareview/production/tirweb/hypermedia/martha_conway/html toxins.html
