2002.01.26 18:42 B H:\Web Sites\whirldnewmedia\swiss\irweb\hypermedia\thomas_swiss\pages\images\index_01.gif <-- iowa review /web/data/www.uiowa/iareview/production/tirweb/hypermedia/thomas_swiss/pages/images index_01.gif
2002.01.26 18:42 B H:\Web Sites\whirldnewmedia\swiss\irweb\hypermedia\thomas_swiss\pages\images\index_02.gif <-- iowa review /web/data/www.uiowa/iareview/production/tirweb/hypermedia/thomas_swiss/pages/images index_02.gif
2002.01.26 18:42 B H:\Web Sites\whirldnewmedia\swiss\irweb\hypermedia\thomas_swiss\pages\images\index_03.gif <-- iowa review /web/data/www.uiowa/iareview/production/tirweb/hypermedia/thomas_swiss/pages/images index_03.gif
2002.01.26 18:42 B H:\Web Sites\whirldnewmedia\swiss\irweb\hypermedia\thomas_swiss\pages\images\index_05.gif <-- iowa review /web/data/www.uiowa/iareview/production/tirweb/hypermedia/thomas_swiss/pages/images index_05.gif
2002.01.26 18:42 B H:\Web Sites\whirldnewmedia\swiss\irweb\hypermedia\thomas_swiss\pages\images\index_06.gif <-- iowa review /web/data/www.uiowa/iareview/production/tirweb/hypermedia/thomas_swiss/pages/images index_06.gif
2002.01.26 18:42 B H:\Web Sites\whirldnewmedia\swiss\irweb\hypermedia\thomas_swiss\pages\images\index_07.gif <-- iowa review /web/data/www.uiowa/iareview/production/tirweb/hypermedia/thomas_swiss/pages/images index_07.gif
2002.01.26 18:42 B H:\Web Sites\whirldnewmedia\swiss\irweb\hypermedia\thomas_swiss\pages\images\index_08.gif <-- iowa review /web/data/www.uiowa/iareview/production/tirweb/hypermedia/thomas_swiss/pages/images index_08.gif
2002.01.26 18:42 B H:\Web Sites\whirldnewmedia\swiss\irweb\hypermedia\thomas_swiss\pages\images\index_09.gif <-- iowa review /web/data/www.uiowa/iareview/production/tirweb/hypermedia/thomas_swiss/pages/images index_09.gif
2002.01.26 18:42 B H:\Web Sites\whirldnewmedia\swiss\irweb\hypermedia\thomas_swiss\pages\images\index_09_over.gif <-- iowa review /web/data/www.uiowa/iareview/production/tirweb/hypermedia/thomas_swiss/pages/images index_09_over.gif
2002.01.26 18:42 B H:\Web Sites\whirldnewmedia\swiss\irweb\hypermedia\thomas_swiss\pages\images\main_02.gif <-- iowa review /web/data/www.uiowa/iareview/production/tirweb/hypermedia/thomas_swiss/pages/images main_02.gif
2002.01.26 18:42 B H:\Web Sites\whirldnewmedia\swiss\irweb\hypermedia\thomas_swiss\pages\images\main_03.gif <-- iowa review /web/data/www.uiowa/iareview/production/tirweb/hypermedia/thomas_swiss/pages/images main_03.gif
2002.01.26 18:42 B H:\Web Sites\whirldnewmedia\swiss\irweb\hypermedia\thomas_swiss\pages\images\main_04.gif <-- iowa review /web/data/www.uiowa/iareview/production/tirweb/hypermedia/thomas_swiss/pages/images main_04.gif
2002.01.26 18:42 B H:\Web Sites\whirldnewmedia\swiss\irweb\hypermedia\thomas_swiss\pages\images\main_05.gif <-- iowa review /web/data/www.uiowa/iareview/production/tirweb/hypermedia/thomas_swiss/pages/images main_05.gif
2002.01.26 18:42 B H:\Web Sites\whirldnewmedia\swiss\irweb\hypermedia\thomas_swiss\pages\images\main_06.gif <-- iowa review /web/data/www.uiowa/iareview/production/tirweb/hypermedia/thomas_swiss/pages/images main_06.gif
2002.01.26 18:42 B H:\Web Sites\whirldnewmedia\swiss\irweb\hypermedia\thomas_swiss\pages\images\main_07.gif <-- iowa review /web/data/www.uiowa/iareview/production/tirweb/hypermedia/thomas_swiss/pages/images main_07.gif
2002.01.26 18:42 B H:\Web Sites\whirldnewmedia\swiss\irweb\hypermedia\thomas_swiss\pages\images\mainROLL_07.gif <-- iowa review /web/data/www.uiowa/iareview/production/tirweb/hypermedia/thomas_swiss/pages/images mainROLL_07.gif
2002.01.26 18:42 B H:\Web Sites\whirldnewmedia\swiss\irweb\hypermedia\thomas_swiss\pages\images\page1_01.jpg <-- iowa review /web/data/www.uiowa/iareview/production/tirweb/hypermedia/thomas_swiss/pages/images page1_01.jpg
2002.01.26 18:42 B H:\Web Sites\whirldnewmedia\swiss\irweb\hypermedia\thomas_swiss\pages\images\page1_02.gif <-- iowa review /web/data/www.uiowa/iareview/production/tirweb/hypermedia/thomas_swiss/pages/images page1_02.gif
2002.01.26 18:42 B H:\Web Sites\whirldnewmedia\swiss\irweb\hypermedia\thomas_swiss\pages\images\page1_03.gif <-- iowa review /web/data/www.uiowa/iareview/production/tirweb/hypermedia/thomas_swiss/pages/images page1_03.gif
2002.01.26 18:42 B H:\Web Sites\whirldnewmedia\swiss\irweb\hypermedia\thomas_swiss\pages\images\page1_04.jpg <-- iowa review /web/data/www.uiowa/iareview/production/tirweb/hypermedia/thomas_swiss/pages/images page1_04.jpg
2002.01.26 18:42 B H:\Web Sites\whirldnewmedia\swiss\irweb\hypermedia\thomas_swiss\pages\images\page1_05.jpg <-- iowa review /web/data/www.uiowa/iareview/production/tirweb/hypermedia/thomas_swiss/pages/images page1_05.jpg
2002.01.26 18:42 B H:\Web Sites\whirldnewmedia\swiss\irweb\hypermedia\thomas_swiss\pages\images\page1_06.jpg <-- iowa review /web/data/www.uiowa/iareview/production/tirweb/hypermedia/thomas_swiss/pages/images page1_06.jpg
2002.01.26 18:42 B H:\Web Sites\whirldnewmedia\swiss\irweb\hypermedia\thomas_swiss\pages\images\page1_07.gif <-- iowa review /web/data/www.uiowa/iareview/production/tirweb/hypermedia/thomas_swiss/pages/images page1_07.gif
2002.01.26 18:42 B H:\Web Sites\whirldnewmedia\swiss\irweb\hypermedia\thomas_swiss\pages\images\page1_08.jpg <-- iowa review /web/data/www.uiowa/iareview/production/tirweb/hypermedia/thomas_swiss/pages/images page1_08.jpg
2002.01.26 18:42 B H:\Web Sites\whirldnewmedia\swiss\irweb\hypermedia\thomas_swiss\pages\images\page1_09.jpg <-- iowa review /web/data/www.uiowa/iareview/production/tirweb/hypermedia/thomas_swiss/pages/images page1_09.jpg
2002.01.26 18:42 B H:\Web Sites\whirldnewmedia\swiss\irweb\hypermedia\thomas_swiss\pages\images\page1_10.gif <-- iowa review /web/data/www.uiowa/iareview/production/tirweb/hypermedia/thomas_swiss/pages/images page1_10.gif
2002.01.26 18:42 B H:\Web Sites\whirldnewmedia\swiss\irweb\hypermedia\thomas_swiss\pages\images\page1_11.gif <-- iowa review /web/data/www.uiowa/iareview/production/tirweb/hypermedia/thomas_swiss/pages/images page1_11.gif
2002.01.26 18:42 B H:\Web Sites\whirldnewmedia\swiss\irweb\hypermedia\thomas_swiss\pages\images\page1_12.jpg <-- iowa review /web/data/www.uiowa/iareview/production/tirweb/hypermedia/thomas_swiss/pages/images page1_12.jpg
2002.01.26 18:42 B H:\Web Sites\whirldnewmedia\swiss\irweb\hypermedia\thomas_swiss\pages\images\page1_13.gif <-- iowa review /web/data/www.uiowa/iareview/production/tirweb/hypermedia/thomas_swiss/pages/images page1_13.gif
2002.01.26 18:42 B H:\Web Sites\whirldnewmedia\swiss\irweb\hypermedia\thomas_swiss\pages\images\page1ROLL_11.gif <-- iowa review /web/data/www.uiowa/iareview/production/tirweb/hypermedia/thomas_swiss/pages/images page1ROLL_11.gif
2002.01.26 18:42 B H:\Web Sites\whirldnewmedia\swiss\irweb\hypermedia\thomas_swiss\pages\images\page2_01.gif <-- iowa review /web/data/www.uiowa/iareview/production/tirweb/hypermedia/thomas_swiss/pages/images page2_01.gif
2002.01.26 18:42 B H:\Web Sites\whirldnewmedia\swiss\irweb\hypermedia\thomas_swiss\pages\images\page2_02.jpg <-- iowa review /web/data/www.uiowa/iareview/production/tirweb/hypermedia/thomas_swiss/pages/images page2_02.jpg
2002.01.26 18:42 B H:\Web Sites\whirldnewmedia\swiss\irweb\hypermedia\thomas_swiss\pages\images\page2_03.gif <-- iowa review /web/data/www.uiowa/iareview/production/tirweb/hypermedia/thomas_swiss/pages/images page2_03.gif
2002.01.26 18:42 B H:\Web Sites\whirldnewmedia\swiss\irweb\hypermedia\thomas_swiss\pages\images\page2_04.jpg <-- iowa review /web/data/www.uiowa/iareview/production/tirweb/hypermedia/thomas_swiss/pages/images page2_04.jpg
2002.01.26 18:42 B H:\Web Sites\whirldnewmedia\swiss\irweb\hypermedia\thomas_swiss\pages\images\page2_05.jpg <-- iowa review /web/data/www.uiowa/iareview/production/tirweb/hypermedia/thomas_swiss/pages/images page2_05.jpg
2002.01.26 18:42 B H:\Web Sites\whirldnewmedia\swiss\irweb\hypermedia\thomas_swiss\pages\images\page2_06.jpg <-- iowa review /web/data/www.uiowa/iareview/production/tirweb/hypermedia/thomas_swiss/pages/images page2_06.jpg
2002.01.26 18:42 B H:\Web Sites\whirldnewmedia\swiss\irweb\hypermedia\thomas_swiss\pages\images\page2_07.jpg <-- iowa review /web/data/www.uiowa/iareview/production/tirweb/hypermedia/thomas_swiss/pages/images page2_07.jpg
2002.01.26 18:42 B H:\Web Sites\whirldnewmedia\swiss\irweb\hypermedia\thomas_swiss\pages\images\page2_08.jpg <-- iowa review /web/data/www.uiowa/iareview/production/tirweb/hypermedia/thomas_swiss/pages/images page2_08.jpg
2002.01.26 18:42 B H:\Web Sites\whirldnewmedia\swiss\irweb\hypermedia\thomas_swiss\pages\images\page2_09.gif <-- iowa review /web/data/www.uiowa/iareview/production/tirweb/hypermedia/thomas_swiss/pages/images page2_09.gif
2002.01.26 18:42 B H:\Web Sites\whirldnewmedia\swiss\irweb\hypermedia\thomas_swiss\pages\images\page2_10.gif <-- iowa review /web/data/www.uiowa/iareview/production/tirweb/hypermedia/thomas_swiss/pages/images page2_10.gif
2002.01.26 18:42 B H:\Web Sites\whirldnewmedia\swiss\irweb\hypermedia\thomas_swiss\pages\images\page2ROLL_09.gif <-- iowa review /web/data/www.uiowa/iareview/production/tirweb/hypermedia/thomas_swiss/pages/images page2ROLL_09.gif
2002.01.26 18:42 B H:\Web Sites\whirldnewmedia\swiss\irweb\hypermedia\thomas_swiss\pages\images\page3_01.gif <-- iowa review /web/data/www.uiowa/iareview/production/tirweb/hypermedia/thomas_swiss/pages/images page3_01.gif
2002.01.26 18:42 B H:\Web Sites\whirldnewmedia\swiss\irweb\hypermedia\thomas_swiss\pages\images\page3_02.jpg <-- iowa review /web/data/www.uiowa/iareview/production/tirweb/hypermedia/thomas_swiss/pages/images page3_02.jpg
2002.01.26 18:42 B H:\Web Sites\whirldnewmedia\swiss\irweb\hypermedia\thomas_swiss\pages\images\page3_03.jpg <-- iowa review /web/data/www.uiowa/iareview/production/tirweb/hypermedia/thomas_swiss/pages/images page3_03.jpg
2002.01.26 18:42 B H:\Web Sites\whirldnewmedia\swiss\irweb\hypermedia\thomas_swiss\pages\images\page3_04.gif <-- iowa review /web/data/www.uiowa/iareview/production/tirweb/hypermedia/thomas_swiss/pages/images page3_04.gif
2002.01.26 18:42 B H:\Web Sites\whirldnewmedia\swiss\irweb\hypermedia\thomas_swiss\pages\images\page3_05.jpg <-- iowa review /web/data/www.uiowa/iareview/production/tirweb/hypermedia/thomas_swiss/pages/images page3_05.jpg
2002.01.26 18:42 B H:\Web Sites\whirldnewmedia\swiss\irweb\hypermedia\thomas_swiss\pages\images\page3_06.gif <-- iowa review /web/data/www.uiowa/iareview/production/tirweb/hypermedia/thomas_swiss/pages/images page3_06.gif
2002.01.26 18:42 B H:\Web Sites\whirldnewmedia\swiss\irweb\hypermedia\thomas_swiss\pages\images\page3_07.jpg <-- iowa review /web/data/www.uiowa/iareview/production/tirweb/hypermedia/thomas_swiss/pages/images page3_07.jpg
2002.01.26 18:42 B H:\Web Sites\whirldnewmedia\swiss\irweb\hypermedia\thomas_swiss\pages\images\page3_08.jpg <-- iowa review /web/data/www.uiowa/iareview/production/tirweb/hypermedia/thomas_swiss/pages/images page3_08.jpg
2002.01.26 18:42 B H:\Web Sites\whirldnewmedia\swiss\irweb\hypermedia\thomas_swiss\pages\images\page3_09.gif <-- iowa review /web/data/www.uiowa/iareview/production/tirweb/hypermedia/thomas_swiss/pages/images page3_09.gif
2002.01.26 18:42 B H:\Web Sites\whirldnewmedia\swiss\irweb\hypermedia\thomas_swiss\pages\images\page3_09_over.gif <-- iowa review /web/data/www.uiowa/iareview/production/tirweb/hypermedia/thomas_swiss/pages/images page3_09_over.gif
2002.01.26 18:42 B H:\Web Sites\whirldnewmedia\swiss\irweb\hypermedia\thomas_swiss\pages\images\page3_10.gif <-- iowa review /web/data/www.uiowa/iareview/production/tirweb/hypermedia/thomas_swiss/pages/images page3_10.gif
2002.01.26 18:42 B H:\Web Sites\whirldnewmedia\swiss\irweb\hypermedia\thomas_swiss\pages\images\page4_01.jpg <-- iowa review /web/data/www.uiowa/iareview/production/tirweb/hypermedia/thomas_swiss/pages/images page4_01.jpg
2002.01.26 18:42 B H:\Web Sites\whirldnewmedia\swiss\irweb\hypermedia\thomas_swiss\pages\images\page4_02.gif <-- iowa review /web/data/www.uiowa/iareview/production/tirweb/hypermedia/thomas_swiss/pages/images page4_02.gif
2002.01.26 18:42 B H:\Web Sites\whirldnewmedia\swiss\irweb\hypermedia\thomas_swiss\pages\images\page4_02_over.gif <-- iowa review /web/data/www.uiowa/iareview/production/tirweb/hypermedia/thomas_swiss/pages/images page4_02_over.gif
2002.01.26 18:42 B H:\Web Sites\whirldnewmedia\swiss\irweb\hypermedia\thomas_swiss\pages\images\page4_03.jpg <-- iowa review /web/data/www.uiowa/iareview/production/tirweb/hypermedia/thomas_swiss/pages/images page4_03.jpg
2002.01.26 18:42 B H:\Web Sites\whirldnewmedia\swiss\irweb\hypermedia\thomas_swiss\pages\images\page4_04.jpg <-- iowa review /web/data/www.uiowa/iareview/production/tirweb/hypermedia/thomas_swiss/pages/images page4_04.jpg
2002.01.26 18:42 B H:\Web Sites\whirldnewmedia\swiss\irweb\hypermedia\thomas_swiss\pages\images\page4_05.gif <-- iowa review /web/data/www.uiowa/iareview/production/tirweb/hypermedia/thomas_swiss/pages/images page4_05.gif
2002.01.26 18:42 B H:\Web Sites\whirldnewmedia\swiss\irweb\hypermedia\thomas_swiss\pages\images\page4_05_over.gif <-- iowa review /web/data/www.uiowa/iareview/production/tirweb/hypermedia/thomas_swiss/pages/images page4_05_over.gif
2002.01.26 18:42 B H:\Web Sites\whirldnewmedia\swiss\irweb\hypermedia\thomas_swiss\pages\images\page4_07.gif <-- iowa review /web/data/www.uiowa/iareview/production/tirweb/hypermedia/thomas_swiss/pages/images page4_07.gif
2002.01.26 18:42 B H:\Web Sites\whirldnewmedia\swiss\irweb\hypermedia\thomas_swiss\pages\images\page4_07_over.gif <-- iowa review /web/data/www.uiowa/iareview/production/tirweb/hypermedia/thomas_swiss/pages/images page4_07_over.gif
2002.01.26 18:42 B H:\Web Sites\whirldnewmedia\swiss\irweb\hypermedia\thomas_swiss\pages\images\page4_08.jpg <-- iowa review /web/data/www.uiowa/iareview/production/tirweb/hypermedia/thomas_swiss/pages/images page4_08.jpg
2002.01.26 18:42 B H:\Web Sites\whirldnewmedia\swiss\irweb\hypermedia\thomas_swiss\pages\images\page4_10.gif <-- iowa review /web/data/www.uiowa/iareview/production/tirweb/hypermedia/thomas_swiss/pages/images page4_10.gif
2002.01.26 18:42 B H:\Web Sites\whirldnewmedia\swiss\irweb\hypermedia\thomas_swiss\pages\images\page4_10_over.gif <-- iowa review /web/data/www.uiowa/iareview/production/tirweb/hypermedia/thomas_swiss/pages/images page4_10_over.gif
2002.01.26 18:42 B H:\Web Sites\whirldnewmedia\swiss\irweb\hypermedia\thomas_swiss\pages\images\page4_11.gif <-- iowa review /web/data/www.uiowa/iareview/production/tirweb/hypermedia/thomas_swiss/pages/images page4_11.gif
2002.01.26 18:42 B H:\Web Sites\whirldnewmedia\swiss\irweb\hypermedia\thomas_swiss\pages\images\page4_11_over.gif <-- iowa review /web/data/www.uiowa/iareview/production/tirweb/hypermedia/thomas_swiss/pages/images page4_11_over.gif
2002.01.26 18:42 B H:\Web Sites\whirldnewmedia\swiss\irweb\hypermedia\thomas_swiss\pages\images\page4_12.gif <-- iowa review /web/data/www.uiowa/iareview/production/tirweb/hypermedia/thomas_swiss/pages/images page4_12.gif
2002.01.26 18:42 B H:\Web Sites\whirldnewmedia\swiss\irweb\hypermedia\thomas_swiss\pages\images\page4_12_over.gif <-- iowa review /web/data/www.uiowa/iareview/production/tirweb/hypermedia/thomas_swiss/pages/images page4_12_over.gif
2002.01.26 18:42 B H:\Web Sites\whirldnewmedia\swiss\irweb\hypermedia\thomas_swiss\pages\images\page4_13.gif <-- iowa review /web/data/www.uiowa/iareview/production/tirweb/hypermedia/thomas_swiss/pages/images page4_13.gif
2002.01.26 18:42 B H:\Web Sites\whirldnewmedia\swiss\irweb\hypermedia\thomas_swiss\pages\images\page4_13_over.gif <-- iowa review /web/data/www.uiowa/iareview/production/tirweb/hypermedia/thomas_swiss/pages/images page4_13_over.gif
2002.01.26 18:42 B H:\Web Sites\whirldnewmedia\swiss\irweb\hypermedia\thomas_swiss\pages\images\page5_01.jpg <-- iowa review /web/data/www.uiowa/iareview/production/tirweb/hypermedia/thomas_swiss/pages/images page5_01.jpg
2002.01.26 18:42 B H:\Web Sites\whirldnewmedia\swiss\irweb\hypermedia\thomas_swiss\pages\images\page5_02.gif <-- iowa review /web/data/www.uiowa/iareview/production/tirweb/hypermedia/thomas_swiss/pages/images page5_02.gif
2002.01.26 18:42 B H:\Web Sites\whirldnewmedia\swiss\irweb\hypermedia\thomas_swiss\pages\images\page5_03.jpg <-- iowa review /web/data/www.uiowa/iareview/production/tirweb/hypermedia/thomas_swiss/pages/images page5_03.jpg
2002.01.26 18:42 B H:\Web Sites\whirldnewmedia\swiss\irweb\hypermedia\thomas_swiss\pages\images\page5_04.gif <-- iowa review /web/data/www.uiowa/iareview/production/tirweb/hypermedia/thomas_swiss/pages/images page5_04.gif
2002.01.26 18:42 B H:\Web Sites\whirldnewmedia\swiss\irweb\hypermedia\thomas_swiss\pages\images\page5_05.gif <-- iowa review /web/data/www.uiowa/iareview/production/tirweb/hypermedia/thomas_swiss/pages/images page5_05.gif
2002.01.26 18:42 B H:\Web Sites\whirldnewmedia\swiss\irweb\hypermedia\thomas_swiss\pages\images\page5_06.jpg <-- iowa review /web/data/www.uiowa/iareview/production/tirweb/hypermedia/thomas_swiss/pages/images page5_06.jpg
2002.01.26 18:42 B H:\Web Sites\whirldnewmedia\swiss\irweb\hypermedia\thomas_swiss\pages\images\page5_07.gif <-- iowa review /web/data/www.uiowa/iareview/production/tirweb/hypermedia/thomas_swiss/pages/images page5_07.gif
2002.01.26 18:42 B H:\Web Sites\whirldnewmedia\swiss\irweb\hypermedia\thomas_swiss\pages\images\page5_08.gif <-- iowa review /web/data/www.uiowa/iareview/production/tirweb/hypermedia/thomas_swiss/pages/images page5_08.gif
2002.01.26 18:42 B H:\Web Sites\whirldnewmedia\swiss\irweb\hypermedia\thomas_swiss\pages\images\page5_09.gif <-- iowa review /web/data/www.uiowa/iareview/production/tirweb/hypermedia/thomas_swiss/pages/images page5_09.gif
2002.01.26 18:42 B H:\Web Sites\whirldnewmedia\swiss\irweb\hypermedia\thomas_swiss\pages\images\page5_10.gif <-- iowa review /web/data/www.uiowa/iareview/production/tirweb/hypermedia/thomas_swiss/pages/images page5_10.gif
2002.01.26 18:42 B H:\Web Sites\whirldnewmedia\swiss\irweb\hypermedia\thomas_swiss\pages\images\page5_11.gif <-- iowa review /web/data/www.uiowa/iareview/production/tirweb/hypermedia/thomas_swiss/pages/images page5_11.gif
2002.01.26 18:42 B H:\Web Sites\whirldnewmedia\swiss\irweb\hypermedia\thomas_swiss\pages\images\page5_11_over.gif <-- iowa review /web/data/www.uiowa/iareview/production/tirweb/hypermedia/thomas_swiss/pages/images page5_11_over.gif
2002.01.26 18:42 B H:\Web Sites\whirldnewmedia\swiss\irweb\hypermedia\thomas_swiss\pages\images\page5_12.jpg <-- iowa review /web/data/www.uiowa/iareview/production/tirweb/hypermedia/thomas_swiss/pages/images page5_12.jpg
2002.01.26 18:42 B H:\Web Sites\whirldnewmedia\swiss\irweb\hypermedia\thomas_swiss\pages\images\page6_01.gif <-- iowa review /web/data/www.uiowa/iareview/production/tirweb/hypermedia/thomas_swiss/pages/images page6_01.gif
2002.01.26 18:42 B H:\Web Sites\whirldnewmedia\swiss\irweb\hypermedia\thomas_swiss\pages\images\page6_02.jpg <-- iowa review /web/data/www.uiowa/iareview/production/tirweb/hypermedia/thomas_swiss/pages/images page6_02.jpg
2002.01.26 18:43 B H:\Web Sites\whirldnewmedia\swiss\irweb\hypermedia\thomas_swiss\pages\images\page6_03.gif <-- iowa review /web/data/www.uiowa/iareview/production/tirweb/hypermedia/thomas_swiss/pages/images page6_03.gif
2002.01.26 18:43 B H:\Web Sites\whirldnewmedia\swiss\irweb\hypermedia\thomas_swiss\pages\images\page6_04.gif <-- iowa review /web/data/www.uiowa/iareview/production/tirweb/hypermedia/thomas_swiss/pages/images page6_04.gif
2002.01.26 18:43 B H:\Web Sites\whirldnewmedia\swiss\irweb\hypermedia\thomas_swiss\pages\images\page6_05.jpg <-- iowa review /web/data/www.uiowa/iareview/production/tirweb/hypermedia/thomas_swiss/pages/images page6_05.jpg
2002.01.26 18:43 B H:\Web Sites\whirldnewmedia\swiss\irweb\hypermedia\thomas_swiss\pages\images\page6_06.jpg <-- iowa review /web/data/www.uiowa/iareview/production/tirweb/hypermedia/thomas_swiss/pages/images page6_06.jpg
2002.01.26 18:43 B H:\Web Sites\whirldnewmedia\swiss\irweb\hypermedia\thomas_swiss\pages\images\page6_07.jpg <-- iowa review /web/data/www.uiowa/iareview/production/tirweb/hypermedia/thomas_swiss/pages/images page6_07.jpg
2002.01.26 18:43 B H:\Web Sites\whirldnewmedia\swiss\irweb\hypermedia\thomas_swiss\pages\images\page6_08.gif <-- iowa review /web/data/www.uiowa/iareview/production/tirweb/hypermedia/thomas_swiss/pages/images page6_08.gif
2002.01.26 18:43 B H:\Web Sites\whirldnewmedia\swiss\irweb\hypermedia\thomas_swiss\pages\images\page6_09.jpg <-- iowa review /web/data/www.uiowa/iareview/production/tirweb/hypermedia/thomas_swiss/pages/images page6_09.jpg
2002.01.26 18:43 B H:\Web Sites\whirldnewmedia\swiss\irweb\hypermedia\thomas_swiss\pages\images\page6_10.gif <-- iowa review /web/data/www.uiowa/iareview/production/tirweb/hypermedia/thomas_swiss/pages/images page6_10.gif
2002.01.26 18:43 B H:\Web Sites\whirldnewmedia\swiss\irweb\hypermedia\thomas_swiss\pages\images\page6_11.jpg <-- iowa review /web/data/www.uiowa/iareview/production/tirweb/hypermedia/thomas_swiss/pages/images page6_11.jpg
2002.01.26 18:43 B H:\Web Sites\whirldnewmedia\swiss\irweb\hypermedia\thomas_swiss\pages\images\page6_12.gif <-- iowa review /web/data/www.uiowa/iareview/production/tirweb/hypermedia/thomas_swiss/pages/images page6_12.gif
2002.01.26 18:43 B H:\Web Sites\whirldnewmedia\swiss\irweb\hypermedia\thomas_swiss\pages\images\page6_13.jpg <-- iowa review /web/data/www.uiowa/iareview/production/tirweb/hypermedia/thomas_swiss/pages/images page6_13.jpg
2002.01.26 18:43 B H:\Web Sites\whirldnewmedia\swiss\irweb\hypermedia\thomas_swiss\pages\images\page6_14.gif <-- iowa review /web/data/www.uiowa/iareview/production/tirweb/hypermedia/thomas_swiss/pages/images page6_14.gif
2002.01.26 18:43 B H:\Web Sites\whirldnewmedia\swiss\irweb\hypermedia\thomas_swiss\pages\images\page6_14_over.gif <-- iowa review /web/data/www.uiowa/iareview/production/tirweb/hypermedia/thomas_swiss/pages/images page6_14_over.gif
2002.01.26 18:43 B H:\Web Sites\whirldnewmedia\swiss\irweb\hypermedia\thomas_swiss\pages\images\page7_01.gif <-- iowa review /web/data/www.uiowa/iareview/production/tirweb/hypermedia/thomas_swiss/pages/images page7_01.gif
2002.01.26 18:43 B H:\Web Sites\whirldnewmedia\swiss\irweb\hypermedia\thomas_swiss\pages\images\page7_02.jpg <-- iowa review /web/data/www.uiowa/iareview/production/tirweb/hypermedia/thomas_swiss/pages/images page7_02.jpg
2002.01.26 18:43 B H:\Web Sites\whirldnewmedia\swiss\irweb\hypermedia\thomas_swiss\pages\images\page7_03.gif <-- iowa review /web/data/www.uiowa/iareview/production/tirweb/hypermedia/thomas_swiss/pages/images page7_03.gif
2002.01.26 18:43 B H:\Web Sites\whirldnewmedia\swiss\irweb\hypermedia\thomas_swiss\pages\images\page7_04.jpg <-- iowa review /web/data/www.uiowa/iareview/production/tirweb/hypermedia/thomas_swiss/pages/images page7_04.jpg
2002.01.26 18:43 B H:\Web Sites\whirldnewmedia\swiss\irweb\hypermedia\thomas_swiss\pages\images\page7_05.jpg <-- iowa review /web/data/www.uiowa/iareview/production/tirweb/hypermedia/thomas_swiss/pages/images page7_05.jpg
2002.01.26 18:43 B H:\Web Sites\whirldnewmedia\swiss\irweb\hypermedia\thomas_swiss\pages\images\page7_06.jpg <-- iowa review /web/data/www.uiowa/iareview/production/tirweb/hypermedia/thomas_swiss/pages/images page7_06.jpg
2002.01.26 18:43 B H:\Web Sites\whirldnewmedia\swiss\irweb\hypermedia\thomas_swiss\pages\images\page7_07.gif <-- iowa review /web/data/www.uiowa/iareview/production/tirweb/hypermedia/thomas_swiss/pages/images page7_07.gif
2002.01.26 18:43 B H:\Web Sites\whirldnewmedia\swiss\irweb\hypermedia\thomas_swiss\pages\images\page7_08.jpg <-- iowa review /web/data/www.uiowa/iareview/production/tirweb/hypermedia/thomas_swiss/pages/images page7_08.jpg
2002.01.26 18:43 B H:\Web Sites\whirldnewmedia\swiss\irweb\hypermedia\thomas_swiss\pages\images\page7_09.gif <-- iowa review /web/data/www.uiowa/iareview/production/tirweb/hypermedia/thomas_swiss/pages/images page7_09.gif
2002.01.26 18:43 B H:\Web Sites\whirldnewmedia\swiss\irweb\hypermedia\thomas_swiss\pages\images\page7_10.gif <-- iowa review /web/data/www.uiowa/iareview/production/tirweb/hypermedia/thomas_swiss/pages/images page7_10.gif
2002.01.26 18:43 B H:\Web Sites\whirldnewmedia\swiss\irweb\hypermedia\thomas_swiss\pages\images\page7_11.jpg <-- iowa review /web/data/www.uiowa/iareview/production/tirweb/hypermedia/thomas_swiss/pages/images page7_11.jpg
2002.01.26 18:43 B H:\Web Sites\whirldnewmedia\swiss\irweb\hypermedia\thomas_swiss\pages\images\page7_12.gif <-- iowa review /web/data/www.uiowa/iareview/production/tirweb/hypermedia/thomas_swiss/pages/images page7_12.gif
2002.01.26 18:43 B H:\Web Sites\whirldnewmedia\swiss\irweb\hypermedia\thomas_swiss\pages\images\page7_13.gif <-- iowa review /web/data/www.uiowa/iareview/production/tirweb/hypermedia/thomas_swiss/pages/images page7_13.gif
2002.01.26 18:43 B H:\Web Sites\whirldnewmedia\swiss\irweb\hypermedia\thomas_swiss\pages\images\page7_14.jpg <-- iowa review /web/data/www.uiowa/iareview/production/tirweb/hypermedia/thomas_swiss/pages/images page7_14.jpg
2002.01.26 18:43 B H:\Web Sites\whirldnewmedia\swiss\irweb\hypermedia\thomas_swiss\pages\images\page7_15.gif <-- iowa review /web/data/www.uiowa/iareview/production/tirweb/hypermedia/thomas_swiss/pages/images page7_15.gif
2002.01.26 18:43 B H:\Web Sites\whirldnewmedia\swiss\irweb\hypermedia\thomas_swiss\pages\images\page7_16.gif <-- iowa review /web/data/www.uiowa/iareview/production/tirweb/hypermedia/thomas_swiss/pages/images page7_16.gif
2002.01.26 18:43 B H:\Web Sites\whirldnewmedia\swiss\irweb\hypermedia\thomas_swiss\pages\images\page7_16_over.gif <-- iowa review /web/data/www.uiowa/iareview/production/tirweb/hypermedia/thomas_swiss/pages/images page7_16_over.gif
2002.01.26 18:43 B H:\Web Sites\whirldnewmedia\swiss\irweb\hypermedia\thomas_swiss\pages\images\page8_03.gif <-- iowa review /web/data/www.uiowa/iareview/production/tirweb/hypermedia/thomas_swiss/pages/images page8_03.gif
2002.01.26 18:43 B H:\Web Sites\whirldnewmedia\swiss\irweb\hypermedia\thomas_swiss\pages\images\page8_04.gif <-- iowa review /web/data/www.uiowa/iareview/production/tirweb/hypermedia/thomas_swiss/pages/images page8_04.gif
2002.01.26 18:43 B H:\Web Sites\whirldnewmedia\swiss\irweb\hypermedia\thomas_swiss\pages\images\page8_06.jpg <-- iowa review /web/data/www.uiowa/iareview/production/tirweb/hypermedia/thomas_swiss/pages/images page8_06.jpg
2002.01.26 18:43 B H:\Web Sites\whirldnewmedia\swiss\irweb\hypermedia\thomas_swiss\pages\images\page8_06_over.jpg <-- iowa review /web/data/www.uiowa/iareview/production/tirweb/hypermedia/thomas_swiss/pages/images page8_06_over.jpg
2002.01.26 18:43 B H:\Web Sites\whirldnewmedia\swiss\irweb\hypermedia\thomas_swiss\pages\images\page8_07.gif <-- iowa review /web/data/www.uiowa/iareview/production/tirweb/hypermedia/thomas_swiss/pages/images page8_07.gif
2002.01.26 18:43 B H:\Web Sites\whirldnewmedia\swiss\irweb\hypermedia\thomas_swiss\pages\images\page8_08.gif <-- iowa review /web/data/www.uiowa/iareview/production/tirweb/hypermedia/thomas_swiss/pages/images page8_08.gif
2002.01.26 18:43 B H:\Web Sites\whirldnewmedia\swiss\irweb\hypermedia\thomas_swiss\pages\images\spacer.gif <-- iowa review /web/data/www.uiowa/iareview/production/tirweb/hypermedia/thomas_swiss/pages/images spacer.gif
