2002.01.26 18:31 B H:\Web Sites\whirldnewmedia\swiss\irweb\hypermedia\md_coverley2\album.htm <-- iowa review /web/data/www.uiowa/iareview/production/tirweb/hypermedia/md_coverley2 album.htm
2002.01.26 18:31 B H:\Web Sites\whirldnewmedia\swiss\irweb\hypermedia\md_coverley2\album1.htm <-- iowa review /web/data/www.uiowa/iareview/production/tirweb/hypermedia/md_coverley2 album1.htm
2002.01.26 18:31 B H:\Web Sites\whirldnewmedia\swiss\irweb\hypermedia\md_coverley2\album2.htm <-- iowa review /web/data/www.uiowa/iareview/production/tirweb/hypermedia/md_coverley2 album2.htm
2002.01.26 18:31 B H:\Web Sites\whirldnewmedia\swiss\irweb\hypermedia\md_coverley2\album3.htm <-- iowa review /web/data/www.uiowa/iareview/production/tirweb/hypermedia/md_coverley2 album3.htm
2002.01.26 18:31 B H:\Web Sites\whirldnewmedia\swiss\irweb\hypermedia\md_coverley2\album4.htm <-- iowa review /web/data/www.uiowa/iareview/production/tirweb/hypermedia/md_coverley2 album4.htm
2002.01.26 18:31 B H:\Web Sites\whirldnewmedia\swiss\irweb\hypermedia\md_coverley2\albumfr.htm <-- iowa review /web/data/www.uiowa/iareview/production/tirweb/hypermedia/md_coverley2 albumfr.htm
2002.01.26 18:31 B H:\Web Sites\whirldnewmedia\swiss\irweb\hypermedia\md_coverley2\albumfrr.htm <-- iowa review /web/data/www.uiowa/iareview/production/tirweb/hypermedia/md_coverley2 albumfrr.htm
2002.01.26 18:31 B H:\Web Sites\whirldnewmedia\swiss\irweb\hypermedia\md_coverley2\albumxc.htm <-- iowa review /web/data/www.uiowa/iareview/production/tirweb/hypermedia/md_coverley2 albumxc.htm
2002.01.26 18:31 B H:\Web Sites\whirldnewmedia\swiss\irweb\hypermedia\md_coverley2\anfy.class <-- iowa review /web/data/www.uiowa/iareview/production/tirweb/hypermedia/md_coverley2 anfy.class
2002.01.26 18:31 B H:\Web Sites\whirldnewmedia\swiss\irweb\hypermedia\md_coverley2\ansnow.class <-- iowa review /web/data/www.uiowa/iareview/production/tirweb/hypermedia/md_coverley2 ansnow.class
2002.01.26 18:31 B H:\Web Sites\whirldnewmedia\swiss\irweb\hypermedia\md_coverley2\ansnow.jar <-- iowa review /web/data/www.uiowa/iareview/production/tirweb/hypermedia/md_coverley2 ansnow.jar
2002.01.26 18:31 B H:\Web Sites\whirldnewmedia\swiss\irweb\hypermedia\md_coverley2\apostc.gif <-- iowa review /web/data/www.uiowa/iareview/production/tirweb/hypermedia/md_coverley2 apostc.gif
2002.01.26 18:31 B H:\Web Sites\whirldnewmedia\swiss\irweb\hypermedia\md_coverley2\apt.jpg <-- iowa review /web/data/www.uiowa/iareview/production/tirweb/hypermedia/md_coverley2 apt.jpg
2002.01.26 18:31 B H:\Web Sites\whirldnewmedia\swiss\irweb\hypermedia\md_coverley2\ark3.jpg <-- iowa review /web/data/www.uiowa/iareview/production/tirweb/hypermedia/md_coverley2 ark3.jpg
2002.01.26 18:31 B H:\Web Sites\whirldnewmedia\swiss\irweb\hypermedia\md_coverley2\awhitent.gif <-- iowa review /web/data/www.uiowa/iareview/production/tirweb/hypermedia/md_coverley2 awhitent.gif
2002.01.26 18:31 B H:\Web Sites\whirldnewmedia\swiss\irweb\hypermedia\md_coverley2\bgb.gif <-- iowa review /web/data/www.uiowa/iareview/production/tirweb/hypermedia/md_coverley2 bgb.gif
2002.01.26 18:31 B H:\Web Sites\whirldnewmedia\swiss\irweb\hypermedia\md_coverley2\cathedralbg2.gif <-- iowa review /web/data/www.uiowa/iareview/production/tirweb/hypermedia/md_coverley2 cathedralbg2.gif
2002.01.26 18:31 B H:\Web Sites\whirldnewmedia\swiss\irweb\hypermedia\md_coverley2\cathedralfr.htm <-- iowa review /web/data/www.uiowa/iareview/production/tirweb/hypermedia/md_coverley2 cathedralfr.htm
2002.01.26 18:31 B H:\Web Sites\whirldnewmedia\swiss\irweb\hypermedia\md_coverley2\cathedralight.jpg <-- iowa review /web/data/www.uiowa/iareview/production/tirweb/hypermedia/md_coverley2 cathedralight.jpg
2002.01.26 18:31 B H:\Web Sites\whirldnewmedia\swiss\irweb\hypermedia\md_coverley2\cityn.jpg <-- iowa review /web/data/www.uiowa/iareview/production/tirweb/hypermedia/md_coverley2 cityn.jpg
2002.01.26 18:31 B H:\Web Sites\whirldnewmedia\swiss\irweb\hypermedia\md_coverley2\clara.jpg <-- iowa review /web/data/www.uiowa/iareview/production/tirweb/hypermedia/md_coverley2 clara.jpg
2002.01.26 18:31 B H:\Web Sites\whirldnewmedia\swiss\irweb\hypermedia\md_coverley2\clipexp.jpg <-- iowa review /web/data/www.uiowa/iareview/production/tirweb/hypermedia/md_coverley2 clipexp.jpg
2002.01.26 18:31 B H:\Web Sites\whirldnewmedia\swiss\irweb\hypermedia\md_coverley2\clipfear.jpg <-- iowa review /web/data/www.uiowa/iareview/production/tirweb/hypermedia/md_coverley2 clipfear.jpg
2002.01.26 18:31 B H:\Web Sites\whirldnewmedia\swiss\irweb\hypermedia\md_coverley2\clippop.jpg <-- iowa review /web/data/www.uiowa/iareview/production/tirweb/hypermedia/md_coverley2 clippop.jpg
2002.01.26 18:31 B H:\Web Sites\whirldnewmedia\swiss\irweb\hypermedia\md_coverley2\cmartyr.jpg <-- iowa review /web/data/www.uiowa/iareview/production/tirweb/hypermedia/md_coverley2 cmartyr.jpg
2002.01.26 18:31 B H:\Web Sites\whirldnewmedia\swiss\irweb\hypermedia\md_coverley2\coverec.jpg <-- iowa review /web/data/www.uiowa/iareview/production/tirweb/hypermedia/md_coverley2 coverec.jpg
2002.01.26 18:31 B H:\Web Sites\whirldnewmedia\swiss\irweb\hypermedia\md_coverley2\credits.htm <-- iowa review /web/data/www.uiowa/iareview/production/tirweb/hypermedia/md_coverley2 credits.htm
2002.01.26 18:31 B H:\Web Sites\whirldnewmedia\swiss\irweb\hypermedia\md_coverley2\cycle.swf <-- iowa review /web/data/www.uiowa/iareview/production/tirweb/hypermedia/md_coverley2 cycle.swf
2002.01.26 18:31 B H:\Web Sites\whirldnewmedia\swiss\irweb\hypermedia\md_coverley2\cycleend.htm <-- iowa review /web/data/www.uiowa/iareview/production/tirweb/hypermedia/md_coverley2 cycleend.htm
2002.01.26 18:31 B H:\Web Sites\whirldnewmedia\swiss\irweb\hypermedia\md_coverley2\dancers2.jpg <-- iowa review /web/data/www.uiowa/iareview/production/tirweb/hypermedia/md_coverley2 dancers2.jpg
2002.01.26 18:32 B H:\Web Sites\whirldnewmedia\swiss\irweb\hypermedia\md_coverley2\eclip1b.gif <-- iowa review /web/data/www.uiowa/iareview/production/tirweb/hypermedia/md_coverley2 eclip1b.gif
2002.01.26 18:32 B H:\Web Sites\whirldnewmedia\swiss\irweb\hypermedia\md_coverley2\econ.swf <-- iowa review /web/data/www.uiowa/iareview/production/tirweb/hypermedia/md_coverley2 econ.swf
2002.01.26 18:32 B H:\Web Sites\whirldnewmedia\swiss\irweb\hypermedia\md_coverley2\eframe.htm <-- iowa review /web/data/www.uiowa/iareview/production/tirweb/hypermedia/md_coverley2 eframe.htm
2002.01.26 18:32 B H:\Web Sites\whirldnewmedia\swiss\irweb\hypermedia\md_coverley2\eframel.htm <-- iowa review /web/data/www.uiowa/iareview/production/tirweb/hypermedia/md_coverley2 eframel.htm
2002.01.26 18:32 B H:\Web Sites\whirldnewmedia\swiss\irweb\hypermedia\md_coverley2\end.htm <-- iowa review /web/data/www.uiowa/iareview/production/tirweb/hypermedia/md_coverley2 end.htm
2002.01.26 18:32 B H:\Web Sites\whirldnewmedia\swiss\irweb\hypermedia\md_coverley2\eugenie.jpg <-- iowa review /web/data/www.uiowa/iareview/production/tirweb/hypermedia/md_coverley2 eugenie.jpg
2002.01.26 18:32 B H:\Web Sites\whirldnewmedia\swiss\irweb\hypermedia\md_coverley2\house.gif <-- iowa review /web/data/www.uiowa/iareview/production/tirweb/hypermedia/md_coverley2 house.gif
2002.01.26 18:32 B H:\Web Sites\whirldnewmedia\swiss\irweb\hypermedia\md_coverley2\houses2.gif <-- iowa review /web/data/www.uiowa/iareview/production/tirweb/hypermedia/md_coverley2 houses2.gif
2002.01.26 18:32 B H:\Web Sites\whirldnewmedia\swiss\irweb\hypermedia\md_coverley2\houses2.jpg <-- iowa review /web/data/www.uiowa/iareview/production/tirweb/hypermedia/md_coverley2 houses2.jpg
2002.01.26 18:32 B H:\Web Sites\whirldnewmedia\swiss\irweb\hypermedia\md_coverley2\icewin.jpg <-- iowa review /web/data/www.uiowa/iareview/production/tirweb/hypermedia/md_coverley2 icewin.jpg
2002.01.26 18:32 B H:\Web Sites\whirldnewmedia\swiss\irweb\hypermedia\md_coverley2\index.html <-- iowa review /web/data/www.uiowa/iareview/production/tirweb/hypermedia/md_coverley2 index.html
2002.01.26 18:32 B H:\Web Sites\whirldnewmedia\swiss\irweb\hypermedia\md_coverley2\insiders.jpg <-- iowa review /web/data/www.uiowa/iareview/production/tirweb/hypermedia/md_coverley2 insiders.jpg
2002.01.26 18:32 B H:\Web Sites\whirldnewmedia\swiss\irweb\hypermedia\md_coverley2\jlet81a.htm <-- iowa review /web/data/www.uiowa/iareview/production/tirweb/hypermedia/md_coverley2 jlet81a.htm
2002.01.26 18:32 B H:\Web Sites\whirldnewmedia\swiss\irweb\hypermedia\md_coverley2\jlet81b.htm <-- iowa review /web/data/www.uiowa/iareview/production/tirweb/hypermedia/md_coverley2 jlet81b.htm
2002.01.26 18:32 B H:\Web Sites\whirldnewmedia\swiss\irweb\hypermedia\md_coverley2\jlet86a.htm <-- iowa review /web/data/www.uiowa/iareview/production/tirweb/hypermedia/md_coverley2 jlet86a.htm
2002.01.26 18:32 B H:\Web Sites\whirldnewmedia\swiss\irweb\hypermedia\md_coverley2\jlet86b.htm <-- iowa review /web/data/www.uiowa/iareview/production/tirweb/hypermedia/md_coverley2 jlet86b.htm
2002.01.26 18:32 B H:\Web Sites\whirldnewmedia\swiss\irweb\hypermedia\md_coverley2\jlet90.htm <-- iowa review /web/data/www.uiowa/iareview/production/tirweb/hypermedia/md_coverley2 jlet90.htm
2002.01.26 18:32 B H:\Web Sites\whirldnewmedia\swiss\irweb\hypermedia\md_coverley2\jlet94.htm <-- iowa review /web/data/www.uiowa/iareview/production/tirweb/hypermedia/md_coverley2 jlet94.htm
2002.01.26 18:32 B H:\Web Sites\whirldnewmedia\swiss\irweb\hypermedia\md_coverley2\jlet98.htm <-- iowa review /web/data/www.uiowa/iareview/production/tirweb/hypermedia/md_coverley2 jlet98.htm
2002.01.26 18:32 B H:\Web Sites\whirldnewmedia\swiss\irweb\hypermedia\md_coverley2\jlet99.htm <-- iowa review /web/data/www.uiowa/iareview/production/tirweb/hypermedia/md_coverley2 jlet99.htm
2002.01.26 18:32 B H:\Web Sites\whirldnewmedia\swiss\irweb\hypermedia\md_coverley2\letter1aw.gif <-- iowa review /web/data/www.uiowa/iareview/production/tirweb/hypermedia/md_coverley2 letter1aw.gif
2002.01.26 18:32 B H:\Web Sites\whirldnewmedia\swiss\irweb\hypermedia\md_coverley2\letter81b.jpg <-- iowa review /web/data/www.uiowa/iareview/production/tirweb/hypermedia/md_coverley2 letter81b.jpg
2002.01.26 18:32 B H:\Web Sites\whirldnewmedia\swiss\irweb\hypermedia\md_coverley2\letter81bb.htm <-- iowa review /web/data/www.uiowa/iareview/production/tirweb/hypermedia/md_coverley2 letter81bb.htm
2002.01.26 18:32 B H:\Web Sites\whirldnewmedia\swiss\irweb\hypermedia\md_coverley2\letter81c.jpg <-- iowa review /web/data/www.uiowa/iareview/production/tirweb/hypermedia/md_coverley2 letter81c.jpg
2002.01.26 18:32 B H:\Web Sites\whirldnewmedia\swiss\irweb\hypermedia\md_coverley2\letter84a.jpg <-- iowa review /web/data/www.uiowa/iareview/production/tirweb/hypermedia/md_coverley2 letter84a.jpg
2002.01.26 18:32 B H:\Web Sites\whirldnewmedia\swiss\irweb\hypermedia\md_coverley2\letter84b.jpg <-- iowa review /web/data/www.uiowa/iareview/production/tirweb/hypermedia/md_coverley2 letter84b.jpg
2002.01.26 18:32 B H:\Web Sites\whirldnewmedia\swiss\irweb\hypermedia\md_coverley2\letter90.jpg <-- iowa review /web/data/www.uiowa/iareview/production/tirweb/hypermedia/md_coverley2 letter90.jpg
2002.01.26 18:32 B H:\Web Sites\whirldnewmedia\swiss\irweb\hypermedia\md_coverley2\letter94.jpg <-- iowa review /web/data/www.uiowa/iareview/production/tirweb/hypermedia/md_coverley2 letter94.jpg
2002.01.26 18:32 B H:\Web Sites\whirldnewmedia\swiss\irweb\hypermedia\md_coverley2\letter98.jpg <-- iowa review /web/data/www.uiowa/iareview/production/tirweb/hypermedia/md_coverley2 letter98.jpg
2002.01.26 18:32 B H:\Web Sites\whirldnewmedia\swiss\irweb\hypermedia\md_coverley2\letter99.jpg <-- iowa review /web/data/www.uiowa/iareview/production/tirweb/hypermedia/md_coverley2 letter99.jpg
2002.01.26 18:32 B H:\Web Sites\whirldnewmedia\swiss\irweb\hypermedia\md_coverley2\letters1.htm <-- iowa review /web/data/www.uiowa/iareview/production/tirweb/hypermedia/md_coverley2 letters1.htm
2002.01.26 18:32 B H:\Web Sites\whirldnewmedia\swiss\irweb\hypermedia\md_coverley2\letters1b.htm <-- iowa review /web/data/www.uiowa/iareview/production/tirweb/hypermedia/md_coverley2 letters1b.htm
2002.01.26 18:32 B H:\Web Sites\whirldnewmedia\swiss\irweb\hypermedia\md_coverley2\letters2.htm <-- iowa review /web/data/www.uiowa/iareview/production/tirweb/hypermedia/md_coverley2 letters2.htm
2002.01.26 18:33 B H:\Web Sites\whirldnewmedia\swiss\irweb\hypermedia\md_coverley2\letters2.swf <-- iowa review /web/data/www.uiowa/iareview/production/tirweb/hypermedia/md_coverley2 letters2.swf
2002.01.26 18:33 B H:\Web Sites\whirldnewmedia\swiss\irweb\hypermedia\md_coverley2\letters3.htm <-- iowa review /web/data/www.uiowa/iareview/production/tirweb/hypermedia/md_coverley2 letters3.htm
2002.01.26 18:33 B H:\Web Sites\whirldnewmedia\swiss\irweb\hypermedia\md_coverley2\letters4.htm <-- iowa review /web/data/www.uiowa/iareview/production/tirweb/hypermedia/md_coverley2 letters4.htm
2002.01.26 18:33 B H:\Web Sites\whirldnewmedia\swiss\irweb\hypermedia\md_coverley2\letters5.htm <-- iowa review /web/data/www.uiowa/iareview/production/tirweb/hypermedia/md_coverley2 letters5.htm
2002.01.26 18:33 B H:\Web Sites\whirldnewmedia\swiss\irweb\hypermedia\md_coverley2\letters6.htm <-- iowa review /web/data/www.uiowa/iareview/production/tirweb/hypermedia/md_coverley2 letters6.htm
2002.01.26 18:33 B H:\Web Sites\whirldnewmedia\swiss\irweb\hypermedia\md_coverley2\letterttry.jpg <-- iowa review /web/data/www.uiowa/iareview/production/tirweb/hypermedia/md_coverley2 letterttry.jpg
2002.01.26 18:33 B H:\Web Sites\whirldnewmedia\swiss\irweb\hypermedia\md_coverley2\loc.htm <-- iowa review /web/data/www.uiowa/iareview/production/tirweb/hypermedia/md_coverley2 loc.htm
2002.01.26 18:33 B H:\Web Sites\whirldnewmedia\swiss\irweb\hypermedia\md_coverley2\Lware.class <-- iowa review /web/data/www.uiowa/iareview/production/tirweb/hypermedia/md_coverley2 Lware.class
2002.01.26 18:33 B H:\Web Sites\whirldnewmedia\swiss\irweb\hypermedia\md_coverley2\maps.htm <-- iowa review /web/data/www.uiowa/iareview/production/tirweb/hypermedia/md_coverley2 maps.htm
2002.01.26 18:33 B H:\Web Sites\whirldnewmedia\swiss\irweb\hypermedia\md_coverley2\marslav.mid <-- iowa review /web/data/www.uiowa/iareview/production/tirweb/hypermedia/md_coverley2 marslav.mid
2002.01.26 18:33 B H:\Web Sites\whirldnewmedia\swiss\irweb\hypermedia\md_coverley2\mikhs.gif <-- iowa review /web/data/www.uiowa/iareview/production/tirweb/hypermedia/md_coverley2 mikhs.gif
2002.01.26 18:33 B H:\Web Sites\whirldnewmedia\swiss\irweb\hypermedia\md_coverley2\money.jpg <-- iowa review /web/data/www.uiowa/iareview/production/tirweb/hypermedia/md_coverley2 money.jpg
2002.01.26 18:33 B H:\Web Sites\whirldnewmedia\swiss\irweb\hypermedia\md_coverley2\moneybwbg.jpg <-- iowa review /web/data/www.uiowa/iareview/production/tirweb/hypermedia/md_coverley2 moneybwbg.jpg
2002.01.26 18:33 B H:\Web Sites\whirldnewmedia\swiss\irweb\hypermedia\md_coverley2\mtnkng.mid <-- iowa review /web/data/www.uiowa/iareview/production/tirweb/hypermedia/md_coverley2 mtnkng.mid
2002.01.26 18:33 B H:\Web Sites\whirldnewmedia\swiss\irweb\hypermedia\md_coverley2\mus_dawn.mid <-- iowa review /web/data/www.uiowa/iareview/production/tirweb/hypermedia/md_coverley2 mus_dawn.mid
2002.01.26 18:33 B H:\Web Sites\whirldnewmedia\swiss\irweb\hypermedia\md_coverley2\nevsky.jpg <-- iowa review /web/data/www.uiowa/iareview/production/tirweb/hypermedia/md_coverley2 nevsky.jpg
2002.01.26 18:33 B H:\Web Sites\whirldnewmedia\swiss\irweb\hypermedia\md_coverley2\ourhouse.jpg <-- iowa review /web/data/www.uiowa/iareview/production/tirweb/hypermedia/md_coverley2 ourhouse.jpg
2002.01.26 18:33 B H:\Web Sites\whirldnewmedia\swiss\irweb\hypermedia\md_coverley2\Panel.swf <-- iowa review /web/data/www.uiowa/iareview/production/tirweb/hypermedia/md_coverley2 Panel.swf
2002.01.26 18:33 B H:\Web Sites\whirldnewmedia\swiss\irweb\hypermedia\md_coverley2\photo06.jpg <-- iowa review /web/data/www.uiowa/iareview/production/tirweb/hypermedia/md_coverley2 photo06.jpg
2002.01.26 18:33 B H:\Web Sites\whirldnewmedia\swiss\irweb\hypermedia\md_coverley2\photo11.jpg <-- iowa review /web/data/www.uiowa/iareview/production/tirweb/hypermedia/md_coverley2 photo11.jpg
2002.01.26 18:33 B H:\Web Sites\whirldnewmedia\swiss\irweb\hypermedia\md_coverley2\photo12.jpg <-- iowa review /web/data/www.uiowa/iareview/production/tirweb/hypermedia/md_coverley2 photo12.jpg
2002.01.26 18:33 B H:\Web Sites\whirldnewmedia\swiss\irweb\hypermedia\md_coverley2\photo16.jpg <-- iowa review /web/data/www.uiowa/iareview/production/tirweb/hypermedia/md_coverley2 photo16.jpg
2002.01.26 18:33 B H:\Web Sites\whirldnewmedia\swiss\irweb\hypermedia\md_coverley2\photo31.jpg <-- iowa review /web/data/www.uiowa/iareview/production/tirweb/hypermedia/md_coverley2 photo31.jpg
2002.01.26 18:33 B H:\Web Sites\whirldnewmedia\swiss\irweb\hypermedia\md_coverley2\postcard.htm <-- iowa review /web/data/www.uiowa/iareview/production/tirweb/hypermedia/md_coverley2 postcard.htm
2002.01.26 18:33 B H:\Web Sites\whirldnewmedia\swiss\irweb\hypermedia\md_coverley2\postcard.jpg <-- iowa review /web/data/www.uiowa/iareview/production/tirweb/hypermedia/md_coverley2 postcard.jpg
2002.01.26 18:33 B H:\Web Sites\whirldnewmedia\swiss\irweb\hypermedia\md_coverley2\reconsider.htm <-- iowa review /web/data/www.uiowa/iareview/production/tirweb/hypermedia/md_coverley2 reconsider.htm
2002.01.26 18:33 B H:\Web Sites\whirldnewmedia\swiss\irweb\hypermedia\md_coverley2\reconsider2.htm <-- iowa review /web/data/www.uiowa/iareview/production/tirweb/hypermedia/md_coverley2 reconsider2.htm
2002.01.26 18:33 B H:\Web Sites\whirldnewmedia\swiss\irweb\hypermedia\md_coverley2\resources1.htm <-- iowa review /web/data/www.uiowa/iareview/production/tirweb/hypermedia/md_coverley2 resources1.htm
2002.01.26 18:33 B H:\Web Sites\whirldnewmedia\swiss\irweb\hypermedia\md_coverley2\resources2.htm <-- iowa review /web/data/www.uiowa/iareview/production/tirweb/hypermedia/md_coverley2 resources2.htm
2002.01.26 18:33 B H:\Web Sites\whirldnewmedia\swiss\irweb\hypermedia\md_coverley2\resources3.htm <-- iowa review /web/data/www.uiowa/iareview/production/tirweb/hypermedia/md_coverley2 resources3.htm
2002.01.26 18:33 B H:\Web Sites\whirldnewmedia\swiss\irweb\hypermedia\md_coverley2\resources4.htm <-- iowa review /web/data/www.uiowa/iareview/production/tirweb/hypermedia/md_coverley2 resources4.htm
2002.01.26 18:33 B H:\Web Sites\whirldnewmedia\swiss\irweb\hypermedia\md_coverley2\resources5.htm <-- iowa review /web/data/www.uiowa/iareview/production/tirweb/hypermedia/md_coverley2 resources5.htm
2002.01.26 18:34 B H:\Web Sites\whirldnewmedia\swiss\irweb\hypermedia\md_coverley2\rivers2.jpg <-- iowa review /web/data/www.uiowa/iareview/production/tirweb/hypermedia/md_coverley2 rivers2.jpg
2002.01.26 18:34 B H:\Web Sites\whirldnewmedia\swiss\irweb\hypermedia\md_coverley2\rusmv.gif <-- iowa review /web/data/www.uiowa/iareview/production/tirweb/hypermedia/md_coverley2 rusmv.gif
2002.01.26 18:34 B H:\Web Sites\whirldnewmedia\swiss\irweb\hypermedia\md_coverley2\russcoal.gif <-- iowa review /web/data/www.uiowa/iareview/production/tirweb/hypermedia/md_coverley2 russcoal.gif
2002.01.26 18:34 B H:\Web Sites\whirldnewmedia\swiss\irweb\hypermedia\md_coverley2\russelec.gif <-- iowa review /web/data/www.uiowa/iareview/production/tirweb/hypermedia/md_coverley2 russelec.gif
2002.01.26 18:34 B H:\Web Sites\whirldnewmedia\swiss\irweb\hypermedia\md_coverley2\russgas.gif <-- iowa review /web/data/www.uiowa/iareview/production/tirweb/hypermedia/md_coverley2 russgas.gif
2002.01.26 18:34 B H:\Web Sites\whirldnewmedia\swiss\irweb\hypermedia\md_coverley2\russia.gif <-- iowa review /web/data/www.uiowa/iareview/production/tirweb/hypermedia/md_coverley2 russia.gif
2002.01.26 18:34 B H:\Web Sites\whirldnewmedia\swiss\irweb\hypermedia\md_coverley2\russoil.gif <-- iowa review /web/data/www.uiowa/iareview/production/tirweb/hypermedia/md_coverley2 russoil.gif
2002.01.26 18:34 B H:\Web Sites\whirldnewmedia\swiss\irweb\hypermedia\md_coverley2\school.jpg <-- iowa review /web/data/www.uiowa/iareview/production/tirweb/hypermedia/md_coverley2 school.jpg
2002.01.26 18:34 B H:\Web Sites\whirldnewmedia\swiss\irweb\hypermedia\md_coverley2\snowscr.txt <-- iowa review /web/data/www.uiowa/iareview/production/tirweb/hypermedia/md_coverley2 snowscr.txt
2002.01.26 18:34 B H:\Web Sites\whirldnewmedia\swiss\irweb\hypermedia\md_coverley2\sunset.jpg <-- iowa review /web/data/www.uiowa/iareview/production/tirweb/hypermedia/md_coverley2 sunset.jpg
2002.01.26 18:34 B H:\Web Sites\whirldnewmedia\swiss\irweb\hypermedia\md_coverley2\trainsta.jpg <-- iowa review /web/data/www.uiowa/iareview/production/tirweb/hypermedia/md_coverley2 trainsta.jpg
2002.01.26 18:34 B H:\Web Sites\whirldnewmedia\swiss\irweb\hypermedia\md_coverley2\trees.gif <-- iowa review /web/data/www.uiowa/iareview/production/tirweb/hypermedia/md_coverley2 trees.gif
2002.01.26 18:34 B H:\Web Sites\whirldnewmedia\swiss\irweb\hypermedia\md_coverley2\universal.htm <-- iowa review /web/data/www.uiowa/iareview/production/tirweb/hypermedia/md_coverley2 universal.htm
2002.01.26 18:34 B H:\Web Sites\whirldnewmedia\swiss\irweb\hypermedia\md_coverley2\wheelanim.gif <-- iowa review /web/data/www.uiowa/iareview/production/tirweb/hypermedia/md_coverley2 wheelanim.gif
2002.01.26 18:34 B H:\Web Sites\whirldnewmedia\swiss\irweb\hypermedia\md_coverley2\wheelbg.gif <-- iowa review /web/data/www.uiowa/iareview/production/tirweb/hypermedia/md_coverley2 wheelbg.gif
2002.01.26 18:34 B H:\Web Sites\whirldnewmedia\swiss\irweb\hypermedia\md_coverley2\whitenite.htm <-- iowa review /web/data/www.uiowa/iareview/production/tirweb/hypermedia/md_coverley2 whitenite.htm
2002.01.26 18:34 B H:\Web Sites\whirldnewmedia\swiss\irweb\hypermedia\md_coverley2\whitent.jpg <-- iowa review /web/data/www.uiowa/iareview/production/tirweb/hypermedia/md_coverley2 whitent.jpg
2002.02.07 16:44 B H:\Web Sites\whirldnewmedia\swiss\irweb\tirweb\hypermedia\md_coverley2\album.htm --> www.uiowa.edu /web/data/www.uiowa/iareview/production/tirweb/hypermedia/md_coverley2 album.htm
2002.02.07 16:44 B H:\Web Sites\whirldnewmedia\swiss\irweb\tirweb\hypermedia\md_coverley2\album1.htm --> www.uiowa.edu /web/data/www.uiowa/iareview/production/tirweb/hypermedia/md_coverley2 album1.htm
2002.02.07 16:44 B H:\Web Sites\whirldnewmedia\swiss\irweb\tirweb\hypermedia\md_coverley2\album2.htm --> www.uiowa.edu /web/data/www.uiowa/iareview/production/tirweb/hypermedia/md_coverley2 album2.htm
2002.02.07 16:44 B H:\Web Sites\whirldnewmedia\swiss\irweb\tirweb\hypermedia\md_coverley2\album3.htm --> www.uiowa.edu /web/data/www.uiowa/iareview/production/tirweb/hypermedia/md_coverley2 album3.htm
2002.02.07 16:44 B H:\Web Sites\whirldnewmedia\swiss\irweb\tirweb\hypermedia\md_coverley2\album4.htm --> www.uiowa.edu /web/data/www.uiowa/iareview/production/tirweb/hypermedia/md_coverley2 album4.htm
2002.02.07 16:44 B H:\Web Sites\whirldnewmedia\swiss\irweb\tirweb\hypermedia\md_coverley2\albumfr.htm --> www.uiowa.edu /web/data/www.uiowa/iareview/production/tirweb/hypermedia/md_coverley2 albumfr.htm
2002.02.07 16:44 B H:\Web Sites\whirldnewmedia\swiss\irweb\tirweb\hypermedia\md_coverley2\albumfrr.htm --> www.uiowa.edu /web/data/www.uiowa/iareview/production/tirweb/hypermedia/md_coverley2 albumfrr.htm
2002.02.07 16:44 B H:\Web Sites\whirldnewmedia\swiss\irweb\tirweb\hypermedia\md_coverley2\albumxc.htm --> www.uiowa.edu /web/data/www.uiowa/iareview/production/tirweb/hypermedia/md_coverley2 albumxc.htm
2002.02.07 16:44 B H:\Web Sites\whirldnewmedia\swiss\irweb\tirweb\hypermedia\md_coverley2\cathedralfr.htm --> www.uiowa.edu /web/data/www.uiowa/iareview/production/tirweb/hypermedia/md_coverley2 cathedralfr.htm
2002.02.07 16:44 B H:\Web Sites\whirldnewmedia\swiss\irweb\tirweb\hypermedia\md_coverley2\credits.htm --> www.uiowa.edu /web/data/www.uiowa/iareview/production/tirweb/hypermedia/md_coverley2 credits.htm
2002.02.07 16:44 B H:\Web Sites\whirldnewmedia\swiss\irweb\tirweb\hypermedia\md_coverley2\cycleend.htm --> www.uiowa.edu /web/data/www.uiowa/iareview/production/tirweb/hypermedia/md_coverley2 cycleend.htm
2002.02.07 16:44 B H:\Web Sites\whirldnewmedia\swiss\irweb\tirweb\hypermedia\md_coverley2\eframe.htm --> www.uiowa.edu /web/data/www.uiowa/iareview/production/tirweb/hypermedia/md_coverley2 eframe.htm
2002.02.07 16:44 B H:\Web Sites\whirldnewmedia\swiss\irweb\tirweb\hypermedia\md_coverley2\eframel.htm --> www.uiowa.edu /web/data/www.uiowa/iareview/production/tirweb/hypermedia/md_coverley2 eframel.htm
2002.02.07 16:44 B H:\Web Sites\whirldnewmedia\swiss\irweb\tirweb\hypermedia\md_coverley2\end.htm --> www.uiowa.edu /web/data/www.uiowa/iareview/production/tirweb/hypermedia/md_coverley2 end.htm
2002.02.07 16:44 B H:\Web Sites\whirldnewmedia\swiss\irweb\tirweb\hypermedia\md_coverley2\index.html --> www.uiowa.edu /web/data/www.uiowa/iareview/production/tirweb/hypermedia/md_coverley2 index.html
2002.02.07 16:44 B H:\Web Sites\whirldnewmedia\swiss\irweb\tirweb\hypermedia\md_coverley2\jlet81a.htm --> www.uiowa.edu /web/data/www.uiowa/iareview/production/tirweb/hypermedia/md_coverley2 jlet81a.htm
2002.02.07 16:44 B H:\Web Sites\whirldnewmedia\swiss\irweb\tirweb\hypermedia\md_coverley2\jlet81b.htm --> www.uiowa.edu /web/data/www.uiowa/iareview/production/tirweb/hypermedia/md_coverley2 jlet81b.htm
2002.02.07 16:44 B H:\Web Sites\whirldnewmedia\swiss\irweb\tirweb\hypermedia\md_coverley2\jlet86a.htm --> www.uiowa.edu /web/data/www.uiowa/iareview/production/tirweb/hypermedia/md_coverley2 jlet86a.htm
2002.02.07 16:44 B H:\Web Sites\whirldnewmedia\swiss\irweb\tirweb\hypermedia\md_coverley2\jlet86b.htm --> www.uiowa.edu /web/data/www.uiowa/iareview/production/tirweb/hypermedia/md_coverley2 jlet86b.htm
2002.02.07 16:44 B H:\Web Sites\whirldnewmedia\swiss\irweb\tirweb\hypermedia\md_coverley2\jlet90.htm --> www.uiowa.edu /web/data/www.uiowa/iareview/production/tirweb/hypermedia/md_coverley2 jlet90.htm
2002.02.07 16:44 B H:\Web Sites\whirldnewmedia\swiss\irweb\tirweb\hypermedia\md_coverley2\jlet94.htm --> www.uiowa.edu /web/data/www.uiowa/iareview/production/tirweb/hypermedia/md_coverley2 jlet94.htm
2002.02.07 16:44 B H:\Web Sites\whirldnewmedia\swiss\irweb\tirweb\hypermedia\md_coverley2\jlet98.htm --> www.uiowa.edu /web/data/www.uiowa/iareview/production/tirweb/hypermedia/md_coverley2 jlet98.htm
2002.02.07 16:44 B H:\Web Sites\whirldnewmedia\swiss\irweb\tirweb\hypermedia\md_coverley2\jlet99.htm --> www.uiowa.edu /web/data/www.uiowa/iareview/production/tirweb/hypermedia/md_coverley2 jlet99.htm
2002.02.07 16:44 B H:\Web Sites\whirldnewmedia\swiss\irweb\tirweb\hypermedia\md_coverley2\letter81bb.htm --> www.uiowa.edu /web/data/www.uiowa/iareview/production/tirweb/hypermedia/md_coverley2 letter81bb.htm
2002.02.07 16:44 B H:\Web Sites\whirldnewmedia\swiss\irweb\tirweb\hypermedia\md_coverley2\letters1.htm --> www.uiowa.edu /web/data/www.uiowa/iareview/production/tirweb/hypermedia/md_coverley2 letters1.htm
2002.02.07 16:44 B H:\Web Sites\whirldnewmedia\swiss\irweb\tirweb\hypermedia\md_coverley2\letters1b.htm --> www.uiowa.edu /web/data/www.uiowa/iareview/production/tirweb/hypermedia/md_coverley2 letters1b.htm
2002.02.07 16:44 B H:\Web Sites\whirldnewmedia\swiss\irweb\tirweb\hypermedia\md_coverley2\letters2.htm --> www.uiowa.edu /web/data/www.uiowa/iareview/production/tirweb/hypermedia/md_coverley2 letters2.htm
2002.02.07 16:44 B H:\Web Sites\whirldnewmedia\swiss\irweb\tirweb\hypermedia\md_coverley2\letters3.htm --> www.uiowa.edu /web/data/www.uiowa/iareview/production/tirweb/hypermedia/md_coverley2 letters3.htm
2002.02.07 16:44 B H:\Web Sites\whirldnewmedia\swiss\irweb\tirweb\hypermedia\md_coverley2\letters4.htm --> www.uiowa.edu /web/data/www.uiowa/iareview/production/tirweb/hypermedia/md_coverley2 letters4.htm
2002.02.07 16:45 B H:\Web Sites\whirldnewmedia\swiss\irweb\tirweb\hypermedia\md_coverley2\letters5.htm --> www.uiowa.edu /web/data/www.uiowa/iareview/production/tirweb/hypermedia/md_coverley2 letters5.htm
2002.02.07 16:45 B H:\Web Sites\whirldnewmedia\swiss\irweb\tirweb\hypermedia\md_coverley2\letters6.htm --> www.uiowa.edu /web/data/www.uiowa/iareview/production/tirweb/hypermedia/md_coverley2 letters6.htm
2002.02.07 16:45 B H:\Web Sites\whirldnewmedia\swiss\irweb\tirweb\hypermedia\md_coverley2\loc.htm --> www.uiowa.edu /web/data/www.uiowa/iareview/production/tirweb/hypermedia/md_coverley2 loc.htm
2002.02.07 16:45 B H:\Web Sites\whirldnewmedia\swiss\irweb\tirweb\hypermedia\md_coverley2\maps.htm --> www.uiowa.edu /web/data/www.uiowa/iareview/production/tirweb/hypermedia/md_coverley2 maps.htm
2002.02.07 16:45 B H:\Web Sites\whirldnewmedia\swiss\irweb\tirweb\hypermedia\md_coverley2\postcard.htm --> www.uiowa.edu /web/data/www.uiowa/iareview/production/tirweb/hypermedia/md_coverley2 postcard.htm
2002.02.07 16:45 B H:\Web Sites\whirldnewmedia\swiss\irweb\tirweb\hypermedia\md_coverley2\reconsider.htm --> www.uiowa.edu /web/data/www.uiowa/iareview/production/tirweb/hypermedia/md_coverley2 reconsider.htm
2002.02.07 16:45 B H:\Web Sites\whirldnewmedia\swiss\irweb\tirweb\hypermedia\md_coverley2\reconsider2.htm --> www.uiowa.edu /web/data/www.uiowa/iareview/production/tirweb/hypermedia/md_coverley2 reconsider2.htm
2002.02.07 16:45 B H:\Web Sites\whirldnewmedia\swiss\irweb\tirweb\hypermedia\md_coverley2\resources1.htm --> www.uiowa.edu /web/data/www.uiowa/iareview/production/tirweb/hypermedia/md_coverley2 resources1.htm
2002.02.07 16:45 B H:\Web Sites\whirldnewmedia\swiss\irweb\tirweb\hypermedia\md_coverley2\resources2.htm --> www.uiowa.edu /web/data/www.uiowa/iareview/production/tirweb/hypermedia/md_coverley2 resources2.htm
2002.02.07 16:45 B H:\Web Sites\whirldnewmedia\swiss\irweb\tirweb\hypermedia\md_coverley2\resources3.htm --> www.uiowa.edu /web/data/www.uiowa/iareview/production/tirweb/hypermedia/md_coverley2 resources3.htm
2002.02.07 16:45 B H:\Web Sites\whirldnewmedia\swiss\irweb\tirweb\hypermedia\md_coverley2\resources4.htm --> www.uiowa.edu /web/data/www.uiowa/iareview/production/tirweb/hypermedia/md_coverley2 resources4.htm
2002.02.07 16:45 B H:\Web Sites\whirldnewmedia\swiss\irweb\tirweb\hypermedia\md_coverley2\resources5.htm --> www.uiowa.edu /web/data/www.uiowa/iareview/production/tirweb/hypermedia/md_coverley2 resources5.htm
2002.02.07 16:45 B H:\Web Sites\whirldnewmedia\swiss\irweb\tirweb\hypermedia\md_coverley2\universal.htm --> www.uiowa.edu /web/data/www.uiowa/iareview/production/tirweb/hypermedia/md_coverley2 universal.htm
2002.02.07 16:45 B H:\Web Sites\whirldnewmedia\swiss\irweb\tirweb\hypermedia\md_coverley2\whitenite.htm --> www.uiowa.edu /web/data/www.uiowa/iareview/production/tirweb/hypermedia/md_coverley2 whitenite.htm
